
*************************************************************
Welcome to Pond

Pond Copyright (C) 2012-2018
  Technical University of Munich
  Department of Informatics
  Chair of Scientific Computing

Pond comes with ABSOLUTELY NO WARRANTY.
Pond is free software, and you are welcome to redistribute it
under certain conditions.
Details can be found in the file 'gpl.txt'.
*************************************************************
#### POND Configuration ####
Total Grid Size:          16384x16384 = 268435456 cells. (x*y)
Patch Size:               256x256
Number of checkpoints:    1
File name Prefix:         output/out
Scenario simulation area: {X: 0.000 - 100.000, Y: 0.000 - 100.000}
Cell Size:                0.00610352m * 0.00610352m (dx * dy)
Tue Feb  2 04:52:58 2021	process 0 - Size difference in the size of idx_t and mpi::rank. Copying and casting.
Tue Feb  2 04:52:58 2021	process 0 - 

298 298 298 299 299 299 297 297 297 297 291 291 291 291 317 317 317 317 318 318 318 312 312 312 313 313 313 313 207 207 207 207 207 207 205 205 205 205 218 218 218 219 219 219 215 215 215 215 222 222 222 222 223 223 223 225 225 225 225 228 228 228 228 228 
298 298 298 299 299 299 297 297 297 297 291 291 291 291 317 317 317 317 318 318 318 312 312 312 313 313 313 313 207 207 207 207 207 207 205 205 205 218 218 218 218 219 219 219 215 215 215 215 222 222 222 222 223 223 223 225 225 225 225 228 228 228 228 228 
298 298 298 299 299 299 297 297 297 290 290 291 291 291 317 317 317 317 318 318 318 312 312 312 313 313 313 313 207 207 209 209 209 209 205 205 205 218 218 218 218 219 219 219 215 215 215 215 222 222 222 224 223 223 223 225 225 225 225 228 228 228 228 229 
298 298 298 295 299 299 297 297 290 290 290 291 291 291 294 319 319 319 319 318 318 312 312 312 313 314 314 314 208 208 209 209 209 209 205 205 205 218 218 218 217 219 219 219 216 216 215 215 222 222 224 224 224 224 223 223 226 225 225 229 229 229 229 229 
296 296 296 295 299 299 292 292 290 290 290 290 294 294 294 319 319 319 319 319 319 310 310 310 313 314 314 314 208 208 208 209 209 209 206 206 217 217 217 217 217 211 211 216 216 216 216 221 221 221 221 224 224 224 224 224 226 226 226 226 229 229 229 229 
296 296 296 295 295 295 292 292 290 290 290 290 294 294 294 316 316 316 319 319 319 310 310 310 314 314 314 314 208 208 208 209 209 209 206 206 217 217 217 217 217 211 211 216 216 216 216 221 221 221 221 224 224 224 220 220 226 226 226 226 229 229 229 229 
296 296 296 295 295 295 292 292 292 293 294 294 294 294 294 316 316 316 315 315 315 310 310 310 314 314 314 311 208 208 208 201 201 203 203 206 206 206 217 217 217 211 211 216 216 216 216 221 221 221 221 236 220 220 220 220 226 226 226 226 227 227 227 227 
296 296 296 295 295 295 292 292 292 293 293 293 293 288 288 316 316 316 315 315 315 310 310 310 314 311 311 311 208 201 201 201 201 203 203 206 206 206 212 212 212 211 211 211 210 210 210 210 210 236 236 236 220 220 220 220 233 233 233 233 227 227 227 227 
282 282 282 295 295 295 292 292 292 293 293 288 288 288 288 316 316 316 315 315 315 305 305 305 311 311 311 311 311 201 201 201 201 203 203 206 206 212 212 212 212 211 211 211 210 210 210 210 210 236 236 236 220 220 220 233 233 233 233 234 234 227 227 227 
282 282 282 283 283 283 283 287 287 293 293 288 288 288 301 301 301 301 315 315 315 305 305 305 311 311 311 311 311 201 201 201 201 203 203 206 206 212 212 212 212 212 213 213 213 210 210 210 210 236 236 236 235 235 235 233 233 233 233 234 234 227 227 227 
282 282 282 283 283 283 283 287 287 293 293 288 288 288 301 301 301 300 300 300 300 305 305 305 306 306 306 306 306 200 200 200 200 203 203 203 204 204 204 204 213 213 213 213 214 214 214 239 239 236 236 236 235 235 235 235 237 237 234 234 234 232 232 232 
282 282 282 283 283 283 287 287 287 289 289 289 289 289 301 301 301 300 300 300 300 300 305 305 306 306 306 306 306 200 200 200 200 202 202 202 204 204 204 204 213 213 213 213 214 214 214 239 239 239 239 235 235 235 235 235 237 237 234 234 232 232 232 232 
281 281 281 283 283 283 287 287 287 289 289 289 289 289 301 301 301 304 304 304 300 300 305 305 306 306 307 307 307 200 200 200 199 202 202 202 204 204 204 204 213 213 190 190 214 214 214 239 239 239 239 238 238 237 237 237 237 237 234 234 232 232 232 232 
281 281 281 281 281 284 287 287 286 286 286 289 289 289 302 302 302 304 304 304 304 304 309 309 309 306 307 307 307 200 200 200 199 199 202 202 202 191 191 191 191 191 190 190 190 214 214 169 239 239 239 238 238 237 237 237 237 237 231 231 230 230 230 230 
281 281 281 281 284 284 284 284 286 286 286 285 285 285 302 302 302 304 304 304 304 304 309 309 307 307 307 307 199 199 199 199 199 199 202 202 202 191 191 191 191 191 190 190 190 214 214 169 169 168 238 238 238 165 165 173 231 231 231 231 230 230 230 230 
281 281 280 280 284 284 284 284 286 286 286 285 285 285 302 302 302 303 303 303 303 309 309 309 307 307 307 307 199 199 199 199 199 197 197 197 197 197 191 191 191 191 190 190 190 169 169 169 168 168 238 238 238 165 165 173 231 231 231 231 230 230 230 230 
280 280 280 280 284 284 284 284 286 286 285 285 285 285 302 302 302 303 303 303 303 309 309 309 308 308 308 308 308 198 198 198 198 197 197 197 197 197 197 194 194 194 194 190 190 169 169 169 168 168 168 238 238 165 173 173 231 231 231 231 171 171 171 171 
280 280 280 280 280 270 270 284 286 286 285 285 275 275 275 275 247 247 303 303 303 309 309 309 308 308 308 308 308 198 198 198 198 195 195 195 197 197 197 194 194 194 194 192 192 169 169 169 168 168 168 165 165 165 173 173 174 174 174 174 171 171 171 171 
280 280 280 271 271 270 270 270 276 276 276 276 275 275 275 275 247 247 303 303 241 241 241 241 308 308 308 243 243 198 198 198 198 195 195 195 195 193 193 193 194 194 194 192 192 192 167 167 168 168 168 165 165 165 173 173 174 174 174 174 171 171 171 171 
271 271 271 271 271 270 270 270 276 276 276 276 275 275 275 275 247 247 247 249 241 241 241 241 241 243 243 243 243 198 198 196 196 195 195 195 195 193 193 193 193 194 194 192 192 192 167 167 167 167 166 166 166 166 173 173 174 174 174 174 170 170 170 170 
271 271 271 271 271 270 270 270 276 276 276 276 275 275 248 248 248 247 247 249 249 241 241 241 243 243 243 244 244 244 196 196 196 184 184 184 184 193 193 193 193 186 186 192 192 192 167 167 167 167 166 166 166 166 173 172 172 172 174 174 170 170 170 170 
272 272 272 272 272 270 270 270 276 279 279 279 279 248 248 248 248 247 247 249 249 249 240 240 243 243 244 244 244 244 196 196 196 184 184 184 184 186 186 186 186 186 186 185 185 185 167 167 167 167 166 166 164 164 172 172 172 172 172 172 170 170 170 170 
272 272 272 272 273 273 273 273 273 279 279 279 279 248 248 248 248 246 249 249 249 249 240 240 240 240 244 244 244 244 196 182 182 182 184 184 184 186 186 186 186 186 185 185 185 185 161 161 161 161 166 164 164 164 178 178 172 172 172 179 179 175 175 175 
272 272 272 272 273 273 273 273 273 279 279 279 279 248 248 246 246 246 249 249 249 249 240 240 240 240 244 244 244 196 196 182 182 182 184 184 184 186 187 187 187 187 185 185 185 185 161 161 161 161 164 164 164 164 178 178 178 179 179 179 179 175 175 175 
274 274 274 274 273 273 278 278 278 278 277 277 277 277 277 246 246 246 245 245 245 245 240 240 240 240 242 242 242 242 182 182 182 182 183 183 183 183 187 187 187 187 189 189 189 189 161 161 163 163 163 163 164 164 178 178 178 179 179 179 179 175 175 175 
274 274 274 274 273 273 278 278 278 278 277 277 277 277 277 246 246 246 245 245 245 245 256 256 256 256 242 242 242 242 182 182 182 182 183 183 183 183 183 187 187 187 189 189 189 189 161 161 163 163 163 163 164 164 178 178 178 179 179 179 179 175 175 175 
274 274 274 274 266 266 278 278 278 263 263 277 277 277 277 246 246 246 245 245 245 245 256 256 256 256 242 242 242 242 180 180 180 180 183 183 183 183 183 188 188 188 189 189 189 189 161 161 163 163 163 163 162 162 162 177 177 177 177 176 176 176 176 176 
265 265 265 265 266 266 266 262 262 263 263 263 263 253 253 253 252 252 252 252 259 259 256 256 256 256 256 256 242 255 255 255 180 180 181 181 181 181 181 188 188 188 188 160 160 160 160 160  98  98 162 162 162 162 162 177 177 177 177 176 176 176 176 176 
265 265 265 265 266 266 266 262 262 263 263 263 263 253 253 253 252 252 252 252 259 259 259 259 258 258 258 258 258 255 255 255 180 180 181 181 181 181 181 188 188 188 188 160 160 160 160 160  98  98 162 162 162 162 162 177 177  94  94  94  94  94 176 176 
265 265 265 265 266 266 266 262 262 263 263 263 263 253 253 253 252 252 252 252 259 259 259 259 258 258 258 258 258 255 255 255 180 180 181 181 181 100 100 100 188 188 188 160 160 105 105 105  98  98  98  98  97  97  97 177 177  94  94  94  94  94 176 176 
267 267 267 267 266 266 266 262 262 262 264 264 264 264 253 253 252 254 254 254 254 259 259 259 257 258 258 258 258 255 255 255 180  62  62 100 100 100 100 101 101 101 106 106 106 105 105 105 105  98  98  98  97  97  97 177 177  94  94  94  94  93  93  93 
267 267 267 267 268 268 268 262 262 264 264 264 264 264 264 264 254 254 254 251 254 257 257 257 257 257  64  64  64  63  63  63  62  62  62 100 100 100 100 101 101 101 106 106 106 105 105 105 105  98  98  98  97  97  97  92  92  92  92  92  93  93  93  93 
267 267 267 267 268 268 268 262 262 260 260 260 260 260 264 264 254 254 254 251 251 257 257 257 257 257  64  64  64  63  63  63  62  62  62 104 104 104 101 101 101 101 106 106 106 105 105  99  99  99  99  99  97  97  97  92  92  92  92  92  93  93  93  93 
269 269 269 269 268 268 268 261 261 261 261 260 260 260 250 250 250 250 250 251 251 251 257 257  67  67  64  64  64  63  63  63  62  62  62 104 104 104 101 101 101 101 106 106 106 109 109  99  99  99  99  99  97  96  96  96  92  92  92  92  91  91  93  93 
269 269 269 269 268 268 268 261 261 261 261 261 260 260 250 250 250 250 250 251 251  66  66  66  67  67  64  64  64  63  63  63  62  62  62 104 104 104 102 102 102 102 109 109 109 109 109 107 107  99  99  99  99  96  96  96  90  90  90  90  91  91  91  91 
269 269 269   6   9   8   8   8 261 261 261 261 260 260 260  12  12 250 250 251 251  66  66  66  67  67  67  60  60  60  61  61  61 103 103 104 104 104 102 102 102 102 109 109 109 109 109 107 107 107  95  95  95  96  96  96  90  90  90  90  91  91  91  91 
  6   6   6   6   9   8   8   8   8   8  10  10  10  10  12  12  12 250 250 251 251  66  66  66  67  67  67  60  60  60  61  61  61 103 103 103 103 102 102 102 116 116 109 109 108 108 108 107 107 107  95  95  95  95  96  96  90  90  90  90  91  91  91  91 
  6   6   6   9   9   9   8   8   8   8  10  10  10  10  12  12  12  12  12 251 251  66  66  68  68  68  67  60  60  60  61  61  61 103 103 103 103 102 102 114 116 116 116 108 108 108 108 107 107 107  95  95  95  95  96  96  86  86  81  81  81  80  80  80 
  6   6   6   9   9   9   9   9   8   8  11  10  10  10  12  12  12  13  13  65  65  65  65  68  68  68  69  60  60  60  61  61 111 103 103 103 103 114 114 114 114 116 108 108 108 117 117 117 117  85  85  85  85  85  86  86  86  86  81  81  81  80  80  80 
  5   5   5   9   9   9   9   7   7  11  11  10  14  14  14  14  13  13  13  65  65  65  65  68  68  68  69  69  69  69  69  69 111 111 111 111 113 113 114 114 114 116 116 108 108 117 117 117 117  85  85  85  89  89  86  86  86  86  81  81  81  80  80  80 
  5   5   5   5   5   7   7   7   7  11  11  10  14  14  14  14  13  13  13  65  65  65  65  68  68  68  69  69  69  69  69  69 111 111 111 111 113 113 113 114 114 116 116 116 118 117 117 117 117  85  85  85  89  89  86  86  86  86  81  81  81  80  80  80 
  5   5   5   5   5   7   7   7   7  11  11  11  11  14  14  14  13  13  13  77  77  78  78  78  79  79  70  70  70  70  71  71  71 111 111 111 113 113 113 114 114 116 116 116 118 118 118 118 118 118  89  89  89  89  87  87  87  87  87  83  83  83  83  83 
  0   0   0   2   2   2   2   7   7  11  11  11  11  14  14  16  16  16  77  77  77  78  78  78  79  79  70  70  70  70  71  71  71  71  71 110 113 113 113 114 114 115 115 115 118 118 118 118 118 118  89  89  89  89  87  87  87  87  87  83  83  83  83  83 
  0   0   0   2   2   2   2   2  17  17  17  17  18  18  18  16  16  16  77  77  77  78  78  78  79  79  70  70  70  70  71  71  71 110 110 110 113 113 113 112 112 115 115 115 115 119 119 119 119 119 119  88  88  88  87  87  87  87  82  82  83  83  84  84 
  0   0   0   2   2   2   2   2  17  17  17  17  17  18  18  18  16  16  77  77  77  78  78  79  79  79  73  73  73  73  71  71  71 110 110 110 110 112 112 112 112 115 115 115 115 119 119 119 119 119  88  88  88  88  88  88 125 125  82  82  82  84  84  84 
  0   0   0   1   3   3   3   3  17  17  17  17  17  18  18  18  16  16  77  77  77  78  78  79  79  79  73  73  73  73  72  72  72 110 110 146 146 112 112 112 112 115 115 115 140 142 142 142  88  88  88  88 123 123 123 123 125 125  82  82  82  84  84  84 
  1   1   1   1   3   3   3   3   3   3  19  19  19  18  18  18  16  16  75  75  75  75  76  76  76  76  73  73  73  73  72  72  72 110 110 146 146 112 112 112 112 140 140 140 140 142 142 142 142 122  88 123 123 123 123 123 125 125  82  82  82  84  84  84 
  1   1   1   1   4   4   3   3   3   3  19  19  19  19  15  15  15  15  75  75  75  75  76  76  76  76  74  74  74  74  72  72  72 146 146 146 146 145 145 145 145 140 140 140 140 142 142 142 142 122 122 122 122 123 123 125 125 125 126 126 126 126 126 126 
  1   1   1   4   4   4   4   4   4  25  19  19  19  19  15  15  15  15  75  75  75  75  76  76  76  76  74  74  74  74  72  72  72 146 146 146 146 145 145 145 145 140 140 140 143 143 142 142 142 144 122 122 122 123 123 125 125 125 126 128 128 128 126 126 
 33  33  33  33   4   4   4   4  25  25  25  19  19  19  15  15  15  15  15  52  52  52  53  53  54  54  54  74  74  74  40  72 147 147 147 147 147 145 145 145 145 140 140 143 143 143 143 144 144 144 122 122 124 124 124 124 125 125 127 128 128 128 126 126 
 33  33  33  33  30  30  30  30  25  25  25  28  28  28  28  28  28  29  29  52  52  52  53  53  54  54  54  74  74  40  40  40 147 147 147 147 147 149 149 149 141 141 141 143 143 143 143 144 144 122 122 122 124 124 124 124 127 127 127 128 128 128 128 128 
 33  33  33  30  30  30  30  30  25  25  25  28  28  28  28  28  29  29  29  52  52  52  53  53  54  54  41  41  41  40  40  40 147 147 147 149 149 149 149 149 141 141 141 143 143 143 143 144 144 121 121 121 124 124 120 120 127 127 127 128 128 129 129 129 
 34  34  33  30  30  30  31  31  25  25  25  26  26  26  29  29  29  29  29  52  52  53  53  53  54  54  41  41  41  41  40  40  43  43 149 149 149 149 149 149 141 141 141 141 157 157 157 144 144 121 121 121 124 124 120 120 120 127 127 127 129 129 129 129 
 34  34  34  34  34  34  31  31  31  31  25  26  26  26  29  29  29  29  50  50  50  53  53  53  54  54  41  41  41  41  40  40  43  43  43  43 148 148 148 156 156 156 141 141 157 157 157 144 144 121 121 121 124 124 120 120 120 127 127 129 129 129 129 129 
 34  34  34  34  34  34  31  31  31  31  26  26  26  26  27  27  27  27  50  50  50  53  51  51  51  51  42  42  42  44  44  44  43  43  43  43 148 148 148 156 156 156 141 141 157 157 157 159 159 121 121 121 121 131 120 120 120 127 127 129 129 139 139 139 
 32  32  32  32  32  39  31  31  31  31  26  26  26  26  27  27  27  27  50  50  50  53  51  51  51  51  42  42  42  44  44  44  44  43  43  43 148 148 148 156 156 156 157 157 157 157 157 159 159 159 130 130 130 131 131 131 120 137 137 139 139 139 139 139 
 32  32  32  32  32  39  39  39  39  24  24  23  23  20  20  27  27  27  50  50  50  59  59  59  51  51  42  42  42  42  44  44  44  44  49  47 148 148 148 155 155 156 156 158 158 158 159 159 159 159 130 130 130 131 131 131 120 137 137 139 139 139 139 138 
 35  35  35  32  32  39  39  39  39  24  24  23  23  20  20  27  27  58  58  58  58  59  59  59  51  51  42  42  42  42  45  44  44  44  49  47  47  47 155 155 155 156 156 158 158 158 159 159 159 130 130 130 130 131 131 131 137 137 137 139 139 138 138 138 
 35  35  35  35  39  39  39  39  39  24  24  23  23  20  20  20  20  58  58  58  59  59  59  59  56  56  56  45  45  45  45  49  49  49  49  47  47  47 155 155 155 155 155 158 158 158 159 159 151 130 130 134 134 134 134 131 137 137 137 138 138 138 138 138 
 35  35  35  35  38  38  38  38  38  24  24  23  23  20  20  20  20  58  58  58  59  59  59  59  56  56  56  45  45  45  45  49  49  49  49  47  47  47 155 155 155 152 152 158 158 158 151 151 151 151 134 134 134 134 134 131 137 137 137 138 138 138 138 138 
 36  36  35  35  38  38  38  38  38  24  24  23  23  23  23  20  20  58  58  58  57  57  55  55  56  56  56  45  45  45  45  49  49  49  49  47  47  47 152 152 152 152 152 154 151 151 151 151 151 151 132 132 134 134 134 133 133 137 135 135 136 136 136 136 
 36  36  36  36  37  37  38  38  38  24  24  23  23  22  22  21  21  21  21  57  57  57  55  55  55  56  56  46  46  46  45  48  48  48  48 153 153 153 152 152 152 152 154 154 154 151 151 150 150 150 132 132 132 133 133 133 133 135 135 135 136 136 136 136 
 36  36  36  36  37  37  37  37  37  22  22  22  22  22  22  21  21  21  21  57  57  57  55  55  55  46  46  46  46  46  48  48  48  48  48 153 153 153 153 153 154 154 154 154 154 150 150 150 150 150 132 132 132 133 133 133 133 135 135 135 135 136 136 136 
 36  36  36  36  37  37  37  37  37  22  22  22  22  22  22  21  21  21  21  57  57  57  55  55  55  46  46  46  46  46  48  48  48  48  48 153 153 153 153 153 154 154 154 154 154 150 150 150 150 150 132 132 132 133 133 133 133 135 135 135 135 136 136 136 

********************* Start Simulation **********************
********************** End Simulation ***********************
Tue Feb  2 04:57:03 2021	process 0 - Performed 18206720 patch updates in 242.494 seconds.
Tue Feb  2 04:57:03 2021	process 0 - Performed 1193195601920 cell updates in 242.494 seconds.
Tue Feb  2 04:57:03 2021	process 0 - => 4.92051e+09 CellUpdates/s
Tue Feb  2 04:57:03 2021	process 0 - => 1.32854e+12 FlOps/s
