
*************************************************************
Welcome to Pond

Pond Copyright (C) 2012-2018
  Technical University of Munich
  Department of Informatics
  Chair of Scientific Computing

Pond comes with ABSOLUTELY NO WARRANTY.
Pond is free software, and you are welcome to redistribute it
under certain conditions.
Details can be found in the file 'gpl.txt'.
*************************************************************
#### POND Configuration ####
Total Grid Size:          8192x16384 = 134217728 cells. (x*y)
Patch Size:               256x256
Number of checkpoints:    1
File name Prefix:         output/out
Scenario simulation area: {X: 0.000 - 100.000, Y: 0.000 - 200.000}
Cell Size:                0.012207m * 0.012207m (dx * dy)
Tue Feb  2 00:40:20 2021	process 0 - Size difference in the size of idx_t and mpi::rank. Copying and casting.
Tue Feb  2 00:40:20 2021	process 0 - 

 75  75  75  77  77  77  77  77  77  70  70  70  70  71  71  71  71  46  46  46  46  45  45  45  45  40  40  41  41  41  41  41  75  75  75  77  77  77  77  77  77  70  70  70  70  71  71  71  71  46  46  46  46  46  45  45  40  40  40  41  41  41  41  41 
 75  75  75  77  77  77  77  77  77  70  70  70  70  71  71  71  71  46  46  46  46  46  45  45  40  40  40  41  41  41  41  41  75  75  75  78  78  78  78  78  73  70  70  70  70  71  71  71  71  46  46  46  46  46  45  45  40  40  40  40  41  41  41  41 
 75  75  75  78  78  78  78  78  73  70  70  70  70  71  71  71  71  46  46  46  46  46  45  45  40  40  40  40  41  41  41  41  75  75  75  78  78  78  78  78  73  73  73  73  73  73  48  48  48  48  49  49  47  47  45  45  40  40  40  40  43  43  43  43 
 75  75  75  78  78  78  78  78  73  73  73  73  73  73  48  48  48  48  49  49  47  47  45  45  40  40  40  40  43  43  43  43  76  75  75  78  78  79  79  79  73  73  73  73  73  73  72  48  48  48  49  49  47  47  47  45  42  42  40  43  43  43  43  43 
 76  75  75  78  78  79  79  79  73  73  73  73  73  73  72  48  48  48  49  49  47  47  47  45  42  42  40  43  43  43  43  43  76  76  76  76  79  79  79  79  74  74  74  72  72  72  72  48  48  48  49  49  47  47  47  47  42  42  42  43  43  43  43  44 
 76  76  76  76  79  79  79  79  74  74  74  72  72  72  72  48  48  48  49  49  47  47  47  47  42  42  42  43  43  43  43  44  76  76  76  76  79  79  79  74  74  74  74  72  72  72  72  48  48  48  49  49  49  47  47  47  42  42  42  43  44  44  44  44 
 76  76  76  76  79  79  79  74  74  74  74  72  72  72  72  48  48  48  49  49  49  47  47  47  42  42  42  43  44  44  44  44  76  76  76  76  79  79  79  74  74  74  74  72  72  72  72  48  58  58  58  58  49  49  47  47  42  42  42  44  44  44  44  44 
 76  76  76  76  79  79  79  74  74  74  74  72  72  72  72  48  58  58  58  58  49  49  47  47  42  42  42  44  44  44  44  44  68  68  68  68  68  68  67  67  63  63  63  63  62  62  62  62  58  58  58  58  57  57  57  57  42  42  42  44  44  54  54  54 
 68  68  68  68  68  68  67  67  63  63  63  63  62  62  62  62  58  58  58  58  57  57  57  57  42  42  42  44  44  54  54  54  68  68  68  68  68  67  67  67  63  63  63  63  62  62  62  62  58  58  58  58  57  57  57  52  52  52  52  52  52  54  54  54 
 68  68  68  68  68  67  67  67  63  63  63  63  62  62  62  62  58  58  58  58  57  57  57  52  52  52  52  52  52  54  54  54  69  69  69  69  69  67  67  67  63  63  63  63  62  62  59  59  59  59  59  59  57  57  57  52  52  52  52  53  53  54  54  54 
 69  69  69  69  69  67  67  67  63  63  63  63  62  62  59  59  59  59  59  59  57  57  57  52  52  52  52  53  53  54  54  54  69  69  69  69  69  67  67  67  64  64  64  64  62  62  59  59  59  59  59  59  57  57  50  52  52  52  53  53  53  54  54  54 
 69  69  69  69  69  67  67  67  64  64  64  64  62  62  59  59  59  59  59  59  57  57  50  52  52  52  53  53  53  54  54  54  65  65  65  69  69  67  67  67  64  64  64  60  60  60  59  59  56  56  56  55  55  55  50  50  50  53  53  53  53  51  51  51 
 65  65  65  69  69  67  67  67  64  64  64  60  60  60  59  59  56  56  56  55  55  55  50  50  50  53  53  53  53  51  51  51  65  65  65  66  66  66  66  66  64  64  64  60  60  61  61  61  56  56  56  55  55  55  50  50  50  53  53  53  51  51  51  51 
 65  65  65  66  66  66  66  66  64  64  64  60  60  61  61  61  56  56  56  55  55  55  50  50  50  53  53  53  51  51  51  51  65  65  65  66  66  66  66  66  64  64  64  60  60  61  61  61  56  56  56  55  55  55  50  50  50  50  53  53  51  51  51  51 
 65  65  65  66  66  66  66  66  64  64  64  60  60  61  61  61  56  56  56  55  55  55  50  50  50  50  53  53  51  51  51  51  65  65  34  34  66  66  66  66  38  38  38  60  60  61  61  61  56  56  56  55  55  55  50  50  50  14  14  14  14  51  51  51 
 65  65  34  34  66  66  66  66  38  38  38  60  60  61  61  61  56  56  56  55  55  55  50  50  50  14  14  14  14  51  51  51  65  65  34  34  34  30  30  30  38  38  38  60  60  61  61  61  56  56  18  18  18  15  15  15  14  14  14  14  13  13  13  13 
 65  65  34  34  34  30  30  30  38  38  38  60  60  61  61  61  56  56  18  18  18  15  15  15  14  14  14  14  13  13  13  13  33  33  33  34  34  30  30  30  38  38  39  39  39  39  36  36  36  36  18  18  18  15  15  15  15  14  14  14  13  13  13  13 
 33  33  33  34  34  30  30  30  38  38  39  39  39  39  36  36  36  36  18  18  18  15  15  15  15  14  14  14  13  13  13  13  33  33  33  34  34  30  30  30  38  38  39  39  39  39  36  36  36  36  18  18  18  15  15  15  15  12  12  12  12  12  13  13 
 33  33  33  34  34  30  30  30  38  38  39  39  39  39  36  36  36  36  18  18  18  15  15  15  15  12  12  12  12  12  13  13  33  33  33  34  34  30  30  30  38  38  39  39  39  37  36  36  36  36  18  18  18  19  15  15  15  12  12  12  12  12  13  13 
 33  33  33  34  34  30  30  30  38  38  39  39  39  37  36  36  36  36  18  18  18  19  15  15  15  12  12  12  12  12  13  13  33  33  33  34  31  30  30  31  38  38  39  39  39  37  35  35  19  19  19  19  19  19  16  16  16  11  11  11  12  12  13  13 
 33  33  33  34  31  30  30  31  38  38  39  39  39  37  35  35  19  19  19  19  19  19  16  16  16  11  11  11  12  12  13  13  32  32  32  32  31  31  31  31  37  37  37  37  37  37  35  35  19  19  19  19  19  19  16  16  16  11  11  11  10  10  10  10 
 32  32  32  32  31  31  31  31  37  37  37  37  37  37  35  35  19  19  19  19  19  19  16  16  16  11  11  11  10  10  10  10  32  32  32  32  31  31  31  31  37  37  37  37  37  37  35  35  17  17  17  17   3   3  16  16  16  11  11  11  10  10  10  10 
 32  32  32  32  31  31  31  31  37  37  37  37  37  37  35  35  17  17  17  17   3   3  16  16  16  11  11  11  10  10  10  10  32  32  32  32  31  31  31  31  22  22  23  23  23  23  35  35  17  17  17  17   3   3  16  16  16  11  11  11  10  10  10  10 
 32  32  32  32  31  31  31  31  22  22  23  23  23  23  35  35  17  17  17  17   3   3  16  16  16  11  11  11  10  10  10  10  25  25  25  25  25  26  26  26  26  22  23  23  23  23  35  35  17  17  17  17   3   0   0   0   0   6   6   6   6   5   5   5 
 25  25  25  25  25  26  26  26  26  22  23  23  23  23  35  35  17  17  17  17   3   0   0   0   0   6   6   6   6   5   5   5  25  25  25  25  25  26  26  26  26  22  23  23  23  23  35  35  17  17   3   3   3   0   0   0   0   6   6   6   6   5   5   5 
 25  25  25  25  25  26  26  26  26  22  23  23  23  23  35  35  17  17   3   3   3   0   0   0   0   6   6   6   6   5   5   5  27  25  25  25  25  26  26  26  26  22  22  24  24  23  35  35   4   4   4   3   3   0   0   0   0   6   6   6   6   5   5   5 
 27  25  25  25  25  26  26  26  26  22  22  24  24  23  35  35   4   4   4   3   3   0   0   0   0   6   6   6   6   5   5   5  27  27  27  27  27  28  28  28  28  22  22  24  24  24  24   4   4   4   4   3   3   1   1   1   9   9   9   6   6   5   5   5 
 27  27  27  27  27  28  28  28  28  22  22  24  24  24  24   4   4   4   4   3   3   1   1   1   9   9   9   6   6   5   5   5  27  27  27  27  27  28  28  28  28  22  22  24  24  24  24   4   4   4   4   3   3   1   1   1   9   9   9   9   7   7   7   7 
 27  27  27  27  27  28  28  28  28  22  22  24  24  24  24   4   4   4   4   3   3   1   1   1   9   9   9   9   7   7   7   7  27  27  29  29  29  28  28  28  28  22  22  24  24  24  24   4   4   2   2   2   2   1   1   1   9   9   9   9   7   7   7   7 
 27  27  29  29  29  28  28  28  28  22  22  24  24  24  24   4   4   2   2   2   2   1   1   1   9   9   9   9   7   7   7   7  29  29  29  29  29  28  28  20  20  20  20  21  21  21  21  21  21   2   2   2   2   1   1   8   8   8   8   8   7   7   7   7 
 29  29  29  29  29  28  28  20  20  20  20  21  21  21  21  21  21   2   2   2   2   1   1   8   8   8   8   8   7   7   7   7  29  29  29  29  29 109 109  20  20  20  20  21  21  21  21  21  21   2   2   2   2   1   1   8   8   8   8   8  81  81  81   7 
 29  29  29  29  29 109 109  20  20  20  20  21  21  21  21  21  21   2   2   2   2   1   1   8   8   8   8   8  81  81  81   7 107 107 109 109 109 109 108 108  20  20  20  21  21 101 101 101  86  86  86  86  85  85  85   8   8   8  80  80  81  81  81  81 

********************* Start Simulation **********************
********************** End Simulation ***********************
Tue Feb  2 00:42:18 2021	process 0 - Performed 4552704 patch updates in 116.827 seconds.
Tue Feb  2 00:42:18 2021	process 0 - Performed 298366009344 cell updates in 116.827 seconds.
Tue Feb  2 00:42:18 2021	process 0 - => 2.55392e+09 CellUpdates/s
Tue Feb  2 00:42:18 2021	process 0 - => 6.89558e+11 FlOps/s
