WARNING: ODP disabled on 10 of 10 processes which are missing support.
         To suppress this message set environment variable
         GASNET_ODP_VERBOSE=0 or reconfigure with --disable-ibv-odp
         (see ibv-conduit's README for more information).
         To see additional details set environment variable
         GASNET_ODP_VERBOSE=2 (or higher).
WARNING: Beginning a potentially slow probe of max pinnable memory...
WARNING: Probe of max pinnable memory completed in 17.4215s.
WARNING:   Probe of max pinnable memory has yielded '41 GB'.
WARNING:   If you have the same memory configuration on all nodes, then
WARNING:   to avoid this probe in the future either reconfigure using
WARNING:      --with-ibv-physmem-max='41 GB'
WARNING:   or run with environment variable
WARNING:      GASNET_PHYSMEM_MAX='41 GB'.
WARNING: For more information see "Slow PHYSMEM probe at start-up"
WARNING: in ibv-conduit's README.

*************************************************************
Welcome to Pond

Pond Copyright (C) 2012-2018
  Technical University of Munich
  Department of Informatics
  Chair of Scientific Computing

Pond comes with ABSOLUTELY NO WARRANTY.
Pond is free software, and you are welcome to redistribute it
under certain conditions.
Details can be found in the file 'gpl.txt'.
*************************************************************
#### POND Configuration ####
Total Grid Size:          16384x16384 = 268435456 cells. (x*y)
Patch Size:               1024x1024
Number of checkpoints:    1
File name Prefix:         output/out
Scenario simulation area: {X: 0.000 - 100.000, Y: 0.000 - 100.000}
Cell Size:                0.00610352m * 0.00610352m (dx * dy)
UPC++ Actor Library Configuration
=================================
Actorlib mode:        UPC++ rank-sequential
Git revision:         d320f4efde87758567e3c5db2b85c15afd1ac9a6-dirty
Git revision date:    Mon Apr 20 17:35:23 2020
Git revision message: Fix strict GCC warnings
UPC++ install:        /dss/dsshome1/lxc06/ga53qud2/upc_new/gasnet.opt
UPC++ codemode:       O3
UPC++ Backend type:   Sequential Backend
UPC++ GASNET Conduit: ibv
Mon Feb  8 18:39:25 2021	process 0 - Directly moving the data into the destination, as the size is the same
Mon Feb  8 18:39:25 2021	process 0 - 

8 8 8 8 8 8 7 7 7 7 5 5 5 5 5 5 
8 8 8 8 8 8 7 7 7 7 5 5 5 5 5 5 
8 8 8 8 8 8 7 7 7 7 5 5 5 5 5 5 
8 8 8 8 8 8 7 7 7 7 5 5 5 5 5 5 
9 9 9 9 9 9 9 7 7 7 6 6 6 6 6 6 
9 9 9 9 9 9 9 7 7 7 6 6 6 6 6 6 
9 9 9 9 9 9 9 7 7 7 6 6 6 6 6 6 
9 9 9 9 9 9 9 7 7 7 6 6 6 6 6 6 
0 0 0 0 0 0 2 2 2 2 2 3 3 3 3 3 
0 0 0 0 0 0 2 2 2 2 2 3 3 3 3 3 
0 0 0 0 0 0 2 2 2 2 2 3 3 3 3 3 
0 0 0 0 0 0 2 2 2 2 2 3 3 3 3 3 
1 1 1 1 1 1 2 2 2 2 2 3 3 3 3 3 
1 1 1 1 1 1 1 4 4 4 4 4 4 4 4 4 
1 1 1 1 1 1 1 4 4 4 4 4 4 4 4 4 
1 1 1 1 1 1 1 4 4 4 4 4 4 4 4 4 

********************* Start Simulation **********************
********************** End Simulation ***********************
Mon Feb  8 18:39:50 2021	process 0 - Performed 1137920 patch updates in 23.2369 seconds.
Mon Feb  8 18:39:50 2021	process 0 - Performed 1193195601920 cell updates in 23.2369 seconds.
Mon Feb  8 18:39:50 2021	process 0 - => 5.13492e+10 CellUpdates/s
Mon Feb  8 18:39:50 2021	process 0 - => 1.38643e+13 FlOps/s
