
*************************************************************
Welcome to Pond

Pond Copyright (C) 2012-2018
  Technical University of Munich
  Department of Informatics
  Chair of Scientific Computing

Pond comes with ABSOLUTELY NO WARRANTY.
Pond is free software, and you are welcome to redistribute it
under certain conditions.
Details can be found in the file 'gpl.txt'.
*************************************************************
#### POND Configuration ####
Total Grid Size:          16384x16384 = 268435456 cells. (x*y)
Patch Size:               256x256
Number of checkpoints:    1
File name Prefix:         output/out
Scenario simulation area: {X: 0.000 - 100.000, Y: 0.000 - 100.000}
Cell Size:                0.00610352m * 0.00610352m (dx * dy)
Fri Jan 22 00:06:38 2021	process 0 - Size difference in the size of idx_t and mpi::rank. Copying and casting.
Fri Jan 22 00:06:38 2021	process 0 - 

101 101 101 101 101 101 101 104 104 104 104 103 103 103 103 116 116 116 116 116 116 116 116 118 118 118 118 118 118 118 157 157 157 157 157 157 157 157 157 157 156 156 156 156 156 156 132 132 132 132 132 132 132 132 132 135 135 135 135 136 136 136 136 136 
101 101 101 101 101 101 101 104 104 104 104 103 103 103 103 116 116 116 116 116 116 116 116 118 118 118 118 118 118 118 157 157 157 157 157 157 157 157 157 157 156 156 156 156 156 156 132 132 132 132 132 132 132 132 132 135 135 135 135 136 136 136 136 136 
101 101 101 101 101 101 101 104 104 104 104 103 103 103 103 116 116 116 116 116 116 116 116 118 118 118 118 118 118 118 157 157 157 157 157 157 157 159 159 159 156 156 156 156 156 156 132 132 132 132 132 132 132 132 132 135 135 135 135 135 136 136 136 136 
101 101 101 101 101 101 101 104 104 104 104 103 103 103 103 115 115 115 115 115 117 117 117 118 118 118 119 119 119 119 158 158 158 158 159 159 159 159 159 159 156 156 156 156 156 156 134 134 134 134 133 133 133 133 133 135 135 135 135 135 136 136 136 136 
100 100 100 100 100 100 100 104 104 104 104 103 103 103 103 115 115 115 115 115 117 117 117 117 117 119 119 119 119 119 158 158 158 158 159 159 159 159 159 155 155 155 155 155 155 155 134 134 134 134 133 133 133 133 133 135 135 135 135 135 136 136 136 136 
100 100 100 100 100 100 100 104 104 104 104 103 103 103 103 115 115 115 115 115 117 117 117 117 117 119 119 119 119 119 158 158 158 158 159 159 159 159 159 155 155 155 155 155 155 155 134 134 134 134 133 133 133 133 133 135 135 135 135 135 136 136 136 136 
100 100 100 100 100 109 109 109 102 102 102 102 102 102 102 115 115 115 115 115 117 117 117 117 117 119 119 119 119 119 158 158 158 158 159 159 159 159 159 155 155 155 155 155 155 155 134 134 134 134 133 133 133 133 133 138 138 138 138 138 139 139 139 139 
100 100 100 100 100 109 109 109 102 102 102 102 102 102 102 115 115 115 115 115 117 117 117 117 117 119 119 119 119 119 158 158 158 158 159 159 152 152 152 152 152 152 155 155 155 155 134 134 134 134 133 133 133 133 133 138 138 138 138 138 139 139 139 139 
108 100 100 100 100 109 109 109 102 102 102 102 102 102 102 102 112 112 112 112 112 114 114 114 111 111 111 111 111 111 158 158 158 158 150 150 150 152 152 152 152 152 155 155 155 153 134 134 134 134 131 131 131 131 131 138 138 138 138 138 139 139 139 139 
108 108 108 108 108 109 109 102 102 102 102 106 106 106 106 106 112 112 112 112 112 114 114 114 111 111 111 111 111 111 111 150 150 150 150 150 150 152 152 152 152 152 153 153 153 153 134 134 134 134 131 131 131 131 131 138 138 138 138 138 139 139 139 139 
108 108 108 108 108 109 109 102 102 106 106 106 106 106 106 106 112 112 112 112 112 114 114 114 111 111 111 111 111 111 150 150 150 150 150 150 150 152 152 152 152 152 153 153 153 153 130 130 130 130 131 131 131 131 131 138 138 138 138 138 139 139 139 139 
108 108 108 108 108 109 109 109 109 106 106 106 106 106 106 106 112 112 112 112 112 114 114 114 111 111 111 111 111 111 150 150 150 150 150 150 150 152 152 152 152 152 153 153 153 153 130 130 130 130 131 131 131 131 137 137 137 137 137 137 137 139 139 139 
108 108 108 108 108 109 109 109 109 106 106 106 106 106 106 113 112 112 112 112 112 114 114 114 110 110 110 110 110 110 110 150 150 150 151 151 151 154 154 154 154 154 153 153 153 153 130 130 130 130 130 131 131 131 137 137 137 137 137 137 137 139 139 139 
108 108 107 107 107 107 109 109 105 105 105 105 105 113 113 113 113 113 113 113 113 114 114 114 110 110 110 110 110 110 110 151 151 151 151 151 151 154 154 154 154 154 153 153 153 153 130 130 130 130 130 131 131 131 137 137 137 137 137 137 137 121 121 121 
107 107 107 107 107 107 107 107 105 105 105 105 105 113 113 113 113 113 113 113 113 114 114 114 110 110 110 110 110 110 110 151 151 151 151 151 151 151 154 154 154 154 154 153 153 153 130 130 130 130 130 131 131 131 137 137 137 137 137 120 120 121 121 121 
107 107 107 107 107 107 107 107 105 105 105 105 105  80  80  80 113 113 113 113 113 114 114 114 110 110 110 110 110 110 110 151 151 151 151 151 151 151 154 154 154 154 154 154 154 154 128 128 128 128 129 129 129 129 129 129 120 120 120 120 120 121 121 121 
107 107 107 107 107 107 107 107 105 105 105 105 105  80  80  80  80  80 113 113 113  84  84  84  84  84  84  84 144 144 144 144 151 151 151 151 151 149 149 149 149 149 149 149 154 154 128 128 128 128 129 129 129 129 129 129 120 120 120 120 120 121 121 121 
 94  94  94  94  93  93  93  93  93 105 105 105 105  80  80  80  80  80  83  83  83  84  84  84  84  84  84  84 144 144 144 144 143 143 143 143 143 149 149 149 149 149 149 147 147 147 147 128 128 128 129 129 129 129 129 129 120 120 120 120 121 121 121 121 
 94  94  94  94  93  93  93  93  93  91  91  91  91  80  80  80  80  80  83  83  83  84  84  84  84  84  84  84 144 144 144 144 143 143 143 143 143 149 149 149 149 149 149 147 147 147 147 128 128 128 127 127 129 129 129 129 120 120 120 120 121 121 121 121 
 94  94  94  94  93  93  93  93  91  91  91  91  91  91  80  80  80  80  83  83  83  84  84  84  84  84  84  84 144 144 144 144 143 143 143 143 143 149 149 149 149 149 149 147 147 147 147 128 128 128 127 127 127 127 129 129 120 120 120 120 121 121 121 121 
 94  94  94  94  93  93  93  93  91  91  91  91  91  91  80  80  80  80  83  83  83  83  83  82  82  82  82  82 144 144 144 144 143 143 143 143 143 148 148 148 148 148 148 147 147 147 147 128 128 128 127 127 127 127 127 127 124 124 124 124 121 121 121 121 
 94  94  94  94  93  93  93  93  91  91  91  91  91  91  81  81  81  81  81  81  83  83  83  82  82  82  82  82 144 144 144 144 143 143 143 143 143 148 148 148 148 148 148 147 147 147 147 128 128 128 127 127 127 127 127 127 124 124 124 124 124 124 124 124 
 94  94  94  94  93  93  93  93  91  91  91  91  91  91  81  81  81  81  81  81  83  83  83  82  82  82  82  82 142 142 142 142 142 142 142 142 142 148 148 148 148 148 148 147 147 147 147 126 126 126 126 127 127 127 127 127 124 124 124 124 124 124 124 124 
 94  94  92  92  92  92  92  90  90  90  90  90  90  90  81  81  81  81  81  81  83  83  83  82  82  82  82  82 142 142 142 142 142 142 142 142 142 148 148 148 148 148 148 147 147 147 147 126 126 126 126 125 125 125 125 122 122 122 124 124 124 124 124 124 
 92  92  92  92  92  92  92  90  90  90  90  90  90  90  81  81  81  81  81  81  83  83  83  82  82  82  82  82 142 142 142 142 142 140 140 140 140 140 140 148 148 148 145 145 145 145 145 126 126 126 126 125 125 125 125 122 122 122 122 123 123 123 123 123 
 92  92  92  92  92  92  92  90  90  90  90  90  90  90  85  85  85  85  85  88  88  88  88  88  82  82  82 141 141 141 141 141 141 140 140 140 140 140 140 146 146 146 145 145 145 145 145 126 126 126 126 125 125 125 125 122 122 122 122 123 123 123 123 123 
 92  92  92  92  99  99  99  99  90  90  90  90  90  90  85  85  85  85  85  88  88  88  88  88  88  89  89 141 141 141 141 141 141 140 140 140 140 140 146 146 146 146 145 145 145 145 145 126 126 126 126 125 125 125 125 122 122 122 122 123 123 123 123 123 
 92  92  92  92  99  99  99  99  96  96  96  96  96  96  85  85  85  85  85  88  88  88  88  88  88  89  89 141 141 141 141 141 141 140 140 140 146 146 146 146 146 146 145 145 145 145 145 126 126 126 126 125 125 125 125 122 122 122 122 123 123 123 123 123 
 98  98  98  98  99  99  99  99  96  96  96  96  96  96  85  85  85  85  85  88  88  88  88  88  89  89  89 141 141 141 141 141 141 140 140 140 146 146 146 146 146 146 145 145 145 145 145 126 126 126 126 125 125 125 125 122 122 122 122 123 123 123 123 123 
 98  98  98  98  99  99  99  99  96  96  96  96  96  96  85  85  85  85  85  88  88  88  88  88  89  89  89  33  33  33  34  34  34  34  34 140 146 146 146 146 146 146  42  42  42  42  42  42  53  53  53  53  53  54  54  54  54  54  50  50  50  50  50  50 
 98  98  98  98  98  99  99  99  96  96  96  96  96  96  86  86  86  86  86  87  87  87  87  89  89  89  89  33  33  33  34  34  34  34  34  40  40  40  40  40  40  40  42  42  42  42  42  42  53  53  53  53  53  54  54  54  54  54  50  50  50  50  50  50 
 98  98  98  98  98  99  99  99  95  95  95  95  95  95  86  86  86  86  86  87  87  87  87  89  89  89  89  33  33  33  34  34  34  34  34  40  40  40  40  40  40  40  42  42  42  42  42  42  53  53  53  53  53  54  54  54  54  54  50  50  50  50  50  50 
 98  98  98  98  98  99  99  99  95  95  95  95  95  95  95  86  86  86  86  87  87  87  87  89  89  89  89  33  33  33  34  34  34  34  34  40  40  40  40  40  40  40  42  42  42  42  42  42  53  53  53  53  53  54  54  54  54  54  50  50  50  50  50  50 
 97  97  97  97  97  97  99  99  95  95  95  95  95  95  95  86  86  86  86  87  87  87  87  89  89  89  89  33  33  33  34  34  34  34  34  40  40  40  40  40  40  40  43  43  44  44  44  44  44  53  53  53  53  54  54  54  51  51  51  51  51  51  51  51 
 97  97  97  97  97  97   0   0   0  95  95  95  95  95  95  86  86  86  86  87  87  87  87  30  30  30  33  33  33  33  34  34  34  41  41  41  41  41  41  43  43  43  43  43  44  44  44  44  44  53  53  53  53  54  54  54  51  51  51  51  51  51  51  51 
 97  97  97  97  97  97   0   0   0   6   6   6   6   5   5   5   5  86  86  87  87  87  30  30  30  30  33  33  33  33  32  32  32  41  41  41  41  41  41  43  43  43  43  43  44  44  44  44  44  52  52  52  52  52  52  52  51  51  51  51  51  51  51  51 
 97  97  97  97  97   0   0   0   0   6   6   6   6   5   5   5   5  31  31  31  31  31  30  30  30  30  33  32  32  32  32  32  32  41  41  41  41  41  41  43  43  43  43  43  44  44  44  44  44  52  52  52  52  52  52  52  52  58  58  58  58  58  58  58 
  1   1   1   1  97   0   0   0   0   6   6   6   6   5   5   5   5  31  31  31  31  31  30  30  30  30  32  32  32  32  32  32  32  41  41  41  41  41  41  43  43  43  43  43  43  44  44  44  44  52  52  52  52  52  52  52  52  58  58  58  58  58  58  58 
  1   1   1   1   1   1   0   0   0   6   6   6   6   5   5   5   5  31  31  31  31  31  30  30  30  30  32  32  32  32  32  32  45  45  45  45  45  45  45  45  47  43  43  43  43  44  44  44  44  49  56  56  56  56  52  52  52  58  58  58  58  58  58  58 
  1   1   1   1   1   1   0   0   0   6   6   6   6   5   5   5   5   5  31  31  31  31  30  30  30  30  32  32  32  39  39  39  45  45  45  45  45  45  45  45  47  47  47  49  49  49  49  49  49  49  56  56  56  56  56  56  56  58  58  58  58  58  58  58 
  1   1   1   1   1   1   0   0   0   6   6   6   6   5   5   5   5   5  31  31  31  31  30  30  30  38  38  38  38  39  39  39  45  45  45  45  45  45  45  47  47  47  47  49  49  49  49  49  49  49  56  56  56  56  56  56  56  59  59  59  59  59  59  59 
  1   1   1   1   1   3   3   3   3   6   6   6   7   7   7   7   7   7  31  31  31  35  35  35  35  38  38  38  38  39  39  39  39  46  46  46  45  45  45  47  47  47  47  49  49  49  49  49  49  49  56  56  56  56  56  56  59  59  59  59  59  59  59  59 
  2   2   2   2   3   3   3   3   3   8   8   8   7   7   7   7   7   7  35  35  35  35  35  35  35  38  38  38  38  39  39  39  39  46  46  46  46  46  46  47  47  47  47  47  49  49  49  49  49  49  55  55  55  55  55  55  59  59  59  59  59  59  59  59 
  2   2   2   2   3   3   3   3   3   8   8   8   7   7   7   7   7   7  35  35  35  35  35  35  35  38  38  38  38  39  39  39  39  46  46  46  46  46  46  47  47  47  47  47  48  48  48  48  48  48  55  55  55  55  55  55  59  59  59  57  57  57  57  57 
  2   2   2   2   3   3   3   3   3   8   8   8   7   7   7   7   7   7  35  35  35  35  35  35  35  38  38  38  38  39  39  39  39  46  46  46  46  46  46  47  47  66  66  66  48  48  48  48  48  48  55  55  55  55  55  55  59  59  57  57  57  57  57  57 
  2   2   2   2   3   3   3   3   3   8   8   8   8   7   7   7   7   9   9   9  36  36  36  36  36  38  38  38  38  39  39  39  39  46  46  46  67  67  67  67  67  66  66  66  66  66  48  48  48  48  55  55  55  55  55  55  78  78  57  57  57  57  57  57 
  2   2   2   2   4   4   3   3   3   8   8   8   8   9   9   9   9   9   9   9  36  36  36  36  36  37  37  37  37  37  37  37  37  37  67  67  67  67  67  67  67  66  66  66  66  66  48  48  48  48  75  75  75  75  78  78  78  78  57  57  57  57  57  57 
  2   2   4   4   4   4   4   4   8   8   8   8   8   9   9   9   9   9   9   9  36  36  36  36  36  37  37  37  37  37  37  37  37  37  67  67  67  67  67  67  67  66  66  66  66  66  48  48  48  75  75  75  75  75  78  78  78  78  79  79  79  57  57  57 
  2   2   4   4   4   4   4   4   8   8   8  15  15   9   9   9   9   9   9   9  36  36  36  36  36  37  37  37  37  37  37  37  37  37  67  67  67  67  67  67  67  66  66  66  66  66  48  48  48  75  75  75  75  75  78  78  78  78  79  79  79  79  79  79 
  2   2   4   4   4   4   4   4   8   8   8  15  15   9   9   9   9  23  23  23  23  36  36  36  24  24  24  21  21  21  21  68  68  68  68  68  68  69  69  69  69  69  65  65  65  65  65  65  65  75  75  75  75  75  78  78  78  78  79  79  79  79  79  79 
 11  11  11  11   4   4   4  10  10  10  15  15  15  15  16  16  16  23  23  23  23  23  24  24  24  24  24  21  21  21  21  68  68  68  68  68  68  69  69  69  69  69  65  65  65  65  65  65  65  75  75  75  75  75  78  78  78  78  79  79  79  79  79  79 
 11  11  11  11  11  11  10  10  10  10  15  15  15  15  16  16  16  23  23  23  23  23  24  24  24  24  24  21  21  21  21  21  68  68  68  68  68  69  69  69  69  69  65  65  65  65  65  65  65  76  76  76  76  76  78  78  78  78  79  79  79  79  79  79 
 11  11  11  11  11  11  10  10  10  10  15  15  15  15  16  16  16  16  23  23  23  23  24  24  24  24  24  21  21  21  21  21  21  68  68  68  68  69  69  69  69  69  65  65  65  65  65  60  60  76  76  76  76  76  76  77  77  77  77  77  77  77  77  77 
 11  11  11  11  11  11  10  10  10  10  15  15  15  15  16  16  16  16  23  23  23  23  24  24  24  24  24  21  21  21  21  21  21  68  68  68  68  69  69  69  61  61  61  61  60  60  60  60  60  76  76  76  76  76  76  77  77  77  77  77  77  77  77  77 
 11  11  11  11  11  11  10  10  10  10  15  15  15  15  16  16  16  16  23  23  23  23  22  22  22  22  22  20  20  20  20  20  20  27  27  27  27  27  69  69  61  61  61  61  60  60  60  60  60  76  76  76  76  76  76  77  77  77  77  77  77  77  77  77 
 12  12  12  12  12  12  10  10  10  10  15  15  15  15  16  16  16  16  16  22  22  22  22  22  22  22  22  20  20  20  20  20  20  27  27  27  27  27  61  61  61  61  61  61  60  60  60  60  60  76  76  76  76  76  74  74  74  74  71  71  71  71  71  71 
 12  12  12  12  12  12  14  14  14  18  18  18  18  18  18  18  16  16  16  22  22  22  22  22  22  22  22  20  20  20  20  20  20  27  27  27  27  27  61  61  61  61  61  61  60  60  60  60  60  73  73  73  73  73  74  74  74  74  71  71  71  71  71  71 
 12  12  12  12  12  12  14  14  14  18  18  18  18  18  18  18  17  17  17  25  25  22  22  22  22  22  22  20  20  20  20  20  20  27  27  27  27  27  61  61  61  61  63  63  63  60  60  60  60  73  73  73  73  73  74  74  74  74  71  71  71  71  71  71 
 12  12  12  12  12  14  14  14  14  18  18  18  18  18  18  18  17  17  17  17  25  25  26  26  26  26  26  28  28  28  28  28  27  27  27  27  27  27  64  64  61  61  63  63  63  63  62  62  62  73  73  73  73  73  74  74  74  74  71  71  70  70  70  70 
 12  12  12  12  12  14  14  14  14  19  19  19  18  18  18  18  17  17  17  17  25  25  26  26  26  26  26  28  28  28  28  28  29  29  29  29  29  64  64  64  64  64  63  63  63  63  62  62  62  62  73  73  73  73  74  74  74  74  71  71  70  70  70  70 
 13  13  13  13  13  13  14  14  14  19  19  19  19  19  18  18  17  17  17  17  25  25  26  26  26  26  26  28  28  28  28  28  29  29  29  29  29  64  64  64  64  64  63  63  63  63  62  62  62  62  73  73  73  73  74  74  74  74  71  71  70  70  70  70 
 13  13  13  13  13  13  14  14  14  19  19  19  19  19  17  17  17  17  25  25  25  25  25  26  26  26  26  28  28  28  28  28  29  29  29  29  29  64  64  64  64  64  63  63  63  63  62  62  62  62  72  72  72  72  72  72  72  72  72  70  70  70  70  70 
 13  13  13  13  13  13  14  14  14  19  19  19  19  19  17  17  17  17  25  25  25  25  25  26  26  26  26  28  28  28  28  29  29  29  29  29  29  64  64  64  64  64  63  63  63  63  62  62  62  62  72  72  72  72  72  72  72  72  72  70  70  70  70  70 
 13  13  13  13  13  13  14  14  14  19  19  19  19  19  17  17  17  17  25  25  25  25  25  26  26  26  26  28  28  28  28  29  29  29  29  29  29  64  64  64  64  64  63  63  63  63  62  62  62  62  72  72  72  72  72  72  72  72  72  70  70  70  70  70 

********************* Start Simulation **********************
********************** End Simulation ***********************
Fri Jan 22 00:14:45 2021	process 0 - Performed 18206720 patch updates in 480.104 seconds.
Fri Jan 22 00:14:45 2021	process 0 - Performed 1193195601920 cell updates in 480.104 seconds.
Fri Jan 22 00:14:45 2021	process 0 - => 2.48529e+09 CellUpdates/s
Fri Jan 22 00:14:45 2021	process 0 - => 6.71028e+11 FlOps/s
