
*************************************************************
Welcome to Pond

Pond Copyright (C) 2012-2018
  Technical University of Munich
  Department of Informatics
  Chair of Scientific Computing

Pond comes with ABSOLUTELY NO WARRANTY.
Pond is free software, and you are welcome to redistribute it
under certain conditions.
Details can be found in the file 'gpl.txt'.
*************************************************************
#### POND Configuration ####
Total Grid Size:          4096x4096 = 16777216 cells. (x*y)
Patch Size:               256x256
Number of checkpoints:    1
File name Prefix:         output/out
Scenario simulation area: {X: 0.000 - 100.000, Y: 0.000 - 100.000}
Cell Size:                0.0244141m * 0.0244141m (dx * dy)
Thu Jan 21 19:44:11 2021	process 0 - Size difference in the size of idx_t and mpi::rank. Copying and casting.
Thu Jan 21 19:44:11 2021	process 0 - 

12 12 12 12 11 11 11 19 19 19 19 19 17 17 17 17 
12 12 12 12 11 11 11 19 19 19 19 19 17 17 17 17 
13 12 12 12 11 11 11 19 19 19 19 18 18 17 17 17 
13 13 12 12 11 11 11 10 10 10 18 18 18 16 16 16 
13 13 14 14 14 14 10 10 10 10 18 18 18 16 16 16 
13 13 14 14 14 14 10 10 10 10 18 18 18 16 16 16 
13 13 14 14 14 14 10 10 15 15 15 15 18 16 16 16 
13 13 14 14  1  1  1  1  1 15 15 15 15 15 16 16 
 0  0  0  0  1  1  1  1  1 15 15 15 15  5  5  5 
 0  0  0  0  6  6  1  1  6  6  5  5  5  5  5  5 
 0  0  0  0  4  6  6  6  6  6  5  5  5  5  5  9 
 2  2  0  0  4  4  6  6  6  6  8  8  8  8  9  9 
 2  2  3  3  4  4  4  4  4  7  7  8  8  8  9  9 
 2  2  3  3  3  3  3  4  4  7  7  7  8  8  9  9 
 2  2  2  2  3  3  3  4  4  7  7  7  8  8  9  9 
 2  2  2  2  3  3  3  4  4  7  7  7  8  8  9  9 

********************* Start Simulation **********************
********************** End Simulation ***********************
Thu Jan 21 19:45:09 2021	process 0 - Performed 284672 patch updates in 56.922 seconds.
Thu Jan 21 19:45:09 2021	process 0 - Performed 18656264192 cell updates in 56.922 seconds.
Thu Jan 21 19:45:09 2021	process 0 - => 3.27751e+08 CellUpdates/s
Thu Jan 21 19:45:09 2021	process 0 - => 8.84928e+10 FlOps/s
