WARNING: ODP disabled on 160 of 160 processes which are missing support.
         To suppress this message set environment variable
         GASNET_ODP_VERBOSE=0 or reconfigure with --disable-ibv-odp
         (see ibv-conduit's README for more information).
         To see additional details set environment variable
         GASNET_ODP_VERBOSE=2 (or higher).
WARNING: Beginning a potentially slow probe of max pinnable memory...
WARNING: Probe of max pinnable memory completed in 17.6238s.
WARNING:   Probe of max pinnable memory has yielded '41 GB'.
WARNING:   If you have the same memory configuration on all nodes, then
WARNING:   to avoid this probe in the future either reconfigure using
WARNING:      --with-ibv-physmem-max='41 GB'
WARNING:   or run with environment variable
WARNING:      GASNET_PHYSMEM_MAX='41 GB'.
WARNING: For more information see "Slow PHYSMEM probe at start-up"
WARNING: in ibv-conduit's README.

*************************************************************
Welcome to Pond

Pond Copyright (C) 2012-2018
  Technical University of Munich
  Department of Informatics
  Chair of Scientific Computing

Pond comes with ABSOLUTELY NO WARRANTY.
Pond is free software, and you are welcome to redistribute it
under certain conditions.
Details can be found in the file 'gpl.txt'.
*************************************************************
#### POND Configuration ####
Total Grid Size:          8192x16384 = 134217728 cells. (x*y)
Patch Size:               256x256
Number of checkpoints:    1
File name Prefix:         output/out
Scenario simulation area: {X: 0.000 - 100.000, Y: 0.000 - 200.000}
Cell Size:                0.012207m * 0.012207m (dx * dy)
UPC++ Actor Library Configuration
=================================
Actorlib mode:        UPC++ rank-sequential
Git revision:         d320f4efde87758567e3c5db2b85c15afd1ac9a6-dirty
Git revision date:    Mon Apr 20 17:35:23 2020
Git revision message: Fix strict GCC warnings
UPC++ install:        /dss/dsshome1/lxc06/ga53qud2/upc_new/gasnet.opt
UPC++ codemode:       O3
UPC++ Backend type:   Sequential Backend
UPC++ GASNET Conduit: ibv
Sun Jan 24 05:38:42 2021	process 0 - Directly moving the data into the destination, as the size is the same
Sun Jan 24 05:38:42 2021	process 0 - 

 75  75  75  77  77  77  77  77  77  70  70  70  70  71  71  71  71  46  46  46  46  45  45  45  45  40  40  41  41  41  41  41 
 75  75  75  77  77  77  77  77  77  70  70  70  70  71  71  71  71  46  46  46  46  46  45  45  40  40  40  41  41  41  41  41 
 75  75  75  78  78  78  78  78  73  70  70  70  70  71  71  71  71  46  46  46  46  46  45  45  40  40  40  40  41  41  41  41 
 75  75  75  78  78  78  78  78  73  73  73  73  73  73  48  48  48  48  49  49  47  47  45  45  40  40  40  40  43  43  43  43 
 76  75  75  78  78  79  79  79  73  73  73  73  73  73  72  48  48  48  49  49  47  47  47  45  42  42  40  43  43  43  43  43 
 76  76  76  76  79  79  79  79  74  74  74  72  72  72  72  48  48  48  49  49  47  47  47  47  42  42  42  43  43  43  43  44 
 76  76  76  76  79  79  79  74  74  74  74  72  72  72  72  48  48  48  49  49  49  47  47  47  42  42  42  43  44  44  44  44 
 76  76  76  76  79  79  79  74  74  74  74  72  72  72  72  48  58  58  58  58  49  49  47  47  42  42  42  44  44  44  44  44 
 68  68  68  68  68  68  67  67  63  63  63  63  62  62  62  62  58  58  58  58  57  57  57  57  42  42  42  44  44  54  54  54 
 68  68  68  68  68  67  67  67  63  63  63  63  62  62  62  62  58  58  58  58  57  57  57  52  52  52  52  52  52  54  54  54 
 69  69  69  69  69  67  67  67  63  63  63  63  62  62  59  59  59  59  59  59  57  57  57  52  52  52  52  53  53  54  54  54 
 69  69  69  69  69  67  67  67  64  64  64  64  62  62  59  59  59  59  59  59  57  57  50  52  52  52  53  53  53  54  54  54 
 65  65  65  69  69  67  67  67  64  64  64  60  60  60  59  59  56  56  56  55  55  55  50  50  50  53  53  53  53  51  51  51 
 65  65  65  66  66  66  66  66  64  64  64  60  60  61  61  61  56  56  56  55  55  55  50  50  50  53  53  53  51  51  51  51 
 65  65  65  66  66  66  66  66  64  64  64  60  60  61  61  61  56  56  56  55  55  55  50  50  50  50  53  53  51  51  51  51 
 65  65  34  34  66  66  66  66  38  38  38  60  60  61  61  61  56  56  56  55  55  55  50  50  50  14  14  14  14  51  51  51 
 65  65  34  34  34  30  30  30  38  38  38  60  60  61  61  61  56  56  18  18  18  15  15  15  14  14  14  14  13  13  13  13 
 33  33  33  34  34  30  30  30  38  38  39  39  39  39  36  36  36  36  18  18  18  15  15  15  15  14  14  14  13  13  13  13 
 33  33  33  34  34  30  30  30  38  38  39  39  39  39  36  36  36  36  18  18  18  15  15  15  15  12  12  12  12  12  13  13 
 33  33  33  34  34  30  30  30  38  38  39  39  39  37  36  36  36  36  18  18  18  19  15  15  15  12  12  12  12  12  13  13 
 33  33  33  34  31  30  30  31  38  38  39  39  39  37  35  35  19  19  19  19  19  19  16  16  16  11  11  11  12  12  13  13 
 32  32  32  32  31  31  31  31  37  37  37  37  37  37  35  35  19  19  19  19  19  19  16  16  16  11  11  11  10  10  10  10 
 32  32  32  32  31  31  31  31  37  37  37  37  37  37  35  35  17  17  17  17   3   3  16  16  16  11  11  11  10  10  10  10 
 32  32  32  32  31  31  31  31  22  22  23  23  23  23  35  35  17  17  17  17   3   3  16  16  16  11  11  11  10  10  10  10 
 25  25  25  25  25  26  26  26  26  22  23  23  23  23  35  35  17  17  17  17   3   0   0   0   0   6   6   6   6   5   5   5 
 25  25  25  25  25  26  26  26  26  22  23  23  23  23  35  35  17  17   3   3   3   0   0   0   0   6   6   6   6   5   5   5 
 27  25  25  25  25  26  26  26  26  22  22  24  24  23  35  35   4   4   4   3   3   0   0   0   0   6   6   6   6   5   5   5 
 27  27  27  27  27  28  28  28  28  22  22  24  24  24  24   4   4   4   4   3   3   1   1   1   9   9   9   6   6   5   5   5 
 27  27  27  27  27  28  28  28  28  22  22  24  24  24  24   4   4   4   4   3   3   1   1   1   9   9   9   9   7   7   7   7 
 27  27  29  29  29  28  28  28  28  22  22  24  24  24  24   4   4   2   2   2   2   1   1   1   9   9   9   9   7   7   7   7 
 29  29  29  29  29  28  28  20  20  20  20  21  21  21  21  21  21   2   2   2   2   1   1   8   8   8   8   8   7   7   7   7 
 29  29  29  29  29 109 109  20  20  20  20  21  21  21  21  21  21   2   2   2   2   1   1   8   8   8   8   8  81  81  81   7 
107 107 109 109 109 109 108 108  20  20  20  21  21 101 101 101  86  86  86  86  85  85  85   8   8   8  80  80  81  81  81  81 
107 107 109 109 109 108 108 108  20  20 100 100 100 101 101 101  86  86  86  86  85  85  85  85  80  80  80  80  81  81  81  81 
107 107 107 109 109 108 108 108 100 100 100 100 100 101 101 101  86  86  86  86  85  85  85  85  80  80  80  80  80  81  81  81 
107 107 107 109 109 108 108 108 100 100 100 100 100 101 101 101  88  88  88  88  88  85  85  85  82  80  80  80  84  83  83  83 
107 107 106 106 105 105 105 102 102 102 103 103 103 103 104 104  88  88  88  88  88  87  87  87  82  82  84  84  84  83  83  83 
107 107 106 106 105 105 105 102 102 102 103 103 103 103 104 104  88  89  89  89  87  87  87  87  82  82  84  84  84  83  83  83 
106 106 106 106 105 105 105 102 102 102 103 103 103 103 104 104  89  89  89  89  87  87  87  87  82  82  82  84  84  83  83  83 
106 106 106 118 105 105 105 102 102 102 114 114 114 104 104 104  89  89  89  89  87  87  92  92  82  82  82  84  84  97  97  83 
106 106 106 118 118 118 118 118 112 112 114 114 114 104 104 104  93  93  93  89  94  94  92  92  92  98  98  98  98  97  97  97 
117 117 117 118 118 118 118 118 112 112 112 114 114 113 113 113  93  93  93  93  94  94  92  92  92  98  98  98  98  97  97  97 
117 117 117 117 119 119 119 119 112 112 112 114 114 113 113 113  93  93  93  93  94  94  92  92  92  98  98  98  98  97  97  97 
117 117 117 117 119 119 119 119 112 112 112 114 114 113 113 113  91  91  91  91  94  94  92  92  92  99  99  99  97  97  97  96 
116 116 117 117 119 119 119 119 112 112 112 114 114 113 113 113  91  91  91  91  94  94  94  94  99  99  99  99  96  96  96  96 
116 116 116 115 115 115 115 115 115 111 111 111 111 110 110 110 110  91  91  91  90  90  90  90  99  99  99  99  96  96  96  96 
116 116 116 115 115 115 115 115 115 111 111 111 111 110 110 110 110  91  91  91  90  90  90  90  95  95  95  96  96  96  96  96 
116 116 116 120 115 121 121 121 121 111 111 111 111 110 110 110 110 141 141 141  90  90  90  90  95  95  95 149 149 149 147 147 
120 120 120 120 115 121 121 121 126 126 126 126 126 125 125 125 125 141 141 141 140 140 140 140  95  95  95 149 149 149 147 147 
120 120 120 123 123 121 121 121 126 126 126 126 126 125 125 125 125 141 141 141 140 140 140 140  95  95  95 149 149 149 147 147 
120 120 120 123 123 121 121 121 126 126 126 126 129 129 125 125 125 141 141 141 140 140 140 140 140  95  95 149 149 149 147 147 
122 120 120 123 123 124 124 124 127 127 129 129 129 129 142 142 142 141 141 143 143 143 143 140 148 148 148 148 148 148 147 147 
122 122 122 123 123 124 124 124 127 127 129 129 129 129 142 142 142 142 142 143 143 143 143 143 148 148 148 148 148 148 147 147 
122 122 122 123 123 124 124 124 127 127 127 129 129 129 142 142 142 142 142 143 143 143 143 143 145 145 145 145 146 146 146 146 
122 122 122 123 123 124 124 127 127 127 127 128 128 128 128 128 128 158 158 158 158 144 144 144 145 145 145 145 146 146 146 146 
122 122 122 123 123 124 124 127 127 127 130 130 128 128 131 131 128 158 158 158 158 144 144 144 145 145 145 145 146 146 146 146 
135 135 135 136 136 136 136 136 130 130 130 130 128 128 131 131 159 159 158 158 158 144 144 144 150 150 150 150 151 151 151 151 
135 135 135 136 136 136 136 136 130 130 130 130 128 128 131 131 159 159 159 158 158 144 144 150 150 150 150 150 151 151 151 151 
135 135 135 135 136 136 136 136 130 130 130 130 131 131 131 131 159 159 159 157 157 144 144 150 150 150 150 153 151 151 151 151 
135 135 135 135 139 139 139 139 139 132 132 134 131 131 131 131 159 159 159 157 157 157 157 157 157 152 152 153 153 153 153 153 
137 137 137 139 139 139 139 139 132 132 132 134 134 134 133 133 133 159 159 157 157 157 157 157 157 152 152 153 153 153 153 153 
137 137 137 139 138 138 138 138 132 132 132 134 134 134 133 133 133 155 155 155 155 156 156 156 156 152 152 152 154 154 154 154 
137 137 137 137 138 138 138 138 132 132 132 134 134 133 133 133 133 155 155 155 155 156 156 156 156 152 152 152 154 154 154 154 
137 137 137 137 138 138 138 138 132 132 132 134 134 133 133 133 133 155 155 155 155 156 156 156 156 152 152 152 154 154 154 154 

********************* Start Simulation **********************
********************** End Simulation ***********************
Sun Jan 24 05:40:39 2021	process 0 - Performed 4552704 patch updates in 116.698 seconds.
Sun Jan 24 05:40:39 2021	process 0 - Performed 298366009344 cell updates in 116.698 seconds.
Sun Jan 24 05:40:39 2021	process 0 - => 2.55673e+09 CellUpdates/s
Sun Jan 24 05:40:39 2021	process 0 - => 6.90317e+11 FlOps/s
