WARNING: ODP disabled on 80 of 80 processes which are missing support.
         To suppress this message set environment variable
         GASNET_ODP_VERBOSE=0 or reconfigure with --disable-ibv-odp
         (see ibv-conduit's README for more information).
         To see additional details set environment variable
         GASNET_ODP_VERBOSE=2 (or higher).
WARNING: Beginning a potentially slow probe of max pinnable memory...
WARNING: Probe of max pinnable memory completed in 18.6594s.
WARNING:   Probe of max pinnable memory has yielded '41 GB'.
WARNING:   If you have the same memory configuration on all nodes, then
WARNING:   to avoid this probe in the future either reconfigure using
WARNING:      --with-ibv-physmem-max='41 GB'
WARNING:   or run with environment variable
WARNING:      GASNET_PHYSMEM_MAX='41 GB'.
WARNING: For more information see "Slow PHYSMEM probe at start-up"
WARNING: in ibv-conduit's README.

*************************************************************
Welcome to Pond

Pond Copyright (C) 2012-2018
  Technical University of Munich
  Department of Informatics
  Chair of Scientific Computing

Pond comes with ABSOLUTELY NO WARRANTY.
Pond is free software, and you are welcome to redistribute it
under certain conditions.
Details can be found in the file 'gpl.txt'.
*************************************************************
#### POND Configuration ####
Total Grid Size:          8192x8192 = 67108864 cells. (x*y)
Patch Size:               256x256
Number of checkpoints:    1
File name Prefix:         output/out
Scenario simulation area: {X: 0.000 - 100.000, Y: 0.000 - 100.000}
Cell Size:                0.012207m * 0.012207m (dx * dy)
UPC++ Actor Library Configuration
=================================
Actorlib mode:        UPC++ rank-sequential
Git revision:         d320f4efde87758567e3c5db2b85c15afd1ac9a6-dirty
Git revision date:    Mon Apr 20 17:35:23 2020
Git revision message: Fix strict GCC warnings
UPC++ install:        /dss/dsshome1/lxc06/ga53qud2/upc_new/gasnet.opt
UPC++ codemode:       O3
UPC++ Backend type:   Sequential Backend
UPC++ GASNET Conduit: ibv
Sun Jan 24 03:15:03 2021	process 0 - Directly moving the data into the destination, as the size is the same
Sun Jan 24 03:15:03 2021	process 0 - 

 2  2  1  1  0  0  0  0  8  8  9  9  9  9  7  7  7 39 39 39 39 36 36 33 33 33 34 34 34 34 32 32 
 2  2  1  1  1  0  0  0  8  8  9  9  9  9  7  7  7 39 39 39 39 36 36 33 33 33 34 34 34 34 32 32 
 2  2  1  1  1  0  0  0  8  8  8  9  9  9  7  7  7 39 39 39 39 36 36 33 33 33 33 34 34 32 32 32 
 2  2  1  1  1  0  0  0  8  8  8  9  9  9  7  7 38 38 38 38 38 36 36 36 33 33 33 34 34 32 32 32 
 2  2  2  1  3  3  3  3  8  8  8  5  5  5  5  7 38 38 38 38 38 36 36 36 30 30 30 30 32 32 32 32 
 4  4  4  3  3  3  3  3  6  6  6  5  5  5  5  7 38 38 38 35 35 35 35 30 30 30 30 30 31 31 31 31 
 4  4  4  3  3  3  3  3  6  6  6  6  5  5  5 37 37 37 37 35 35 35 35 35 30 30 30 30 31 31 31 31 
 4  4  4 13 13 13  6  6  6  6 16 16  5  5  5 37 37 37 37 35 35 35 35 35 20 20 20 20 31 31 31 31 
 4  4  4 13 13 13 13 13  6  6 16 16 15 15 15 15 37 37 37 27 27 27 27 27 20 20 20 20 20 21 21 21 
12 12 12 12 13 13 13 13 16 16 16 16 15 15 15 15 26 26 26 27 27 27 27 27 20 20 20 20 20 21 21 21 
12 12 12 12 14 14 13 13 16 16 16 16 15 15 15 15 26 26 26 29 29 29 27 27 23 23 23 23 21 21 21 21 
12 12 12 12 14 14 14 14 14 16 16 19 19 19 19 19 19 26 26 29 29 29 27 27 23 23 23 23 21 21 21 21 
10 10 10 10 14 14 14 14 14 17 17 19 19 19 19 19 19 26 26 29 29 29 28 28 28 23 23 23 22 22 22 22 
10 10 10 10 11 14 14 17 17 17 17 18 18 18 18 18 25 25 26 29 29 29 28 28 28 23 23 23 22 22 22 22 
10 10 10 10 11 11 11 17 17 17 17 18 18 18 18 18 25 25 25 25 28 28 28 28 24 24 24 24 22 22 22 22 
72 72 72 72 11 11 11 11 17 17 17 18 18 75 75 25 25 25 25 25 28 28 28 28 24 24 24 24 24 22 22 53 
72 72 74 74 11 11 11 11 17 76 76 76 75 75 75 25 25 25 55 55 55 56 56 56 56 24 24 24 24 53 53 53 
72 72 74 74 73 73 73 76 76 76 76 76 75 75 75 75 55 55 55 55 55 56 56 56 56 50 54 54 54 53 53 53 
72 72 74 74 73 73 73 76 76 76 79 79 75 75 75 75 55 55 55 59 59 56 56 56 50 50 54 54 54 54 53 53 
72 72 74 74 73 73 73 76 76 76 79 79 79 77 77 77 77 58 58 59 59 57 57 50 50 50 54 54 54 54 53 53 
70 70 74 74 73 73 73 78 78 78 79 79 79 77 77 77 77 58 58 59 57 57 57 57 50 50 51 54 54 54 52 52 
70 70 70 74 71 71 71 71 78 78 78 79 79 77 77 77 58 58 58 59 57 57 57 57 50 51 51 51 52 52 52 52 
70 70 70 70 71 71 71 71 71 78 78 79 79 77 77 77 58 58 58 59 59 57 57 57 50 51 51 51 52 52 52 52 
61 70 70 70 71 71 71 71 78 78 78 79 79 66 66 66 58 58 58 59 59 43 43 43 50 51 51 51 52 52 52 52 
61 61 70 70 60 60 60 60 78 78 78 65 65 66 66 66 40 40 40 59 59 43 43 43 45 45 45 51 45 46 46 46 
61 61 64 64 60 60 60 65 65 65 65 65 65 66 66 66 40 40 40 40 40 43 43 43 45 45 45 45 45 46 46 46 
61 61 64 64 60 60 60 60 65 65 65 65 65 66 66 66 40 40 40 40 40 43 43 43 45 45 45 45 45 46 46 46 
61 61 61 64 64 60 60 60 63 63 69 69 69 69 68 68 68 44 44 44 44 44 43 43 49 49 49 49 49 49 46 46 
61 61 61 64 64 63 63 63 63 63 69 69 69 69 68 68 68 44 44 44 44 44 42 42 49 49 49 49 49 49 49 46 
62 62 62 64 64 64 63 63 67 67 67 69 69 69 68 68 41 41 41 44 44 42 42 42 48 48 48 48 47 47 47 47 
62 62 62 64 64 64 63 63 67 67 67 67 67 68 68 68 41 41 41 41 41 42 42 42 48 48 48 48 47 47 47 47 
62 62 62 62 62 62 63 63 67 67 67 67 67 68 68 68 41 41 41 41 41 42 42 42 48 48 48 48 47 47 47 47 

********************* Start Simulation **********************
********************** End Simulation ***********************
Sun Jan 24 03:16:53 2021	process 0 - Performed 2276352 patch updates in 109.91 seconds.
Sun Jan 24 03:16:53 2021	process 0 - Performed 149183004672 cell updates in 109.91 seconds.
Sun Jan 24 03:16:53 2021	process 0 - => 1.35732e+09 CellUpdates/s
Sun Jan 24 03:16:53 2021	process 0 - => 3.66477e+11 FlOps/s
