
*************************************************************
Welcome to Pond

Pond Copyright (C) 2012-2018
  Technical University of Munich
  Department of Informatics
  Chair of Scientific Computing

Pond comes with ABSOLUTELY NO WARRANTY.
Pond is free software, and you are welcome to redistribute it
under certain conditions.
Details can be found in the file 'gpl.txt'.
*************************************************************
#### POND Configuration ####
Total Grid Size:          16384x16384 = 268435456 cells. (x*y)
Patch Size:               512x512
Number of checkpoints:    1
File name Prefix:         output/out
Scenario simulation area: {X: 0.000 - 100.000, Y: 0.000 - 100.000}
Cell Size:                0.00610352m * 0.00610352m (dx * dy)
Sun Feb  7 06:13:04 2021	process 0 - Size difference in the size of idx_t and mpi::rank. Copying and casting.
Sun Feb  7 06:13:04 2021	process 0 - 

31 31 31 31 31 31 32 32 32 32 32 32 34 34 34 34 29 29 29 29 29 29 27 27 27 27 26 26 26 26 26 26 
31 31 31 31 31 31 32 32 32 32 32 32 34 34 34 34 29 29 29 29 29 29 27 27 27 27 26 26 26 26 26 26 
31 31 31 31 31 31 32 32 32 32 32 32 34 34 34 34 29 29 29 29 29 29 27 27 27 27 26 26 26 26 26 26 
31 31 31 31 31 31 32 32 32 32 32 32 34 34 34 34 29 29 29 29 29 29 27 27 27 27 26 26 26 26 26 26 
30 30 30 30 30 30 30 33 33 33 33 33 34 34 34 34 28 28 28 28 28 28 28 27 27 27 25 25 25 25 25 25 
30 30 30 30 30 30 30 33 33 33 33 33 33 33 34 34 28 28 28 28 28 28 28 27 27 27 25 25 25 25 25 25 
30 30 30 30 30 30 30 33 33 33 33 33 33 33 34 34 28 28 28 28 28 28 28 27 27 27 25 25 25 25 25 25 
30 30 30 30 30 30 30 33 33 33 33 33 33 33 34 34 28 28 28 28 28 28 28 27 27 27 25 25 25 25 25 25 
35 35 35 35 35 35 37 37 37 37 38 38 38 38 38 38 23 23 23 23 23 24 24 24 20 20 20 20 20 20 20 20 
35 35 35 35 35 35 37 37 37 37 38 38 38 38 38 38 23 23 23 23 23 24 24 24 20 20 20 20 20 20 20 20 
35 35 35 35 35 35 37 37 37 37 38 38 38 38 38 38 23 23 23 23 23 24 24 24 20 20 20 20 20 20 20 20 
35 35 35 35 35 35 37 37 37 37 38 38 38 38 38 38 23 23 23 23 23 24 24 24 24 21 21 21 21 21 21 21 
36 36 36 36 36 36 37 37 37 39 39 39 39 39 39 39 23 23 23 23 23 24 24 24 24 21 21 21 21 21 21 21 
36 36 36 36 36 36 37 37 37 39 39 39 39 39 39 39 22 22 22 22 22 24 24 24 24 21 21 21 21 21 21 21 
36 36 36 36 36 36 37 37 37 39 39 39 39 39 39 39 22 22 22 22 22 22 22 24 24 21 21 21 21 21 21 21 
36 36 36 36 36 36 37 37 37 39 39 39 39 39 39 39 22 22 22 22 22 22 22 17 17 17 17 17 17 17 17 17 
 8  8  8  8  8  8  8  8  8  5  5  5  5  5  5  5 22 22 22 22 22 22 22 17 17 17 17 17 17 17 17 17 
 8  8  8  8  8  8  8  8  8  5  5  5  5  5  5  5 16 16 16 16 16 16 16 17 17 17 17 17 17 17 17 17 
 8  8  8  8  8  8  8  8  8  5  5  5  5  5  5  5 16 16 16 16 16 16 16 18 18 18 18 18 19 19 19 19 
 9  9  9  9  9  7  7  7  7  7  5  5  5  5  5  5 16 16 16 16 16 16 16 18 18 18 18 18 19 19 19 19 
 9  9  9  9  9  7  7  7  7  7  6  6  6  6  6  6 15 15 15 15 15 16 16 18 18 18 18 18 19 19 19 19 
 9  9  9  9  9  7  7  7  7  7  6  6  6  6  6  6 15 15 15 15 15 15 15 18 18 18 18 18 19 19 19 19 
 9  9  9  9  9  7  7  7  7  7  6  6  6  6  6  6 15 15 15 15 15 15 15 18 18 18 18 19 19 19 19 19 
 9  9  9  9  9  7  7  7  7  7  6  6  6  6  6  6 15 15 15 15 15 15 15 18 18 18 18 19 19 19 19 19 
 0  0  0  0  0  0  0  2  2  2  3  3  3  3  3  3 10 10 10 10 10 10 10 14 14 14 14 14 14 14 14 14 
 0  0  0  0  0  0  0  2  2  2  3  3  3  3  3  3 10 10 10 10 10 10 10 14 14 14 14 14 14 14 14 14 
 0  0  0  0  0  0  0  2  2  2  3  3  3  3  3  3 10 10 10 10 10 10 10 14 14 14 14 14 14 14 14 14 
 0  0  0  0  0  0  0  2  2  2  3  3  3  3  3  3 10 10 10 10 10 10 12 12 12 12 12 13 13 13 13 13 
 1  1  1  1  1  1  2  2  2  2  4  4  4  4  4  4 11 11 11 11 11 11 12 12 12 12 12 13 13 13 13 13 
 1  1  1  1  1  1  2  2  2  2  4  4  4  4  4  4 11 11 11 11 11 11 12 12 12 12 12 13 13 13 13 13 
 1  1  1  1  1  1  2  2  2  2  4  4  4  4  4  4 11 11 11 11 11 11 12 12 12 12 12 13 13 13 13 13 
 1  1  1  1  1  1  2  2  2  2  4  4  4  4  4  4 11 11 11 11 11 11 12 12 12 12 12 13 13 13 13 13 

********************* Start Simulation **********************
********************** End Simulation ***********************
Sun Feb  7 06:44:16 2021	process 0 - Performed 4551680 patch updates in 1871.56 seconds.
Sun Feb  7 06:44:16 2021	process 0 - Total runtime is 65982.8 seconds.
Sun Feb  7 06:44:16 2021	process 0 - Performed 1193195601920 cell updates in 1871.56 seconds.
Sun Feb  7 06:44:16 2021	process 0 - => 6.3754e+08 CellUpdates/s
Sun Feb  7 06:44:16 2021	process 0 - => 1.72136e+11 FlOps/s
