
*************************************************************
Welcome to Pond

Pond Copyright (C) 2012-2018
  Technical University of Munich
  Department of Informatics
  Chair of Scientific Computing

Pond comes with ABSOLUTELY NO WARRANTY.
Pond is free software, and you are welcome to redistribute it
under certain conditions.
Details can be found in the file 'gpl.txt'.
*************************************************************
#### POND Configuration ####
Total Grid Size:          4096x8192 = 33554432 cells. (x*y)
Patch Size:               256x256
Number of checkpoints:    1
File name Prefix:         output/out
Scenario simulation area: {X: 0.000 - 100.000, Y: 0.000 - 200.000}
Cell Size:                0.0244141m * 0.0244141m (dx * dy)
Sun Feb  7 13:14:47 2021	process 0 - Size difference in the size of idx_t and mpi::rank. Copying and casting.
Sun Feb  7 13:14:47 2021	process 0 - 

37 37 37 37 37 36 36 36 36 32 32 32 32 34 34 34 37 37 37 37 36 36 36 36 36 32 32 32 32 34 34 34 
37 37 37 37 36 36 36 36 36 32 32 32 32 34 34 34 37 37 37 37 36 36 36 36 36 32 32 32 32 34 34 34 
37 37 37 37 36 36 36 36 36 32 32 32 32 34 34 34 39 39 38 38 38 35 35 35 33 33 33 33 33 33 34 34 
39 39 38 38 38 35 35 35 33 33 33 33 33 33 34 34 39 39 38 38 38 35 35 35 33 33 33 33 33 33 34 34 
39 39 38 38 38 35 35 35 33 33 33 33 33 33 34 34 39 39 38 38 35 35 35 30 30 30 30 31 31 31 31 34 
39 39 38 38 35 35 35 30 30 30 30 31 31 31 31 34 39 39 38 38 35 35 35 30 30 30 30 31 31 31 31 31 
39 39 38 38 35 35 35 30 30 30 30 31 31 31 31 31 39 39 38 38 26 35 35 30 30 30 30 31 31 31 31 31 
39 39 38 38 26 35 35 30 30 30 30 31 31 31 31 31 39 39 38 38 26 26 26 30 30 21 21 21 20 20 20 20 
39 39 38 38 26 26 26 30 30 21 21 21 20 20 20 20 25 25 25 25 26 26 26 21 21 21 21 21 20 20 20 20 
25 25 25 25 26 26 26 21 21 21 21 21 20 20 20 20 25 25 25 25 26 26 26 21 21 21 21 21 20 20 20 20 
25 25 25 25 26 26 26 21 21 21 21 21 20 20 20 20 25 25 28 28 28 28 26 26 22 22 22 23 23 23 23 23 
25 25 28 28 28 28 26 26 22 22 22 23 23 23 23 23 25 25 28 28 28 28 26 26 22 22 22 23 23 23 23 23 
25 25 28 28 28 28 26 26 22 22 22 23 23 23 23 23 29 29 28 28 28 28 27 27 22 22 22 24 24 24 23 23 
29 29 28 28 28 28 27 27 22 22 22 24 24 24 23 23 29 29 29 29 27 27 27 27 22 22 22 24 24 24  1  1 
29 29 29 29 27 27 27 27 22 22 22 24 24 24  1  1 29 29 29 29 27 27 27 27  0  0  0 24 24 24  1  1 
29 29 29 29 27 27 27 27  0  0  0 24 24 24  1  1 29 29  9  9 27 27 27 27  0  0  0 24 24  1  1  1 

********************* Start Simulation **********************
********************** End Simulation ***********************
Sun Feb  7 13:15:43 2021	process 0 - Performed 569344 patch updates in 47.1452 seconds.
Sun Feb  7 13:15:43 2021	process 0 - Total runtime is 2023.32 seconds.
Sun Feb  7 13:15:43 2021	process 0 - Performed 37312528384 cell updates in 47.1452 seconds.
Sun Feb  7 13:15:43 2021	process 0 - => 7.91439e+08 CellUpdates/s
Sun Feb  7 13:15:43 2021	process 0 - => 2.13689e+11 FlOps/s
