Thu Jan 21 16:54:09 2021	process 63 - 32/ sqrt(80) = 3.57771
Thu Jan 21 16:54:09 2021	process 63 - 3
Thu Jan 21 16:54:09 2021	process 47 - 32/ sqrt(80) = Thu Jan 21 16:54:09 2021	process 31 - 32/ sqrt(80) = 3.57771
3.57771
Thu Jan 21 16:54:09 2021	process 31 - 3
Thu Jan 21 16:54:09 2021	process 47 - 3
Thu Jan 21 16:54:09 2021	process 39 - 32/ sqrt(80) = 3.57771
Thu Jan 21 16:54:09 2021	process 39 - 3
Thu Jan 21 16:54:09 2021	process 55 - 32/ sqrt(80) = 3.57771
Thu Jan 21 16:54:09 2021	process Thu Jan 21 16:54:09 2021	process 23 - 32/ sqrt(80) = 55 - 3
3.57771
Thu Jan 21 16:54:09 2021	process 23 - 3
Thu Jan 21 16:54:09 2021	process 7 - 32/ sqrt(80) = 3.57771Thu Jan 21 16:54:09 2021	process 71 - 32/ sqrt(80) = 
Thu Jan 21 16:54:09 2021	process 7 - 3
3.57771
Thu Jan 21 16:54:09 2021	process 71 - 3
Thu Jan 21 16:54:09 2021	process 27 - 32/ sqrt(80) = 3.57771Thu Jan 21 16:54:09 2021	process 79 - 32/ sqrt(80) = 3.57771
Thu Jan 21 16:54:09 2021	process 59 - 32/ sqrt(80) = 3.57771
Thu Jan 21 16:54:09 2021	process 27 - 3
Thu Jan 21 16:54:09 2021	process 43 - 32/ sqrt(80) = Thu Jan 21 16:54:09 2021	process 79 - 3

Thu Jan 21 16:54:09 2021	process 59 - 3
3.57771
Thu Jan 21 16:54:09 2021	process 43 - 3
Thu Jan 21 16:54:09 2021	process 15 - 32/ sqrt(80) = 3.57771
Thu Jan 21 16:54:09 2021	process 15 - 3
Thu Jan 21 16:54:09 2021	process 67 - 32/ sqrt(80) = 3.57771
Thu Jan 21 16:54:09 2021	process 67 - 3
Thu Jan 21 16:54:09 2021	process 53 - 32/ sqrt(80) = 3.57771
Thu Jan 21 16:54:09 2021	process 57 - 32/ sqrt(80) = Thu Jan 21 16:54:09 2021	process 21 - 32/ sqrt(80) = Thu Jan 21 16:54:09 2021	process 37 - 32/ sqrt(80) = Thu Jan 21 16:54:09 2021	process 53 - 3
Thu Jan 21 16:54:09 2021	process 25 - 32/ sqrt(80) = 3.57771
Thu Jan 21 16:54:09 2021	process 25 - 3Thu Jan 21 16:54:09 2021	process 17 - 32/ sqrt(80) = 3.57771Thu Jan 21 16:54:09 2021	process 41 - 32/ sqrt(80) = 3.57771
Thu Jan 21 16:54:09 2021	process 373.57771
3.57771

Thu Jan 21 16:54:09 2021	process 17 - 3
3.57771
Thu Jan 21 16:54:09 2021	process 41 - 3
Thu Jan 21 16:54:09 2021	process 75 - 32/ sqrt(80) = 3.57771
 - 3
Thu Jan 21 16:54:09 2021	process 57 - 3

Thu Jan 21 16:54:09 2021	process 11 - 32/ sqrt(80) = Thu Jan 21 16:54:09 2021	process 49 - Thu Jan 21 16:54:09 2021	process Thu Jan 21 16:54:09 2021	process 21 - 3.5777132/ sqrt(80) = Thu Jan 21 16:54:09 2021	process 75 - 3
33 - 32/ sqrt(80) = 3.57771
Thu Jan 21 16:54:09 2021	process 33 - 3
3

3.57771
Thu Jan 21 16:54:09 2021	process 49 - 3
Thu Jan 21 16:54:09 2021	process 11 - 3
Thu Jan 21 16:54:09 2021	process 65 - Thu Jan 21 16:54:09 2021	process 1 - 32/ sqrt(80) = 3.57771Thu Jan 21 16:54:09 2021	process 69 - 32/ sqrt(80) = Thu Jan 21 16:54:09 2021	process 5 - 32/ sqrt(80) = 3.57771
Thu Jan 21 16:54:09 2021	process 5 - 3
32/ sqrt(80) = 3.57771

Thu Jan 21 16:54:09 2021	process 1 - 3
Thu Jan 21 16:54:09 2021	process 65 - 33.57771

Thu Jan 21 16:54:09 2021	process 69 - 3
Thu Jan 21 16:54:09 2021	process 54 - 32/ sqrt(80) = 3.57771
Thu Jan 21 16:54:09 2021	process 77 - 32/ sqrt(80) = 3.57771Thu Jan 21 16:54:09 2021	process 56 - 32/ sqrt(80) = 3.57771Thu Jan 21 16:54:09 2021	process 22 - 32/ sqrt(80) = 3.57771
Thu Jan 21 16:54:09 2021	process 22 - 3
Thu Jan 21 16:54:09 2021	process 16 - 32/ sqrt(80) = 3.57771
Thu Jan 21 16:54:09 2021	process Thu Jan 21 16:54:09 2021	process 40 - 32/ sqrt(80) = 
Thu Jan 21 16:54:09 2021	process 77 - 3
Thu Jan 21 16:54:09 2021	process 32 - 32/ sqrt(80) = 3.57771
Thu Jan 21 16:54:09 2021	process 54 - 3
Thu Jan 21 16:54:09 2021	process 24 - 32/ sqrt(80) = 3.57771
Thu Jan 21 16:54:09 2021	process 24 - 3
16 - 3
Thu Jan 21 16:54:09 2021	process 48 - 32/ sqrt(80) = 3.57771
Thu Jan 21 16:54:09 2021	process 48 - 3
Thu Jan 21 16:54:09 2021	process 32 - 3

Thu Jan 21 16:54:09 2021	process 56 - 3Thu Jan 21 16:54:09 2021	process 20 - 32/ sqrt(80) = Thu Jan 21 16:54:09 2021	process 60 - 32/ sqrt(80) = 3.577713.57771
Thu Jan 21 16:54:09 2021	process 40 - 3
Thu Jan 21 16:54:09 2021	process 30 - Thu Jan 21 16:54:09 2021	process Thu Jan 21 16:54:09 2021	process 26 - 32/ sqrt(80) = 3.57771
Thu Jan 21 16:54:09 2021	process 26 - 3

Thu Jan 21 16:54:09 2021	process 60 - 3
Thu Jan 21 16:54:09 2021	process 42 - 32/ sqrt(80) = 3.57771
Thu Jan 21 16:54:09 2021
*************************************************************
Welcome to Pond

Pond Copyright (C) 2012-2018
  Technical University of Munich
  Department of Informatics
  Chair of Scientific Computing

Pond comes with ABSOLUTELY NO WARRANTY.
Pond is free software, and you are welcome to redistribute it
under certain conditions.
Details can be found in the file 'gpl.txt'.
*************************************************************
Thu Jan 21 16:54:09 2021	process 36 - 32/ sqrt(80) = 
3.57771
Thu Jan 21 16:54:09 2021	Thu Jan 21 16:54:09 2021	process 18 - 32/ sqrt(80) = Thu Jan 21 16:54:09 2021	process 62 - 32/ sqrt(80) = 3.57771
	process 42 - 3
Thu Jan 21 16:54:09 2021	process 70 - 32/ sqrt(80) = 3.57771
Thu Jan 21 16:54:09 2021#### POND Configuration ####
Total Grid Size:          8192x8192 = 67108864 cells. (x*y)
Patch Size:               256x256
Number of checkpoints:    1
File name Prefix:         output/out
Scenario simulation area: {X: 0.000 - 100.000, Y: 0.000 - 100.000}
Cell Size:                0.012207m * 0.012207m (dx * dy)
32/ sqrt(80) = 58 - 32/ sqrt(80) = process 20 - 3
3.57771
Thu Jan 21 16:54:09 2021	process 18 - 3
Thu Jan 21 16:54:09 2021	process 62 - 3
Thu Jan 21 16:54:09 2021	process 44 - 32/ sqrt(80) = 3.57771
	process 70 - 3
Thu Jan 21 16:54:09 2021	process 0 - 323.57771
3.57771
Thu Jan 21 16:54:09 2021	process 58 - 3
Thu Jan 21 16:54:09 2021	process 28 - 32/ sqrt(80) = Thu Jan 21 16:54:09 2021	process 12 - 32/ sqrt(80) = 3.57771
Thu Jan 21 16:54:09 2021	process 64 - 32/ sqrt(80) = 3.57771Thu Jan 21 16:54:09 2021	process 46 - 32/ sqrt(80) = Thu Jan 21 16:54:09 2021	process 72 - 32/ sqrt(80) = 3.57771/ sqrt(80) = 3.57771
Thu Jan 21 16:54:09 2021	process 0 - Thu Jan 21 16:54:09 2021	process 36 - 3Thu Jan 21 16:54:09 2021	process 52 - 32/ sqrt(80) = 3.57771
Thu Jan 21 16:54:09 2021	process 52 - 3
3.57771
Thu Jan 21 16:54:09 2021	process 10 - 32/ sqrt(
Thu Jan 21 16:54:09 2021	process 64 - 3
Thu Jan 21 16:54:09 2021	process 44 - 3

Thu Jan 21 16:54:09 2021	3
3.57771
Thu Jan 21 16:54:09 2021	process 50Thu Jan 21 16:54:09 2021	process 28 - Thu Jan 21 16:54:09 2021	process 12 - 3
Thu Jan 21 16:54:09 2021	process 66 - 32/ sqrt(80) = 3.57771
Thu Jan 21 16:54:09 2021	3.57771
process 72 - 3
Thu Jan 21 16:54:09 2021	
 0  0  0  0  1  1  1  1  2  2  2  2  3  3  3  3  4  4  4  4  5  5  5  5  6  6  6  6  7  7  7  7 
 0  0  0  0  1  1  1  1  2  2  2  2  3  3  3  3  4  4  4  4  5  5  5  5  6  6  6  6  7  7  7  7 
 0  0  0  0  1  1  1  1  2  2  2  2  3  3  3  3  4  4  4  4  5  5  5  5  6  6  6  6  7  7  7  7 
 8  8  8  8  9  9  9  9 10 10 10 10 11 11 11 11 12 12 12 12 13 13 13 13 14 14 14 14 15 15 15 15 
 8  8  8  8  9  9  9  9 10 10 10 10 11 11 11 11 12 12 12 12 13 13 13 13 14 14 14 14 15 15 15 15 
 8  8  8  8  9  9  9  9 10 10 10 10 11 11 11 11 12 12 12 12 13 13 13 13 14 14 14 14 15 15 15 15 
16 16 16 16 17 17 17 17 18 18 18 18 19 19 19 19 20 20 20 20 21 21 21 21 22 22 22 22 23 23 23 23 
16 16 16 16 17 17 17 17 18 18 18 18 19 19 19 19 20 20 20 20 21 21 21 21 22 22 22 22 23 23 23 23 
16 16 16 16 17 17 17 17 18 18 18 18 19 19 19 19 20 20 20 20 21 21 21 21 22 22 22 22 23 23 23 23 
24 24 24 24 25 25 25 25 26 26 26 26 27 27 27 27 28 28 28 28 29 29 29 29 30 30 30 30 31 31 31 31 
24 24 24 24 25 25 25 25 26 26 26 26 27 27 27 27 28 28 28 28 29 29 29 29 30 30 30 30 31 31 31 31 
24 24 24 24 25 25 25 25 26 26 26 26 27 27 27 27 28 28 28 28 29 29 29 29 30 30 30 30 31 31 31 31 
32 32 32 32 33 33 33 33 34 34 34 34 35 35 35 35 36 36 36 36 37 37 37 37 38 38 38 38 39 39 39 39 
32 32 32 32 33 33 33 33 34 34 34 34 35 35 35 35 36 36 36 36 37 37 37 37 38 38 38 38 39 39 39 39 
32 32 32 32 33 33 33 33 34 34 34 34 35 35 35 35 36 36 36 36 37 37 37 37 38 38 38 38 39 39 39 39 
40 40 40 40 41 41 41 41 42 42 42 42 43 43 43 43 44 44 44 44 45 45 45 45 46 46 46 46 47 47 47 47 
40 40 40 40 41 41 41 41 42 42 42 42 43 43 43 43 44 44 44 44 45 45 45 45 46 46 46 46 47 47 47 47 
40 40 40 40 41 41 41 41 42 42 42 42 43 43 43 43 44 44 44 44 45 45 45 45 46 46 46 46 47 47 47 47 
48 48 48 48 49 49 49 49 50 50 50 50 51 51 51 51 52 52 52 52 53 53 53 53 54 54 54 54 55 55 55 55 
48 48 48 48 49 49 49 49 50 50 50 50 51 51 51 51 52 52 52 52 53 53 53 53 54 54 54 54 55 55 55 55 
48 48 48 48 49 49 49 49 50 50 50 50 51 51 51 51 52 52 52 52 53 53 53 53 54 54 54 54 55 55 55 55 
56 56 56 56 57 57 57 57 58 58 58 58 59 59 59 59 60 60 60 60 61 61 61 61 62 62 62 62 63 63 63 63 
56 56 56 56 57 57 57 57 58 58 58 58 59 59 59 59 60 60 60 60 61 61 61 61 62 62 62 62 63 63 63 63 
56 56 56 56 57 57 57 57 58 58 58 58 59 59 59 59 60 60 60 60 61 61 61 61 62 62 62 62 63 63 63 63 
64 64 64 64 65 65 65 65 66 66 66 66 67 67 67 67 68 68 68 68 69 69 69 69 70 70 70 70 71 71 71 71 
64 64 64 64 65 65 65 65 66 66 66 66 67 67 67 67 68 68 68 68 69 69 69 69 70 70 70 70 71 71 71 71 
64 64 64 64 65 65 65 65 66 66 66 66 67 67 67 67 68 68 68 68 69 69 69 69 70 70 70 70 71 71 71 71 
72 72 72 72 73 73 73 73 74 74 74 74 75 75 75 75 76 76 76 76 77 77 77 77 78 78 78 78 79 79 79 79 
72 72 72 72 73 73 73 73 74 74 74 74 75 75 75 75 76 76 76 76 77 77 77 77 78 78 78 78 79 79 79 79 
72 72 72 72 73 73 73 73 74 74 74 74 75 75 75 75 76 76 76 76 77 77 77 77 78 78 78 78 79 79 79 79 
79 79 79 79 79 79 79 79 79 79 79 79 79 79 79 79 79 79 79 79 79 79 79 79 79 79 79 79 79 79 79 79 
79 79 79 79 79 79 79 79 79 79 79 79 79 79 79 79 79 79 79 79 79 79 79 79 79 79 79 79 79 79 79 79 


 - 32/ sqrt(80) = 3
Thu Jan 21 16:54:09 2021	process 14 - 32/ sqrt(80) = process 66 - 3
Thu Jan 21 16:54:09 2021	process 46 - 3
Thu Jan 21 16:54:09 2021	process 76 - 32/ sqrt(80) = 3.57771
Thu Jan 21 16:54:09 2021	process Thu Jan 21 16:54:09 2021	process 30 - 3.57771
Thu Jan 21 16:54:09 2021	process 50 - 3
80) = Thu Jan 21 16:54:09 2021	process 68 - 32/ sqrt(80) = 3.57771
Thu Jan 21 16:54:09 2021	process 76 - 3
6 - 32/ sqrt(80) = 3
3.57771Thu Jan 21 16:54:09 2021	process 68 - 3
Thu Jan 21 16:54:09 2021	process 78 - 32/ sqrt(80) = 3.57771
Thu Jan 21 16:54:09 2021	process 34 - 32/ sqrt(80) = 3.57771
3.57771
Thu Jan 21 16:54:09 2021	process 74 - 32/ sqrt(80) = 3.57771
Thu Jan 21 16:54:09 2021	process 74Thu Jan 21 16:54:09 2021	process 6 - 3
Thu Jan 21 16:54:09 2021	process 34 - 3

3.57771
Thu Jan 21 16:54:09 2021	process 78 - 3
Thu Jan 21 16:54:09 2021	process 2 - 32/ sqrt(80) = 3.57771
Thu Jan 21 16:54:09 2021	process  - 3
Thu Jan 21 16:54:09 2021	process 4 - 32/ sqrt(80) = 3.57771
Thu Jan 21 16:54:09 2021	process 4 - 3
Thu Jan 21 16:54:09 2021	process 14 - 3
Thu Jan 21 16:54:09 2021	process 8 - 32/ sqrt(80) = 3.57771
Thu Jan 21 16:54:09 2021	process 8 - 3
10 - 3
Thu Jan 21 16:54:09 2021	process 2 - 3
Thu Jan 21 16:54:09 2021	process 38 - 32/ sqrt(80) = 3.57771
Thu Jan 21 16:54:09 2021	process 38 - 3
Thu Jan 21 16:54:09 2021	process 3 - 32/ sqrt(80) = 3.57771
Thu Jan 21 16:54:09 2021	process 3 - 3
Thu Jan 21 16:54:09 2021	process 51 - 32/ sqrt(80) = 3.57771Thu Jan 21 16:54:09 2021	process 35 - 32/ sqrt(80) = 3.57771

Thu Jan 21 16:54:09 2021	process 51 - 3
Thu Jan 21 16:54:09 2021	process 19 - 32/ sqrt(80) = Thu Jan 21 16:54:09 2021	process 35 - 3
3.57771
Thu Jan 21 16:54:09 2021	process 19 - 3
Thu Jan 21 16:54:09 2021	process 9 - 32/ sqrt(80) = 3.57771
Thu Jan 21 16:54:09 2021	process 9 - 3
Thu Jan 21 16:54:09 2021	process 73 - 32/ sqrt(80) = 3.57771
Thu Jan 21 16:54:09 2021	process 73 - 3
Thu Jan 21 16:54:09 2021	process 61 - 32/ sqrt(80) = 3.57771Thu Jan 21 16:54:09 2021	process 29 - 32/ sqrt(80) = Thu Jan 21 16:54:09 2021	process 13 - 32/ sqrt(80) = 3.57771

Thu Jan 21 16:54:09 2021	process 61 - 3
Thu Jan 21 16:54:09 2021	process 45 - 32/ sqrt(80) = 3.57771
3.57771
Thu Jan 21 16:54:09 2021	process 29 - Thu Jan 21 16:54:09 2021	process 13 - 3
Thu Jan 21 16:54:09 2021	process 45 - 3
3
********************* Start Simulation **********************
********************** End Simulation ***********************
Thu Jan 21 17:04:10 2021	process 0 - Performed 2276352 patch updates in 593.371 seconds.
Thu Jan 21 17:04:10 2021	process 0 - Performed 149183004672 cell updates in 593.371 seconds.
Thu Jan 21 17:04:10 2021	process 0 - => 2.51416e+08 CellUpdates/s
Thu Jan 21 17:04:10 2021	process 0 - => 6.78824e+10 FlOps/s
