Thu Jan 21 14:24:51 2021	process 15 - 16/ sqrt(20) = 3.57771
Thu Jan 21 14:24:51 2021	process 15 - 3
Thu Jan 21 14:24:51 2021	process 11 - 16/ sqrt(20) = 3.57771
Thu Jan 21 14:24:51 2021	process 11 - 3
Thu Jan 21 14:24:51 2021	process 7 - 16/ sqrt(20) = 3.57771
Thu Jan 21 14:24:51 2021	process 7 - 3
Thu Jan 21 14:24:51 2021	process 3 - 16/ sqrt(20) = 3.57771
Thu Jan 21 14:24:51 2021	process 13 - 16/ sqrt(20) = Thu Jan 21 14:24:51 2021	process 5 - 16/ sqrt(20) = 3.57771
Thu Jan 21 14:24:51 2021	process 5 - 3
3.57771
Thu Jan 21 14:24:51 2021	process 13 - 3
Thu Jan 21 14:24:51 2021	process 3 - 3
Thu Jan 21 14:24:51 2021	process 9 - 16/ sqrt(20) = 3.57771
Thu Jan 21 14:24:51 2021	process 9 - 3
Thu Jan 21 14:24:51 2021	process 19 - 16/ sqrt(20) = 3.57771
Thu Jan 21 14:24:51 2021	process 19 - 3
Thu Jan 21 14:24:51 2021	process 1 - 16/ sqrt(20) = Thu Jan 21 14:24:51 2021	process 10 - 16/ sqrt(20) = Thu Jan 21 14:24:51 2021	process 4 - 16/ sqrt(20) = 3.57771
Thu Jan 21 14:24:51 2021	process 4 - 3
Thu Jan 21 14:24:51 2021	process 14 - 16/ sqrt(20) = 3.57771
Thu Jan 21 14:24:51 2021	process 14 - 3
3.57771
Thu Jan 21 14:24:51 2021	process 1 - 3.57771
Thu Jan 21 14:24:51 2021	process 10 - 3
Thu Jan 21 14:24:51 2021	process 6 - 16/ sqrt(20) = Thu Jan 21 14:24:51 2021	process 17 - 16/ sqrt(20) = 3
3.57771
Thu Jan 21 14:24:51 2021	process 6 - 3
3.57771
Thu Jan 21 14:24:51 2021	process 17 - 3

*************************************************************
Welcome to Pond

Pond Copyright (C) 2012-2018
  Technical University of Munich
  Department of Informatics
  Chair of Scientific Computing

Pond comes with ABSOLUTELY NO WARRANTY.
Pond is free software, and you are welcome to redistribute it
under certain conditions.
Details can be found in the file 'gpl.txt'.
*************************************************************
#### POND Configuration ####
Total Grid Size:          4096x4096 = 16777216 cells. (x*y)
Patch Size:               256x256
Number of checkpoints:    1
File name Prefix:         output/out
Scenario simulation area: {X: 0.000 - 100.000, Y: 0.000 - 100.000}
Cell Size:                0.0244141m * 0.0244141m (dx * dy)
Thu Jan 21 14:24:51 2021	process 2 - 16/ sqrt(20) = 3.57771Thu Jan 21 14:24:51 2021	process 0 - 16/ sqrt(20) = 3.57771
Thu Jan 21 14:24:51 2021	process 2 - 3

Thu Jan 21 14:24:51 2021	process 0 - 3
Thu Jan 21 14:24:51 2021	process 16 - 16/ sqrt(20) = 3.57771Thu Jan 21 14:24:51 2021	
 0  0  0  0  1  1  1  1  2  2  2  2  3  3  3  3 
 0  0  0  0  1  1  1  1  2  2  2  2  3  3  3  3 
 0  0  0  0  1  1  1  1  2  2  2  2  3  3  3  3 
 4  4  4  4  5  5  5  5  6  6  6  6  7  7  7  7 
 4  4  4  4  5  5  5  5  6  6  6  6  7  7  7  7 
 4  4  4  4  5  5  5  5  6  6  6  6  7  7  7  7 
 8  8  8  8  9  9  9  9 10 10 10 10 11 11 11 11 
 8  8  8  8  9  9  9  9 10 10 10 10 11 11 11 11 
 8  8  8  8  9  9  9  9 10 10 10 10 11 11 11 11 
12 12 12 12 13 13 13 13 14 14 14 14 15 15 15 15 
12 12 12 12 13 13 13 13 14 14 14 14 15 15 15 15 
12 12 12 12 13 13 13 13 14 14 14 14 15 15 15 15 
16 16 16 16 17 17 17 17 18 18 18 18 19 19 19 19 
16 16 16 16 17 17 17 17 18 18 18 18 19 19 19 19 
16 16 16 16 17 17 17 17 18 18 18 18 19 19 19 19 
19 19 19 19 19 19 19 19 19 19 19 19 19 19 19 19 

Thu Jan 21 14:24:51 2021	process 12 - 16/ sqrt(20) = 
Thu Jan 21 14:24:51 2021	process 16 - 3
Thu Jan 21 14:24:51 2021	process 18 - 16/ sqrt(20) = 3.57771
3.57771
Thu Jan 21 14:24:51 2021	process 12 - Thu Jan 21 14:24:51 2021	process 18 - 33

Thu Jan 21 14:24:51 2021	process 8 - 16/ sqrt(20) = 3.57771
Thu Jan 21 14:24:51 2021	process 8 - 3
********************* Start Simulation **********************
********************** End Simulation ***********************
Thu Jan 21 14:26:44 2021	process 0 - Performed 284672 patch updates in 111.31 seconds.
Thu Jan 21 14:26:44 2021	process 0 - Performed 18656264192 cell updates in 111.31 seconds.
Thu Jan 21 14:26:44 2021	process 0 - => 1.67606e+08 CellUpdates/s
Thu Jan 21 14:26:44 2021	process 0 - => 4.52536e+10 FlOps/s
