
*************************************************************
Welcome to Pond

Pond Copyright (C) 2012-2018
  Technical University of Munich
  Department of Informatics
  Chair of Scientific Computing

Pond comes with ABSOLUTELY NO WARRANTY.
Pond is free software, and you are welcome to redistribute it
under certain conditions.
Details can be found in the file 'gpl.txt'.
*************************************************************
#### POND Configuration ####
Total Grid Size:          16384x16384 = 268435456 cells. (x*y)
Patch Size:               2048x2048
Number of checkpoints:    1
File name Prefix:         output/out
Scenario simulation area: {X: 0.000 - 100.000, Y: 0.000 - 100.000}
Cell Size:                0.00610352m * 0.00610352m (dx * dy)
Sun Dec 20 16:57:49 2020	process 0 - Size difference in the size of idx_t and mpi::rank. Copying and casting.
Sun Dec 20 16:57:49 2020	process 0 - 

2 2 2 2 1 1 0 0 
2 2 2 2 1 1 0 0 
3 3 3 3 1 1 0 0 
3 3 3 3 1 1 0 0 
4 4 4 4 7 7 7 7 
4 4 4 4 7 7 7 7 
5 5 5 5 6 6 6 6 
5 5 5 5 6 6 6 6 

********************* Start Simulation **********************
********************** End Simulation ***********************
Sun Dec 20 19:24:34 2020	process 0 - Performed 284480 patch updates in 8804.29 seconds.
Sun Dec 20 19:24:34 2020	process 0 - Performed 1193195601920 cell updates in 8804.29 seconds.
Sun Dec 20 19:24:34 2020	process 0 - => 1.35524e+08 CellUpdates/s
Sun Dec 20 19:24:34 2020	process 0 - => 3.65916e+10 FlOps/s
