
*************************************************************
Welcome to Pond

Pond Copyright (C) 2012-2018
  Technical University of Munich
  Department of Informatics
  Chair of Scientific Computing

Pond comes with ABSOLUTELY NO WARRANTY.
Pond is free software, and you are welcome to redistribute it
under certain conditions.
Details can be found in the file 'gpl.txt'.
*************************************************************
#### POND Configuration ####
Total Grid Size:          16384x16384 = 268435456 cells. (x*y)
Patch Size:               2048x2048
Number of checkpoints:    1
File name Prefix:         output/out
Scenario simulation area: {X: 0.000 - 100.000, Y: 0.000 - 100.000}
Cell Size:                0.00610352m * 0.00610352m (dx * dy)
Mon Dec 21 13:58:43 2020	process 0 - Size difference in the size of idx_t and mpi::rank. Copying and casting.
Mon Dec 21 13:58:43 2020	process 0 - 

2 2 2 2 1 1 0 0 
2 2 2 2 1 1 0 0 
3 3 3 3 1 1 0 0 
3 3 3 3 1 1 0 0 
4 4 4 4 7 7 7 7 
4 4 4 4 7 7 7 7 
5 5 5 5 6 6 6 6 
5 5 5 5 6 6 6 6 

********************* Start Simulation **********************
********************** End Simulation ***********************
Mon Dec 21 16:17:21 2020	process 0 - Performed 284480 patch updates in 8317.35 seconds.
Mon Dec 21 16:17:21 2020	process 0 - Performed 1193195601920 cell updates in 8317.35 seconds.
Mon Dec 21 16:17:21 2020	process 0 - => 1.43459e+08 CellUpdates/s
Mon Dec 21 16:17:21 2020	process 0 - => 3.87338e+10 FlOps/s
