
*************************************************************
Welcome to Pond

Pond Copyright (C) 2012-2018
  Technical University of Munich
  Department of Informatics
  Chair of Scientific Computing

Pond comes with ABSOLUTELY NO WARRANTY.
Pond is free software, and you are welcome to redistribute it
under certain conditions.
Details can be found in the file 'gpl.txt'.
*************************************************************
#### POND Configuration ####
Total Grid Size:          16384x16384 = 268435456 cells. (x*y)
Patch Size:               512x512
Number of checkpoints:    1
File name Prefix:         output/out
Scenario simulation area: {X: 0.000 - 100.000, Y: 0.000 - 100.000}
Cell Size:                0.00610352m * 0.00610352m (dx * dy)
Tue Jan 26 12:27:50 2021	process 0 - Size difference in the size of idx_t and mpi::rank. Copying and casting.
Tue Jan 26 12:27:50 2021	process 0 - 

 2  2  1  1  0  0  0  0  8  8  9  9  9  9  7  7  7 39 39 39 39 36 36 33 33 33 34 34 34 34 32 32 
 2  2  1  1  1  0  0  0  8  8  9  9  9  9  7  7  7 39 39 39 39 36 36 33 33 33 34 34 34 34 32 32 
 2  2  1  1  1  0  0  0  8  8  8  9  9  9  7  7  7 39 39 39 39 36 36 33 33 33 33 34 34 32 32 32 
 2  2  1  1  1  0  0  0  8  8  8  9  9  9  7  7 38 38 38 38 38 36 36 36 33 33 33 34 34 32 32 32 
 2  2  2  1  3  3  3  3  8  8  8  5  5  5  5  7 38 38 38 38 38 36 36 36 30 30 30 30 32 32 32 32 
 4  4  4  3  3  3  3  3  6  6  6  5  5  5  5  7 38 38 38 35 35 35 35 30 30 30 30 30 31 31 31 31 
 4  4  4  3  3  3  3  3  6  6  6  6  5  5  5 37 37 37 37 35 35 35 35 35 30 30 30 30 31 31 31 31 
 4  4  4 13 13 13  6  6  6  6 16 16  5  5  5 37 37 37 37 35 35 35 35 35 20 20 20 20 31 31 31 31 
 4  4  4 13 13 13 13 13  6  6 16 16 15 15 15 15 37 37 37 27 27 27 27 27 20 20 20 20 20 21 21 21 
12 12 12 12 13 13 13 13 16 16 16 16 15 15 15 15 26 26 26 27 27 27 27 27 20 20 20 20 20 21 21 21 
12 12 12 12 14 14 13 13 16 16 16 16 15 15 15 15 26 26 26 29 29 29 27 27 23 23 23 23 21 21 21 21 
12 12 12 12 14 14 14 14 14 16 16 19 19 19 19 19 19 26 26 29 29 29 27 27 23 23 23 23 21 21 21 21 
10 10 10 10 14 14 14 14 14 17 17 19 19 19 19 19 19 26 26 29 29 29 28 28 28 23 23 23 22 22 22 22 
10 10 10 10 11 14 14 17 17 17 17 18 18 18 18 18 25 25 26 29 29 29 28 28 28 23 23 23 22 22 22 22 
10 10 10 10 11 11 11 17 17 17 17 18 18 18 18 18 25 25 25 25 28 28 28 28 24 24 24 24 22 22 22 22 
72 72 72 72 11 11 11 11 17 17 17 18 18 75 75 25 25 25 25 25 28 28 28 28 24 24 24 24 24 22 22 53 
72 72 74 74 11 11 11 11 17 76 76 76 75 75 75 25 25 25 55 55 55 56 56 56 56 24 24 24 24 53 53 53 
72 72 74 74 73 73 73 76 76 76 76 76 75 75 75 75 55 55 55 55 55 56 56 56 56 50 54 54 54 53 53 53 
72 72 74 74 73 73 73 76 76 76 79 79 75 75 75 75 55 55 55 59 59 56 56 56 50 50 54 54 54 54 53 53 
72 72 74 74 73 73 73 76 76 76 79 79 79 77 77 77 77 58 58 59 59 57 57 50 50 50 54 54 54 54 53 53 
70 70 74 74 73 73 73 78 78 78 79 79 79 77 77 77 77 58 58 59 57 57 57 57 50 50 51 54 54 54 52 52 
70 70 70 74 71 71 71 71 78 78 78 79 79 77 77 77 58 58 58 59 57 57 57 57 50 51 51 51 52 52 52 52 
70 70 70 70 71 71 71 71 71 78 78 79 79 77 77 77 58 58 58 59 59 57 57 57 50 51 51 51 52 52 52 52 
61 70 70 70 71 71 71 71 78 78 78 79 79 66 66 66 58 58 58 59 59 43 43 43 50 51 51 51 52 52 52 52 
61 61 70 70 60 60 60 60 78 78 78 65 65 66 66 66 40 40 40 59 59 43 43 43 45 45 45 51 45 46 46 46 
61 61 64 64 60 60 60 65 65 65 65 65 65 66 66 66 40 40 40 40 40 43 43 43 45 45 45 45 45 46 46 46 
61 61 64 64 60 60 60 60 65 65 65 65 65 66 66 66 40 40 40 40 40 43 43 43 45 45 45 45 45 46 46 46 
61 61 61 64 64 60 60 60 63 63 69 69 69 69 68 68 68 44 44 44 44 44 43 43 49 49 49 49 49 49 46 46 
61 61 61 64 64 63 63 63 63 63 69 69 69 69 68 68 68 44 44 44 44 44 42 42 49 49 49 49 49 49 49 46 
62 62 62 64 64 64 63 63 67 67 67 69 69 69 68 68 41 41 41 44 44 42 42 42 48 48 48 48 47 47 47 47 
62 62 62 64 64 64 63 63 67 67 67 67 67 68 68 68 41 41 41 41 41 42 42 42 48 48 48 48 47 47 47 47 
62 62 62 62 62 62 63 63 67 67 67 67 67 68 68 68 41 41 41 41 41 42 42 42 48 48 48 48 47 47 47 47 

********************* Start Simulation **********************
mlx5: i22r03c06s08: got completion with error:
00000000 00000000 00000000 00000000
00000000 00000000 00000000 00000000
00000000 00000000 00000000 00000000
00000000 00008813 10011932 56daced2
GASPI Logger (v1.1)
[i22r03c06s08:  74:4] Assertions failed in /dss/dsshome1/lxc06/ga53qud2/actor-gpi-v2/src/actorlib/RemoteChannel.hpp[137]:-1
[i22r03c06s08:  74:4] Error string: general error
[i22r03c06s08:  72:2] Assertions failed in /dss/dsshome1/lxc06/ga53qud2/actor-gpi-v2/src/actorlib/RemoteChannel.hpp[478]:-1
[i22r03c06s08:  72:2] Error string: general error
mlx5: i22r03c06s08: got completion with error:
00000000 00000000 00000000 00000000
00000000 00000000 00000000 00000000
00000000 00000000 00000000 00000000
00000000 00008813 10011a3e 0150a1d2
[i22r03c06s08:  71:1] Assertions failed in /dss/dsshome1/lxc06/ga53qud2/actor-gpi-v2/src/actorlib/RemoteChannel.hpp[478]:-1
[i22r03c06s08:  71:1] Error string: general error
mlx5: i22r03c06s02: got completion with error:
00000000 00000000 00000000 00000000
00000000 00000000 00000000 00000000
00000000 00000000 00000000 00000000
00000000 00008813 1000f9ba 04f822d3
[i22r03c06s02:  10:0] Assertions failed in /dss/dsshome1/lxc06/ga53qud2/actor-gpi-v2/src/actorlib/RemoteChannel.hpp[478]:-1
[i22r03c06s02:  10:0] Error string: general error
mlx5: i22r03c06s08: got completion with error:
00000000 00000000 00000000 00000000
00000000 00000000 00000000 00000000
00000000 00000000 00000000 00000000
00000000 00008813 0801198b 0128b2d3
[i22r03c06s08:  70:0] Assertions failed in /dss/dsshome1/lxc06/ga53qud2/actor-gpi-v2/src/actorlib/RemoteChannel.hpp[343]:-1
[i22r03c06s08:  70:0] Error string: general error
mlx5: i22r03c06s02: got completion with error:
00000000 00000000 00000000 00000000
00000000 00000000 00000000 00000000
00000000 00000000 00000000 00000000
00000000 00008813 1000f962 0150a5d2
[i22r03c06s02:  11:1] Assertions failed in /dss/dsshome1/lxc06/ga53qud2/actor-gpi-v2/src/actorlib/RemoteChannel.hpp[478]:-1
[i22r03c06s02:  11:1] Error string: general error
mlx5: i22r03c06s08: got completion with error:
00000000 00000000 00000000 00000000
00000000 00000000 00000000 00000000
00000000 00000000 00000000 00000000
00000000 00008813 08011c48 03a0b2d3
[i22r03c06s08:  78:8] Assertions failed in /dss/dsshome1/lxc06/ga53qud2/actor-gpi-v2/src/actorlib/RemoteChannel.hpp[343]:-1
[i22r03c06s08:  78:8] Error string: general error
mlx5: i22r03c06s07: got completion with error:
00000000 00000000 00000000 00000000
00000000 00000000 00000000 00000000
00000000 00000000 00000000 00000000
00000000 00008813 1002c1c0 02626ad3
[i22r03c06s07:  60:0] Assertions failed in /dss/dsshome1/lxc06/ga53qud2/actor-gpi-v2/src/actorlib/RemoteChannel.hpp[478]:-1
[i22r03c06s07:  60:0] Error string: general error
mlx5: i22r03c06s02: got completion with error:
00000000 00000000 00000000 00000000
00000000 00000000 00000000 00000000
00000000 00000000 00000000 00000000
00000000 00008813 0800dcd0 057835d3
[i22r03c06s02:  12:2] Assertions failed in /dss/dsshome1/lxc06/ga53qud2/actor-gpi-v2/src/actorlib/RemoteChannel.hpp[343]:-1
[i22r03c06s02:  12:2] Error string: general error
mlx5: i22r03c06s02: got completion with error:
00000000 00000000 00000000 00000000
00000000 00000000 00000000 00000000
00000000 00000000 00000000 00000000
00000000 00008813 1000e013 02577dd3
[i22r03c06s02:  17:7] Assertions failed in /dss/dsshome1/lxc06/ga53qud2/actor-gpi-v2/src/actorlib/RemoteChannel.hpp[478]:-1
[i22r03c06s02:  17:7] Error string: general error
mlx5: i22r03c06s07: got completion with error:
00000000 00000000 00000000 00000000
00000000 00000000 00000000 00000000
00000000 00000000 00000000 00000000
00000000 00008813 1002bb3a 056960d3
[i22r03c06s07:  63:3] Assertions failed in /dss/dsshome1/lxc06/ga53qud2/actor-gpi-v2/src/actorlib/RemoteChannel.hpp[478]:-1
[i22r03c06s07:  63:3] Error string: general error
mlx5: i22r03c06s07: got completion with error:
00000000 00000000 00000000 00000000
00000000 00000000 00000000 00000000
00000000 00000000 00000000 00000000
00000000 00008813 1002c2e3 016177d3
[i22r03c06s07:  65:5] Assertions failed in /dss/dsshome1/lxc06/ga53qud2/actor-gpi-v2/src/actorlib/RemoteChannel.hpp[115]:-1
[i22r03c06s07:  65:5] Error string: general error
mlx5: i22r03c06s06: got completion with error:
00000000 00000000 00000000 00000000
00000000 00000000 00000000 00000000
00000000 00000000 00000000 00000000
00000000 00008813 10009513 015bfbd2
[i22r03c06s06:  55:5] Assertions failed in /dss/dsshome1/lxc06/ga53qud2/actor-gpi-v2/src/actorlib/RemoteChannel.hpp[478]:-1
[i22r03c06s06:  55:5] Error string: general error
mlx5: i22r03c06s02: got completion with error:
00000000 00000000 00000000 00000000
00000000 00000000 00000000 00000000
00000000 00000000 00000000 00000000
00000000 00008813 1000dd99 024f2ad3
[i22r03c06s02:  14:4] Assertions failed in /dss/dsshome1/lxc06/ga53qud2/actor-gpi-v2/src/actorlib/RemoteChannel.hpp[478]:-1
[i22r03c06s02:  14:4] Error string: general error
mlx5: i22r03c06s07: got completion with error:
00000000 00000000 00000000 00000000
00000000 00000000 00000000 00000000
00000000 00000000 00000000 00000000
00000000 00008813 0802c159 041074d2
[i22r03c06s07:  66:6] Assertions failed in /dss/dsshome1/lxc06/ga53qud2/actor-gpi-v2/src/actorlib/RemoteChannel.hpp[343]:-1
[i22r03c06s07:  66:6] Error string: general error
mlx5: i22r03c06s07: got completion with error:
00000000 00000000 00000000 00000000
00000000 00000000 00000000 00000000
00000000 00000000 00000000 00000000
00000000 00008813 1002c09b 04f1b3d2
[i22r03c06s07:  61:1] Assertions failed in /dss/dsshome1/lxc06/ga53qud2/actor-gpi-v2/src/actorlib/RemoteChannel.hpp[478]:-1
[i22r03c06s07:  61:1] Error string: general error
mlx5: i22r03c06s01: got completion with error:
00000000 00000000 00000000 00000000
00000000 00000000 00000000 00000000
00000000 00000000 00000000 00000000
00000000 00008813 10004bd0 041b90d3
[i22r03c06s01:   4:4] Assertions failed in /dss/dsshome1/lxc06/ga53qud2/actor-gpi-v2/src/actorlib/RemoteChannel.hpp[478]:-1
[i22r03c06s01:   4:4] Error string: general error
mlx5: i22r03c06s07: got completion with error:
00000000 00000000 00000000 00000000
00000000 00000000 00000000 00000000
00000000 00000000 00000000 00000000
00000000 00008813 1002be0a 0135c8d3
[i22r03c06s07:  64:4] Assertions failed in /dss/dsshome1/lxc06/ga53qud2/actor-gpi-v2/src/actorlib/RemoteChannel.hpp[478]:-1
[i22r03c06s07:  64:4] Error string: general error
mlx5: i22r03c06s03: got completion with error:
00000000 00000000 00000000 00000000
00000000 00000000 00000000 00000000
00000000 00000000 00000000 00000000
00000000 00008813 08038511 02e743d3
[i22r03c06s03:  25:5] Assertions failed in /dss/dsshome1/lxc06/ga53qud2/actor-gpi-v2/src/actorlib/RemoteChannel.hpp[343]:-1
[i22r03c06s03:  25:5] Error string: general error
mlx5: i22r03c06s06: got completion with error:
00000000 00000000 00000000 00000000
00000000 00000000 00000000 00000000
00000000 00000000 00000000 00000000
00000000 00008813 1000881a 046cbdd3
[i22r03c06s06:  59:9] Assertions failed in /dss/dsshome1/lxc06/ga53qud2/actor-gpi-v2/src/actorlib/RemoteChannel.hpp[478]:-1
[i22r03c06s06:  59:9] Error string: general error
mlx5: i22r03c06s07: got completion with error:
00000000 00000000 00000000 00000000
00000000 00000000 00000000 00000000
00000000 00000000 00000000 00000000
00000000 00008813 0802bc00 046d96d2
[i22r03c06s07:  69:9] Assertions failed in /dss/dsshome1/lxc06/ga53qud2/actor-gpi-v2/src/actorlib/RemoteChannel.hpp[343]:-1
[i22r03c06s07:  69:9] Error string: general error
mlx5: i22r03c06s07: got completion with error:
00000000 00000000 00000000 00000000
00000000 00000000 00000000 00000000
00000000 00000000 00000000 00000000
00000000 00008813 1002bbfc 0350a5d3
[i22r03c06s07:  67:7] Assertions failed in /dss/dsshome1/lxc06/ga53qud2/actor-gpi-v2/src/actorlib/RemoteChannel.hpp[478]:-1
[i22r03c06s07:  67:7] Error string: general error
mlx5: i22r03c06s01: got completion with error:
00000000 00000000 00000000 00000000
00000000 00000000 00000000 00000000
00000000 00000000 00000000 00000000
00000000 00008813 10004c8a 07fe48d3
[i22r03c06s01:   6:6] Assertions failed in /dss/dsshome1/lxc06/ga53qud2/actor-gpi-v2/src/actorlib/RemoteChannel.hpp[478]:-1
[i22r03c06s01:   6:6] Error string: general error
mlx5: i22r03c06s06: got completion with error:
00000000 00000000 00000000 00000000
00000000 00000000 00000000 00000000
00000000 00000000 00000000 00000000
00000000 00008813 10008750 015075d3
[i22r03c06s06:  58:8] Assertions failed in /dss/dsshome1/lxc06/ga53qud2/actor-gpi-v2/src/actorlib/RemoteChannel.hpp[478]:-1
[i22r03c06s06:  58:8] Error string: general error
mlx5: i22r03c06s01: got completion with error:
00000000 00000000 00000000 00000000
00000000 00000000 00000000 00000000
00000000 00000000 00000000 00000000
00000000 00008813 08004783 013cf0d3
[i22r03c06s01:   3:3] Assertions failed in /dss/dsshome1/lxc06/ga53qud2/actor-gpi-v2/src/actorlib/RemoteChannel.hpp[343]:-1
[i22r03c06s01:   3:3] Error string: general error
mlx5: i22r03c06s05: got completion with error:
00000000 00000000 00000000 00000000
00000000 00000000 00000000 00000000
00000000 00000000 00000000 00000000
00000000 00008813 1000f5bc 01ee2fd3
[i22r03c06s05:  40:0] Assertions failed in /dss/dsshome1/lxc06/ga53qud2/actor-gpi-v2/src/actorlib/RemoteChannel.hpp[478]:-1
[i22r03c06s05:  40:0] Error string: general error
mlx5: i22r03c06s03: got completion with error:
00000000 00000000 00000000 00000000
00000000 00000000 00000000 00000000
00000000 00000000 00000000 00000000
00000000 00008813 10037272 01645cd2
[i22r03c06s03:  29:9] Assertions failed in /dss/dsshome1/lxc06/ga53qud2/actor-gpi-v2/src/actorlib/RemoteChannel.hpp[478]:-1
[i22r03c06s03:  29:9] Error string: general error
mlx5: i22r03c06s03: got completion with error:
00000000 00000000 00000000 00000000
00000000 00000000 00000000 00000000
00000000 00000000 00000000 00000000
00000000 00008813 10038424 009c94d3
[i22r03c06s03:  28:8] Assertions failed in /dss/dsshome1/lxc06/ga53qud2/actor-gpi-v2/src/actorlib/RemoteChannel.hpp[478]:-1
[i22r03c06s03:  28:8] Error string: general error
mlx5: i22r03c06s05: got completion with error:
00000000 00000000 00000000 00000000
00000000 00000000 00000000 00000000
00000000 00000000 00000000 00000000
00000000 00008813 1000e679 0320e7d3
[i22r03c06s05:  45:5] Assertions failed in /dss/dsshome1/lxc06/ga53qud2/actor-gpi-v2/src/actorlib/RemoteChannel.hpp[478]:-1
[i22r03c06s05:  45:5] Error string: general error
mlx5: i22r03c06s05: got completion with error:
00000000 00000000 00000000 00000000
00000000 00000000 00000000 00000000
00000000 00000000 00000000 00000000
00000000 00008813 0800f45f 02d41bd2
[i22r03c06s05:  44:4] Assertions failed in /dss/dsshome1/lxc06/ga53qud2/actor-gpi-v2/src/actorlib/RemoteChannel.hpp[343]:-1
[i22r03c06s05:  44:4] Error string: general error
mlx5: i22r03c06s04: got completion with error:
00000000 00000000 00000000 00000000
00000000 00000000 00000000 00000000
00000000 00000000 00000000 00000000
00000000 00008813 0800b5ed 030bf3d3
[i22r03c06s04:  38:8] Assertions failed in /dss/dsshome1/lxc06/ga53qud2/actor-gpi-v2/src/actorlib/RemoteChannel.hpp[343]:-1
[i22r03c06s04:  38:8] Error string: general error
mlx5: i22r03c06s04: got completion with error:
00000000 00000000 00000000 00000000
00000000 00000000 00000000 00000000
00000000 00000000 00000000 00000000
00000000 00008813 1000aec8 02ca72d2
[i22r03c06s04:  37:7] Assertions failed in /dss/dsshome1/lxc06/ga53qud2/actor-gpi-v2/src/actorlib/RemoteChannel.hpp[478]:-1
[i22r03c06s04:  37:7] Error string: general error
mlx5: i22r03c06s05: got completion with error:
00000000 00000000 00000000 00000000
00000000 00000000 00000000 00000000
00000000 00000000 00000000 00000000
00000000 00008813 1000e3b3 013d0ad3
[i22r03c06s05:  43:3] Assertions failed in /dss/dsshome1/lxc06/ga53qud2/actor-gpi-v2/src/actorlib/RemoteChannel.hpp[478]:-1
[i22r03c06s05:  43:3] Error string: general error
mlx5: i22r03c06s04: got completion with error:
00000000 00000000 00000000 00000000
00000000 00000000 00000000 00000000
00000000 00000000 00000000 00000000
00000000 00008813 1000b735 0255dad3
[i22r03c06s04:  39:9] Assertions failed in /dss/dsshome1/lxc06/ga53qud2/actor-gpi-v2/src/actorlib/RemoteChannel.hpp[478]:-1
[i22r03c06s04:  39:9] Error string: general error
mlx5: i22r03c06s05: got completion with error:
00000000 00000000 00000000 00000000
00000000 00000000 00000000 00000000
00000000 00000000 00000000 00000000
00000000 00008813 1000f695 029712d3
[i22r03c06s05:  41:1] Assertions failed in /dss/dsshome1/lxc06/ga53qud2/actor-gpi-v2/src/actorlib/RemoteChannel.hpp[478]:-1
[i22r03c06s05:  41:1] Error string: general error
mlx5: i22r03c06s05: got completion with error:
00000000 00000000 00000000 00000000
00000000 00000000 00000000 00000000
00000000 00000000 00000000 00000000
00000000 00008813 1000e358 046bfbd2
[i22r03c06s05:  42:2] Assertions failed in /dss/dsshome1/lxc06/ga53qud2/actor-gpi-v2/src/actorlib/RemoteChannel.hpp[478]:-1
[i22r03c06s05:  42:2] Error string: general error
mlx5: i22r03c06s05: got completion with error:
00000000 00000000 00000000 00000000
00000000 00000000 00000000 00000000
00000000 00000000 00000000 00000000
00000000 00008813 1000e487 06e5e8d3
[i22r03c06s05:  49:9] Assertions failed in /dss/dsshome1/lxc06/ga53qud2/actor-gpi-v2/src/actorlib/RemoteChannel.hpp[478]:-1
[i22r03c06s05:  49:9] Error string: general error

===================================================================================
=   BAD TERMINATION OF ONE OF YOUR APPLICATION PROCESSES
=   RANK 30 PID 11298 RUNNING AT i22r03c06s04
=   KILLED BY SIGNAL: 9 (Killed)
===================================================================================

===================================================================================
=   BAD TERMINATION OF ONE OF YOUR APPLICATION PROCESSES
=   RANK 31 PID 11299 RUNNING AT i22r03c06s04
=   KILLED BY SIGNAL: 9 (Killed)
===================================================================================

===================================================================================
=   BAD TERMINATION OF ONE OF YOUR APPLICATION PROCESSES
=   RANK 32 PID 11300 RUNNING AT i22r03c06s04
=   KILLED BY SIGNAL: 9 (Killed)
===================================================================================

===================================================================================
=   BAD TERMINATION OF ONE OF YOUR APPLICATION PROCESSES
=   RANK 33 PID 11301 RUNNING AT i22r03c06s04
=   KILLED BY SIGNAL: 9 (Killed)
===================================================================================

===================================================================================
=   BAD TERMINATION OF ONE OF YOUR APPLICATION PROCESSES
=   RANK 34 PID 11302 RUNNING AT i22r03c06s04
=   KILLED BY SIGNAL: 9 (Killed)
===================================================================================

===================================================================================
=   BAD TERMINATION OF ONE OF YOUR APPLICATION PROCESSES
=   RANK 35 PID 11303 RUNNING AT i22r03c06s04
=   KILLED BY SIGNAL: 9 (Killed)
===================================================================================

===================================================================================
=   BAD TERMINATION OF ONE OF YOUR APPLICATION PROCESSES
=   RANK 36 PID 11304 RUNNING AT i22r03c06s04
=   KILLED BY SIGNAL: 9 (Killed)
===================================================================================
