
*************************************************************
Welcome to Pond

Pond Copyright (C) 2012-2018
  Technical University of Munich
  Department of Informatics
  Chair of Scientific Computing

Pond comes with ABSOLUTELY NO WARRANTY.
Pond is free software, and you are welcome to redistribute it
under certain conditions.
Details can be found in the file 'gpl.txt'.
*************************************************************
#### POND Configuration ####
Total Grid Size:          16384x16384 = 268435456 cells. (x*y)
Patch Size:               512x512
Number of checkpoints:    1
File name Prefix:         output/out
Scenario simulation area: {X: 0.000 - 100.000, Y: 0.000 - 100.000}
Cell Size:                0.00610352m * 0.00610352m (dx * dy)
Tue Jan 26 12:27:49 2021	process 0 - Size difference in the size of idx_t and mpi::rank. Copying and casting.
Tue Jan 26 12:27:49 2021	process 0 - 

 2  2  1  1  0  0  0  0  8  8  9  9  9  9  7  7  7 39 39 39 39 36 36 33 33 33 34 34 34 34 32 32 
 2  2  1  1  1  0  0  0  8  8  9  9  9  9  7  7  7 39 39 39 39 36 36 33 33 33 34 34 34 34 32 32 
 2  2  1  1  1  0  0  0  8  8  8  9  9  9  7  7  7 39 39 39 39 36 36 33 33 33 33 34 34 32 32 32 
 2  2  1  1  1  0  0  0  8  8  8  9  9  9  7  7 38 38 38 38 38 36 36 36 33 33 33 34 34 32 32 32 
 2  2  2  1  3  3  3  3  8  8  8  5  5  5  5  7 38 38 38 38 38 36 36 36 30 30 30 30 32 32 32 32 
 4  4  4  3  3  3  3  3  6  6  6  5  5  5  5  7 38 38 38 35 35 35 35 30 30 30 30 30 31 31 31 31 
 4  4  4  3  3  3  3  3  6  6  6  6  5  5  5 37 37 37 37 35 35 35 35 35 30 30 30 30 31 31 31 31 
 4  4  4 13 13 13  6  6  6  6 16 16  5  5  5 37 37 37 37 35 35 35 35 35 20 20 20 20 31 31 31 31 
 4  4  4 13 13 13 13 13  6  6 16 16 15 15 15 15 37 37 37 27 27 27 27 27 20 20 20 20 20 21 21 21 
12 12 12 12 13 13 13 13 16 16 16 16 15 15 15 15 26 26 26 27 27 27 27 27 20 20 20 20 20 21 21 21 
12 12 12 12 14 14 13 13 16 16 16 16 15 15 15 15 26 26 26 29 29 29 27 27 23 23 23 23 21 21 21 21 
12 12 12 12 14 14 14 14 14 16 16 19 19 19 19 19 19 26 26 29 29 29 27 27 23 23 23 23 21 21 21 21 
10 10 10 10 14 14 14 14 14 17 17 19 19 19 19 19 19 26 26 29 29 29 28 28 28 23 23 23 22 22 22 22 
10 10 10 10 11 14 14 17 17 17 17 18 18 18 18 18 25 25 26 29 29 29 28 28 28 23 23 23 22 22 22 22 
10 10 10 10 11 11 11 17 17 17 17 18 18 18 18 18 25 25 25 25 28 28 28 28 24 24 24 24 22 22 22 22 
72 72 72 72 11 11 11 11 17 17 17 18 18 75 75 25 25 25 25 25 28 28 28 28 24 24 24 24 24 22 22 53 
72 72 74 74 11 11 11 11 17 76 76 76 75 75 75 25 25 25 55 55 55 56 56 56 56 24 24 24 24 53 53 53 
72 72 74 74 73 73 73 76 76 76 76 76 75 75 75 75 55 55 55 55 55 56 56 56 56 50 54 54 54 53 53 53 
72 72 74 74 73 73 73 76 76 76 79 79 75 75 75 75 55 55 55 59 59 56 56 56 50 50 54 54 54 54 53 53 
72 72 74 74 73 73 73 76 76 76 79 79 79 77 77 77 77 58 58 59 59 57 57 50 50 50 54 54 54 54 53 53 
70 70 74 74 73 73 73 78 78 78 79 79 79 77 77 77 77 58 58 59 57 57 57 57 50 50 51 54 54 54 52 52 
70 70 70 74 71 71 71 71 78 78 78 79 79 77 77 77 58 58 58 59 57 57 57 57 50 51 51 51 52 52 52 52 
70 70 70 70 71 71 71 71 71 78 78 79 79 77 77 77 58 58 58 59 59 57 57 57 50 51 51 51 52 52 52 52 
61 70 70 70 71 71 71 71 78 78 78 79 79 66 66 66 58 58 58 59 59 43 43 43 50 51 51 51 52 52 52 52 
61 61 70 70 60 60 60 60 78 78 78 65 65 66 66 66 40 40 40 59 59 43 43 43 45 45 45 51 45 46 46 46 
61 61 64 64 60 60 60 65 65 65 65 65 65 66 66 66 40 40 40 40 40 43 43 43 45 45 45 45 45 46 46 46 
61 61 64 64 60 60 60 60 65 65 65 65 65 66 66 66 40 40 40 40 40 43 43 43 45 45 45 45 45 46 46 46 
61 61 61 64 64 60 60 60 63 63 69 69 69 69 68 68 68 44 44 44 44 44 43 43 49 49 49 49 49 49 46 46 
61 61 61 64 64 63 63 63 63 63 69 69 69 69 68 68 68 44 44 44 44 44 42 42 49 49 49 49 49 49 49 46 
62 62 62 64 64 64 63 63 67 67 67 69 69 69 68 68 41 41 41 44 44 42 42 42 48 48 48 48 47 47 47 47 
62 62 62 64 64 64 63 63 67 67 67 67 67 68 68 68 41 41 41 41 41 42 42 42 48 48 48 48 47 47 47 47 
62 62 62 62 62 62 63 63 67 67 67 67 67 68 68 68 41 41 41 41 41 42 42 42 48 48 48 48 47 47 47 47 

********************* Start Simulation **********************
mlx5: i22r03c06s09: got completion with error:
00000000 00000000 00000000 00000000
00000000 00000000 00000000 00000000
00000000 00000000 00000000 00000000
00000000 00008813 100031e8 51fcb8d2
GASPI Logger (v1.1)
[i22r03c06s09:   2:2] Assertions failed in /dss/dsshome1/lxc06/ga53qud2/actor-gpi-v2/src/actorlib/RemoteChannel.hpp[137]:-1
[i22r03c06s09:   2:2] Error string: general error
mlx5: i22r03c06s09: got completion with error:
00000000 00000000 00000000 00000000
00000000 00000000 00000000 00000000
00000000 00000000 00000000 00000000
00000000 00008813 10003123 07b3afd2
[i22r03c06s09:   1:1] Assertions failed in /dss/dsshome1/lxc06/ga53qud2/actor-gpi-v2/src/actorlib/RemoteChannel.hpp[478]:-1
[i22r03c06s09:   1:1] Error string: general error
mlx5: i22r03c06s09: got completion with error:
00000000 00000000 00000000 00000000
00000000 00000000 00000000 00000000
00000000 00000000 00000000 00000000
00000000 00008813 10003195 01ae08d3
[i22r03c06s09:   3:3] Assertions failed in /dss/dsshome1/lxc06/ga53qud2/actor-gpi-v2/src/actorlib/RemoteChannel.hpp[478]:-1
[i22r03c06s09:   3:3] Error string: general error
mlx5: i22r03c06s09: got completion with error:
00000000 00000000 00000000 00000000
00000000 00000000 00000000 00000000
00000000 00000000 00000000 00000000
00000000 00008813 100030c4 02f858d2
[i22r03c06s09:   0:0] Assertions failed in /dss/dsshome1/lxc06/ga53qud2/actor-gpi-v2/src/actorlib/RemoteChannel.hpp[478]:-1
[i22r03c06s09:   0:0] Error string: general error
mlx5: i22r03c06s09: got completion with error:
00000000 00000000 00000000 00000000
00000000 00000000 00000000 00000000
00000000 00000000 00000000 00000000
00000000 00008813 10003241 04f082d3
[i22r03c06s09:   6:6] Assertions failed in /dss/dsshome1/lxc06/ga53qud2/actor-gpi-v2/src/actorlib/RemoteChannel.hpp[478]:-1
[i22r03c06s09:   6:6] Error string: general error
mlx5: i22r03c06s09: got completion with error:
00000000 00000000 00000000 00000000
00000000 00000000 00000000 00000000
00000000 00000000 00000000 00000000
00000000 00008813 080034d9 02966cd3
[i22r03c06s09:   8:8] Assertions failed in /dss/dsshome1/lxc06/ga53qud2/actor-gpi-v2/src/actorlib/RemoteChannel.hpp[343]:-1
[i22r03c06s09:   8:8] Error string: general error
mlx5: i22r03c06s10: got completion with error:
00000000 00000000 00000000 00000000
00000000 00000000 00000000 00000000
00000000 00000000 00000000 00000000
00000000 00008813 0800a1de 037ff4d3
[i22r03c06s10:  16:6] Assertions failed in /dss/dsshome1/lxc06/ga53qud2/actor-gpi-v2/src/actorlib/RemoteChannel.hpp[343]:-1
[i22r03c06s10:  16:6] Error string: general error
mlx5: i22r03c06s10: got completion with error:
00000000 00000000 00000000 00000000
00000000 00000000 00000000 00000000
00000000 00000000 00000000 00000000
00000000 00008813 1000a069 03f3e4d3
[i22r03c06s10:  12:2] Assertions failed in /dss/dsshome1/lxc06/ga53qud2/actor-gpi-v2/src/actorlib/RemoteChannel.hpp[478]:-1
[i22r03c06s10:  12:2] Error string: general error
mlx5: i22r03c06s12: got completion with error:
00000000 00000000 00000000 00000000
00000000 00000000 00000000 00000000
00000000 00000000 00000000 00000000
00000000 00008813 10020dac 039928d3
[i22r03c06s12:  39:9] Assertions failed in /dss/dsshome1/lxc06/ga53qud2/actor-gpi-v2/src/actorlib/RemoteChannel.hpp[478]:-1
[i22r03c06s12:  39:9] Error string: general error
mlx5: i22r03c06s12: got completion with error:
00000000 00000000 00000000 00000000
00000000 00000000 00000000 00000000
00000000 00000000 00000000 00000000
00000000 00008813 10020cd3 025ebed3
[i22r03c06s12:  38:8] Assertions failed in /dss/dsshome1/lxc06/ga53qud2/actor-gpi-v2/src/actorlib/RemoteChannel.hpp[478]:-1
[i22r03c06s12:  38:8] Error string: general error
mlx5: i22r03c06s10: got completion with error:
00000000 00000000 00000000 00000000
00000000 00000000 00000000 00000000
00000000 00000000 00000000 00000000
00000000 00008813 08009cd8 0124cbd3
[i22r03c06s10:  13:3] Assertions failed in /dss/dsshome1/lxc06/ga53qud2/actor-gpi-v2/src/actorlib/RemoteChannel.hpp[343]:-1
[i22r03c06s10:  13:3] Error string: general error
mlx5: i22r03c06s10: got completion with error:
00000000 00000000 00000000 00000000
00000000 00000000 00000000 00000000
00000000 00000000 00000000 00000000
00000000 00008813 08009c6c 032dc4d3
[i22r03c06s10:  10:0] Assertions failed in /dss/dsshome1/lxc06/ga53qud2/actor-gpi-v2/src/actorlib/RemoteChannel.hpp[343]:-1
[i22r03c06s10:  10:0] Error string: general error
mlx5: i22r03c06s10: got completion with error:
00000000 00000000 00000000 00000000
00000000 00000000 00000000 00000000
00000000 00000000 00000000 00000000
00000000 00008813 10009afd 0125f0d3
[i22r03c06s10:  17:7] Assertions failed in /dss/dsshome1/lxc06/ga53qud2/actor-gpi-v2/src/actorlib/RemoteChannel.hpp[478]:-1
[i22r03c06s10:  17:7] Error string: general error
mlx5: i22r03c06s11: got completion with error:
00000000 00000000 00000000 00000000
00000000 00000000 00000000 00000000
00000000 00000000 00000000 00000000
00000000 00008813 080117e9 02ffe3d3
[i22r03c06s11:  27:7] Assertions failed in /dss/dsshome1/lxc06/ga53qud2/actor-gpi-v2/src/actorlib/RemoteChannel.hpp[343]:-1
[i22r03c06s11:  27:7] Error string: general error
mlx5: i22r04c01s04: got completion with error:
00000000 00000000 00000000 00000000
00000000 00000000 00000000 00000000
00000000 00000000 00000000 00000000
00000000 00008813 0801ecda 0254f9d3
mlx5: i22r04c01s04: got completion with error:
00000000 00000000 00000000 00000000
00000000 00000000 00000000 00000000
00000000 00000000 00000000 00000000
00000000 00008813 1001ee2d 032ab7d3
[i22r04c01s04:  76:6] Assertions failed in /dss/dsshome1/lxc06/ga53qud2/actor-gpi-v2/src/actorlib/RemoteChannel.hpp[343]:-1
[i22r04c01s04:  72:2] Assertions failed in /dss/dsshome1/lxc06/ga53qud2/actor-gpi-v2/src/actorlib/RemoteChannel.hpp[478]:-1
[i22r04c01s04:  76:6] Error string: general error
[i22r04c01s04:  72:2] Error string: general error
mlx5: i22r03c06s11: got completion with error:
00000000 00000000 00000000 00000000
00000000 00000000 00000000 00000000
00000000 00000000 00000000 00000000
00000000 00008813 10011a2e 012d9fd3
[i22r03c06s11:  20:0] Assertions failed in /dss/dsshome1/lxc06/ga53qud2/actor-gpi-v2/src/actorlib/RemoteChannel.hpp[478]:-1
[i22r03c06s11:  20:0] Error string: general error
mlx5: i22r04c01s04: got completion with error:
00000000 00000000 00000000 00000000
00000000 00000000 00000000 00000000
00000000 00000000 00000000 00000000
00000000 00008813 1001ebf0 047d4ed2
[i22r04c01s04:  75:5] Assertions failed in /dss/dsshome1/lxc06/ga53qud2/actor-gpi-v2/src/actorlib/RemoteChannel.hpp[478]:-1
[i22r04c01s04:  75:5] Error string: general error
mlx5: i22r04c01s02: got completion with error:
00000000 00000000 00000000 00000000
00000000 00000000 00000000 00000000
00000000 00000000 00000000 00000000
00000000 00008813 100323be 03b7a8d2
[i22r04c01s02:  56:6] Assertions failed in /dss/dsshome1/lxc06/ga53qud2/actor-gpi-v2/src/actorlib/RemoteChannel.hpp[478]:-1
[i22r04c01s02:  56:6] Error string: general error
mlx5: i22r04c01s02: got completion with error:
00000000 00000000 00000000 00000000
00000000 00000000 00000000 00000000
00000000 00000000 00000000 00000000
00000000 00008813 100323e2 0678f0d2
[i22r04c01s02:  55:5] Assertions failed in /dss/dsshome1/lxc06/ga53qud2/actor-gpi-v2/src/actorlib/RemoteChannel.hpp[478]:-1
[i22r04c01s02:  55:5] Error string: general error
mlx5: i22r04c01s04: got completion with error:
00000000 00000000 00000000 00000000
00000000 00000000 00000000 00000000
00000000 00000000 00000000 00000000
00000000 00008813 1001d5dd 02585fd3
[i22r04c01s04:  79:9] Assertions failed in /dss/dsshome1/lxc06/ga53qud2/actor-gpi-v2/src/actorlib/RemoteChannel.hpp[478]:-1
[i22r04c01s04:  79:9] Error string: general error
mlx5: i22r04c01s04: got completion with error:
00000000 00000000 00000000 00000000
00000000 00000000 00000000 00000000
00000000 00000000 00000000 00000000
00000000 00008813 1001d51c 08fcaed3
[i22r04c01s04:  74:4] Assertions failed in /dss/dsshome1/lxc06/ga53qud2/actor-gpi-v2/src/actorlib/RemoteChannel.hpp[478]:-1
[i22r04c01s04:  74:4] Error string: general error
mlx5: i22r04c01s02: got completion with error:
00000000 00000000 00000000 00000000
00000000 00000000 00000000 00000000
00000000 00000000 00000000 00000000
00000000 00008813 080310a3 014d7ed3
[i22r04c01s02:  58:8] Assertions failed in /dss/dsshome1/lxc06/ga53qud2/actor-gpi-v2/src/actorlib/RemoteChannel.hpp[343]:-1
[i22r04c01s02:  58:8] Error string: general error
mlx5: i22r04c01s02: got completion with error:
00000000 00000000 00000000 00000000
00000000 00000000 00000000 00000000
00000000 00000000 00000000 00000000
00000000 00008813 10031371 057817d3
mlx5: i22r04c01s02: got completion with error:
00000000 00000000 00000000 00000000
00000000 00000000 00000000 00000000
00000000 00000000 00000000 00000000
00000000 00008813 1003116c 0436d6d3
[i22r04c01s02:  59:9] Assertions failed in /dss/dsshome1/lxc06/ga53qud2/actor-gpi-v2/src/actorlib/RemoteChannel.hpp[478]:-1
[i22r04c01s02:  50:0] Assertions failed in /dss/dsshome1/lxc06/ga53qud2/actor-gpi-v2/src/actorlib/RemoteChannel.hpp[478]:-1
[i22r04c01s02:  50:0] Error string: general error
[i22r04c01s02:  59:9] Error string: general error
mlx5: i22r04c01s01: got completion with error:
00000000 00000000 00000000 00000000
00000000 00000000 00000000 00000000
00000000 00000000 00000000 00000000
00000000 00008813 1000a400 0135bed3
[i22r04c01s01:  43:3] Assertions failed in /dss/dsshome1/lxc06/ga53qud2/actor-gpi-v2/src/actorlib/RemoteChannel.hpp[478]:-1
[i22r04c01s01:  43:3] Error string: general error
mlx5: i22r04c01s03: got completion with error:
00000000 00000000 00000000 00000000
00000000 00000000 00000000 00000000
00000000 00000000 00000000 00000000
00000000 00008813 10018c7d 02ad59d3
[i22r04c01s03:  65:5] Assertions failed in /dss/dsshome1/lxc06/ga53qud2/actor-gpi-v2/src/actorlib/RemoteChannel.hpp[478]:-1
[i22r04c01s03:  65:5] Error string: general error
mlx5: i22r04c01s03: got completion with error:
00000000 00000000 00000000 00000000
00000000 00000000 00000000 00000000
00000000 00000000 00000000 00000000
00000000 00008813 080187a6 01321dd3
[i22r04c01s03:  64:4] Assertions failed in /dss/dsshome1/lxc06/ga53qud2/actor-gpi-v2/src/actorlib/RemoteChannel.hpp[343]:-1
[i22r04c01s03:  64:4] Error string: general error
mlx5: i22r04c01s01: got completion with error:
00000000 00000000 00000000 00000000
00000000 00000000 00000000 00000000
00000000 00000000 00000000 00000000
00000000 00008813 0800a5e1 01f50bd3
[i22r04c01s01:  40:0] Assertions failed in /dss/dsshome1/lxc06/ga53qud2/actor-gpi-v2/src/actorlib/RemoteChannel.hpp[343]:-1
[i22r04c01s01:  40:0] Error string: general error
mlx5: i22r04c01s01: got completion with error:
00000000 00000000 00000000 00000000
00000000 00000000 00000000 00000000
00000000 00000000 00000000 00000000
00000000 00008813 10009a97 009c92d3
[i22r04c01s01:  45:5] Assertions failed in /dss/dsshome1/lxc06/ga53qud2/actor-gpi-v2/src/actorlib/RemoteChannel.hpp[478]:-1
[i22r04c01s01:  45:5] Error string: general error
mlx5: i22r04c01s01: got completion with error:
00000000 00000000 00000000 00000000
00000000 00000000 00000000 00000000
00000000 00000000 00000000 00000000
00000000 00008813 10009b4b 03d23cd3
[i22r04c01s01:  46:6] Assertions failed in /dss/dsshome1/lxc06/ga53qud2/actor-gpi-v2/src/actorlib/RemoteChannel.hpp[478]:-1
[i22r04c01s01:  46:6] Error string: general error
mlx5: i22r04c01s01: got completion with error:
00000000 00000000 00000000 00000000
00000000 00000000 00000000 00000000
00000000 00000000 00000000 00000000
00000000 00008813 0800993d 05ac3ad2
[i22r04c01s01:  44:4] Assertions failed in /dss/dsshome1/lxc06/ga53qud2/actor-gpi-v2/src/actorlib/RemoteChannel.hpp[343]:-1
[i22r04c01s01:  44:4] Error string: general error
mlx5: i22r04c01s03: got completion with error:
00000000 00000000 00000000 00000000
00000000 00000000 00000000 00000000
00000000 00000000 00000000 00000000
00000000 00008813 08018599 04562bd2
[i22r04c01s03:  69:9] Assertions failed in /dss/dsshome1/lxc06/ga53qud2/actor-gpi-v2/src/actorlib/RemoteChannel.hpp[343]:-1
[i22r04c01s03:  69:9] Error string: general error
mlx5: i22r04c01s01: got completion with error:
00000000 00000000 00000000 00000000
00000000 00000000 00000000 00000000
00000000 00000000 00000000 00000000
00000000 00008813 10009754 02b9d4d2
[i22r04c01s01:  42:2] Assertions failed in /dss/dsshome1/lxc06/ga53qud2/actor-gpi-v2/src/actorlib/RemoteChannel.hpp[478]:-1
[i22r04c01s01:  42:2] Error string: general error
mlx5: i22r04c01s03: got completion with error:
00000000 00000000 00000000 00000000
00000000 00000000 00000000 00000000
00000000 00000000 00000000 00000000
00000000 00008813 1001847c 060e72d3
[i22r04c01s03:  62:2] Assertions failed in /dss/dsshome1/lxc06/ga53qud2/actor-gpi-v2/src/actorlib/RemoteChannel.hpp[478]:-1
[i22r04c01s03:  62:2] Error string: general error
mlx5: i22r04c01s03: got completion with error:
00000000 00000000 00000000 00000000
00000000 00000000 00000000 00000000
00000000 00000000 00000000 00000000
00000000 00008813 080186cf 02454fd3
[i22r04c01s03:  60:0] Assertions failed in /dss/dsshome1/lxc06/ga53qud2/actor-gpi-v2/src/actorlib/RemoteChannel.hpp[343]:-1
[i22r04c01s03:  60:0] Error string: general error
mlx5: i22r04c01s01: got completion with error:
00000000 00000000 00000000 00000000
00000000 00000000 00000000 00000000
00000000 00000000 00000000 00000000
00000000 00008813 100098da 0363bed3
[i22r04c01s01:  41:1] Assertions failed in /dss/dsshome1/lxc06/ga53qud2/actor-gpi-v2/src/actorlib/RemoteChannel.hpp[478]:-1
[i22r04c01s01:  49:9] Assertions failed in /dss/dsshome1/lxc06/ga53qud2/actor-gpi-v2/src/actorlib/RemoteChannel.hpp[478]:-1
[i22r04c01s01:  41:1] Error string: general error
[i22r04c01s01:  49:9] Error string: general error
mlx5: i22r04c01s01: got completion with error:
00000000 00000000 00000000 00000000
00000000 00000000 00000000 00000000
00000000 00000000 00000000 00000000
00000000 00008813 10009951 06b7ecd3

===================================================================================
=   BAD TERMINATION OF ONE OF YOUR APPLICATION PROCESSES
=   RANK 30 PID 44367 RUNNING AT i22r03c06s12
=   KILLED BY SIGNAL: 9 (Killed)
===================================================================================

===================================================================================
=   BAD TERMINATION OF ONE OF YOUR APPLICATION PROCESSES
=   RANK 31 PID 44368 RUNNING AT i22r03c06s12
=   KILLED BY SIGNAL: 9 (Killed)
===================================================================================

===================================================================================
=   BAD TERMINATION OF ONE OF YOUR APPLICATION PROCESSES
=   RANK 32 PID 44369 RUNNING AT i22r03c06s12
=   KILLED BY SIGNAL: 9 (Killed)
===================================================================================

===================================================================================
=   BAD TERMINATION OF ONE OF YOUR APPLICATION PROCESSES
=   RANK 33 PID 44370 RUNNING AT i22r03c06s12
=   KILLED BY SIGNAL: 9 (Killed)
===================================================================================

===================================================================================
=   BAD TERMINATION OF ONE OF YOUR APPLICATION PROCESSES
=   RANK 34 PID 44371 RUNNING AT i22r03c06s12
=   KILLED BY SIGNAL: 9 (Killed)
===================================================================================

===================================================================================
=   BAD TERMINATION OF ONE OF YOUR APPLICATION PROCESSES
=   RANK 35 PID 44372 RUNNING AT i22r03c06s12
=   KILLED BY SIGNAL: 9 (Killed)
===================================================================================

===================================================================================
=   BAD TERMINATION OF ONE OF YOUR APPLICATION PROCESSES
=   RANK 36 PID 44373 RUNNING AT i22r03c06s12
=   KILLED BY SIGNAL: 9 (Killed)
===================================================================================

===================================================================================
=   BAD TERMINATION OF ONE OF YOUR APPLICATION PROCESSES
=   RANK 37 PID 44374 RUNNING AT i22r03c06s12
=   KILLED BY SIGNAL: 9 (Killed)
===================================================================================
