
*************************************************************
Welcome to Pond

Pond Copyright (C) 2012-2018
  Technical University of Munich
  Department of Informatics
  Chair of Scientific Computing

Pond comes with ABSOLUTELY NO WARRANTY.
Pond is free software, and you are welcome to redistribute it
under certain conditions.
Details can be found in the file 'gpl.txt'.
*************************************************************
#### POND Configuration ####
Total Grid Size:          16384x16384 = 268435456 cells. (x*y)
Patch Size:               512x512
Number of checkpoints:    1
File name Prefix:         output/out
Scenario simulation area: {X: 0.000 - 100.000, Y: 0.000 - 100.000}
Cell Size:                0.00610352m * 0.00610352m (dx * dy)
Tue Jan  5 21:45:40 2021	process 0 - Size difference in the size of idx_t and mpi::rank. Copying and casting.
Tue Jan  5 21:45:40 2021	process 0 - 

  1   1   2   2   2   0   0   0  11  11  11  11  11  13  13  13  13  13  29  29  29  28  28  28  28  28  28  35  35  35  35  35 
  1   1   2   2   2   0   0   0  11  11  11  11  11  13  13  13  30  30  29  29  29  28  28  28  28  37  36  36  35  35  35  35 
  1   1   2   2   2   0   0   0  10  10  10  10  12  12  12  12  30  30  29  29  33  33  33  37  37  37  36  36  36  35  39  39 
  1   1   5   5   4   4   4   3  10  10  10  10  12  12  12  12  30  30  29  29  33  33  33  37  37  37  36  36  36  39  39  39 
  5   5   5   5   4   4   4   3  10  10   9   9   9  31  31  31  30  30  32  32  34  33  33  37  37  40  40  36  36  39  39  39 
  5   5   5   5   4   4   4   3   8   8   9   9   9  31  31  31  31  31  32  32  34  34  34  37  40  40  40  41  41  38  38  38 
  6   6   6   6   6   3   3   3   8   8   9   9   7   7   7   7  55  55  32  32  34  34  34  40  40  40  40  41  41  38  38  38 
 19  19   6   6   6   3   3   3  18   8   8   7   7   7   7  55  55  55  32  32  34  34  52  52  52  41  41  41  41  41  38  38 
 19  19  20  20   6   3  18  18  18   8   8  23  23   7   7  55  55  55  32  54  54  34  52  52  52  41  46  46  46  48  48  48 
 19  19  20  20  17  17  18  18  21  21  21  23  23  23  23  22  22  54  54  54  54  54  52  52  52  46  46  46  46  48  48  48 
 19  19  20  20  17  17  18  18  26  26  21  21  23  23  23  22  22  22  54  54  53  53  45  45  45  45  46  47  47  47  48  48 
 15  15  20  20  17  17  17  26  26  26  26  21  21  22  22  22  22  22  50  50  53  53  45  45  45  44  44  47  47  47  48  48 
 15  15  16  16  17  17  17  26  26  26  26  21  21  24  25  25  51  51  50  50  53  53  53  45  45  44  44  47  47  47  42  42 
 15  15  16  16  16  14  14  14  27  27  27  24  24  24  25  25  51  51  50  50  53  53  53  45  44  44  44  43  43  42  42  42 
 15  15  16  16  16  14  14  14  27  27  27  24  24  24  25  25  51  51  50  50  49  49  49  49  44  44  75  43  43  42  42  42 
 15  15  96  94  94  14  14  27  27  27  27  24  24  24  25  25  51  51  50  50  49  49  49  49  75  75  75  43  43  74  42  42 
 96  96  96  94  94  14  14  94  84  84  84  86  86  86  86  85  85  85  81  81  82  82  82  82  75  75  75  43  43  74  74  74 
 96  96  96  94  94  94  94  94  84  84  84  86  86  86  85  85  81  81  81  81  81  82  82  82  75  75  76  76  76  74  74  74 
 96  96  97  97  97  95  95  95  84  84  84  84  86  86  85  85  81  81  81  80  80  82  82  82  70  70  76  76  76  74  74  74 
 93  96  97  97  97  95  95  95  90  90  89  89  87  87  85  85  85  80  80  80  80  83  83  83  70  70  76  76  76  73  72  72 
 93  93  97  97  95  95  95  95  90  90  89  89  87  87  88  88  79  79  80  80  83  83  83  70  70  70  73  73  73  73  72  72 
 93  93  93  97  91  91  91  91  90  90  89  89  87  88  88  79  79  79  80  80  83  83  83  70  70  70  73  73  73  73  72  72 
 93  93  93  93  91  91  91  91  90  90  89  89  87  88  88  79  79  79  78  78  78  78  77  77  77  77  71  71  71  71  72  72 
110 110  92  92  92 108 108 108 108  90  89  89  87  87  88  88  79  79  78  78  78  78  77  77  77  77  71  71  71  71  72  72 
110 110  92  92  92 108 108 108 102 102 101 101 103 103  88  88  61  61  61  61  59  59  59  59  63  63  63  64  64  64  65  65 
110 110 111 111  92 108 108 108 102 102 101 101 103 103 103  61  61  61  61  61  59  59  59  59  63  63  63  64  64  64  65  65 
110 110 111 111  92 109 109 109 102 102 101 101 103 103 103 103  62  62  62  60  60  60  59  59  63  63  63  64  64  64  65  65 
110 110 111 111  92 109 109 109 102 102 101 101 104 104 104  62  62  62  62  60  60  60  57  57  57  68  68  68  65  65  65  65 
107 107 111 111 105 105 109 109 100 100 101 101 104 104 104  62  62  62  60  60  60  60  57  57  57  68  68  68  68  66  66  66 
107 107 106 106 105 105 105 100 100 100  99  99 104 104  98  98  56  56  56  58  58  58  57  57  57  68  68  66  66  66  66  66 
107 107 106 106 106 105 105 100 100  99  99  99  99  98  98  98  56  56  56  58  58  58  69  69  69  69  69  66  66  67  67  67 
107 107 106 106 106 105 105 100 100  99  99  99  99  98  98  98  56  56  56  58  58  58  69  69  69  69  69  67  67  67  67  67 

********************* Start Simulation **********************
********************** End Simulation ***********************
Tue Jan  5 21:57:14 2021	process 0 - Performed 4551680 patch updates in 688.857 seconds.
Tue Jan  5 21:57:14 2021	process 0 - Performed 1193195601920 cell updates in 688.857 seconds.
Tue Jan  5 21:57:14 2021	process 0 - => 1.73214e+09 CellUpdates/s
Tue Jan  5 21:57:14 2021	process 0 - => 4.67677e+11 FlOps/s
