
*************************************************************
Welcome to Pond

Pond Copyright (C) 2012-2018
  Technical University of Munich
  Department of Informatics
  Chair of Scientific Computing

Pond comes with ABSOLUTELY NO WARRANTY.
Pond is free software, and you are welcome to redistribute it
under certain conditions.
Details can be found in the file 'gpl.txt'.
*************************************************************
#### POND Configuration ####
Total Grid Size:          16384x16384 = 268435456 cells. (x*y)
Patch Size:               512x512
Number of checkpoints:    1
File name Prefix:         output/out
Scenario simulation area: {X: 0.000 - 100.000, Y: 0.000 - 100.000}
Cell Size:                0.00610352m * 0.00610352m (dx * dy)
Sat Jan 16 16:34:22 2021	process 0 - Size difference in the size of idx_t and mpi::rank. Copying and casting.
Sat Jan 16 16:34:22 2021	process 0 - 

 29  29  28  28  28  26  25  25  25  25  44  44  47  47  46  46  46  77  77  77  77  78  78  95  95  95  95  98  97  97  97  97 
 29  29  29  28  28  26  45  45  45  25  44  44  47  47  48  46  46  76  76  77  78  78  78  94  94  94  95  98  98  98  98  97 
 30  30  30  30  26  26  45  45  43  43  43  44  49  47  48  84  76  76  76  79  79  79  80  94  94  93  93  99  99  96  96  96 
 34  36  36  30  26  31  27  27  38  43  43  49  49  49  48  84  75  75  75  79  79  80  80  80  93  93  99  99  99  96  89  89 
 34  36  35  35  31  31  27  27  38  38  49  49  41  41  48  84  75  75  86  86  86  80  82  82  93  87  87  87  87  96  89  89 
 34  36  35  35  31  33  33  27  38  38  39  40  40  41  48  84  61  86  86  85  85  82  82  82  91  92  92  92  87  87  88  89 
 34  36  35  32  31  33  33  37  37  37  39  40  40  41  41  84  61  61  85  85  85  91  91  91  91  92  92  90  88  88  88  88 
 34  11  10  32  32  32  33  37  37  39  39  39  40  42  42  42  61  61  57  57  57  83  83  83  63  63  90  90  69  88  70  70 
 11  11  10   6  32  32   8  13  13  13  13  23  23  42  42  24  24  24  57  57  81  81  81  83  83  63  90  90  69  69  70  70 
 11  11  10   6   6   8   8  13  14  15  15  23  23  21  24  24  60  58  58  58  58  81  81  64  64  63  65  69  69  62  70  68 
  1  10  10   6   6   8   8  14  14  14  15  23  22  21  21  20  60  60  60  58  58  56  56  64  64  63  65  62  62  62  62  68 
  1   1   1   1   0   7   7  14  15  15  15  12  22  21  21  20  60  59  59  59  56  56  56  64  65  65  65  73  73  73  73  68 
  1   9   0   0   0   7   7  14  16  12  12  12  22  22  22  20  59  59  54  54  54  54  55  55  55  66  66  73  71  71  71  68 
  2   9   9   9   0   7   5   5  16  16  16  12  18  19  20  20  52  52  52  51  54  50  55  55  66  66  67  67  74  71  71  68 
  2   9   3   3 171   5   5  17  17  16  18  18  18  19  19  19  52  52  51  51  50  50  53  53  66  67  67  74  74  72  72  72 
  2   2   3   3 171   5   4   4  17  17  17  18 161  19 145 145 145  51  51 144  50  50  53  53  67  67 132  74  74 136  72  72 
  2 169   3 168 171 171   4   4 159 159 159 161 161 158 158 158 145 145  51 144 144 144  53 146 146 132 132 136 136 136 129 134 
169 169 170 168 168 171   4 174 173 173 159 161 160 158 158 157 157 157 143 144 133 133 133 133 146 146 132 132 136 135 129 134 
169 170 170 168 168 172 174 174 173 173 159 161 160 160 156 157 157 143 143 148 149 147 147 133 133 146 146 135 135 135 129 134 
169 170 170 165 172 172 162 174 173 155 160 160 160 156 156 137 137 143 143 148 149 149 147 147 131 131 131 131 135 129 129 134 
165 165 165 165 172 172 162 174 155 155 153 153 152 156 156 137 137 148 148 148 149 149 140 147 127 127 131 126 126 130 130 134 
167 167 167 167 167 162 162 162 155 153 153 153 152 152 152 152 137 138 138 142 140 140 140 140 127 107 107 126 126 128 130 130 
166 166 177 163 163 164 164 164 155 154 154 151 151 151 150 188 138 138 139 142 142 142 142 127 127 107 107 126 128 128 128 130 
166 177 177 163 163 163 164 154 154 154 195 151 189 150 150 188 138 139 139 139 139 141 141 141 141 107 125 125 125 128 128 110 
166 177 177 177 178 178 164 193 193 195 195 151 189 189 150 188 114 114 114 123 123 123 123 122 141 107 108 108 125 125 110 110 
166 176 176 176 179 178 178 193 193 195 195 194 189 189 150 188 114 114 113 112 123 122 122 122 122 108 108 108 109 125 110 110 
175 176 176 179 179 178 180 193 197 194 194 194 189 187 187 188 113 113 113 112 112 112 122 124 121 121 100 109 109 111 111 110 
175 175 175 179 179 180 180 180 197 197 194 196 192 192 187 187 187 187 113 112 124 124 124 124 121 100 100 109 109 106 111 111 
175 182 181 181 181 180 184 184 197 197 196 196 196 192 191 115 115 115 117 119 119 101 101 121 121 102 100 106 106 106 111 105 
182 182 183 181 181 184 184 184 198 198 199 199 196 192 191 191 115 115 117 119 119 120 101 101 121 102 100 103 103 106 105 105 
182 182 183 183 186 186 185 185 185 198 199 199 190 192 191 191 116 116 117 119 120 120 101 118 118 102 104 104 103 103 103 105 
183 183 183 186 186 186 185 185 198 198 199 190 190 190 190 116 116 116 117 117 120 120 118 118 118 102 102 104 104 104 103 105 

********************* Start Simulation **********************
[Rank  123]: Error 11 (Resource temporarily unavailable) at (GPI2_SN.c:915):Failed to read from peer (2).
GASPI Logger (v1.1)
[i22r02c01s04: 123:23] Assertions failed in /dss/dsshome1/lxc06/ga53qud2/actor-gpi-v2/src/actorlib/utils/gpi_utils.hpp[46]:-1
[Rank   99]: Error 104 (Connection reset by peer) at (GPI2_SN.c:895):Failed to write to 100.
[i22r02c01s03:  99:24] Assertions failed in /dss/dsshome1/lxc06/ga53qud2/actor-gpi-v2/src/actorlib/utils/gpi_utils.hpp[46]:-1
[i22r02c01s03:  99:24] Error string: general error
[Rank   25]: Error 11 (Resource temporarily unavailable) at (GPI2_SN.c:915):Failed to read from peer (24).
[Rank   26]: Error 11 (Resource temporarily unavailable) at (GPI2_SN.c:915):Failed to read from peer (25).
[Rank   27]: Error 11 (Resource temporarily unavailable) at (GPI2_SN.c:915):Failed to read from peer (26).
[Rank   28]: Error 11 (Resource temporarily unavailable) at (GPI2_SN.c:915):Failed to read from peer (27).
[Rank   29]: Error 11 (Resource temporarily unavailable) at (GPI2_SN.c:915):Failed to read from peer (28).
[Rank   30]: Error 11 (Resource temporarily unavailable) at (GPI2_SN.c:915):Failed to read from peer (29).
[Rank   31]: Error 11 (Resource temporarily unavailable) at (GPI2_SN.c:915):Failed to read from peer (30).
[Rank   32]: Error 11 (Resource temporarily unavailable) at (GPI2_SN.c:915):Failed to read from peer (31).
[Rank   33]: Error 11 (Resource temporarily unavailable) at (GPI2_SN.c:915):Failed to read from peer (32).
[Rank   34]: Error 11 (Resource temporarily unavailable) at (GPI2_SN.c:915):Failed to read from peer (33).
[Rank   35]: Error 11 (Resource temporarily unavailable) at (GPI2_SN.c:915):Failed to read from peer (34).
[Rank   36]: Error 11 (Resource temporarily unavailable) at (GPI2_SN.c:915):Failed to read from peer (35).
[i22r01c05s06:  29:4] Assertions failed in /dss/dsshome1/lxc06/ga53qud2/actor-gpi-v2/src/actorlib/utils/gpi_utils.hpp[46]:-1
[i22r01c05s06:  27:2] Assertions failed in /dss/dsshome1/lxc06/ga53qud2/actor-gpi-v2/src/actorlib/utils/gpi_utils.hpp[46]:-1
[i22r01c05s06:  25:0] Assertions failed in /dss/dsshome1/lxc06/ga53qud2/actor-gpi-v2/src/actorlib/utils/gpi_utils.hpp[46]:-1
[i22r01c05s06:  28:3] Assertions failed in /dss/dsshome1/lxc06/ga53qud2/actor-gpi-v2/src/actorlib/utils/gpi_utils.hpp[46]:-1
[Rank   37]: Error 11 (Resource temporarily unavailable) at (GPI2_SN.c:915):Failed to read from peer (36).
[i22r01c05s06:  26:1] Assertions failed in /dss/dsshome1/lxc06/ga53qud2/actor-gpi-v2/src/actorlib/utils/gpi_utils.hpp[46]:-1
[Rank   38]: Error 11 (Resource temporarily unavailable) at (GPI2_SN.c:915):Failed to read from peer (37).
[i22r01c05s06:  31:6] Assertions failed in /dss/dsshome1/lxc06/ga53qud2/actor-gpi-v2/src/actorlib/utils/gpi_utils.hpp[46]:-1
[i22r01c05s06:  30:5] Assertions failed in /dss/dsshome1/lxc06/ga53qud2/actor-gpi-v2/src/actorlib/utils/gpi_utils.hpp[46]:-1
[i22r01c05s06:  33:8] Assertions failed in /dss/dsshome1/lxc06/ga53qud2/actor-gpi-v2/src/actorlib/utils/gpi_utils.hpp[46]:-1
[i22r01c05s06:  32:7] Assertions failed in /dss/dsshome1/lxc06/ga53qud2/actor-gpi-v2/src/actorlib/utils/gpi_utils.hpp[46]:-1
[i22r01c05s06:  29:4] Error string: general error
[Rank   39]: Error 11 (Resource temporarily unavailable) at (GPI2_SN.c:915):Failed to read from peer (38).
[i22r01c05s06:  31:6] Error string: general error
[Rank   40]: Error 11 (Resource temporarily unavailable) at (GPI2_SN.c:915):Failed to read from peer (39).
[i22r01c05s06:  27:2] Error string: general error
[i22r01c05s06:  25:0] Error string: general error
[i22r01c05s06:  34:9] Assertions failed in /dss/dsshome1/lxc06/ga53qud2/actor-gpi-v2/src/actorlib/utils/gpi_utils.hpp[46]:-1
[i22r01c05s06:  26:1] Error string: general error
[i22r01c05s06:  30:5] Error string: general error
[i22r01c05s06:  28:3] Error string: general error
[i22r01c05s06:  35:10] Assertions failed in /dss/dsshome1/lxc06/ga53qud2/actor-gpi-v2/src/actorlib/utils/gpi_utils.hpp[46]:-1
[i22r01c05s06:  36:11] Assertions failed in /dss/dsshome1/lxc06/ga53qud2/actor-gpi-v2/src/actorlib/utils/gpi_utils.hpp[46]:-1
[i22r01c05s06:  33:8] Error string: general error
[i22r01c05s06:  32:7] Error string: general error
[i22r01c05s06:  34:9] Error string: general error
[i22r01c05s06:  37:12] Assertions failed in /dss/dsshome1/lxc06/ga53qud2/actor-gpi-v2/src/actorlib/utils/gpi_utils.hpp[46]:-1
[Rank   41]: Error 11 (Resource temporarily unavailable) at (GPI2_SN.c:915):Failed to read from peer (40).
[i22r01c05s06:  38:13] Assertions failed in /dss/dsshome1/lxc06/ga53qud2/actor-gpi-v2/src/actorlib/utils/gpi_utils.hpp[46]:-1
[Rank   42]: Error 11 (Resource temporarily unavailable) at (GPI2_SN.c:915):Failed to read from peer (41).
[i22r01c05s06:  35:10] Error string: general error
[Rank   43]: Error 11 (Resource temporarily unavailable) at (GPI2_SN.c:915):Failed to read from peer (42).
[Rank   44]: Error 11 (Resource temporarily unavailable) at (GPI2_SN.c:915):Failed to read from peer (43).
[Rank   45]: Error 11 (Resource temporarily unavailable) at (GPI2_SN.c:915):Failed to read from peer (44).
[i22r01c05s06:  37:12] Error string: general error
[i22r01c05s06:  40:15] Assertions failed in /dss/dsshome1/lxc06/ga53qud2/actor-gpi-v2/src/actorlib/utils/gpi_utils.hpp[46]:-1
[i22r01c05s06:  39:14] Assertions failed in /dss/dsshome1/lxc06/ga53qud2/actor-gpi-v2/src/actorlib/utils/gpi_utils.hpp[46]:-1
[i22r01c05s06:  42:17] Assertions failed in /dss/dsshome1/lxc06/ga53qud2/actor-gpi-v2/src/actorlib/utils/gpi_utils.hpp[46]:-1
[i22r01c05s06:  38:13] Error string: general error
[i22r01c05s06:  36:11] Error string: general error
[Rank   46]: Error 11 (Resource temporarily unavailable) at (GPI2_SN.c:915):Failed to read from peer (45).
[i22r01c05s06:  41:16] Assertions failed in /dss/dsshome1/lxc06/ga53qud2/actor-gpi-v2/src/actorlib/utils/gpi_utils.hpp[46]:-1
[Rank   47]: Error 11 (Resource temporarily unavailable) at (GPI2_SN.c:915):Failed to read from peer (46).
[i22r01c05s06:  43:18] Assertions failed in /dss/dsshome1/lxc06/ga53qud2/actor-gpi-v2/src/actorlib/utils/gpi_utils.hpp[46]:-1
[i22r01c05s06:  44:19] Assertions failed in /dss/dsshome1/lxc06/ga53qud2/actor-gpi-v2/src/actorlib/utils/gpi_utils.hpp[46]:-1
[i22r01c05s06:  45:20] Assertions failed in /dss/dsshome1/lxc06/ga53qud2/actor-gpi-v2/src/actorlib/utils/gpi_utils.hpp[46]:-1
[i22r01c05s06:  39:14] Error string: general error
[i22r01c05s06:  40:15] Error string: general error
[i22r01c05s06:  42:17] Error string: general error
[i22r01c05s06:  43:18] Error string: general error
[i22r01c05s06:  41:16] Error string: general error
[i22r01c05s06:  46:21] Assertions failed in /dss/dsshome1/lxc06/ga53qud2/actor-gpi-v2/src/actorlib/utils/gpi_utils.hpp[46]:-1
[i22r01c05s06:  47:22] Assertions failed in /dss/dsshome1/lxc06/ga53qud2/actor-gpi-v2/src/actorlib/utils/gpi_utils.hpp[46]:-1
[i22r01c05s06:  44:19] Error string: general error
[i22r01c05s06:  45:20] Error string: general error
[i22r01c05s06:  46:21] Error string: general error
[i22r01c05s06:  47:22] Error string: general error

===================================================================================
=   BAD TERMINATION OF ONE OF YOUR APPLICATION PROCESSES
=   RANK 125 PID 10246 RUNNING AT i22r04c02s03
=   KILLED BY SIGNAL: 9 (Killed)
===================================================================================

===================================================================================
=   BAD TERMINATION OF ONE OF YOUR APPLICATION PROCESSES
=   RANK 126 PID 10247 RUNNING AT i22r04c02s03
=   KILLED BY SIGNAL: 9 (Killed)
===================================================================================

===================================================================================
=   BAD TERMINATION OF ONE OF YOUR APPLICATION PROCESSES
=   RANK 127 PID 10248 RUNNING AT i22r04c02s03
=   KILLED BY SIGNAL: 9 (Killed)
===================================================================================

===================================================================================
=   BAD TERMINATION OF ONE OF YOUR APPLICATION PROCESSES
=   RANK 128 PID 10249 RUNNING AT i22r04c02s03
=   KILLED BY SIGNAL: 9 (Killed)
===================================================================================

===================================================================================
=   BAD TERMINATION OF ONE OF YOUR APPLICATION PROCESSES
=   RANK 129 PID 10250 RUNNING AT i22r04c02s03
=   KILLED BY SIGNAL: 9 (Killed)
===================================================================================

===================================================================================
=   BAD TERMINATION OF ONE OF YOUR APPLICATION PROCESSES
=   RANK 130 PID 10251 RUNNING AT i22r04c02s03
=   KILLED BY SIGNAL: 9 (Killed)
===================================================================================

===================================================================================
=   BAD TERMINATION OF ONE OF YOUR APPLICATION PROCESSES
=   RANK 131 PID 10252 RUNNING AT i22r04c02s03
=   KILLED BY SIGNAL: 9 (Killed)
===================================================================================

===================================================================================
=   BAD TERMINATION OF ONE OF YOUR APPLICATION PROCESSES
=   RANK 100 PID 5091 RUNNING AT i22r02c01s04
=   KILLED BY SIGNAL: 9 (Killed)
===================================================================================

===================================================================================
=   BAD TERMINATION OF ONE OF YOUR APPLICATION PROCESSES
=   RANK 101 PID 5092 RUNNING AT i22r02c01s04
=   KILLED BY SIGNAL: 9 (Killed)
===================================================================================

===================================================================================
=   BAD TERMINATION OF ONE OF YOUR APPLICATION PROCESSES
=   RANK 102 PID 5093 RUNNING AT i22r02c01s04
=   KILLED BY SIGNAL: 9 (Killed)
===================================================================================

===================================================================================
=   BAD TERMINATION OF ONE OF YOUR APPLICATION PROCESSES
=   RANK 103 PID 5094 RUNNING AT i22r02c01s04
=   KILLED BY SIGNAL: 9 (Killed)
===================================================================================

===================================================================================
=   BAD TERMINATION OF ONE OF YOUR APPLICATION PROCESSES
=   RANK 104 PID 5095 RUNNING AT i22r02c01s04
=   KILLED BY SIGNAL: 9 (Killed)
===================================================================================

===================================================================================
=   BAD TERMINATION OF ONE OF YOUR APPLICATION PROCESSES
=   RANK 105 PID 5096 RUNNING AT i22r02c01s04
=   KILLED BY SIGNAL: 9 (Killed)
===================================================================================

===================================================================================
=   BAD TERMINATION OF ONE OF YOUR APPLICATION PROCESSES
=   RANK 106 PID 5097 RUNNING AT i22r02c01s04
=   KILLED BY SIGNAL: 9 (Killed)
===================================================================================

===================================================================================
=   BAD TERMINATION OF ONE OF YOUR APPLICATION PROCESSES
=   RANK 107 PID 5098 RUNNING AT i22r02c01s04
=   KILLED BY SIGNAL: 9 (Killed)
===================================================================================

===================================================================================
=   BAD TERMINATION OF ONE OF YOUR APPLICATION PROCESSES
=   RANK 108 PID 5099 RUNNING AT i22r02c01s04
=   KILLED BY SIGNAL: 9 (Killed)
===================================================================================

===================================================================================
=   BAD TERMINATION OF ONE OF YOUR APPLICATION PROCESSES
=   RANK 109 PID 5100 RUNNING AT i22r02c01s04
=   KILLED BY SIGNAL: 9 (Killed)
===================================================================================

===================================================================================
=   BAD TERMINATION OF ONE OF YOUR APPLICATION PROCESSES
=   RANK 110 PID 5101 RUNNING AT i22r02c01s04
=   KILLED BY SIGNAL: 9 (Killed)
===================================================================================

===================================================================================
=   BAD TERMINATION OF ONE OF YOUR APPLICATION PROCESSES
=   RANK 111 PID 5102 RUNNING AT i22r02c01s04
=   KILLED BY SIGNAL: 9 (Killed)
===================================================================================

===================================================================================
=   BAD TERMINATION OF ONE OF YOUR APPLICATION PROCESSES
=   RANK 112 PID 5103 RUNNING AT i22r02c01s04
=   KILLED BY SIGNAL: 9 (Killed)
===================================================================================

===================================================================================
=   BAD TERMINATION OF ONE OF YOUR APPLICATION PROCESSES
=   RANK 113 PID 5104 RUNNING AT i22r02c01s04
=   KILLED BY SIGNAL: 9 (Killed)
===================================================================================

===================================================================================
=   BAD TERMINATION OF ONE OF YOUR APPLICATION PROCESSES
=   RANK 114 PID 5105 RUNNING AT i22r02c01s04
=   KILLED BY SIGNAL: 9 (Killed)
===================================================================================

===================================================================================
=   BAD TERMINATION OF ONE OF YOUR APPLICATION PROCESSES
=   RANK 115 PID 5106 RUNNING AT i22r02c01s04
=   KILLED BY SIGNAL: 9 (Killed)
===================================================================================

===================================================================================
=   BAD TERMINATION OF ONE OF YOUR APPLICATION PROCESSES
=   RANK 116 PID 5107 RUNNING AT i22r02c01s04
=   KILLED BY SIGNAL: 9 (Killed)
===================================================================================

===================================================================================
=   BAD TERMINATION OF ONE OF YOUR APPLICATION PROCESSES
=   RANK 117 PID 5108 RUNNING AT i22r02c01s04
=   KILLED BY SIGNAL: 9 (Killed)
===================================================================================

===================================================================================
=   BAD TERMINATION OF ONE OF YOUR APPLICATION PROCESSES
=   RANK 118 PID 5109 RUNNING AT i22r02c01s04
=   KILLED BY SIGNAL: 9 (Killed)
===================================================================================

===================================================================================
=   BAD TERMINATION OF ONE OF YOUR APPLICATION PROCESSES
=   RANK 119 PID 5110 RUNNING AT i22r02c01s04
=   KILLED BY SIGNAL: 9 (Killed)
===================================================================================

===================================================================================
=   BAD TERMINATION OF ONE OF YOUR APPLICATION PROCESSES
=   RANK 175 PID 49654 RUNNING AT i22r05c03s03
=   KILLED BY SIGNAL: 9 (Killed)
===================================================================================

===================================================================================
=   BAD TERMINATION OF ONE OF YOUR APPLICATION PROCESSES
=   RANK 176 PID 49655 RUNNING AT i22r05c03s03
=   KILLED BY SIGNAL: 9 (Killed)

===================================================================================
=   BAD TERMINATION OF ONE OF YOUR APPLICATION PROCESSES
=   RANK 50 PID 18023 RUNNING AT i22r02c01s02
=   KILLED BY SIGNAL: 9 (Killed)
===================================================================================

===================================================================================
=   BAD TERMINATION OF ONE OF YOUR APPLICATION PROCESSES
=   RANK 51 PID 18024 RUNNING AT i22r02c01s02
=   KILLED BY SIGNAL: 9 (Killed)
===================================================================================

===================================================================================
=   BAD TERMINATION OF ONE OF YOUR APPLICATION PROCESSES
=   RANK 52 PID 18025 RUNNING AT i22r02c01s02
=   KILLED BY SIGNAL: 9 (Killed)
===================================================================================

===================================================================================
=   BAD TERMINATION OF ONE OF YOUR APPLICATION PROCESSES
=   RANK 53 PID 18026 RUNNING AT i22r02c01s02
=   KILLED BY SIGNAL: 9 (Killed)
===================================================================================

===================================================================================
=   BAD TERMINATION OF ONE OF YOUR APPLICATION PROCESSES
=   RANK 54 PID 18027 RUNNING AT i22r02c01s02
=   KILLED BY SIGNAL: 9 (Killed)
===================================================================================

===================================================================================
=   BAD TERMINATION OF ONE OF YOUR APPLICATION PROCESSES
=   RANK 55 PID 18028 RUNNING AT i22r02c01s02
=   KILLED BY SIGNAL: 9 (Killed)
===================================================================================

===================================================================================
=   BAD TERMINATION OF ONE OF YOUR APPLICATION PROCESSES
=   RANK 56 PID 18029 RUNNING AT i22r02c01s02
=   KILLED BY SIGNAL: 9 (Killed)
===================================================================================

===================================================================================
=   BAD TERMINATION OF ONE OF YOUR APPLICATION PROCESSES
=   RANK 57 PID 18030 RUNNING AT i22r02c01s02
=   KILLED BY SIGNAL: 9 (Killed)
===================================================================================

===================================================================================
=   BAD TERMINATION OF ONE OF YOUR APPLICATION PROCESSES
=   RANK 58 PID 18031 RUNNING AT i22r02c01s02
=   KILLED BY SIGNAL: 9 (Killed)
===================================================================================
===================================================================================

===================================================================================
=   BAD TERMINATION OF ONE OF YOUR APPLICATION PROCESSES
=   RANK 177 PID 49656 RUNNING AT i22r05c03s03
=   KILLED BY SIGNAL: 9 (Killed)
===================================================================================

===================================================================================
=   BAD TERMINATION OF ONE OF YOUR APPLICATION PROCESSES
=   RANK 178 PID 49657 RUNNING AT i22r05c03s03
=   KILLED BY SIGNAL: 9 (Killed)
===================================================================================

===================================================================================
=   BAD TERMINATION OF ONE OF YOUR APPLICATION PROCESSES
=   RANK 179 PID 49658 RUNNING AT i22r05c03s03
=   KILLED BY SIGNAL: 9 (Killed)
===================================================================================

===================================================================================
=   BAD TERMINATION OF ONE OF YOUR APPLICATION PROCESSES
=   RANK 180 PID 49659 RUNNING AT i22r05c03s03
=   KILLED BY SIGNAL: 9 (Killed)
===================================================================================

===================================================================================
=   BAD TERMINATION OF ONE OF YOUR APPLICATION PROCESSES
=   RANK 59 PID 18032 RUNNING AT i22r02c01s02
=   KILLED BY SIGNAL: 9 (Killed)
===================================================================================

===================================================================================
=   BAD TERMINATION OF ONE OF YOUR APPLICATION PROCESSES
=   RANK 60 PID 18033 RUNNING AT i22r02c01s02
=   KILLED BY SIGNAL: 9 (Killed)
===================================================================================

===================================================================================
=   BAD TERMINATION OF ONE OF YOUR APPLICATION PROCESSES
=   RANK 61 PID 18034 RUNNING AT i22r02c01s02
=   KILLED BY SIGNAL: 9 (Killed)
===================================================================================

===================================================================================
=   BAD TERMINATION OF ONE OF YOUR APPLICATION PROCESSES
=   RANK 62 PID 18035 RUNNING AT i22r02c01s02
=   KILLED BY SIGNAL: 9 (Killed)
===================================================================================

===================================================================================
=   BAD TERMINATION OF ONE OF YOUR APPLICATION PROCESSES
=   RANK 63 PID 18036 RUNNING AT i22r02c01s02
=   KILLED BY SIGNAL: 9 (Killed)
===================================================================================

===================================================================================
=   BAD TERMINATION OF ONE OF YOUR APPLICATION PROCESSES
=   RANK 75 PID 19661 RUNNING AT i22r02c01s03
=   KILLED BY SIGNAL: 9 (Killed)
===================================================================================

===================================================================================
=   BAD TERMINATION OF ONE OF YOUR APPLICATION PROCESSES
=   RANK 76 PID 19662 RUNNING AT i22r02c01s03
=   KILLED BY SIGNAL: 9 (Killed)
===================================================================================

===================================================================================
=   BAD TERMINATION OF ONE OF YOUR APPLICATION PROCESSES
=   RANK 77 PID 19663 RUNNING AT i22r02c01s03
=   KILLED BY SIGNAL: 9 (Killed)
===================================================================================

===================================================================================
=   BAD TERMINATION OF ONE OF YOUR APPLICATION PROCESSES
=   RANK 78 PID 19664 RUNNING AT i22r02c01s03
=   KILLED BY SIGNAL: 9 (Killed)
===================================================================================

===================================================================================
=   BAD TERMINATION OF ONE OF YOUR APPLICATION PROCESSES
=   RANK 79 PID 19665 RUNNING AT i22r02c01s03
=   KILLED BY SIGNAL: 9 (Killed)
===================================================================================

===================================================================================
=   BAD TERMINATION OF ONE OF YOUR APPLICATION PROCESSES
=   RANK 80 PID 19666 RUNNING AT i22r02c01s03
=   KILLED BY SIGNAL: 9 (Killed)
===================================================================================

===================================================================================
=   BAD TERMINATION OF ONE OF YOUR APPLICATION PROCESSES
=   RANK 81 PID 19667 RUNNING AT i22r02c01s03
=   KILLED BY SIGNAL: 9 (Killed)
===================================================================================

===================================================================================
=   BAD TERMINATION OF ONE OF YOUR APPLICATION PROCESSES
=   RANK 82 PID 19668 RUNNING AT i22r02c01s03
=   KILLED BY SIGNAL: 9 (Killed)
===================================================================================

===================================================================================
=   BAD TERMINATION OF ONE OF YOUR APPLICATION PROCESSES
=   RANK 83 PID 19669 RUNNING AT i22r02c01s03
=   KILLED BY SIGNAL: 9 (Killed)
===================================================================================

===================================================================================
=   BAD TERMINATION OF ONE OF YOUR APPLICATION PROCESSES
=   RANK 84 PID 19670 RUNNING AT i22r02c01s03
=   KILLED BY SIGNAL: 9 (Killed)
===================================================================================

===================================================================================
=   BAD TERMINATION OF ONE OF YOUR APPLICATION PROCESSES
=   RANK 85 PID 19671 RUNNING AT i22r02c01s03
=   KILLED BY SIGNAL: 9 (Killed)
===================================================================================

===================================================================================
=   BAD TERMINATION OF ONE OF YOUR APPLICATION PROCESSES
=   RANK 86 PID 19672 RUNNING AT i22r02c01s03
=   KILLED BY SIGNAL: 9 (Killed)
===================================================================================

===================================================================================
=   BAD TERMINATION OF ONE OF YOUR APPLICATION PROCESSES
=   RANK 64 PID 18037 RUNNING AT i22r02c01s02
=   KILLED BY SIGNAL: 9 (Killed)
===================================================================================

===================================================================================
=   BAD TERMINATION OF ONE OF YOUR APPLICATION PROCESSES
=   RANK 65 PID 18038 RUNNING AT i22r02c01s02
=   KILLED BY SIGNAL: 9 (Killed)
===================================================================================

===================================================================================
=   BAD TERMINATION OF ONE OF YOUR APPLICATION PROCESSES
=   RANK 66 PID 18039 RUNNING AT i22r02c01s02
=   KILLED BY SIGNAL: 9 (Killed)
===================================================================================

===================================================================================
=   BAD TERMINATION OF ONE OF YOUR APPLICATION PROCESSES
=   RANK 67 PID 18040 RUNNING AT i22r02c01s02
=   KILLED BY SIGNAL: 9 (Killed)
===================================================================================

===================================================================================
=   BAD TERMINATION OF ONE OF YOUR APPLICATION PROCESSES
=   RANK 68 PID 18041 RUNNING AT i22r02c01s02
=   KILLED BY SIGNAL: 9 (Killed)
===================================================================================

===================================================================================
=   BAD TERMINATION OF ONE OF YOUR APPLICATION PROCESSES
=   RANK 69 PID 18042 RUNNING AT i22r02c01s02
=   KILLED BY SIGNAL: 9 (Killed)
===================================================================================

===================================================================================
=   BAD TERMINATION OF ONE OF YOUR APPLICATION PROCESSES
=   RANK 70 PID 18043 RUNNING AT i22r02c01s02
=   KILLED BY SIGNAL: 9 (Killed)
===================================================================================

===================================================================================
=   BAD TERMINATION OF ONE OF YOUR APPLICATION PROCESSES
=   RANK 71 PID 18044 RUNNING AT i22r02c01s02
=   KILLED BY SIGNAL: 9 (Killed)
===================================================================================

===================================================================================
=   BAD TERMINATION OF ONE OF YOUR APPLICATION PROCESSES
=   RANK 72 PID 18045 RUNNING AT i22r02c01s02
=   KILLED BY SIGNAL: 9 (Killed)
===================================================================================

===================================================================================
=   BAD TERMINATION OF ONE OF YOUR APPLICATION PROCESSES
=   RANK 73 PID 18046 RUNNING AT i22r02c01s02
=   KILLED BY SIGNAL: 9 (Killed)
===================================================================================

===================================================================================
=   BAD TERMINATION OF ONE OF YOUR APPLICATION PROCESSES
=   RANK 74 PID 18047 RUNNING AT i22r02c01s02
=   KILLED BY SIGNAL: 9 (Killed)
===================================================================================

===================================================================================
=   BAD TERMINATION OF ONE OF YOUR APPLICATION PROCESSES
=   RANK 120 PID 5111 RUNNING AT i22r02c01s04
=   KILLED BY SIGNAL: 9 (Killed)
===================================================================================

===================================================================================
=   BAD TERMINATION OF ONE OF YOUR APPLICATION PROCESSES
=   RANK 121 PID 5112 RUNNING AT i22r02c01s04
=   KILLED BY SIGNAL: 9 (Killed)
===================================================================================

===================================================================================
=   BAD TERMINATION OF ONE OF YOUR APPLICATION PROCESSES
=   RANK 122 PID 5113 RUNNING AT i22r02c01s04
=   KILLED BY SIGNAL: 9 (Killed)
===================================================================================

===================================================================================
=   BAD TERMINATION OF ONE OF YOUR APPLICATION PROCESSES
=   RANK 123 PID 5114 RUNNING AT i22r02c01s04
=   KILLED BY SIGNAL: 9 (Killed)
===================================================================================

===================================================================================
=   BAD TERMINATION OF ONE OF YOUR APPLICATION PROCESSES
=   RANK 124 PID 5115 RUNNING AT i22r02c01s04
=   KILLED BY SIGNAL: 9 (Killed)
===================================================================================

===================================================================================
=   BAD TERMINATION OF ONE OF YOUR APPLICATION PROCESSES
=   RANK 132 PID 10253 RUNNING AT i22r04c02s03
=   KILLED BY SIGNAL: 9 (Killed)
===================================================================================

===================================================================================
=   BAD TERMINATION OF ONE OF YOUR APPLICATION PROCESSES
=   RANK 133 PID 10254 RUNNING AT i22r04c02s03
=   KILLED BY SIGNAL: 9 (Killed)
===================================================================================

===================================================================================
=   BAD TERMINATION OF ONE OF YOUR APPLICATION PROCESSES
=   RANK 134 PID 10255 RUNNING AT i22r04c02s03
=   KILLED BY SIGNAL: 9 (Killed)
===================================================================================

===================================================================================
=   BAD TERMINATION OF ONE OF YOUR APPLICATION PROCESSES
=   RANK 135 PID 10256 RUNNING AT i22r04c02s03
=   KILLED BY SIGNAL: 9 (Killed)
===================================================================================

===================================================================================
=   BAD TERMINATION OF ONE OF YOUR APPLICATION PROCESSES
=   RANK 136 PID 10257 RUNNING AT i22r04c02s03
=   KILLED BY SIGNAL: 9 (Killed)
===================================================================================

===================================================================================
=   BAD TERMINATION OF ONE OF YOUR APPLICATION PROCESSES
=   RANK 137 PID 10258 RUNNING AT i22r04c02s03
=   KILLED BY SIGNAL: 9 (Killed)
===================================================================================

===================================================================================
=   BAD TERMINATION OF ONE OF YOUR APPLICATION PROCESSES
=   RANK 138 PID 10259 RUNNING AT i22r04c02s03
=   KILLED BY SIGNAL: 9 (Killed)
===================================================================================

===================================================================================
=   BAD TERMINATION OF ONE OF YOUR APPLICATION PROCESSES
=   RANK 139 PID 10260 RUNNING AT i22r04c02s03
=   KILLED BY SIGNAL: 9 (Killed)
===================================================================================

===================================================================================
=   BAD TERMINATION OF ONE OF YOUR APPLICATION PROCESSES
=   RANK 140 PID 10261 RUNNING AT i22r04c02s03
=   KILLED BY SIGNAL: 9 (Killed)
===================================================================================

===================================================================================
=   BAD TERMINATION OF ONE OF YOUR APPLICATION PROCESSES
=   RANK 141 PID 10262 RUNNING AT i22r04c02s03
=   KILLED BY SIGNAL: 9 (Killed)
===================================================================================

===================================================================================
=   BAD TERMINATION OF ONE OF YOUR APPLICATION PROCESSES
=   RANK 142 PID 10263 RUNNING AT i22r04c02s03
=   KILLED BY SIGNAL: 9 (Killed)
===================================================================================

===================================================================================
=   BAD TERMINATION OF ONE OF YOUR APPLICATION PROCESSES
=   RANK 143 PID 10264 RUNNING AT i22r04c02s03
=   KILLED BY SIGNAL: 9 (Killed)
===================================================================================

===================================================================================
=   BAD TERMINATION OF ONE OF YOUR APPLICATION PROCESSES
=   RANK 144 PID 10265 RUNNING AT i22r04c02s03
=   KILLED BY SIGNAL: 9 (Killed)
===================================================================================

===================================================================================
=   BAD TERMINATION OF ONE OF YOUR APPLICATION PROCESSES
=   RANK 145 PID 10266 RUNNING AT i22r04c02s03
=   KILLED BY SIGNAL: 9 (Killed)
===================================================================================

===================================================================================
=   BAD TERMINATION OF ONE OF YOUR APPLICATION PROCESSES
=   RANK 146 PID 10267 RUNNING AT i22r04c02s03
=   KILLED BY SIGNAL: 9 (Killed)
===================================================================================

===================================================================================
=   BAD TERMINATION OF ONE OF YOUR APPLICATION PROCESSES
=   RANK 147 PID 10268 RUNNING AT i22r04c02s03
=   KILLED BY SIGNAL: 9 (Killed)
===================================================================================

===================================================================================
=   BAD TERMINATION OF ONE OF YOUR APPLICATION PROCESSES
=   RANK 148 PID 10269 RUNNING AT i22r04c02s03
=   KILLED BY SIGNAL: 9 (Killed)
===================================================================================

===================================================================================
=   BAD TERMINATION OF ONE OF YOUR APPLICATION PROCESSES
=   RANK 149 PID 10270 RUNNING AT i22r04c02s03
=   KILLED BY SIGNAL: 9 (Killed)
===================================================================================

===================================================================================
=   BAD TERMINATION OF ONE OF YOUR APPLICATION PROCESSES
=   RANK 181 PID 49660 RUNNING AT i22r05c03s03
=   KILLED BY SIGNAL: 9 (Killed)
===================================================================================

===================================================================================
=   BAD TERMINATION OF ONE OF YOUR APPLICATION PROCESSES
=   RANK 182 PID 49661 RUNNING AT i22r05c03s03
=   KILLED BY SIGNAL: 9 (Killed)
===================================================================================

===================================================================================
=   BAD TERMINATION OF ONE OF YOUR APPLICATION PROCESSES
=   RANK 183 PID 49662 RUNNING AT i22r05c03s03
=   KILLED BY SIGNAL: 9 (Killed)
===================================================================================

===================================================================================
=   BAD TERMINATION OF ONE OF YOUR APPLICATION PROCESSES
=   RANK 184 PID 49663 RUNNING AT i22r05c03s03
=   KILLED BY SIGNAL: 9 (Killed)
===================================================================================

===================================================================================
=   BAD TERMINATION OF ONE OF YOUR APPLICATION PROCESSES
=   RANK 185 PID 49664 RUNNING AT i22r05c03s03
=   KILLED BY SIGNAL: 9 (Killed)
===================================================================================

===================================================================================
=   BAD TERMINATION OF ONE OF YOUR APPLICATION PROCESSES
=   RANK 186 PID 49665 RUNNING AT i22r05c03s03
=   KILLED BY SIGNAL: 9 (Killed)
===================================================================================

===================================================================================
=   BAD TERMINATION OF ONE OF YOUR APPLICATION PROCESSES
=   RANK 187 PID 49666 RUNNING AT i22r05c03s03
=   KILLED BY SIGNAL: 9 (Killed)
===================================================================================

===================================================================================
=   BAD TERMINATION OF ONE OF YOUR APPLICATION PROCESSES
=   RANK 188 PID 49667 RUNNING AT i22r05c03s03
=   KILLED BY SIGNAL: 9 (Killed)
===================================================================================

===================================================================================
=   BAD TERMINATION OF ONE OF YOUR APPLICATION PROCESSES
=   RANK 189 PID 49668 RUNNING AT i22r05c03s03
=   KILLED BY SIGNAL: 9 (Killed)
===================================================================================

===================================================================================
=   BAD TERMINATION OF ONE OF YOUR APPLICATION PROCESSES
=   RANK 190 PID 49669 RUNNING AT i22r05c03s03
=   KILLED BY SIGNAL: 9 (Killed)
===================================================================================

===================================================================================
=   BAD TERMINATION OF ONE OF YOUR APPLICATION PROCESSES
=   RANK 191 PID 49670 RUNNING AT i22r05c03s03
=   KILLED BY SIGNAL: 9 (Killed)
===================================================================================

===================================================================================
=   BAD TERMINATION OF ONE OF YOUR APPLICATION PROCESSES
=   RANK 192 PID 49671 RUNNING AT i22r05c03s03
=   KILLED BY SIGNAL: 9 (Killed)
===================================================================================

===================================================================================
=   BAD TERMINATION OF ONE OF YOUR APPLICATION PROCESSES
=   RANK 193 PID 49672 RUNNING AT i22r05c03s03
=   KILLED BY SIGNAL: 9 (Killed)
===================================================================================

===================================================================================
=   BAD TERMINATION OF ONE OF YOUR APPLICATION PROCESSES
=   RANK 194 PID 49673 RUNNING AT i22r05c03s03
=   KILLED BY SIGNAL: 9 (Killed)
===================================================================================

===================================================================================
=   BAD TERMINATION OF ONE OF YOUR APPLICATION PROCESSES
=   RANK 195 PID 49674 RUNNING AT i22r05c03s03
=   KILLED BY SIGNAL: 9 (Killed)
===================================================================================

===================================================================================
=   BAD TERMINATION OF ONE OF YOUR APPLICATION PROCESSES
=   RANK 196 PID 49675 RUNNING AT i22r05c03s03
=   KILLED BY SIGNAL: 9 (Killed)
===================================================================================

===================================================================================
=   BAD TERMINATION OF ONE OF YOUR APPLICATION PROCESSES
=   RANK 197 PID 49676 RUNNING AT i22r05c03s03
=   KILLED BY SIGNAL: 9 (Killed)
===================================================================================

===================================================================================
=   BAD TERMINATION OF ONE OF YOUR APPLICATION PROCESSES
=   RANK 198 PID 49677 RUNNING AT i22r05c03s03
=   KILLED BY SIGNAL: 9 (Killed)
===================================================================================

===================================================================================
=   BAD TERMINATION OF ONE OF YOUR APPLICATION PROCESSES
=   RANK 199 PID 49678 RUNNING AT i22r05c03s03
=   KILLED BY SIGNAL: 9 (Killed)
===================================================================================

===================================================================================
=   BAD TERMINATION OF ONE OF YOUR APPLICATION PROCESSES
=   RANK 87 PID 19673 RUNNING AT i22r02c01s03
=   KILLED BY SIGNAL: 9 (Killed)
===================================================================================

===================================================================================
=   BAD TERMINATION OF ONE OF YOUR APPLICATION PROCESSES
=   RANK 88 PID 19674 RUNNING AT i22r02c01s03
=   KILLED BY SIGNAL: 9 (Killed)
===================================================================================

===================================================================================
=   BAD TERMINATION OF ONE OF YOUR APPLICATION PROCESSES
=   RANK 89 PID 19675 RUNNING AT i22r02c01s03
=   KILLED BY SIGNAL: 9 (Killed)
===================================================================================

===================================================================================
=   BAD TERMINATION OF ONE OF YOUR APPLICATION PROCESSES
=   RANK 90 PID 19676 RUNNING AT i22r02c01s03
=   KILLED BY SIGNAL: 9 (Killed)
===================================================================================

===================================================================================
=   BAD TERMINATION OF ONE OF YOUR APPLICATION PROCESSES
=   RANK 91 PID 19677 RUNNING AT i22r02c01s03
=   KILLED BY SIGNAL: 9 (Killed)
===================================================================================

===================================================================================
=   BAD TERMINATION OF ONE OF YOUR APPLICATION PROCESSES
=   RANK 92 PID 19678 RUNNING AT i22r02c01s03
=   KILLED BY SIGNAL: 9 (Killed)
===================================================================================

===================================================================================
=   BAD TERMINATION OF ONE OF YOUR APPLICATION PROCESSES
=   RANK 93 PID 19679 RUNNING AT i22r02c01s03
=   KILLED BY SIGNAL: 9 (Killed)
===================================================================================

===================================================================================
=   BAD TERMINATION OF ONE OF YOUR APPLICATION PROCESSES
=   RANK 94 PID 19680 RUNNING AT i22r02c01s03
=   KILLED BY SIGNAL: 9 (Killed)
===================================================================================

===================================================================================
=   BAD TERMINATION OF ONE OF YOUR APPLICATION PROCESSES
=   RANK 95 PID 19681 RUNNING AT i22r02c01s03
=   KILLED BY SIGNAL: 9 (Killed)
===================================================================================

===================================================================================
=   BAD TERMINATION OF ONE OF YOUR APPLICATION PROCESSES
=   RANK 96 PID 19682 RUNNING AT i22r02c01s03
=   KILLED BY SIGNAL: 9 (Killed)
===================================================================================

===================================================================================
=   BAD TERMINATION OF ONE OF YOUR APPLICATION PROCESSES
=   RANK 97 PID 19683 RUNNING AT i22r02c01s03
=   KILLED BY SIGNAL: 9 (Killed)
===================================================================================

===================================================================================
=   BAD TERMINATION OF ONE OF YOUR APPLICATION PROCESSES
=   RANK 98 PID 19684 RUNNING AT i22r02c01s03
=   KILLED BY SIGNAL: 9 (Killed)
===================================================================================
