
*************************************************************
Welcome to Pond

Pond Copyright (C) 2012-2018
  Technical University of Munich
  Department of Informatics
  Chair of Scientific Computing

Pond comes with ABSOLUTELY NO WARRANTY.
Pond is free software, and you are welcome to redistribute it
under certain conditions.
Details can be found in the file 'gpl.txt'.
*************************************************************
#### POND Configuration ####
Total Grid Size:          16384x16384 = 268435456 cells. (x*y)
Patch Size:               1024x1024
Number of checkpoints:    1
File name Prefix:         output/out
Scenario simulation area: {X: 0.000 - 100.000, Y: 0.000 - 100.000}
Cell Size:                0.00610352m * 0.00610352m (dx * dy)
Tue Jan  5 19:51:58 2021	process 0 - Size difference in the size of idx_t and mpi::rank. Copying and casting.
Tue Jan  5 19:51:58 2021	process 0 - 

15 14 14 14 20 17 17 17 12 12 12 12  7  7  7  7 
15 14 14 20 20 20 17 17 13 12 10 10 10  8  8  7 
15 16 16 19 19 20 18 13 13 13 13 10 10  8  8  9 
15 16 16 19 19 22 18 18  4  4 11 11 11  8  9  9 
27 27 27 24 24 22 22 18  4  4 11 11  1  1  9  9 
27 27 25 24 24 22 22 18  4  6  6  6  1  1  2  2 
26 26 25 21 21 21 23 23  5  5  5  6  0  0  2  2 
26 26 25 21 21 23 23 23  3  3  5  6  0  0 50  2 
36 25 25 35 41 41 41 41  3 54 54 52 52 52 50 50 
36 37 35 35 41 38 38 38  3 54 54 52 52 49 50 50 
36 37 37 35 40 38 39 39 55 55 53 53 49 49 51 51 
36 37 37 40 40 31 39 39 55 55 53 53 49 49 51 51 
29 29 29 29 40 31 34 34 55 44 44 47 47 46 46 46 
29 28 28 28 40 31 31 34 43 44 44 47 47 46 45 46 
30 30 28 32 32 33 33 34 43 43 42 42 48 48 45 45 
30 30 32 32 32 33 33 33 43 43 42 42 48 48 45 45 

********************* Start Simulation **********************
srun: Job step aborted: Waiting up to 32 seconds for job step to finish.
srun: got SIGCONT
slurmstepd: error: *** STEP 168974.0 ON i23r02c03s01 CANCELLED AT 2021-01-05T20:00:31 ***
slurmstepd: error: *** JOB 168974 ON i23r02c03s01 CANCELLED AT 2021-01-05T20:00:31 ***
srun: forcing job termination

===================================================================================
=   BAD TERMINATION OF ONE OF YOUR APPLICATION PROCESSES
=   RANK 28 PID 36460 RUNNING AT i23r03c02s04
=   KILLED BY SIGNAL: 15 (Terminated)
===================================================================================

===================================================================================
=   BAD TERMINATION OF ONE OF YOUR APPLICATION PROCESSES
=   RANK 29 PID 36461 RUNNING AT i23r03c02s04
=   KILLED BY SIGNAL: 15 (Terminated)
===================================================================================

===================================================================================
=   BAD TERMINATION OF ONE OF YOUR APPLICATION PROCESSES
=   RANK 30 PID 36462 RUNNING AT i23r03c02s04
=   KILLED BY SIGNAL: 15 (Terminated)
===================================================================================

===================================================================================
=   BAD TERMINATION OF ONE OF YOUR APPLICATION PROCESSES
=   RANK 31 PID 36463 RUNNING AT i23r03c02s04
=   KILLED BY SIGNAL: 15 (Terminated)
===================================================================================

===================================================================================
=   BAD TERMINATION OF ONE OF YOUR APPLICATION PROCESSES
=   RANK 32 PID 36464 RUNNING AT i23r03c02s04
=   KILLED BY SIGNAL: 15 (Terminated)
===================================================================================

===================================================================================
=   BAD TERMINATION OF ONE OF YOUR APPLICATION PROCESSES
=   RANK 33 PID 36465 RUNNING AT i23r03c02s04
=   KILLED BY SIGNAL: 15 (Terminated)
===================================================================================

===================================================================================
=   BAD TERMINATION OF ONE OF YOUR APPLICATION PROCESSES
=   RANK 34 PID 36466 RUNNING AT i23r03c02s04
=   KILLED BY SIGNAL: 15 (Terminated)
===================================================================================

===================================================================================
=   BAD TERMINATION OF ONE OF YOUR APPLICATION PROCESSES
=   RANK 35 PID 36467 RUNNING AT i23r03c02s04
=   KILLED BY SIGNAL: 15 (Terminated)
===================================================================================

===================================================================================
=   BAD TERMINATION OF ONE OF YOUR APPLICATION PROCESSES
=   RANK 36 PID 36468 RUNNING AT i23r03c02s04
=   KILLED BY SIGNAL: 15 (Terminated)
===================================================================================

===================================================================================
=   BAD TERMINATION OF ONE OF YOUR APPLICATION PROCESSES
=   RANK 37 PID 36469 RUNNING AT i23r03c02s04
=   KILLED BY SIGNAL: 15 (Terminated)
===================================================================================

===================================================================================
=   BAD TERMINATION OF ONE OF YOUR APPLICATION PROCESSES
=   RANK 0 PID 3578 RUNNING AT i23r02c03s01
=   KILLED BY SIGNAL: 15 (Terminated)
===================================================================================

===================================================================================
=   BAD TERMINATION OF ONE OF YOUR APPLICATION PROCESSES
=   RANK 1 PID 3579 RUNNING AT i23r02c03s01
=   KILLED BY SIGNAL: 15 (Terminated)
===================================================================================

===================================================================================
=   BAD TERMINATION OF ONE OF YOUR APPLICATION PROCESSES
=   RANK 2 PID 3580 RUNNING AT i23r02c03s01
=   KILLED BY SIGNAL: 15 (Terminated)
===================================================================================

===================================================================================
=   BAD TERMINATION OF ONE OF YOUR APPLICATION PROCESSES
=   RANK 3 PID 3581 RUNNING AT i23r02c03s01
=   KILLED BY SIGNAL: 15 (Terminated)
===================================================================================

===================================================================================
=   BAD TERMINATION OF ONE OF YOUR APPLICATION PROCESSES
=   RANK 4 PID 3582 RUNNING AT i23r02c03s01
=   KILLED BY SIGNAL: 15 (Terminated)
===================================================================================

===================================================================================
=   BAD TERMINATION OF ONE OF YOUR APPLICATION PROCESSES
=   RANK 5 PID 3583 RUNNING AT i23r02c03s01
=   KILLED BY SIGNAL: 15 (Terminated)
===================================================================================

===================================================================================
=   BAD TERMINATION OF ONE OF YOUR APPLICATION PROCESSES
=   RANK 6 PID 3584 RUNNING AT i23r02c03s01
=   KILLED BY SIGNAL: 15 (Terminated)
===================================================================================

===================================================================================
=   BAD TERMINATION OF ONE OF YOUR APPLICATION PROCESSES
=   RANK 7 PID 3585 RUNNING AT i23r02c03s01
=   KILLED BY SIGNAL: 15 (Terminated)
===================================================================================

===================================================================================
=   BAD TERMINATION OF ONE OF YOUR APPLICATION PROCESSES
=   RANK 8 PID 3586 RUNNING AT i23r02c03s01
=   KILLED BY SIGNAL: 15 (Terminated)
===================================================================================

===================================================================================
=   BAD TERMINATION OF ONE OF YOUR APPLICATION PROCESSES
=   RANK 38 PID 36470 RUNNING AT i23r03c02s04
=   KILLED BY SIGNAL: 15 (Terminated)
===================================================================================

===================================================================================
=   BAD TERMINATION OF ONE OF YOUR APPLICATION PROCESSES
=   RANK 39 PID 36471 RUNNING AT i23r03c02s04
=   KILLED BY SIGNAL: 15 (Terminated)
===================================================================================

===================================================================================
=   BAD TERMINATION OF ONE OF YOUR APPLICATION PROCESSES
=   RANK 40 PID 36472 RUNNING AT i23r03c02s04
=   KILLED BY SIGNAL: 15 (Terminated)
===================================================================================

===================================================================================
=   BAD TERMINATION OF ONE OF YOUR APPLICATION PROCESSES
=   RANK 41 PID 36473 RUNNING AT i23r03c02s04
=   KILLED BY SIGNAL: 15 (Terminated)
===================================================================================

===================================================================================
=   BAD TERMINATION OF ONE OF YOUR APPLICATION PROCESSES
=   RANK 42 PID 36474 RUNNING AT i23r03c02s04
=   KILLED BY SIGNAL: 15 (Terminated)
===================================================================================

===================================================================================
=   BAD TERMINATION OF ONE OF YOUR APPLICATION PROCESSES
=   RANK 43 PID 36475 RUNNING AT i23r03c02s04
=   KILLED BY SIGNAL: 15 (Terminated)
===================================================================================

===================================================================================
=   BAD TERMINATION OF ONE OF YOUR APPLICATION PROCESSES
=   RANK 44 PID 36476 RUNNING AT i23r03c02s04
=   KILLED BY SIGNAL: 15 (Terminated)
===================================================================================

===================================================================================
=   BAD TERMINATION OF ONE OF YOUR APPLICATION PROCESSES
=   RANK 45 PID 36477 RUNNING AT i23r03c02s04
=   KILLED BY SIGNAL: 15 (Terminated)
===================================================================================

===================================================================================
=   BAD TERMINATION OF ONE OF YOUR APPLICATION PROCESSES
=   RANK 46 PID 36478 RUNNING AT i23r03c02s04
=   KILLED BY SIGNAL: 15 (Terminated)
===================================================================================

===================================================================================
=   BAD TERMINATION OF ONE OF YOUR APPLICATION PROCESSES
=   RANK 47 PID 36479 RUNNING AT i23r03c02s04
=   KILLED BY SIGNAL: 15 (Terminated)
===================================================================================

===================================================================================
=   BAD TERMINATION OF ONE OF YOUR APPLICATION PROCESSES
=   RANK 48 PID 36480 RUNNING AT i23r03c02s04
=   KILLED BY SIGNAL: 15 (Terminated)
===================================================================================

===================================================================================
=   BAD TERMINATION OF ONE OF YOUR APPLICATION PROCESSES
=   RANK 49 PID 36481 RUNNING AT i23r03c02s04
=   KILLED BY SIGNAL: 15 (Terminated)
===================================================================================

===================================================================================
=   BAD TERMINATION OF ONE OF YOUR APPLICATION PROCESSES
=   RANK 50 PID 36482 RUNNING AT i23r03c02s04
=   KILLED BY SIGNAL: 15 (Terminated)
===================================================================================

===================================================================================
=   BAD TERMINATION OF ONE OF YOUR APPLICATION PROCESSES
=   RANK 51 PID 36483 RUNNING AT i23r03c02s04
=   KILLED BY SIGNAL: 15 (Terminated)
===================================================================================

===================================================================================
=   BAD TERMINATION OF ONE OF YOUR APPLICATION PROCESSES
=   RANK 52 PID 36484 RUNNING AT i23r03c02s04
=   KILLED BY SIGNAL: 15 (Terminated)
===================================================================================

===================================================================================
=   BAD TERMINATION OF ONE OF YOUR APPLICATION PROCESSES
=   RANK 9 PID 3587 RUNNING AT i23r02c03s01
=   KILLED BY SIGNAL: 15 (Terminated)
===================================================================================

===================================================================================
=   BAD TERMINATION OF ONE OF YOUR APPLICATION PROCESSES
=   RANK 10 PID 3588 RUNNING AT i23r02c03s01
=   KILLED BY SIGNAL: 15 (Terminated)
===================================================================================

===================================================================================
=   BAD TERMINATION OF ONE OF YOUR APPLICATION PROCESSES
=   RANK 11 PID 3589 RUNNING AT i23r02c03s01
=   KILLED BY SIGNAL: 15 (Terminated)
===================================================================================

===================================================================================
=   BAD TERMINATION OF ONE OF YOUR APPLICATION PROCESSES
=   RANK 12 PID 3590 RUNNING AT i23r02c03s01
=   KILLED BY SIGNAL: 15 (Terminated)
===================================================================================

===================================================================================
=   BAD TERMINATION OF ONE OF YOUR APPLICATION PROCESSES
=   RANK 13 PID 3591 RUNNING AT i23r02c03s01
=   KILLED BY SIGNAL: 15 (Terminated)
===================================================================================

===================================================================================
=   BAD TERMINATION OF ONE OF YOUR APPLICATION PROCESSES
=   RANK 14 PID 3592 RUNNING AT i23r02c03s01
=   KILLED BY SIGNAL: 15 (Terminated)
===================================================================================

===================================================================================
=   BAD TERMINATION OF ONE OF YOUR APPLICATION PROCESSES
=   RANK 15 PID 3593 RUNNING AT i23r02c03s01
=   KILLED BY SIGNAL: 15 (Terminated)
===================================================================================

===================================================================================
=   BAD TERMINATION OF ONE OF YOUR APPLICATION PROCESSES
=   RANK 16 PID 3594 RUNNING AT i23r02c03s01
=   KILLED BY SIGNAL: 15 (Terminated)
===================================================================================

===================================================================================
=   BAD TERMINATION OF ONE OF YOUR APPLICATION PROCESSES
=   RANK 17 PID 3595 RUNNING AT i23r02c03s01
=   KILLED BY SIGNAL: 15 (Terminated)
===================================================================================

===================================================================================
=   BAD TERMINATION OF ONE OF YOUR APPLICATION PROCESSES
=   RANK 18 PID 3596 RUNNING AT i23r02c03s01
=   KILLED BY SIGNAL: 15 (Terminated)
===================================================================================

===================================================================================
=   BAD TERMINATION OF ONE OF YOUR APPLICATION PROCESSES
=   RANK 19 PID 3597 RUNNING AT i23r02c03s01
=   KILLED BY SIGNAL: 15 (Terminated)
===================================================================================

===================================================================================
=   BAD TERMINATION OF ONE OF YOUR APPLICATION PROCESSES
=   RANK 20 PID 3598 RUNNING AT i23r02c03s01
=   KILLED BY SIGNAL: 15 (Terminated)
===================================================================================

===================================================================================
=   BAD TERMINATION OF ONE OF YOUR APPLICATION PROCESSES
=   RANK 21 PID 3599 RUNNING AT i23r02c03s01
=   KILLED BY SIGNAL: 15 (Terminated)
===================================================================================

===================================================================================
=   BAD TERMINATION OF ONE OF YOUR APPLICATION PROCESSES
=   RANK 22 PID 3600 RUNNING AT i23r02c03s01
=   KILLED BY SIGNAL: 15 (Terminated)
===================================================================================

===================================================================================
=   BAD TERMINATION OF ONE OF YOUR APPLICATION PROCESSES
=   RANK 23 PID 3601 RUNNING AT i23r02c03s01
=   KILLED BY SIGNAL: 15 (Terminated)
===================================================================================

===================================================================================
=   BAD TERMINATION OF ONE OF YOUR APPLICATION PROCESSES
=   RANK 24 PID 3602 RUNNING AT i23r02c03s01
=   KILLED BY SIGNAL: 15 (Terminated)
===================================================================================

===================================================================================
=   BAD TERMINATION OF ONE OF YOUR APPLICATION PROCESSES
=   RANK 25 PID 3603 RUNNING AT i23r02c03s01
=   KILLED BY SIGNAL: 15 (Terminated)
===================================================================================

===================================================================================
=   BAD TERMINATION OF ONE OF YOUR APPLICATION PROCESSES
=   RANK 26 PID 3604 RUNNING AT i23r02c03s01
=   KILLED BY SIGNAL: 15 (Terminated)
===================================================================================

===================================================================================
=   BAD TERMINATION OF ONE OF YOUR APPLICATION PROCESSES
=   RANK 27 PID 3605 RUNNING AT i23r02c03s01
=   KILLED BY SIGNAL: 15 (Terminated)
===================================================================================

===================================================================================
=   BAD TERMINATION OF ONE OF YOUR APPLICATION PROCESSES
=   RANK 53 PID 36485 RUNNING AT i23r03c02s04
=   KILLED BY SIGNAL: 15 (Terminated)
===================================================================================

===================================================================================
=   BAD TERMINATION OF ONE OF YOUR APPLICATION PROCESSES
=   RANK 54 PID 36486 RUNNING AT i23r03c02s04
=   KILLED BY SIGNAL: 15 (Terminated)
===================================================================================

===================================================================================
=   BAD TERMINATION OF ONE OF YOUR APPLICATION PROCESSES
=   RANK 55 PID 36487 RUNNING AT i23r03c02s04
=   KILLED BY SIGNAL: 15 (Terminated)
===================================================================================
