
*************************************************************
Welcome to Pond

Pond Copyright (C) 2012-2018
  Technical University of Munich
  Department of Informatics
  Chair of Scientific Computing

Pond comes with ABSOLUTELY NO WARRANTY.
Pond is free software, and you are welcome to redistribute it
under certain conditions.
Details can be found in the file 'gpl.txt'.
*************************************************************
#### POND Configuration ####
Total Grid Size:          16384x16384 = 268435456 cells. (x*y)
Patch Size:               512x512
Number of checkpoints:    1
File name Prefix:         output/out
Scenario simulation area: {X: 0.000 - 100.000, Y: 0.000 - 100.000}
Cell Size:                0.00610352m * 0.00610352m (dx * dy)
Sat Jan 16 16:43:22 2021	process 0 - Size difference in the size of idx_t and mpi::rank. Copying and casting.
Sat Jan 16 16:43:22 2021	process 0 - 

  1   1   0   0   4   4   4  16  16  16  16  16  16  21  20  20  45  45  45  46  46  47  47  47  87  87  86  86  84  84  84  83 
  1   1   0   0   4   4   4   3  18  18  17  17  21  21  20  20  45  45  45  46  46  47  47  47  87  87  86  86  84  84  84  83 
  1   1   0   2   2   2   3   3  18  18  17  17  21  21  20  20  44  44  44  46  46  48  48  48  87  87  86  86  82  82  83  83 
  9   9  10   2   2   2   3   3  18  18  17  17  13  19  19  19  51  44  44  50  50  48  48  48  85  85  85  82  82  82  83  83 
  9   9  10  10   7   7   7   7  14  14  14  13  13  19  19  19  51  51  50  50  50  53  53  53  85  85  85  79  79  79  81  81 
  9   9  10  10   7   7   6   6  14  14  14  13  11  11  12  12  51  51  51  52  52  53  53  53  78  78  77  79  79  79  81  81 
  8   8   8   5   5   5   6   6  15  15  15  13  11  11  12  12  49  49  49  52  52  54  54  54  78  78  77  77  80  80  81  81 
  8   8   8   5   5   5   6   6  15  15  15  36  11  11  12  12  49  49  49  52  52  54  54  54  78  78  77  77  80  80  80  80 
 27  27  27  27  27  27  31  31  37  36  36  36  33  33  34  34  62  62  60  60  60  63  63  63  67  67  66  66  66  70  70  70 
 28  28  29  29  32  32  31  31  37  37  36  36  33  33  34  34  62  62  60  60  60  63  63  63  67  67  66  66  66  70  70  70 
 28  28  29  29  32  32  31  31  37  37  35  35  35  33  34  34  62  62  61  61  64  64  65  65  67  67  68  68  68  69  69  69 
 28  28  29  29  32  32  30  30  30  43  35  35  35  39  40  40  61  61  61  61  64  64  65  65  71  71  68  68  68  69  69  69 
 23  23  23  25  25  25  30  30  30  43  43  43  39  39  40  40  58  58  57  57  57  64  65  65  71  71  71  74  74  74  76  76 
 23  23  23  25  25  25  24  24  42  42  43  43  39  39  40  40  58  58  57  57  55  55  56  56  73  73  72  74  74  74  76  76 
 22  22  22  26  26  26  24  24  42  42  41  41  41  38  38  38  58  58  59  59  55  55  56  56  73  73  72  72  75  75  76  76 
 22  22  22  26  26  26  24  24  42  42  41  41  41  38  38  38  59  59  59  59  55  55  56  56  73  73  72  72  75  75  75  75 
127 127 126 126 126 129 129 129 115 115 116 116 119 119 120 120 144 144 145 145 147 147 146 146 136 135 135 135 132 132 133 133 
127 127 126 126 126 129 129 129 115 115 116 116 119 119 120 120 144 144 145 145 147 147 146 146 136 135 135 135 132 132 133 133 
127 127 128 128 131 131 130 130 115 115 116 116 119 119 120 120 144 144 145 145 147 147 146 146 136 136 134 134 132 132 133 133 
128 128 128 128 131 131 130 130 117 117 117 117 117 118 118 118 143 143 143 143 143 148 148 148 136 136 134 134 134 140 140 140 
122 122 122 124 124 131 130 130 113 113 113 112 112 118 118 118 152 152 151 151 151 148 148 148 138 138 139 139 142 140 140 140 
122 122 122 124 124 124 123 123 113 113 113 112 112 110 111 111 152 152 151 151 151 149 150 150 138 138 139 139 142 142 141 141 
121 121 121 125 125 125 123 123 114 114 114 112 110 110 111 111 152 152 153 153 149 149 150 150 138 138 139 139 142 142 141 141 
121 121 121 125 125 125 123 123 114 114 114 110 110 110 111 111 153 153 153 153 149 149 150 150 137 137 137 137 137 142 141 141 
103 103 103  99  99  99 100 100  98  98  98  94  94  94  95  95 166 166 165 165 169 169 169 169 161 161 160 160 162 164 164 164 
103 103 103  99  99  99 100 100  98  98  98  96  94  94  95  95 166 166 165 165 169 169 168 168 161 161 160 160 162 164 164 164 
102 102 102 101 101 101 100 100  97  97  97  96  96  94  95  95 166 166 165 167 167 167 168 168 161 161 160 160 162 163 163 163 
102 102 102 101 101 101 104 104  97  97  97  96  96  93  93  93 173 173 173 167 167 167 168 168 159 159 159 162 162 163 163 163 
108 108 107 107 107 104 104 104  92  92  91  91  91  93  93  93 173 173 173 170 170 170 172 172 159 159 159 156 156 156 157 157 
108 108 107 107 107 105 106 106  92  92  91  91  91  88  89  89 175 175 174 174 170 170 172 172 155 155 154 156 156 156 157 157 
108 108 109 109 105 105 106 106  92  92  90  90  88  88  89  89 175 175 174 174 171 171 172 172 155 155 154 154 158 158 157 157 
109 109 109 109 105 105 106 106  90  90  90  90  88  88  89  89 175 175 174 174 171 171 171 171 155 155 154 154 158 158 158 158 

********************* Start Simulation **********************
********************** End Simulation ***********************
Sat Jan 16 16:51:47 2021	process 0 - Performed 4551680 patch updates in 498.892 seconds.
Sat Jan 16 16:51:47 2021	process 0 - Performed 1193195601920 cell updates in 498.892 seconds.
Sat Jan 16 16:51:47 2021	process 0 - => 2.39169e+09 CellUpdates/s
Sat Jan 16 16:51:47 2021	process 0 - => 6.45756e+11 FlOps/s
