
*************************************************************
Welcome to Pond

Pond Copyright (C) 2012-2018
  Technical University of Munich
  Department of Informatics
  Chair of Scientific Computing

Pond comes with ABSOLUTELY NO WARRANTY.
Pond is free software, and you are welcome to redistribute it
under certain conditions.
Details can be found in the file 'gpl.txt'.
*************************************************************
#### POND Configuration ####
Total Grid Size:          16384x16384 = 268435456 cells. (x*y)
Patch Size:               1024x1024
Number of checkpoints:    1
File name Prefix:         output/out
Scenario simulation area: {X: 0.000 - 100.000, Y: 0.000 - 100.000}
Cell Size:                0.00610352m * 0.00610352m (dx * dy)
Mon Jan  4 22:18:02 2021	process 0 - Size difference in the size of idx_t and mpi::rank. Copying and casting.
Mon Jan  4 22:18:02 2021	process 0 - 

 86 103  90  87  85  85  85  91  91  76  74  74  59  57  57  58 
 86 103  90  87  92  92  97  97  91  76  76  72  59  61  61  58 
102 102  96  96  96  92  94  70  83  73  73  72  56  56  62  68 
 89  89  84  84  88  88  94  70  83  95  95  64  64  56  62  68 
100 100  99  99  93  93 111  70  78  78  77  75  75  67  67  68 
104 107 101 101 101  93 111 105 105  81  77  71  71  66  67  11 
104 107 107  29 106 106 110 110  81  81  77  79  66  66  63  11 
 32  38  98  29 108 108 108 110  80  80   6  79  79  63  63  69 
 32  38  98  30  30 109   2   2   2   0   6   5   5  13  13  69 
 32  36  98  40  40 109  28  28  28   0   6   9  12  82  82   7 
 39  36  36  37   3   3  31  33   1   1   1   9  12  12   7   7 
 39  50  50  37  54  31  31  33  33   4   4  26  26  26   8  27 
 49  35  50  52  54  18  18  45  42   4  15  15  25  25   8  27 
 49  35  51  52  43  34  18  45  42  20  19  24  24  25  23  23 
 49  35  51  43  43  34  48  48  20  20  19  19  16  16  16  23 
 53  53  55  55  46  46  48  47  47  14  14  14  21  21  22  22 

********************* Start Simulation **********************
mlx5: i22r03c02s01: got completion with error:
00000000 00000000 00000000 00000000
00000000 00000000 00000000 00000000
00000000 00000000 00000000 00000000
00000000 00008813 10012704 5002e9d2
GASPI Logger (v1.1)
[i22r03c02s01:  97:13] Assertions failed in /dss/dsshome1/lxc06/ga53qud2/actor-gpi-v2/src/actorlib/RemoteChannel.hpp[137]:-1
[i22r03c02s01:  97:13] Error string: general error
mlx5: i22r03c01s10: got completion with error:
00000000 00000000 00000000 00000000
00000000 00000000 00000000 00000000
00000000 00000000 00000000 00000000
00000000 00008813 0801fedd 002adbd2
mlx5: i22r03c01s11: got completion with error:
00000000 00000000 00000000 00000000
00000000 00000000 00000000 00000000
00000000 00000000 00000000 00000000
00000000 00008813 080192c8 00336dd2
mlx5: i22r03c01s11: got completion with error:
00000000 00000000 00000000 00000000
00000000 00000000 00000000 00000000
00000000 00000000 00000000 00000000
00000000 00008813 0801923b 005d28d2
[i22r03c01s10:   2:2] Assertions failed in /dss/dsshome1/lxc06/ga53qud2/actor-gpi-v2/src/actorlib/RemoteChannel.hpp[342]:-1
[i22r03c01s11:  30:2] Assertions failed in /dss/dsshome1/lxc06/ga53qud2/actor-gpi-v2/src/actorlib/RemoteChannel.hpp[342]:-1
[i22r03c01s11:  28:0] Assertions failed in /dss/dsshome1/lxc06/ga53qud2/actor-gpi-v2/src/actorlib/RemoteChannel.hpp[342]:-1
[i22r03c01s10:   2:2] Error string: general error
[i22r03c01s11:  30:2] Error string: general error
[i22r03c01s11:  28:0] Error string: general error
mlx5: i22r03c01s11: got completion with error:
00000000 00000000 00000000 00000000
00000000 00000000 00000000 00000000
00000000 00000000 00000000 00000000
00000000 00008813 08018708 00acdbd2
[i22r03c01s11:  38:10] Assertions failed in /dss/dsshome1/lxc06/ga53qud2/actor-gpi-v2/src/actorlib/RemoteChannel.hpp[342]:-1
[i22r03c01s11:  32:4] Assertions failed in /dss/dsshome1/lxc06/ga53qud2/actor-gpi-v2/src/actorlib/RemoteChannel.hpp[468]:-1
[i22r03c01s11:  38:10] Error string: general error
mlx5: i22r03c01s11: got completion with error:
00000000 00000000 00000000 00000000
00000000 00000000 00000000 00000000
00000000 00000000 00000000 00000000
00000000 00008813 10018ffa 002ee6d2
[i22r03c01s11:  32:4] Error string: general error
mlx5: i22r03c01s12: got completion with error:
00000000 00000000 00000000 00000000
00000000 00000000 00000000 00000000
00000000 00000000 00000000 00000000
00000000 00008813 100004b3 004d2ed2
[i22r03c01s12:  81:25] Assertions failed in /dss/dsshome1/lxc06/ga53qud2/actor-gpi-v2/src/actorlib/RemoteChannel.hpp[468]:-1
[i22r03c01s12:  81:25] Error string: general error
mlx5: i22r03c01s10: got completion with error:
00000000 00000000 00000000 00000000
00000000 00000000 00000000 00000000
00000000 00000000 00000000 00000000
00000000 00008813 0801fec1 005db7d2
[i22r03c01s10:   3:3] Assertions failed in /dss/dsshome1/lxc06/ga53qud2/actor-gpi-v2/src/actorlib/RemoteChannel.hpp[342]:-1
[i22r03c01s10:   3:3] Error string: general error
mlx5: i22r03c01s11: got completion with error:
00000000 00000000 00000000 00000000
00000000 00000000 00000000 00000000
00000000 00000000 00000000 00000000
00000000 00008813 08018932 004c2cd2
[i22r03c01s11:  36:8] Assertions failed in /dss/dsshome1/lxc06/ga53qud2/actor-gpi-v2/src/actorlib/RemoteChannel.hpp[342]:-1
[i22r03c01s11:  36:8] Error string: general error
mlx5: i22r03c01s10: got completion with error:
00000000 00000000 00000000 00000000
00000000 00000000 00000000 00000000
00000000 00000000 00000000 00000000
00000000 00008813 1001e0b3 002b42d2
[i22r03c01s10:   6:6] Assertions failed in /dss/dsshome1/lxc06/ga53qud2/actor-gpi-v2/src/actorlib/RemoteChannel.hpp[468]:-1
[i22r03c01s10:   6:6] Error string: general error
mlx5: i22r03c01s10: got completion with error:
00000000 00000000 00000000 00000000
00000000 00000000 00000000 00000000
00000000 00000000 00000000 00000000
00000000 00008813 0801e572 005e3dd2
[i22r03c01s10:   7:7] Assertions failed in /dss/dsshome1/lxc06/ga53qud2/actor-gpi-v2/src/actorlib/RemoteChannel.hpp[342]:-1
[i22r03c01s10:   7:7] Error string: general error
mlx5: i22r03c01s10: got completion with error:
00000000 00000000 00000000 00000000
00000000 00000000 00000000 00000000
00000000 00000000 00000000 00000000
00000000 00008813 1001e0f6 005673d2
[i22r03c01s10:  12:12] Assertions failed in /dss/dsshome1/lxc06/ga53qud2/actor-gpi-v2/src/actorlib/RemoteChannel.hpp[468]:-1
[i22r03c01s10:  12:12] Error string: general error

===================================================================================
=   BAD TERMINATION OF ONE OF YOUR APPLICATION PROCESSES
=   RANK 0 PID 19429 RUNNING AT i22r03c01s10
=   KILLED BY SIGNAL: 9 (Killed)
===================================================================================

===================================================================================
=   BAD TERMINATION OF ONE OF YOUR APPLICATION PROCESSES
=   RANK 1 PID 19430 RUNNING AT i22r03c01s10
=   KILLED BY SIGNAL: 9 (Killed)
===================================================================================

===================================================================================
=   BAD TERMINATION OF ONE OF YOUR APPLICATION PROCESSES
=   RANK 4 PID 19433 RUNNING AT i22r03c01s10
=   KILLED BY SIGNAL: 9 (Killed)
===================================================================================

===================================================================================
=   BAD TERMINATION OF ONE OF YOUR APPLICATION PROCESSES
=   RANK 5 PID 19434 RUNNING AT i22r03c01s10
=   KILLED BY SIGNAL: 9 (Killed)
===================================================================================

===================================================================================
=   BAD TERMINATION OF ONE OF YOUR APPLICATION PROCESSES
=   RANK 84 PID 10555 RUNNING AT i22r03c02s01
=   KILLED BY SIGNAL: 9 (Killed)
===================================================================================

===================================================================================
=   BAD TERMINATION OF ONE OF YOUR APPLICATION PROCESSES
=   RANK 85 PID 10556 RUNNING AT i22r03c02s01
=   KILLED BY SIGNAL: 9 (Killed)
===================================================================================

===================================================================================
=   BAD TERMINATION OF ONE OF YOUR APPLICATION PROCESSES
=   RANK 86 PID 10557 RUNNING AT i22r03c02s01
=   KILLED BY SIGNAL: 9 (Killed)
===================================================================================

===================================================================================
=   BAD TERMINATION OF ONE OF YOUR APPLICATION PROCESSES
=   RANK 87 PID 10558 RUNNING AT i22r03c02s01
=   KILLED BY SIGNAL: 9 (Killed)
===================================================================================

===================================================================================
=   BAD TERMINATION OF ONE OF YOUR APPLICATION PROCESSES
=   RANK 88 PID 10559 RUNNING AT i22r03c02s01
=   KILLED BY SIGNAL: 9 (Killed)
===================================================================================

===================================================================================
=   BAD TERMINATION OF ONE OF YOUR APPLICATION PROCESSES
=   RANK 89 PID 10560 RUNNING AT i22r03c02s01
=   KILLED BY SIGNAL: 9 (Killed)
===================================================================================

===================================================================================
=   BAD TERMINATION OF ONE OF YOUR APPLICATION PROCESSES
=   RANK 90 PID 10561 RUNNING AT i22r03c02s01
=   KILLED BY SIGNAL: 9 (Killed)
===================================================================================

===================================================================================
=   BAD TERMINATION OF ONE OF YOUR APPLICATION PROCESSES
=   RANK 91 PID 10562 RUNNING AT i22r03c02s01
=   KILLED BY SIGNAL: 9 (Killed)
===================================================================================

===================================================================================
=   BAD TERMINATION OF ONE OF YOUR APPLICATION PROCESSES
=   RANK 92 PID 10563 RUNNING AT i22r03c02s01
=   KILLED BY SIGNAL: 9 (Killed)
===================================================================================

===================================================================================
=   BAD TERMINATION OF ONE OF YOUR APPLICATION PROCESSES
=   RANK 93 PID 10564 RUNNING AT i22r03c02s01
=   KILLED BY SIGNAL: 9 (Killed)
===================================================================================

===================================================================================
=   BAD TERMINATION OF ONE OF YOUR APPLICATION PROCESSES
=   RANK 94 PID 10565 RUNNING AT i22r03c02s01
=   KILLED BY SIGNAL: 9 (Killed)
===================================================================================

===================================================================================
=   BAD TERMINATION OF ONE OF YOUR APPLICATION PROCESSES
=   RANK 95 PID 10566 RUNNING AT i22r03c02s01
=   KILLED BY SIGNAL: 9 (Killed)
===================================================================================

===================================================================================
=   BAD TERMINATION OF ONE OF YOUR APPLICATION PROCESSES
=   RANK 96 PID 10567 RUNNING AT i22r03c02s01
=   KILLED BY SIGNAL: 9 (Killed)
===================================================================================

===================================================================================
=   BAD TERMINATION OF ONE OF YOUR APPLICATION PROCESSES
=   RANK 98 PID 10569 RUNNING AT i22r03c02s01
=   KILLED BY SIGNAL: 9 (Killed)
===================================================================================

===================================================================================
=   BAD TERMINATION OF ONE OF YOUR APPLICATION PROCESSES
=   RANK 99 PID 10570 RUNNING AT i22r03c02s01
=   KILLED BY SIGNAL: 9 (Killed)
===================================================================================

===================================================================================
=   BAD TERMINATION OF ONE OF YOUR APPLICATION PROCESSES
=   RANK 100 PID 10571 RUNNING AT i22r03c02s01
=   KILLED BY SIGNAL: 9 (Killed)
===================================================================================

===================================================================================
=   BAD TERMINATION OF ONE OF YOUR APPLICATION PROCESSES
=   RANK 8 PID 19437 RUNNING AT i22r03c01s10
=   KILLED BY SIGNAL: 9 (Killed)
===================================================================================

===================================================================================
=   BAD TERMINATION OF ONE OF YOUR APPLICATION PROCESSES
=   RANK 9 PID 19439 RUNNING AT i22r03c01s10
=   KILLED BY SIGNAL: 9 (Killed)
===================================================================================

===================================================================================
=   BAD TERMINATION OF ONE OF YOUR APPLICATION PROCESSES
=   RANK 10 PID 19440 RUNNING AT i22r03c01s10
=   KILLED BY SIGNAL: 9 (Killed)
===================================================================================

===================================================================================
=   BAD TERMINATION OF ONE OF YOUR APPLICATION PROCESSES
=   RANK 11 PID 19441 RUNNING AT i22r03c01s10
=   KILLED BY SIGNAL: 9 (Killed)
===================================================================================

===================================================================================
=   BAD TERMINATION OF ONE OF YOUR APPLICATION PROCESSES
=   RANK 13 PID 19443 RUNNING AT i22r03c01s10
=   KILLED BY SIGNAL: 9 (Killed)
===================================================================================

===================================================================================
=   BAD TERMINATION OF ONE OF YOUR APPLICATION PROCESSES
=   RANK 14 PID 19444 RUNNING AT i22r03c01s10
=   KILLED BY SIGNAL: 9 (Killed)
===================================================================================

===================================================================================
=   BAD TERMINATION OF ONE OF YOUR APPLICATION PROCESSES
=   RANK 15 PID 19445 RUNNING AT i22r03c01s10
=   KILLED BY SIGNAL: 9 (Killed)
===================================================================================

===================================================================================
=   BAD TERMINATION OF ONE OF YOUR APPLICATION PROCESSES
=   RANK 16 PID 19446 RUNNING AT i22r03c01s10
=   KILLED BY SIGNAL: 9 (Killed)
===================================================================================

===================================================================================
=   BAD TERMINATION OF ONE OF YOUR APPLICATION PROCESSES
=   RANK 17 PID 19447 RUNNING AT i22r03c01s10
=   KILLED BY SIGNAL: 9 (Killed)
===================================================================================

===================================================================================
=   BAD TERMINATION OF ONE OF YOUR APPLICATION PROCESSES
=   RANK 18 PID 19448 RUNNING AT i22r03c01s10
=   KILLED BY SIGNAL: 9 (Killed)
===================================================================================

===================================================================================
=   BAD TERMINATION OF ONE OF YOUR APPLICATION PROCESSES
=   RANK 19 PID 19449 RUNNING AT i22r03c01s10
=   KILLED BY SIGNAL: 9 (Killed)
===================================================================================

===================================================================================
=   BAD TERMINATION OF ONE OF YOUR APPLICATION PROCESSES
=   RANK 20 PID 19450 RUNNING AT i22r03c01s10
=   KILLED BY SIGNAL: 9 (Killed)
===================================================================================

===================================================================================
=   BAD TERMINATION OF ONE OF YOUR APPLICATION PROCESSES
=   RANK 21 PID 19451 RUNNING AT i22r03c01s10
=   KILLED BY SIGNAL: 9 (Killed)
===================================================================================

===================================================================================
=   BAD TERMINATION OF ONE OF YOUR APPLICATION PROCESSES
=   RANK 22 PID 19452 RUNNING AT i22r03c01s10
=   KILLED BY SIGNAL: 9 (Killed)
===================================================================================

===================================================================================
=   BAD TERMINATION OF ONE OF YOUR APPLICATION PROCESSES
=   RANK 23 PID 19454 RUNNING AT i22r03c01s10
=   KILLED BY SIGNAL: 9 (Killed)
===================================================================================

===================================================================================
=   BAD TERMINATION OF ONE OF YOUR APPLICATION PROCESSES
=   RANK 24 PID 19456 RUNNING AT i22r03c01s10
=   KILLED BY SIGNAL: 9 (Killed)
===================================================================================

===================================================================================
=   BAD TERMINATION OF ONE OF YOUR APPLICATION PROCESSES
=   RANK 25 PID 19457 RUNNING AT i22r03c01s10
=   KILLED BY SIGNAL: 9 (Killed)
===================================================================================

===================================================================================
=   BAD TERMINATION OF ONE OF YOUR APPLICATION PROCESSES
=   RANK 26 PID 19458 RUNNING AT i22r03c01s10
=   KILLED BY SIGNAL: 9 (Killed)
===================================================================================

===================================================================================
=   BAD TERMINATION OF ONE OF YOUR APPLICATION PROCESSES
=   RANK 27 PID 19459 RUNNING AT i22r03c01s10
=   KILLED BY SIGNAL: 9 (Killed)
===================================================================================

===================================================================================
=   BAD TERMINATION OF ONE OF YOUR APPLICATION PROCESSES
=   RANK 101 PID 10572 RUNNING AT i22r03c02s01
=   KILLED BY SIGNAL: 9 (Killed)
===================================================================================

===================================================================================
=   BAD TERMINATION OF ONE OF YOUR APPLICATION PROCESSES
=   RANK 102 PID 10573 RUNNING AT i22r03c02s01
=   KILLED BY SIGNAL: 9 (Killed)
===================================================================================

===================================================================================
=   BAD TERMINATION OF ONE OF YOUR APPLICATION PROCESSES
=   RANK 103 PID 10574 RUNNING AT i22r03c02s01
=   KILLED BY SIGNAL: 9 (Killed)
===================================================================================

===================================================================================
=   BAD TERMINATION OF ONE OF YOUR APPLICATION PROCESSES
=   RANK 104 PID 10575 RUNNING AT i22r03c02s01
=   KILLED BY SIGNAL: 9 (Killed)
===================================================================================

===================================================================================
=   BAD TERMINATION OF ONE OF YOUR APPLICATION PROCESSES
=   RANK 105 PID 10576 RUNNING AT i22r03c02s01
=   KILLED BY SIGNAL: 9 (Killed)
===================================================================================

===================================================================================
=   BAD TERMINATION OF ONE OF YOUR APPLICATION PROCESSES
=   RANK 106 PID 10577 RUNNING AT i22r03c02s01
=   KILLED BY SIGNAL: 9 (Killed)
===================================================================================

===================================================================================
=   BAD TERMINATION OF ONE OF YOUR APPLICATION PROCESSES
=   RANK 107 PID 10578 RUNNING AT i22r03c02s01
=   KILLED BY SIGNAL: 9 (Killed)
===================================================================================

===================================================================================
=   BAD TERMINATION OF ONE OF YOUR APPLICATION PROCESSES
=   RANK 108 PID 10579 RUNNING AT i22r03c02s01
=   KILLED BY SIGNAL: 9 (Killed)
===================================================================================

===================================================================================
=   BAD TERMINATION OF ONE OF YOUR APPLICATION PROCESSES
=   RANK 109 PID 10580 RUNNING AT i22r03c02s01
=   KILLED BY SIGNAL: 9 (Killed)
===================================================================================

===================================================================================
=   BAD TERMINATION OF ONE OF YOUR APPLICATION PROCESSES
=   RANK 110 PID 10581 RUNNING AT i22r03c02s01
=   KILLED BY SIGNAL: 9 (Killed)
===================================================================================

===================================================================================
=   BAD TERMINATION OF ONE OF YOUR APPLICATION PROCESSES
=   RANK 111 PID 10582 RUNNING AT i22r03c02s01
=   KILLED BY SIGNAL: 9 (Killed)
===================================================================================
