
*************************************************************
Welcome to Pond

Pond Copyright (C) 2012-2018
  Technical University of Munich
  Department of Informatics
  Chair of Scientific Computing

Pond comes with ABSOLUTELY NO WARRANTY.
Pond is free software, and you are welcome to redistribute it
under certain conditions.
Details can be found in the file 'gpl.txt'.
*************************************************************
#### POND Configuration ####
Total Grid Size:          16384x16384 = 268435456 cells. (x*y)
Patch Size:               1024x1024
Number of checkpoints:    1
File name Prefix:         output/out
Scenario simulation area: {X: 0.000 - 100.000, Y: 0.000 - 100.000}
Cell Size:                0.00610352m * 0.00610352m (dx * dy)
Tue Jan  5 21:27:54 2021	process 0 - Size difference in the size of idx_t and mpi::rank. Copying and casting.
Tue Jan  5 21:27:54 2021	process 0 - 

15 14 14 14 20 17 17 17 12 12 12 12  7  7  7  7 
15 14 14 20 20 20 17 17 13 12 10 10 10  8  8  7 
15 16 16 19 19 20 18 13 13 13 13 10 10  8  8  9 
15 16 16 19 19 22 18 18  4  4 11 11 11  8  9  9 
27 27 27 24 24 22 22 18  4  4 11 11  1  1  9  9 
27 27 25 24 24 22 22 18  4  6  6  6  1  1  2  2 
26 26 25 21 21 21 23 23  5  5  5  6  0  0  2  2 
26 26 25 21 21 23 23 23  3  3  5  6  0  0 50  2 
36 25 25 35 41 41 41 41  3 54 54 52 52 52 50 50 
36 37 35 35 41 38 38 38  3 54 54 52 52 49 50 50 
36 37 37 35 40 38 39 39 55 55 53 53 49 49 51 51 
36 37 37 40 40 31 39 39 55 55 53 53 49 49 51 51 
29 29 29 29 40 31 34 34 55 44 44 47 47 46 46 46 
29 28 28 28 40 31 31 34 43 44 44 47 47 46 45 46 
30 30 28 32 32 33 33 34 43 43 42 42 48 48 45 45 
30 30 32 32 32 33 33 33 43 43 42 42 48 48 45 45 

********************* Start Simulation **********************
********************** End Simulation ***********************
Tue Jan  5 21:51:46 2021	process 0 - Performed 1137920 patch updates in 1428.6 seconds.
Tue Jan  5 21:51:46 2021	process 0 - Performed 1193195601920 cell updates in 1428.6 seconds.
Tue Jan  5 21:51:46 2021	process 0 - => 8.35222e+08 CellUpdates/s
Tue Jan  5 21:51:46 2021	process 0 - => 2.2551e+11 FlOps/s
