
*************************************************************
Welcome to Pond

Pond Copyright (C) 2012-2018
  Technical University of Munich
  Department of Informatics
  Chair of Scientific Computing

Pond comes with ABSOLUTELY NO WARRANTY.
Pond is free software, and you are welcome to redistribute it
under certain conditions.
Details can be found in the file 'gpl.txt'.
*************************************************************
#### POND Configuration ####
Total Grid Size:          16384x16384 = 268435456 cells. (x*y)
Patch Size:               256x256
Number of checkpoints:    1
File name Prefix:         output/out
Scenario simulation area: {X: 0.000 - 100.000, Y: 0.000 - 100.000}
Cell Size:                0.00610352m * 0.00610352m (dx * dy)
Wed Jan 20 05:37:08 2021	process 0 - Size difference in the size of idx_t and mpi::rank. Copying and casting.
Wed Jan 20 05:37:08 2021	process 0 - 

299 299 299 299 299 297 288 288 290 290 290 290 290 290 312 312 312 312 313 314 314 314 318 318 318 318 319 260 260 260 260 260 260 260 260 263 263 263 248 248 248 247 247 247 247 281 281 281 279 279 279 276 276 276 276 270 270 270 270 274 274 274 274 274 
299 299 299 299 297 297 288 288 288 292 292 290 290 290 312 312 312 312 313 314 314 320 318 318 318 318 319 260 260 260 259 259 259 262 262 262 263 263 248 248 248 248 247 247 247 281 281 281 279 279 279 279 276 276 276 270 270 270 270 274 274 274 274 274 
299 299 298 298 297 297 288 288 288 292 292 290 290 289 289 312 312 312 313 313 314 320 320 318 318 318 319 319 259 259 259 259 262 262 262 262 261 263 263 263 263 248 247 247 247 281 281 281 279 279 279 279 276 276 276 276 270 270 272 275 275 275 275 275 
298 298 298 298 297 297 296 296 288 292 292 289 289 289 289 313 313 313 313 313 314 320 320 320 320 319 319 319 259 259 259 259 262 262 262 262 261 263 263 248 248 248 247 250 285 285 281 281 280 280 280 280 277 278 278 271 270 272 272 275 275 275 275 275 
298 298 298 298 297 297 296 291 291 291 292 289 289 289 289 313 317 317 317 317 314 314 320 320 320 323 323 319 319 252 258 258 258 261 261 261 261 249 249 249 249 249 249 250 285 285 285 285 280 280 280 277 277 278 278 271 271 272 272 272 272 273 273 273 
294 294 294 298 296 296 296 291 291 291 292 292 315 315 315 313 317 317 317 317 314 314 320 322 323 323 323 319 319 252 258 258 253 253 261 254 261 249 249 249 249 249 250 250 285 246 285 285 280 280 280 277 277 278 278 271 271 271 271 272 272 273 273 273 
294 294 294 296 296 296 296 291 291 291 292 292 315 315 315 316 317 317 317 322 322 322 322 322 323 323 321 252 252 252 258 258 253 253 254 254 261 261 261 250 250 250 250 250 246 246 285 285 286 286 277 277 277 278 284 271 271 271 271 264 264 268 273 273 
294 294 294 295 295 295 291 291 304 304 293 293 315 315 315 316 316 316 316 322 322 322 322 323 323 321 321 252 252 252 258 253 253 253 253 254 254 251 251 251 242 242 242 246 246 246 286 286 286 286 277 277 278 278 284 284 284 264 264 264 264 268 268 273 
294 295 295 295 295 295 295 304 304 304 293 293 293 293 316 316 316 316 316 316 334 334 334 334 323 321 321 252 252 252 258 253 253 257 257 254 254 251 251 251 242 242 242 246 246 246 286 286 283 283 283 283 265 284 284 264 264 264 264 264 269 268 268 273 
306 306 306 306 306 295 295 304 304 304 304 293 293 293 303 303 303 303 325 325 325 334 334 334 323 321 321 321 321 258 258 255 257 257 257 254 254 251 251 251 242 242 243 243 243 246 286 286 283 283 283 283 265 284 284 284 284 269 269 269 269 268 268 273 
306 306 306 306 308 308 300 304 300 304 305 305 303 303 303 303 303 303 325 325 325 325 334 334 335 333 333 333 333 255 255 255 257 257 257 254 241 241 251 251 242 242 243 243 243 246 286 287 287 283 283 283 265 265 265 265 269 269 269 269 269 267 268 268 
311 311 306 306 308 308 300 300 300 305 305 305 303 305 324 324 324 324 325 325 326 326 334 334 335 335 333 333 333 255 255 255 257 257 257 254 241 241 240 240 242 243 243 243 243 245 245 287 287 287 282 282 282 265 265 265 266 266 266 266 267 267 268 268 
311 311 308 308 308 308 307 300 305 305 301 305 305 305 324 324 324 324 325 326 326 326 335 335 335 335 333 333 332 332 255 255 255 241 241 241 241 241 240 240 244 244 244 244 244 244 245 287 287 287 282 282 282 227 265 265 266 266 266 266 267 267 267 267 
311 311 308 308 308 307 307 300 300 300 301 301 301 301 324 324 328 328 325 326 326 326 335 335 335 335 333 333 332 332 332 332 256 256 256 208 241 241 240 240 244 244 244 245 245 245 245 287 287 287 282 282 282 227 227 227 227 266 235 236 267 267 267 267 
311 311 310 310 307 307 307 300 309 300 301 301 301 327 327 327 328 328 328 326 326 326 329 330 331 331 331 331 332 332 332 256 256 256 256 208 208 208 240 240 240 244 244 245 245 245 245 222 222 222 222 222 222 227 227 227 234 234 235 236 236 236 236 236 
311 311 310 310 307 307 307 309 309 301 301 301 327 327 327 327 328 328 328 329 329 329 329 330 331 331 331 331 332 207 207 207 207 256 256 208 208 208 240 240 200 200 200 200 200 199 199 199 222 222 222 222 222 227 227 227 234 234 235 235 235 235 236 236 
311 310 310 310 310 307 307 309 352 352 352 302 327 302 327 327 327 328 370 370 329 329 329 330 330 331 364 364 364 207 207 207 207 256 256 208 208 208 201 201 201 201 200 200 200 200 199 199 223 223 223 223 226 226 226 226 234 234 235 235 235 235 236 236 
358 358 310 310 309 309 309 309 352 352 352 302 302 302 351 351 351 328 370 370 371 329 329 329 330 331 364 364 364 364 204 207 207 209 209 209 209 209 201 201 201 201 201 201 200 200 199 199 223 223 223 223 226 226 226 226 234 234 239 235 238 238 238 236 
358 358 358 310 359 359 357 309 352 352 352 302 302 302 351 370 370 370 370 371 371 369 369 330 330 330 364 364 364 364 204 204 207 209 209 209 209 209 203 203 201 202 202 202 202 198 199 199 223 224 223 223 226 226 226 234 234 234 239 239 239 239 238 238 
358 358 358 358 359 357 357 309 352 353 353 353 302 351 351 370 370 371 371 371 371 369 369 330 363 363 363 363 365 365 204 204 205 205 205 203 203 203 203 203 202 202 202 198 198 198 224 224 224 224 217 217 225 225 225 225 225 225 239 239 239 239 238 238 
354 359 358 358 359 357 357 357 352 353 353 353 302 351 351 366 366 371 371 371 371 369 369 330 363 363 363 365 365 365 204 204 206 206 205 203 203 203 203 211 202 202 202 202 198 198 224 224 224 224 217 217 225 225 225 225 237 237 237 237 239 238 238 238 
354 359 359 359 359 357 357 357 357 353 353 353 302 351 366 366 366 368 368 368 369 369 369 330 363 363 363 365 365 365 204 204 206 206 205 205 211 211 211 211 192 192 192 198 198 198 198 216 224 224 217 217 228 228 228 228 228 237 237 237 239 231 231 231 
354 359 354 355 355 348 348 348 357 348 353 353 351 351 366 366 366 368 368 368 369 369 360 360 360 361 361 365 365 362 362 206 206 206 205 205 211 211 211 211 192 192 193 193 193 193 198 216 216 216 217 217 218 218 228 228 228 228 237 237 229 231 231 231 
354 354 354 355 355 348 348 348 348 348 348 349 349 349 349 366 368 368 368 368 368 360 360 360 360 361 361 365 362 362 214 206 206 206 205 205 211 211 197 197 192 192 193 193 193 194 194 216 216 216 217 217 218 218 218 218 228 228 237 229 229 229 231 231 
354 354 355 355 355 356 356 356 350 348 350 350 349 349 349 366 382 367 367 367 367 360 360 373 373 361 361 362 362 362 214 214 214 214 205 212 212 212 197 197 192 192 193 193 195 194 194 216 216 221 221 220 218 218 218 218 229 229 229 229 229 229 231 231 
354 354 355 355 356 356 356 356 350 350 350 350 349 349 349 382 382 367 367 367 367 360 360 373 373 361 361 362 362 362 214 214 214 214 214 212 212 212 197 197 192 192 196 193 195 194 194 216 216 221 221 220 220 220 230 230 229 230 232 232 232 232 232 231 
344 344 355 355 356 337 356 356 350 350 338 336 336 349 382 382 382 367 367 367 374 374 373 373 373 361 361 372 372 372 215 215 215 214 215 212 212 212 197 197 196 196 196 195 195 194 194 194 194 221 221 220 220 220 230 230 230 230 233 233 233 233 232 232 
344 344 343 343 337 337 337 337 337 350 338 336 336 382 382 382 382 381 381 374 374 374 374 373 373 372 372 372 372 372 215 215 215 215 215 210 210 210 197 197 196 196 196 195 195 194 219 219 219 221 221 220 220 220 220 230 230 233 233 233 233 233 232 232 
344 343 343 343 337 337 337 337 337 350 338 336 336 336 383 383 383 381 378 374 374 374 374 373 373 376 376 372 372 372 213 213 213 213 210 210 210 210 121 197 196 196 196 195 195 129 219 219 219 221 221 114 114 114 116 230 230 116 116 116 113 113 232 232 
344 343 343 343 342 342 342 342 342 342 338 336 336 336 383 383 381 381 378 378 378 374 377 377 376 376 376  55 213 213 213 213 213 213 210 210 210 210 121 121 121 196 195 195 195 129 219 219 219 114 114 114 114 114 116 116 116 116 116 116 116 113 113 113 
344 344 344 343 342 342 342 342 342 338 338 340 340 336 383 383 381 381 378 378 377 377 377 377 376 376 376  55  55  55 213  56  56  56  56 120 120 120 121 121 121 121 129 129 129 129 219 219 130 114 114 114 130 115 115 115 115 111 111 111 111 113 113 113 
345 344 343 343 347 346 339 339 339 338 338 340 340 383 383 383 381 381 378 378 375 377 377 377 376 376 376  54  55  55  55  56  56  56  56 120 120 120 122 121 121 121 129 129 129 129 131 130 130 130 130 130 130 115 115 115 115 111 111 111 112 112 113 113 
345 345 347 347 347 346 346 346 339 339 338 340 340 379 379 379 381 381 378 375 375 375 377 377  48  48  48  54  54  55  55  56  56  56 120 120 120 120 122 122 122 126 126 126 131 131 131 130 130 118 118 118 115 115 115 109 111 111 111 111 112 112 112 113 
345 345   9 347 347 346 346 339 339 338 338 340 340 379 379 379  19 380 380 375 375 375 375  48  48  48  54  54  54  55  55  58  58 124 124 124 120 122 122 122 122 126 126 126 131 131 131 118 118 118 118 118 119 119 119 109 109 109 109 108 112 112 112 108 
345 345   9 347 347 347 346 339 339 341 341 341 340 379  19 379  19 380 380 375 375  51  51  48  54  54  54  54  54  59  59  58  58 124 124 124 124 124 124 122 122 126 126 126 128 131 131 131 127 118 118 118 119 119 119 109 109 109 109 108 112 112 112 108 
345 345   9 347 347 346 346 339 339 341 341 341 340 379  19  19  19 380 380 375  51  51  51  48  48  50  50  59  59  59  59  58  58  58  58 124 124 125 125 125 122 125 126 126 128 128 142 127 127 127 117 117 119 119 119 109 109 110 110 108 108 108 108 108 
345 345   9   9   9 346 346   6   6 341 341 341 340 379  19  19  21  21 380 380  51  51  51  50  48  50  50  59  59  57  59  58  58  58 123 123 123 125 125 125 125 125 128 128 128 128 142 127 127 117 117 117 117  97 119 119 110 110 110 110 110 108 104 104 
 11   9   9   9   9   6   6   6   6   6 341 341  19  19  19  21  21  21 380  52  51  51  51  50  50  50  50  50  57  57  57  57  57 136 123 123 133 133 133 133 125 125 143 143 128 128 142 127 127 117 117 117 117  97  98 110 110 110 103 103 110 108 104 104 
 11  11  11  11   6   6   6   6  20  20  20  20  23  23  23  21  21  21 380  52  52  52  53  53  53  53  50  57  57  57  57  57  49 136 123 123 123 123 133 133 133 133 143 143 128 128 142 127 127 117  96  96  96  97  98  98  98  98 103 103 103 103 104 104 
 11  11  11  11   7   7   7   8   8  20  20  20  23  23  23  23  21  21 380  52  52  52  53  53  53  49  49  49  49  49  49  49  49 136 136 123 123 137 133 133 133 134 143 143 143 142 142 141  96  96  96  96  96  97  97  97  98  98 103 103 103 103 104 104 
 11  10  10  10   7   7   7   8  20  20  20  20  23  23  23  22  22  22  22  52  52  53  53  53  53  49  49  65  65  65  65  65  65 136 136 137 137 137 137 134 134 134 143 143 143 142 142 141 141 141  96  96  96  97  97  97  98  98  98 102 102 103 104 107 
 10  10  10  10   7   7   7   8  18  18  18  18  18  18  16  22  22  22  22  52  52  69  70  70  71  71  71  64  64  64  65  65  65 136 136 137 137 137 134 134 134 134 143 140 140 140 142 141 141 141  99  99  99  97  97 101 101  98 102 102 102 104 104 107 
 10  10  10  10   1   1   7   8   8   8  18  18  18  16  16  22  22  69  69  69  69  69  70  70  71  71  71  64  64  64  65  65 136 136 136 135 135 137 134 132 134 140 140 140 140 142 142 141 138 141 141  99  99 101 101 101 101 101 102 102 102 102 102 107 
  4   4   4   1   1   1   7   8   8  12  18  18  16  16  16  22  69  69  69  69  69  70  70  71  71  71  61  64  64  64  63  63  63  63  63 135 135 137 134 132 151 140 140 140 139 139 139 138 138 141  99  99  99 101 101 101 101 105 105 102 107 107 107 107 
  4   4   4   5   1   1   1   8   8  12  12  14  16  16  16  15  17  17  17  66  66  70  67  67  67  71  61  61  61  64  63  63  63 146 146 135 135 132 132 132 151 151 151 140 139 139 139 138 138 138  99  99  99 105 105 105 105 105 105 106 107 107 107 106 
  4   4   5   5   5   5   1   2  12  12  12  14  14  14  15  15  17  17  17  66  66  70  70  67  67  61  61  61  61  61  63  63  63 146 146 135 135 135 132 151 151 151 151 139 139 139 138 138 138 138 178 178 100 100 100 100 105 105 106 106 106 107 106 106 
  4   4   5   5   5   5   2   2  12  12  12  14  14  14  15  15  17  17  17  66  66  67  67  67  67  67  61  62  62  61  60  60 146 146 146 146 135 135 132 132 151 151 151 139 139 152 153 153 153 138 178 178 100 100 100 100 100 105 169 169 106 106 106 106 
  3   4   5   2   2   5   2   2  12   0   0  14  14  14  15  15  17  17  66  66  68  68  68  68  68  95  95  62  62  62  60  60  60  60 146 146 146 132 132 132 144 144 152 152 152 152 153 153 153 153 178 178 178 179 100 100 179 179 169 169 169 170 170 170 
  3   3   3   3   2   2   2   2   0   0   0  13  13  13  15  15  30  30  66  66  68  68  68  68  95  95  75  62  62  62  60  60  60 149 145 145 145 145 144 144 144 144 152 152 152 152 153 153 153 153 178 178 178 179 179 179 179 179 169 169 169 170 170 170 
  3   3   3   3  46  46  45   0   0   0  13  13  13  13  15  15  30  30  92  92  68  68  95  95  95  95  75  62  62  62  60  60 149 149 145 145 145 147 144 144 144 158 152 155 155 155 155 155 155 155 178 177 179 179 168 168 168 168 169 169 169 170 170 170 
 47  47   3   3  46  46  45   0   0  45  13  13  13  30  30  30  30  30  92  92  92  91  91  95  95  95  75  75  75  75  75 149 149 149 145 145 147 147 144 158 158 158 150 154 154 155 155 155 155 177 177 177 179 175 175 174 168 168 168 168 173 170 170 173 
 47  47  47  46  46  46  45  45  45  45  34  34  13  30  34  34  34  30  92  92  92  91  91  94  94  94  94  76  76  75  75 149 149 149 145 147 147 147 144 158 157 157 150 154 154 154 154 154 177 177 177 177 175 175 175 174 174 168 168 168 173 173 173 173 
 47  47  47  46  46  43  45  45  45  45  34  34  34  34  34  34  31  31  31  90  92  91  91  94  94  94  94  76  76  75  75 149  77  77 147 147 147 147 158 158 157 150 150 150 150 150 154 154 176 177 177 177 175 175 175 174 174 171 171 173 173 173 173 173 
 47  47  47  46  46  43  43  43  35  35  35  35  31  31  31  31  31  31  31  90  90  91  91  91  94  94  94  76  76  76  73 149  77  77 147 148 148 148 158 158 157 157 150 150 150 150 154 154 176 176 176 176 176 175 175 174 174 171 171 171 172 172 172 172 
 42  42  42  44  44  44  43  43  43  35  35  35  31  33  32  32  32  32  32  90  90  91  91  93  93  93  93  76  76  76  73  73  77  77 148 148 148 148 158 158 156 157 157 157 159 159 159 159 176 176 176 176 176 185 185 174 174 171 171 171 172 172 172 172 
 42  42  42  44  44  44  43  43  43  35  35  33  33  33  32  32  25  32  32  90  90  90  93  93  93  93  93  72  72  73  73  73  77  77 148 148 148 148 156 156 156 165 157 157 159 159 159 159 159 183 183 185 185 185 185 174 174 171 171 171 190 172 172 172 
 42  42  42  44  44  44  38  36  36  35  35  33  33  33  25  25  25  26  26  90  90  90  84  84  84  93  93  72  72  72  73  73  77  74  74  74  74 156 156 156 156 165 160 157 161 161 161 159 161 183 183 185 185 185 185 190 190 190 190 190 190 186 186 186 
 42  42  39  39  38  38  38  36  36  36  36  36  33  33  25  25  25  26  26  88  88  88  84  84  84  84  84  72  72  72  73  73  73  74  74  74  74 156 156 156 165 165 160 160 161 161 161 161 161 183 183 184 184 184 184 184 190 190 190 191 186 186 186 186 
 39  39  39  39  38  38  38  36  36  36  36  27  27  27  25  25  25  26  88  88  88  88  86  86  84  84  84  72  72  72  83  83  79  74  74  74  80  80 165 165 165 165 160 160 160 160 161 161 163 183 183 183 184 184 184 184 191 191 191 191 188 186 188 186 
 39  39  39  39  38  38  40  28  28  28  28  27  27  27  25  26  26  26  88  88  88  88  86  86  81  81  81  81  81  83  83  83  79  79  80  80  80  80 167 167 167 165 160 160 160 160 163 163 163 183 183 182 182 182 184 184 191 191 191 191 188 188 188 186 
 41  41  40  40  40  40  40  28  28  28  28  27  27  26  26  26  24  89  89  89  89  89  89  86  86  81  81  81  81  83  83  83  79  79  79  80  80  80 167 167 165 165 162 162 162 162 163 163 163 182 182 182 182 181 181 180 180 191 191 189 188 188 188 186 
 41  41  40  40  40  40  40  37  28  28  29  29  27  24  24  24  24  89  89  89  89  89  86  86  86  85  82  81  81  83  83  83  79  79  79  79  80 167 167 167 166 166 162 162 162 162 163 163 163 182 182 181 181 181 180 180 180 189 189 189 188 188 187 187 
 41  41  41  37  37  37  37  37  29  29  29  29  27  24  24  24  87  87  87  87  87  87  85  86  85  85  82  82  82  82  82  82  82  79  78  78  78  78 167 167 166 166 166 162 164 164 164 164 164 182 181 181 181 181 180 180 180 189 189 189 187 187 187 187 
 41  41  41  41  37  37  37  37  29  29  29  29  27  24  24  24  87  87  87  87  87  85  85  85  85  85  85  85  82  82  82  78  78  78  78  78  78  78 167 166 166 166 166 162 164 164 164 164 164 164 181 181 180 180 180 189 189 189 189 187 187 187 187 187 

********************* Start Simulation **********************
********************** End Simulation ***********************
Wed Jan 20 05:40:24 2021	process 0 - Performed 18206720 patch updates in 192.453 seconds.
Wed Jan 20 05:40:24 2021	process 0 - Performed 1193195601920 cell updates in 192.453 seconds.
Wed Jan 20 05:40:24 2021	process 0 - => 6.19993e+09 CellUpdates/s
Wed Jan 20 05:40:24 2021	process 0 - => 1.67398e+12 FlOps/s
