
*************************************************************
Welcome to Pond

Pond Copyright (C) 2012-2018
  Technical University of Munich
  Department of Informatics
  Chair of Scientific Computing

Pond comes with ABSOLUTELY NO WARRANTY.
Pond is free software, and you are welcome to redistribute it
under certain conditions.
Details can be found in the file 'gpl.txt'.
*************************************************************
#### POND Configuration ####
Total Grid Size:          16384x16384 = 268435456 cells. (x*y)
Patch Size:               2048x2048
Number of checkpoints:    1
File name Prefix:         output/out
Scenario simulation area: {X: 0.000 - 100.000, Y: 0.000 - 100.000}
Cell Size:                0.00610352m * 0.00610352m (dx * dy)
Mon Jan  4 19:57:57 2021	process 0 - Size difference in the size of idx_t and mpi::rank. Copying and casting.
Mon Jan  4 19:57:57 2021	process 0 - 

14 14 16 15  0  1  1  2 
17 18 16 15  0  4  4  2 
17 18 16 19 19 13 13 13 
17 21 20 25  3  6  6  8 
21 21 20 25  3  5  5  8 
23 23 24 24 24  7  7  9 
26 22 11 11 12 12  7  9 
26 22 27 27 12 10 10 10 

********************* Start Simulation **********************
********************** End Simulation ***********************
Mon Jan  4 20:54:42 2021	process 0 - Performed 284480 patch updates in 3402.91 seconds.
Mon Jan  4 20:54:42 2021	process 0 - Performed 1193195601920 cell updates in 3402.91 seconds.
Mon Jan  4 20:54:42 2021	process 0 - => 3.5064e+08 CellUpdates/s
Mon Jan  4 20:54:42 2021	process 0 - => 9.46728e+10 FlOps/s
