
*************************************************************
Welcome to Pond

Pond Copyright (C) 2012-2018
  Technical University of Munich
  Department of Informatics
  Chair of Scientific Computing

Pond comes with ABSOLUTELY NO WARRANTY.
Pond is free software, and you are welcome to redistribute it
under certain conditions.
Details can be found in the file 'gpl.txt'.
*************************************************************
#### POND Configuration ####
Total Grid Size:          16384x16384 = 268435456 cells. (x*y)
Patch Size:               256x256
Number of checkpoints:    1
File name Prefix:         output/out
Scenario simulation area: {X: 0.000 - 100.000, Y: 0.000 - 100.000}
Cell Size:                0.00610352m * 0.00610352m (dx * dy)
Wed Jan 20 05:47:58 2021	process 0 - Size difference in the size of idx_t and mpi::rank. Copying and casting.
Wed Jan 20 05:47:58 2021	process 0 - 

212 212 212 212 212 211 211 211 208 208 208 208 208 207 207 192 192 192 191 191 195 195 195 195 196 196 196 196 196 249 249 249 249 249 249 247 247 247 247 235 235 235 235 237 237 237 237 265 265 265 265 265 266 266 266 266 266 263 263 263 264 264 264 264 
212 212 212 212 212 211 211 211 208 208 208 208 208 207 207 192 192 192 191 191 191 195 195 195 196 196 196 196 196 249 249 249 249 249 249 247 247 247 247 235 235 235 235 237 237 237 237 265 265 265 265 265 266 266 266 266 266 263 263 263 264 264 264 264 
212 212 212 212 213 211 211 211 209 208 208 208 208 207 207 192 192 192 191 191 191 195 195 195 196 196 196 196 250 250 250 250 250 249 249 247 247 247 247 235 235 235 235 237 237 237 237 265 265 265 265 265 266 266 266 266 266 263 263 263 264 264 264 264 
213 213 213 213 213 211 211 211 209 209 209 209 207 207 207 192 192 192 192 191 191 195 195 195 197 197 197 197 250 250 250 250 251 251 251 247 247 247 234 234 234 234 234 234 234 237 237 268 268 268 268 269 269 269 267 267 267 263 263 263 264 264 264 261 
213 213 213 213 213 211 211 211 209 209 209 209 207 207 207 189 189 192 192 191 191 191 195 195 197 197 197 197 197 250 250 250 251 251 251 248 248 248 248 248 234 234 234 234 236 236 236 236 268 268 268 269 269 269 267 267 267 262 262 262 261 261 261 261 
214 214 213 213 213 215 215 215 209 209 209 209 207 207 207 189 189 190 190 190 191 191 194 194 194 193 193 197 197 244 244 244 251 251 251 248 248 248 248 248 234 234 234 236 236 236 236 268 268 268 268 269 269 269 267 267 267 262 262 262 261 261 261 261 
214 214 214 215 215 215 215 215 210 210 210 210 210 189 189 189 189 190 190 190 190 194 194 194 194 193 193 193 197 244 244 244 251 251 251 248 248 248 248 242 242 242 241 236 236 236 236 268 268 268 268 269 269 269 267 267 267 262 262 262 261 261 261 261 
214 214 214 214 215 215 215 215 210 210 210 210 210 189 189 189 189 190 190 190 190 194 194 194 194 193 193 193 193 244 244 244 251 251 251 246 246 246 246 242 242 242 241 241 241 236 236 240 240 240 258 258 258 269 258 258 253 262 262 262 262 254 254 254 
205 205 214 214 214 215 215 215 210 201 201 210 210 189 189 189 184 190 190 190 190 194 194 194 194 193 193 193 193 244 244 243 243 243 243 246 246 246 246 242 242 242 241 241 241 240 240 240 240 240 258 258 258 258 258 258 253 253 253 253 254 254 254 254 
205 205 205 214 214 204 204 204 210 201 201 210 200 200 200 184 184 184 184 185 185 182 182 182 183 183 183 183 183 244 244 243 243 245 245 246 246 246 246 242 242 242 241 241 241 240 240 257 257 257 258 258 258 260 260 260 253 253 253 253 254 254 254 254 
205 205 205 205 205 204 204 204 201 201 201 200 200 200 200 184 184 184 185 185 185 182 182 182 183 183 183 183 183 243 243 243 243 245 245 245 246 246 246 242 242 242 241 241 241 240 240 240 257 257 257 258 260 260 260 260 253 253 253 253 254 254 254 254 
205 205 205 205 205 204 204 204 201 201 201 200 200 200 200 184 184 184 185 185 185 182 182 182 182 183 183 183 183 243 243 243 245 245 245 245 238 238 238 238 238 239 239 239 239 239 240 240 257 257 257 257 260 260 260 260 252 252 252 252 255 255 255 255 
206 206 206 206 202 204 204 204 204 201 201 200 200 200 200 184 184 184 185 185 185 182 182 182 182 183 180 180 180 224 224 224 245 245 245 245 238 238 238 238 238 239 239 239 239 239 256 256 256 257 257 257 259 260 260 260 252 252 252 252 255 255 255 255 
206 206 206 206 202 202 202 204 204 201 201 198 198 198 198 187 187 187 187 185 185 181 181 181 181 181 180 180 180 224 224 224 224 222 222 222 222 238 238 238 238 239 239 239 239 239 256 256 256 256 257 257 259 259 259 260 252 252 252 252 255 255 255 255 
206 206 206 206 202 202 202 199 199 199 198 198 198 198 198 187 187 187 187 187 187 187 187 181 181 181 180 180 180 223 224 224 224 222 222 222 222 217 217 217 217 218 218 218 218 218 256 256 256 256 259 259 259 259 259 281 281 252 252 252 255 279 255 255 
206 203 203 203 202 202 202 199 199 199 199 198 198 198 186 186 186 188 188 188 187 187 187 181 181 181 180 180 180 223 224 224 224 222 222 222 222 217 217 217 217 218 218 218 218 218 218 256 256 256 259 259 259 259 259 281 281 281 281 281 279 279 279 279 
203 203 203 203 202 202 202 199 199 199 199 198 198 186 186 186 186 188 188 188 188 188 188 181 181 181 180 180 180 223 223 224 223 222 222 222 216 216 216 216 217 217 219 219 218 218 218 272 272 256 273 273 273 273 273 281 281 281 281 281 279 279 279 279 
203 203 203 203 157 157 157 157 199 199 199 156 156 186 186 186 186 188 188 188 188 188 188 171 171 171 172 172 172 223 223 223 223 223 216 216 216 216 216 217 217 217 219 219 219 219 272 272 272 272 273 273 273 273 273 273 281 281 281 279 279 279 279 279 
203 203 203 203 157 157 157 157 155 155 199 156 156 186 186 186 186 176 176 176 175 175 175 171 171 171 172 172 172 223 223 223 223 223 221 221 216 216 216 216 217 217 219 219 219 219 272 272 272 272 271 271 273 273 273 273 282 282 282 282 280 280 280 280 
158 158 158 158 158 157 157 157 155 155 155 156 156 176 176 176 176 176 176 176 175 175 175 171 171 171 172 172 172 220 220 220 220 220 221 221 232 232 216 216 232 232 232 219 219 219 219 272 272 271 271 271 270 270 270 282 282 282 282 282 280 280 280 280 
158 158 158 158 158 157 157 155 155 155 155 156 156 176 176 176 179 179 176 176 175 175 175 171 171 171 172 172 220 220 220 220 220 220 221 221 232 232 232 232 232 231 231 231 231 231 219 272 272 271 271 271 270 270 270 282 282 282 282 280 280 280 280 280 
158 158 158 158 159 159 159 155 155 155 155 156 156 156 179 179 179 179 175 175 175 175 177 177 171 171 172 172 220 220 220 220 227 227 227 221 221 221 232 232 232 231 231 231 231 231 231 271 271 271 271 271 270 270 270 284 284 284 284 280 280 283 283 283 
161 161 161 159 159 159 159 159 154 154 154 154 156 156 179 179 179 179 177 177 177 177 177 177 174 173 173 173 173 173 227 227 227 227 227 221 221 221 228 233 232 231 231 231 231 278 278 271 271 277 277 277 270 270 270 284 284 284 284 283 283 283 283 283 
161 161 161 159 159 159 159 159 154 154 154 154 156 156 179 179 179 179 177 177 177 177 177 174 174 173 173 173 173 173 227 227 227 228 228 221 221 221 228 233 233 233 233 278 278 278 278 277 277 277 277 274 270 270 270 284 284 284 284 283 283 283 283 286 
161 161 161 160 160 160 160 160 154 154 154 154 153 153 178 178 178 178 178 178 178 174 174 174 174 174 173 173 173 165 165 227 227 228 228 228 228 228 228 233 233 233 278 278 278 276 276 276 277 277 277 274 274 274 274 274 284 284 284 283 283 286 286 286 
161 161 161 160 160 160 160 160 154 154 153 153 153 153 178 178 178 178 178 178 178 174 174 174 174 174 164 165 165 165 165 227 227 228 228 228 226 226 233 233 233 233 278 278 278 276 276 276 277 277 277 274 274 274 274 274 285 285 287 287 287 286 286 286 
161 161 161 160 160 160 160 160 144 144 153 153 153 153 169 169 169 168 168 168 168 168 164 164 164 164 164 165 165 225 225 225 225 228 226 226 226 226 233 233 233 229 229 278 278 278 276 276 275 275 277 275 274 274 274 285 285 285 287 287 287 286 286 286 
151 151 151 152 152 152 152 152 144 144 153 153 153 153 169 169 169 168 168 168 168 168 164 164 164 164 164 165 165 225 225 225 225 225 226 226 226 230 230 230 230 229 229 229 276 276 276 276 275 275 275 275 275 275 285 285 285 285 287 287 287 286 286 286 
151 151 151 152 152 152 152 152 144 144 144 153 145 145 169 169 169 168 168 168 168 168 164 164 164 164 163 163 165 225 225 225 225 225 226 226 226 230 230 230 230 229 229 229 229 128 276 276 275 275 275 275 275 275 285 285 285 285 287 287 287 121 121 121 
151 151 151 152 152 152 152 152 144 144 144 145 145 145 169 169 169 170 170 170 170 170 170 170 163 163 163 163 165 165 225  11  11  11 226 226 226 230 230 230 230 230 230 229 229 128 276 129 129 129 120 120 120 119 119 119 122 122 122 122 122 121 121 121 
151 151 151 150 150 150 150 150 144 144 144 145 145 145 145 169 169 170 170 170 170 170 170 170 163 163 163  12  12  12  12  11  11  11  11 131 131 131 131 130 130 130 130 229 229 128 129 129 129 129 120 120 120 119 119 119 122 122 122 122 122 121 121 121 
148 148 148 150 150 150 150 150 144 144 147 145 145 145 145 167 167 167 170 162 162 162 162 162 163 163 163  12  12  12  12  11  11  11  11 131 131 131 131 130 130 130 130 128 128 128 129 129 129 129 120 120 120 119 119 119 122 122 124 124 124 121 121 121 
148 148 148 148 150 150 150 147 147 147 147 147 147 147 147 167 167 167 166 162 162 162 162 162 163 163   9  12  12  12  12  11  11  11 132 132 131 131 131 130 130 130 130 128 128 128 129 129 129 129 120 120 120 119 119 119 122 122 124 124 124 121 121 121 
148 148 148 148 150 149 150 149 149 146 146 146 147 147 147 167 167 167 166 162 162 162 162 162   9   9   9  12  12  12  10  10  10 132 132 132 133 133 131 130 130 130 128 128 128 126 126 126 126 126 118 118 117 117 117 119 125 125 124 124 124 123 123 123 
148 148 148 148 149 149 149 149 149 146 146 146 147 147 147 167 167 167 166 166 166 166  15  15   9   9   9   9   9  10  10  10  10 132 132 132 133 133 133 134 134 134 128 128 128 126 126 126 126 126 118 118 117 117 117 117 125 125 124 124 124 123 123 123 
 18  18  18  18  20 149 149 149 149 146 146 146 146  27  27 167 167 167 166 166 166 166 166  15  15  15   9   9   9  10  10  10  10 132 132 132 133 133 133 134 134 134 134 127 127 127 126 126 126 126 118 118 118 117 117 117 125 125 124 124 124 123 123 123 
 18  18  18  18  20  20  20  20 146 146 146  27  27  27  27  29  29  29  29 166 166 166 166  15  15  15   9   9   9  13  10  10  10 132 132 133 133 133 133 134 134 134 134 127 127 127 127 141 141 118 118 118 118 117 117 117 125 125 125 125 125 123 123 123 
 18  18  18  18  20  20  20  20  28  28  28  27  27  27  29  29  29  16  16  16  16  16  16  15  15  15  14  14  14  13  13  13  13 138 138 138 138 138 138 134 134 134 134 127 127 127 127 141 141 118 118 118 110 117 112 112 112 125 125 125 125 113 113 113 
 18  18  19  19  20  20  20  20  28  28  28  27  27  27  29  29  29  16  16  16  16  16  16  15  15  14  14  14  14  13  13  13  13 138 138 138 138 138 137 137 140 140 140 140 140 127 127 141 141 110 110 110 110 110 112 112 112 112 112 112 113 113 113 113 
 19  19  19  19  21  20  21  21  21  28  28  27  27  27  29  29  29  16  16  17  17  17  17  17  14  14  14  14  13  13  13   2   2 138 138 138 138 137 137 137 140 140 140 140 140 127 141 141 141 110 110 110 110 110 112 112 112 112 112 112 113 113 113 113 
 19  19  19  21  21  21  21  21  21  28  28  28  35  29  29  30  30  30  30  30  17  17  17  17  14  14  14  14  13  13  13   2   2   2 136 136 137 137 137 137 140 140 140 140 140 127 141 141 141 108 108 108 108 110 111 111 111 114 114 115 115 115 113 113 
 19  19  19  21  21  26  21  21  21  28  28  28  35  35  30  30  30  30  30  30  17  17  17  17   6   6   6   3   3   3   2   2 136 136 136 136 137 137 137 135 135 139 139 139 143 143 141 141 141 143 108 108 108 111 111 111 111 114 114 114 115 115 115 115 
 19  19  19  26  26  26  23  23  23  23  23  35  35  35  30  30  33  33  33   8   8   8  17  17   6   6   6   3   3   3   2   2 136 136 136 136 137 137 137 135 135 139 139 139 143 143 143 143 143 143 108 108 111 111 111 111 114 114 114 114 115 115 115 115 
 25  25  25  26  26  26  23  23  23  23  23  35  35  35  34  34  34  33  33   8   8   8   8   8   6   6   6   3   3   3   2   2 136 136 136 136 136 135 135 135 135 139 139 142 142 142 142 142 143 143 108 109 111 111 111 111 114 114 114 114 115 115 115 115 
 25  25  25  26  26  26  23  23  23  23  23  35  35  35  34  34  34  33  33   8   8   8   8   8   6   6   6   3   3   3   2   0   0   0  77  77  77 135 135 135 139 139 139 142 142 142 142 142 143 143 108 109 109 109 109 109 114 101 101 101 116 116 116 116 
 25  25  25  26  26  26  22  22  22  22  22  35  35  35  34  34  34  33  33  33   7   8   7   7   5   5   5   5   0   0   0   0   0   0  77  77  77  77 135 135 139 139 139 142 142 142 142 142 108 108 108 109 109 109 109 109 114 101 101 101 116 116 116 116 
 25  25  25  24  24  26  22  22  22  22  31  31  31  31  34  34  34  33  33  33   7   7   7   7   5   5   5   5   0   0   0   0   0   0  77  77  77  77 135  76  76  76  74  74  74  74  72  72  72 107 107 109 109 109 109 106 106 101 101 101 116 116 116 116 
 24  24  24  24  24  26  22  22  22  22  31  31  31  31  32  32  32  32  33  33   7   7   7   7   5   5   5   5   1   1   1   1  79  79  77  77  77  77  76  76  76  76  74  74  74  74  72  72  72 107 107 107 107 107 106 106 106 101 101 101 116 116 116 102 
 24  24  24  24  41  41  41  41  22  31  31  31  31  31  32  32  32  32   4   4   7   7   7   7   5   5   5   1   1   1   1   1  79  79  79  79  79  76  76  76  76  74  74  74  72  72  72  72  72 107 107 107 107 107 106 106 106 101 101 101 102 102 102 102 
 24  24  24  24  41  41  41  41  37  37  37  37  36  36  32  32  32  32   4   4   4   4   4   4  58  58  58   1   1   1   1   1  79  79  79  79  79  76  76  76  76  74  74  74  72  72  73  73 105 105 105 105 107 107 106 106 106 100 100 100 102 102 102 102 
 42  42  42  42  41  41  41  41  37  37  37  37  36  36  36  36  62  62  62  62  62   4   4  58  58  58  58  65  65  65  65  65  65  80  80  79  79  78  78  78  78  78  74  75  75  73  73  73 105 105 105 105 103 103 106 106 106 100 100 100  99 102 102 102 
 42  42  42  42  41  41  40  40  40  37  37  37  36  36  36  36  62  62  62  62  62   4   4  58  58  58  58  65  65  65  65  65  65  80  80  80  80  78  78  78  78  78  75  75  75  73  73  73 105 105 105 105 103 103 103 103 103 100 100 100  99 102 102 102 
 42  42  42  42  44  44  40  40  40  37  37  37  36  36  36  36  62  62  62  62  62   4   4  58  58  58  66  66  66  66  66  66  65  80  80  80  80  82  82  78  78  78  75  75  75  73  73  73 105 105  90  90 103 103 103 103 103 100 100 100  99  99  99  99 
 43  43  42  42  44  44  44  40  40  39  39  39  39  39  36  38  38  38  61  61  61  61  61  61  61  59  66  66  66  66  66  66  66  80  80  80  80  82  82  82  78  78  75  75  75  73  73  73  85  85  90  90 104 104 104 104 103 100 100 100  99  99  99  99 
 43  43  43  44  44  44  44  40  40  39  39  39  39  38  38  38  38  38  61  61  61  61  61  61  59  59  59  59  59  64  64  64  63  63  63  63  63  82  82  82  82  82  86  86  75  75  75  85  85  85  90  90 104 104 104 104 103  97  97  97  99  99  99  99 
 43  43  43  44  44  44  44  40  40  39  39  39  39  39  39  38  38  38  38  54  60  60  60  60  59  59  59  59  59  64  64  64  64  63  63  63  63  82  82  82  82  82  86  86  86  86  86  85  85  85  90  90 104 104 104 104  97  97  97  97  99  96  96  96 
 43  43  43  44  44  47  47  40  40  50  50  50  53  53  38  38  38  54  54  54  60  60  60  60  59  59  59  59  64  64  64  64  63  63  63  69  69  69  81  81  81  81  81  81  86  86  86  85  85  85  90  90 104 104 104  91  97  97  97  97  97  96  96  96 
 43  43  46  46  46  46  47  47  40  50  50  50  53  53  53  52  52  54  54  54  60  60  60  60  57  57  57  57  64  64  64  64  63  63  69  69  69  69  81  81  81  81  81  81  86  86  86  85  85  85  90  90  91  91  91  91  97  98  98  97  97  96  96  96 
 46  46  46  46  46  46  47  47  50  50  50  50  53  53  52  52  52  54  54  55  55  55  60  60  57  57  57  57  67  67  67  67  67  67  69  69  69  69  81  81  81  84  84  84  87  87  87  87  87  87  93  93  91  91  91  98  98  98  98  98  98  96  96  96 
 46  46  45  47  47  47  47  47  50  50  50  50  53  53  52  52  52  54  54  55  55  55  56  56  57  57  57  67  67  67  67  67  67  67  69  69  69  69  84  84  84  84  84  84  87  87  87  87  87  87  93  93  91  91  91  92  98  98  98  98  98  95  95  95 
 46  46  45  45  47  47  48  48  50  49  49  49  53  53  52  52  52  54  54  55  55  56  56  56  56  57  57  67  67  70  70  70  70  71  71  71  71  71  84  84  84  84  84  84  87  87  87  89  89  89  93  93  91  91  91  92  92  98  98  94  94  95  95  95 
 45  45  45  45  48  48  48  48  49  49  49  49  53  53  51  52  52  54  54  55  55  56  56  56  56  68  68  68  70  70  70  70  70  71  71  71  83  83  83  83  83  88  88  88  88  88  89  89  89  89  93  93  92  92  92  92  92  92  94  94  94  95  95  95 
 45  45  45  45  48  48  48  48  49  49  49  49  51  51  51  51  51  51  51  55  55  56  56  56  68  68  68  68  68  70  70  70  70  71  71  71  83  83  83  83  83  88  88  88  88  88  89  89  89  93  93  93  93  92  92  92  92  94  94  94  94  95  95  95 
 45  45  45  45  48  48  48  48  49  49  49  49  51  51  51  51  51  51  51  55  55  55  56  56  68  68  68  68  68  68  68  70  70  71  71  71  83  83  83  83  83  88  88  88  88  88  89  89  89  89  93  93  93  92  92  94  94  94  94  94  94  95  95  95 

********************* Start Simulation **********************
********************** End Simulation ***********************
Wed Jan 20 05:52:27 2021	process 0 - Performed 18206720 patch updates in 265.964 seconds.
Wed Jan 20 05:52:27 2021	process 0 - Performed 1193195601920 cell updates in 265.964 seconds.
Wed Jan 20 05:52:27 2021	process 0 - => 4.4863e+09 CellUpdates/s
Wed Jan 20 05:52:27 2021	process 0 - => 1.2113e+12 FlOps/s
