
*************************************************************
Welcome to Pond

Pond Copyright (C) 2012-2018
  Technical University of Munich
  Department of Informatics
  Chair of Scientific Computing

Pond comes with ABSOLUTELY NO WARRANTY.
Pond is free software, and you are welcome to redistribute it
under certain conditions.
Details can be found in the file 'gpl.txt'.
*************************************************************
#### POND Configuration ####
Total Grid Size:          16384x16384 = 268435456 cells. (x*y)
Patch Size:               256x256
Number of checkpoints:    1
File name Prefix:         output/out
Scenario simulation area: {X: 0.000 - 100.000, Y: 0.000 - 100.000}
Cell Size:                0.00610352m * 0.00610352m (dx * dy)
Wed Jan 20 05:34:44 2021	process 0 - Size difference in the size of idx_t and mpi::rank. Copying and casting.
Wed Jan 20 05:34:44 2021	process 0 - 

234 234 234 234 236 236 236 236 243 243 243 243 243 246 246 214 214 214 214 216 216 215 215 215 215 213 213 213 213 341 341 341 341 342 342 342 342 343 343 356 356 356 356 356 354 354 354 326 326 326 328 328 328 328 320 320 320 319 319 324 324 324 324 324 
234 234 235 235 235 236 236 236 243 243 243 245 246 246 246 214 214 216 216 216 216 216 215 215 215 213 213 213 212 212 212 341 341 342 342 342 342 343 343 356 356 356 356 354 354 326 326 326 326 326 328 328 328 330 330 320 320 319 319 324 324 324 324 324 
234 234 234 234 235 236 236 236 243 243 245 245 245 245 246 214 216 216 220 220 220 215 215 211 211 213 213 213 212 212 338 341 341 341 342 339 343 343 343 355 355 355 354 354 354 353 326 326 327 330 328 328 328 330 330 320 320 319 319 319 323 323 323 323 
237 237 237 237 235 235 238 244 244 245 245 245 245 245 246 214 216 220 220 220 220 218 215 211 211 211 211 210 212 212 338 338 341 338 342 339 343 343 343 355 355 355 354 354 353 353 327 327 327 330 330 330 330 330 320 320 320 319 319 319 323 323 323 323 
237 237 239 239 235 235 238 244 244 244 244 244 244 246 246 214 214 220 220 218 218 218 218 218 211 211 211 210 212 212 212 338 338 338 339 339 340 355 355 355 355 352 352 353 353 353 327 327 327 325 334 329 329 329 318 318 318 321 321 321 321 323 323 322 
237 237 239 239 235 235 238 242 242 242 242 244 244 246 240 240 240 240 220 219 218 218 218 218 211 209 210 210 210 210 347 338 339 339 339 340 340 340 351 351 351 352 352 353 353 353 353 327 327 325 334 329 329 329 329 318 318 318 318 321 321 322 322 322 
253 253 239 239 239 254 238 238 242 242 242 241 241 240 240 240 219 219 219 219 217 217 208 209 209 209 210 210 210 210 347 347 347 339 339 340 340 340 351 351 351 352 352 360 360 360 325 325 325 325 334 329 329 335 335 335 335 318 318 318 321 321 322 322 
253 253 239 239 239 254 238 238 242 242 241 241 240 240 240 247 219 219 219 219 217 217 208 208 209 209 209 209 225 225 344 344 347 347 347 340 340 340 351 351 351 363 352 360 360 360 325 325 325 325 334 334 329 335 335 335 335 312 312 312 321 321 322 322 
253 253 253 254 254 254 238 248 242 241 241 241 241 247 247 247 231 231 231 219 217 217 217 208 208 208 208 209 225 225 344 344 347 347 347 362 362 362 362 351 363 363 352 360 360 360 361 361 361 334 334 334 333 335 335 312 312 312 312 312 315 315 317 322 
253 253 253 254 254 254 238 248 248 241 249 249 241 247 247 231 231 230 231 231 231 233 217 217 208 208 208 209 225 225 344 344 349 349 350 348 348 362 362 362 363 363 352 361 361 361 361 336 336 334 334 333 333 333 312 312 314 316 316 315 315 315 317 322 
259 255 255 255 254 254 257 257 248 248 249 249 249 247 247 231 230 230 230 232 231 233 233 217 224 224 225 225 225 225 344 344 349 349 350 348 348 348 362 362 362 363 352 361 361 357 336 336 336 336 336 333 333 333 333 314 314 316 316 315 315 317 317 317 
259 259 259 255 255 257 257 257 248 248 248 249 249 230 247 247 230 232 232 232 232 233 233 224 224 224 226 226 345 345 345 345 345 349 350 350 350 348 348 359 359 363 358 358 361 357 357 337 336 336 336 332 333 333 314 314 331 316 316 315 315 315 317 317 
259 259 259 255 255 257 257 257 248 248 251 249 249 230 230 230 230 232 232 232 232 233 233 224 224 224 226 226 345 345 345 345 345 349 349 350 348 348 348 359 359 363 363 358 357 357 357 337 337 332 332 332 314 314 314 314 331 331 316 316 316 317 317 317 
259 259 255 255 255 257 257 251 251 251 251 251 249 227 227 227 227 229 232 229 233 233 221 224 224 226 226 226 403 403 346 346 346 346 349 350 350 359 359 359 359 358 358 358 392 357 337 337 337 332 337 332 332 331 331 331 331 313 313 313 313 313 313 313 
258 258 258 256 256 256 250 250 250 250 251 251 252 227 252 252 227 229 229 229 233 221 221 221 226 226 226 403 403 403 346 346 346 406 349 349 350 350 394 359 359 358 358 358 392 357 357 380 337 337 337 332 332 332 331 370 370 370 370 313 371 371 371 372 
258 258 258 258 256 256 256 256 250 250 251 251 252 252 252 252 227 229 229 229 228 221 221 221 222 222 222 222 403 403 346 346 406 406 406 406 394 394 394 394 394 358 391 392 392 392 357 380 380 380 380 378 378 378 331 370 370 370 313 313 371 372 372 372 
258 290 258 258 256 256 256 250 250 250 296 295 295 252 252 274 227 229 228 228 228 221 279 221 222 222 222 223 403 403 405 405 406 406 406 407 407 394 394 394 394 391 391 392 392 392 382 380 380 380 379 379 379 378 331 370 370 370 371 371 371 372 372 372 
290 290 290 290 290 290 298 298 250 298 296 296 295 252 274 274 227 229 228 228 228 228 279 221 222 222 223 223 223 403 405 405 405 406 407 407 407 408 395 395 395 391 391 391 391 392 382 380 380 382 379 379 379 378 378 378 378 378 371 371 375 372 372 372 
290 290 290 289 289 291 291 298 298 298 296 296 295 274 274 274 274 273 273 228 228 279 279 281 281 222 223 223 223 223 405 405 405 407 407 408 408 408 395 395 395 395 391 391 391 392 382 382 382 382 379 379 379 379 378 374 374 374 371 375 375 375 375 375 
289 289 289 289 291 291 291 298 298 298 296 296 295 274 274 275 275 273 273 273 273 279 279 285 281 281 280 280 280 223 405 405 404 407 407 408 408 393 395 395 395 390 390 390 390 381 382 382 382 381 377 377 377 377 374 374 374 373 373 373 373 375 375 375 
289 289 289 291 291 291 297 297 298 296 296 296 295 274 275 275 275 275 273 273 279 279 279 285 281 281 281 280 280 280 280 280 404 413 407 408 408 393 393 393 393 390 390 390 381 381 381 381 381 381 384 377 377 377 374 374 374 367 373 373 373 364 375 376 
288 289 288 291 291 292 297 297 297 297 295 295 295 295 275 275 275 278 273 273 276 279 285 285 285 281 281 411 411 280 280 404 404 413 413 408 408 393 393 393 399 399 390 390 402 402 381 381 384 384 384 386 377 377 387 387 374 367 367 373 373 364 376 376 
288 288 288 288 287 292 292 297 297 297 294 294 294 293 293 293 278 278 278 278 276 285 285 285 285 282 282 282 411 411 411 404 404 404 413 413 413 413 393 393 400 399 399 390 402 402 402 402 384 384 386 386 377 387 387 387 367 367 367 373 364 364 376 376 
286 288 288 287 287 292 292 297 294 294 294 294 294 293 293 293 278 278 278 276 276 284 284 284 284 282 282 282 283 411 411 411 411 404 404 413 413 400 400 400 400 399 402 402 402 402 385 385 384 384 386 387 387 387 387 387 367 367 367 364 364 364 376 376 
286 286 288 288 287 287 292 292 292 292 294 311 311 293 293 277 277 278 278 276 276 284 284 284 284 282 282 282 283 410 410 410 411 404 412 412 400 400 400 400 400 399 401 401 401 385 385 385 385 384 386 386 386 368 368 368 368 368 367 364 364 364 376 376 
286 286 286 287 287 287 292 308 308 308 308 311 311 293 277 277 277 270 270 276 265 265 265 284 283 283 283 282 283 410 410 410 410 412 412 412 412 412 412 399 399 399 396 401 401 401 401 401 385 385 386 386 386 388 388 388 388 368 368 365 365 366 366 376 
286 286 286 287 287 301 301 308 308 308 308 311 311 293 269 277 277 277 270 276 276 265 265 284 261 261 283 283 283 409 410 410 415 415 415 414 414 412 412 397 397 397 396 396 396 401 401 383 383 385 385 389 388 388 388 388 369 368 368 368 365 366 366 366 
299 286 300 300 301 301 301 301 308 308 311 311 311 311 269 269 277 277 270 270 276 265 265 261 261 261 262 262 262 409 410 409 409 409 415 414 414 398 398 398 397 397 397 396 396 396 396 383 383 383 389 389 389 389 388 388 369 369 369 365 365 366 366 192 
299 299 300 300 301 301 301 309 309 310 310 310 310 310 269 269 269 270 270 270 268 265 265 261 261 262 262 262 262 409 409 409 409 409 415 415 414 398 398 398 397 398 397 397 396 383 383 383 383 383 389 389 389 187 187 185 369 369 369 365 365 366 366 192 
299 299 300 300 301 300 309 309 309 310 310 310 310 272 269 269 271 270 270 268 268 264 264 264 261 261  84  84 262 262 262  85  85  85 415 415 414 414 414 398 398 398 397 179 396 178 178 180 180 180 180 389 389 187 187 185 369 369 369 365 365 366 192 192 
299 299 299 300 300 300 303 305 309 309 309 309 310 272 269 269 271 271 271 268 268 264 264 264 264 261  84  84  84  84  84  86  86  85 415 415 414 414 170 169 169 169 169 179 179 178 178 180 180 180 186 186 186 187 187 185 185 194 194 194 192 192 192 192 
299 299 303 303 303 303 303 305 306 309 306 306 272 272 272 271 271 271 271 268 264 264 264 260 260 260 260  84  84  84  86  86  86  85 171 171 171 171 170 170 169 169 169 179 179 178 178 180 180 186 186 186 186 187 187 185 185 194 194 194 192 192 191 191 
302 302 303 303 304 304 305 305 306 306 306 306 272 272 272 272 272 271 268 268 263 263 263 260 260 260 260 260 260  86  86  86  85  85 171 171 171 170 170 170 169 169 169 179 179 178 178 181 180 181 186 186 187 187 184 185 185 185 194 194 194 194 191 191 
302 302 303 304 304 305 305 305 307 306 306 307 266 266 266 267 267 271 268 263 263 263 263 263  78  78  78  78  88  88  86  86  85  85 171 171 171 170 170 170 170 174 176 176 179 178 178 181 181 181 186 184 184 184 184 185 188 188 188 188 188 191 191 191 
302 302 303 304 304 305 305 305 307 306 307 307 307 266 267 267 267 267 268 263  83  83  81 263  78  78  78  78  88  88  87  87  87 172 172 172 172 173 173 173 174 174 176 179 179 177 177 181 181 181 181 184 184 182 182 182 182 188 188 193 190 190 190 191 
302 302 304 304   6  11  11 307 307 307 307 266 266 266 267 267 267 267  83  83  83  83  81  81  81  81  78  78  88  88  87  87  87 168 172 172 172 173 173 173 174 174 176 176 176 177 177 181 175 175 175 184 184 182 182 182 188 188 188 193 190 190 190 191 
302 302 304 304   6  11  11  11  19  19  19 266 266 266  20  20  20  21  83  83  83  81  81  81  81  81  80  88  88  90  87  87  87 168 172 172 172 167 173 173 174 174 176 176 177 177 161 175 175 175 195 183 184 182 182 182 193 193 193 193 190 190 190 191 
  8   8   8   6   6  11  11  11  19  19  19  19  20  20  20  20  20  21  83  21  21  21  82  80  80  80  80  88  88  90  90  90  87 168 167 167 167 167 173 173 174 174 176 176 177 161 161 175 175 175 195 183 183 183 183 196 196 193 193 193 193 190 189 189 
  8   8   8   6   6   6  11  11  19  19  25  25  20  22  22  22  22  21  21  21  21  82  82  80  80  80  89  89  89  90  90  90  90 168 167 167 167 163 163 163 163 174 163 177 177 161 161 175 157 195 195 195 197 183 183 183 196 201 201 201 189 189 189 189 
  8   8   8   6   6   6  12  12  19  25  25  25  24  22  22  22  22  22  21  97  82  82  82  82  80  80  89  89  89  89  95  90  90 168 168 167 167 166 166 164 163 163 163 160 177 161 161 161 157 195 195 195 197 183 183 196 196 201 202 202 202 189 189 189 
  8   7   7   7  12  12  12   9   9  25  25  25  24  24  23  23  23  23  97  97  97  82  82  82  79  79  89  89  96  96  95  95  95 168 168 168 168 166 166 164 163 163 160 160 160 156 161 161 157 157 157 195 197 197 197 196 196 201 202 202 202 202 202 203 
  7   7   7   7   7  12  12   9   9   9  25  25  24  24  24  23  23  23  97  97  97 101 101  79  79  79  79  89  96  96  95  95 165 165 165 166 166 166 162 164 164 164 160 160 160 156 156 156 157 157 198 195 197 200 197 196 196 201 201 203 203 202 202 203 
  0   7  10  10  10  10  12   9   9  15  15  15  24  24  24  23  23  23  97  97  97 101 101 101  79  79  79 100  96  96  96  95 165 165 165 166 166 166 162 164 164 164 160 160 160 156 156 157 157 157 198 198 197 200 200 196 205 205 201 203 203 203 203 203 
  0   7  10  10  10  10  12   9   9  15  15  15  16  16  16  16  16  98  98  98  98 101 101 101 100 100 100 100  96  96  94  95  95 165 165 165 165 162 162 162 162 164 159 159 159 156 156 198 198 198 198 198 197 200 200 205 205 205 201 203 206 206 206 206 
  0   0  10   0   4  10   4   9   4   4  15  15  14  16  16  16  16  98  98  98  98 101 101 103 100 100  92 100 100  96  94  91  91 146 146 147 147 162 162 162 162 164 159 159 154 156 156 158 158 158 158 198 197 200 200 200 205 205 201 204 206 206 206 206 
  0   0   0   0   4   4   4   4   4   4  15  15  14  14  16  18  18  18  18  98  98 103 103 103 103 103  92  94  94  94  94  91 146 146 146 147 147 147 150 150 150 150 159 159 154 154 158 158 158 158 158 198 112 200 200 205 205 204 204 204 206 206 207 207 
  0   2   2   2   2   2   2   5   5  14  14  14  14  17  17  18  18  18  18  99  63 103 103 102 102 102  92  94  94  94  94  91 146 146 146 147 147 147 150 150 150 150 159 159 154 155 155 155 110 158 112 112 112 199 199 199 204 204 204 204 204 204 207 207 
  2   2   2   1   3   3   5   5   5   5  14  14  14  17  17  17  18  18  99  99  63 103 103 102 102 102  92  92  92  92  91  91  91 146 146 147 147 151 151 151 150 150 151 154 154 155 155 110 110 110 112 112 199 199 199 199 199 199 199 207 207 207 207 207 
 38   2   1   1   3   3   3   5   5   5  50  17  17  17  17  17  47  47  99  99  63  63  63  63 102 102 102  92  92  92  91  91  91 143 143 148 148 148 148 151 151 151 151 154 154 155 155 110 110 110 112 112 111 111 111 104 104 106 106 106 106 207 105 105 
 38  38   1   1   3   3   3  32  32  32  50  13  13  13  13  13  47  47  99  99  99  63  63  63  93  93  93  93  93  93  93 143 143 143 143 148 148 148 148 149 149 151 151 154 154 155 155 110 110 113 112 112 111 111 104 104 104 104 106 106 106 105 105 105 
 38  38   1   1   1   3   3  32  32  32  50  51  13  13  13  13  47  47  99  99  64  64  63  61  61  67  67  67  67  93  93  65 143 145 143 148 148 144 144 149 149 149 153 153 153 152 152 152 136 113 113 111 111 115 115 104 104 107 106 106 106 105 105 105 
 38  38  35   1  37  34  34  32  32  32  50  51  51  51  51  13  47  47  47  64  64  64  64  61  61  61  67  67  67  93  65  65  65 145 143 144 144 144 144 144 149 149 153 153 153 152 152 152 136 113 113 113 111 115 115 104 104 107 107 109 109 109 105 105 
 38  38  35   1  37  34  34  34  34  50  50  51  51  51  46  46  46  46  47  64  64  64  64  61  61  61  67  67  66  66  65  65  65 145 143 144 145 144 144 149 149 149 153 153 153 153 152 152 136 136 113 113 111 115 115 107 107 107 107 108 108 109 109 109 
 38  35  35  37  37  34  34  34  34  50  50  49  51  51  46  46  46  46  46  62  62  60  60  59  59  61  61  67  66  66  65  65  65 145 145 145 145 140 140 140 140 139 139 139 139 137 138 152 136 136 113 113 115 115 115 107 107 107 108 108 108 108 109 109 
 35  35  35  35  37  37  33  33  33  50  50  49  49  48  48  45  45  45  45  62  62  60  60  59  59  59  66  66  66  66  70  70  70 145  68 145  68 140 140 140 140 139 139 137 137 137 138 152 136 136 114 114 115 116 116 116 126 126 126 126 108 108 109 109 
 35  36  35  36  37  37  33  33  33  49  49  49  49  48  48  45  45  45  62  62  62  60  60  52  59  59  59  66  66  69  69  70  70  68  68  68  68  68  68 140 142 139 139 137 137 137 138 138 138 136 114 114 116 116 116 116 126 126 126 128 128 108 129 129 
 36  36  36  36  37  37  33  29  33  49  49  49  48  48  42  42  42  45  45  62  62  62  60  52  52  59  59  69  69  69  69  70  70  74  74  74 142  68  68 140 142 139 141 141 141 137 138 138 114 136 114 114 116 116 116 120 120 120 126 128 128 108 129 129 
 36  36  36  26  26  26  29  29  33  40  40  40  48  48  42  42  42  45  58  58  60  60  60  52  52  53  53  69  69  69  69  70  74  74  74  75 142 142 142 142 142 139 141 141 137 137 138 138 114 114 114 121 121 121 120 120 120 120 126 128 128 128 129 129 
 27  27  36  26  29  29  29  29  29  40  40  40  48  48  42  42  58  58  58  58  55  55  52  52  52  53  53  53  71  71  71  70  76  74  74  75  75  75  75 142 142 134 141 141 141 132 132 138 121 121 121 121 121 121 120 127 127 120 127 128 128 123 129 129 
 27  27  26  26  26  29  29  31  31  40  40  40  41  43  43  42  58  58  58  58  55  55  53  53  53  53  53  71  71  71  71  70  76  74  75  75 133 133 133 133 134 134 134 141 141 132 131 131 121 118 118 118 122 122 122 127 127 127 127 123 123 123 129 129 
 27  28  26  26  26  31  31  31  31  40  41  41  41  43  43  44  44  44  57  57  55  55  55  55  55  55  73  73  71  71  71  72  76  76  75  75  75 133 133 134 134 134 134 132 132 132 131 131 131 118 118 122 122 122 122 127 127 127 124 124 124 123 123 123 
 27  28  28  28  30  30  30  30  31  41  41  41  41  43  43  44  44  44  57  57  56  56  56  56  54  54  54  73  73  73  72  72  76  76  76  76  76 133 133 134 134 135 135 132 132 132 131 130 131 118 118 122 122 119 117 124 124 124 124 124 124 123 123 123 
 27  27  28  28  28  30  30  30  31  41  39  39  39  39  43  44  44  44  57  57  56  56  56  54  54  54  54  73  73  72  72  72  72  77  77  77  76 133 133 135 135 135 135 132 130 130 130 130 131 118 118 118 119 119 117 124 117 117 117 125 125 125 125 125 
 27  27  28  28  28  30  30  30  31  41  39  39  39  39  43  43  57  57  57  57  56  56  56  54  54  54  73  73  73  72  72  72  77  77  77  77  77  77  77 135 135 135 135 130 130 130 130 131 131 119 119 119 119 119 117 117 117 117 117 125 125 125 125 125 

********************* Start Simulation **********************
[Rank  316]: Error 11 (Resource temporarily unavailable) at (GPI2_SN.c:915):Failed to read from peer (1).
[Rank  317]: Error 11 (Resource temporarily unavailable) at (GPI2_SN.c:915):Failed to read from peer (2).
GASPI Logger (v1.1)
[i22r05c04s05: 316:4] Assertions failed in /dss/dsshome1/lxc06/ga53qud2/actor-gpi-v2/src/actorlib/utils/gpi_utils.hpp[46]:-1
[i22r05c04s05: 317:5] Assertions failed in /dss/dsshome1/lxc06/ga53qud2/actor-gpi-v2/src/actorlib/utils/gpi_utils.hpp[46]:-1
[i22r05c04s05: 317:5] Error string: general error
[i22r05c04s05: 316:4] Error string: general error
[Rank  318]: Error at (GPI2_SN.c:915):Failed to read from peer (3).
[i22r05c04s05: 320:8] Assertions failed in /dss/dsshome1/lxc06/ga53qud2/actor-gpi-v2/src/actorlib/utils/gpi_utils.hpp[46]:-1
[i22r05c04s05: 319:7] Assertions failed in /dss/dsshome1/lxc06/ga53qud2/actor-gpi-v2/src/actorlib/utils/gpi_utils.hpp[46]:-1
[i22r05c04s05: 318:6] Assertions failed in /dss/dsshome1/lxc06/ga53qud2/actor-gpi-v2/src/actorlib/utils/gpi_utils.hpp[46]:-1
[i22r05c04s05: 321:9] Assertions failed in /dss/dsshome1/lxc06/ga53qud2/actor-gpi-v2/src/actorlib/utils/gpi_utils.hpp[46]:-1
[Rank  319]: Error 11 (Resource temporarily unavailable) at (GPI2_SN.c:915):Failed to read from peer (4).
[Rank  320]: Error 11 (Resource temporarily unavailable) at (GPI2_SN.c:915):Failed to read from peer (5).
[Rank  321]: Error 11 (Resource temporarily unavailable) at (GPI2_SN.c:915):Failed to read from peer (6).
[Rank  322]: Error 11 (Resource temporarily unavailable) at (GPI2_SN.c:915):Failed to read from peer (7).
[Rank  323]: Error 11 (Resource temporarily unavailable) at (GPI2_SN.c:915):Failed to read from peer (8).
[i22r05c04s05: 319:7] Error string: general error
[i22r05c04s05: 322:10] Assertions failed in /dss/dsshome1/lxc06/ga53qud2/actor-gpi-v2/src/actorlib/utils/gpi_utils.hpp[46]:-1
[i22r05c04s05: 318:6] Error string: general error
[i22r05c04s05: 320:8] Error string: general error
[i22r05c04s05: 321:9] Error string: general error
[i22r05c04s05: 323:11] Assertions failed in /dss/dsshome1/lxc06/ga53qud2/actor-gpi-v2/src/actorlib/utils/gpi_utils.hpp[46]:-1
[i22r05c04s05: 322:10] Error string: general error
[i22r05c04s05: 323:11] Error string: general error
[Rank  135]: Error 32 (Broken pipe) at (GPI2_SN.c:925):Failed to write to peer (1).
[i22r03c01s06: 135:5] Assertions failed in /dss/dsshome1/lxc06/ga53qud2/actor-gpi-v2/src/actorlib/utils/gpi_utils.hpp[46]:-1
[i22r03c01s06: 135:5] Error string: general error
[Rank  134]: Error 32 (Broken pipe) at (GPI2_SN.c:925):Failed to write to peer (2).
[i22r03c01s06: 134:4] Assertions failed in /dss/dsshome1/lxc06/ga53qud2/actor-gpi-v2/src/actorlib/utils/gpi_utils.hpp[46]:-1
[i22r03c01s06: 134:4] Error string: general error
[Rank  207]: Error 104 (Connection reset by peer) at (GPI2_SN.c:925):Failed to write to peer (3).
[i22r03c03s03: 207:12] Assertions failed in /dss/dsshome1/lxc06/ga53qud2/actor-gpi-v2/src/actorlib/utils/gpi_utils.hpp[46]:-1
[i22r03c03s03: 207:12] Error string: general error
[Rank  133]: Error 32 (Broken pipe) at (GPI2_SN.c:925):Failed to write to peer (3).
[i22r03c01s06: 133:3] Assertions failed in /dss/dsshome1/lxc06/ga53qud2/actor-gpi-v2/src/actorlib/utils/gpi_utils.hpp[46]:-1
[i22r03c01s06: 133:3] Error string: general error
[Rank  194]: Error 32 (Broken pipe) at (GPI2_SN.c:925):Failed to write to peer (2).
[i22r03c03s02: 194:12] Assertions failed in /dss/dsshome1/lxc06/ga53qud2/actor-gpi-v2/src/actorlib/utils/gpi_utils.hpp[46]:-1
[i22r03c03s02: 194:12] Error string: general error
[Rank  289]: Error 11 (Resource temporarily unavailable) at (GPI2_SN.c:915):Failed to read from peer (2).
[i22r05c04s03: 289:3] Assertions failed in /dss/dsshome1/lxc06/ga53qud2/actor-gpi-v2/src/actorlib/utils/gpi_utils.hpp[46]:-1
[i22r05c04s03: 289:3] Error string: general error
[Rank  396]: Error at (GPI2_SN.c:915):Failed to read from peer (1).
[Rank  397]: Error 11 (Resource temporarily unavailable) at (GPI2_SN.c:915):Failed to read from peer (2).
[i22r07c02s12: 397:7] Assertions failed in /dss/dsshome1/lxc06/ga53qud2/actor-gpi-v2/src/actorlib/utils/gpi_utils.hpp[46]:-1
[i22r07c02s12: 396:6] Assertions failed in /dss/dsshome1/lxc06/ga53qud2/actor-gpi-v2/src/actorlib/utils/gpi_utils.hpp[46]:-1
[i22r07c02s12: 396:6] Error string: general error
[i22r07c02s12: 397:7] Error string: general error
[Rank  144]: Error 11 (Resource temporarily unavailable) at (GPI2_SN.c:915):Failed to read from peer (1).
[Rank  145]: Error 11 (Resource temporarily unavailable) at (GPI2_SN.c:915):Failed to read from peer (2).
[i22r03c01s07: 144:1] Assertions failed in /dss/dsshome1/lxc06/ga53qud2/actor-gpi-v2/src/actorlib/utils/gpi_utils.hpp[46]:-1
[i22r03c01s07: 145:2] Assertions failed in /dss/dsshome1/lxc06/ga53qud2/actor-gpi-v2/src/actorlib/utils/gpi_utils.hpp[46]:-1
[i22r03c01s07: 144:1] Error string: general error
[i22r03c01s07: 145:2] Error string: general error
[Rank  132]: Error 32 (Broken pipe) at (GPI2_SN.c:925):Failed to write to peer (4).
[Rank  131]: Error 32 (Broken pipe) at (GPI2_SN.c:925):Failed to write to peer (5).
[i22r03c01s06: 131:1] Assertions failed in /dss/dsshome1/lxc06/ga53qud2/actor-gpi-v2/src/actorlib/utils/gpi_utils.hpp[46]:-1
[i22r03c01s06: 132:2] Assertions failed in /dss/dsshome1/lxc06/ga53qud2/actor-gpi-v2/src/actorlib/utils/gpi_utils.hpp[46]:-1
[i22r03c01s06: 131:1] Error string: general error
[i22r03c01s06: 132:2] Error string: general error
[Rank  290]: Error at (GPI2_SN.c:915):Failed to read from peer (3).
[Rank  291]: Error 11 (Resource temporarily unavailable) at (GPI2_SN.c:915):Failed to read from peer (4).
[Rank  292]: Error 11 (Resource temporarily unavailable) at (GPI2_SN.c:915):Failed to read from peer (5).
[Rank  293]: Error 11 (Resource temporarily unavailable) at (GPI2_SN.c:915):Failed to read from peer (6).
[Rank  294]: Error 11 (Resource temporarily unavailable) at (GPI2_SN.c:915):Failed to read from peer (7).
[Rank  295]: Error 11 (Resource temporarily unavailable) at (GPI2_SN.c:915):Failed to read from peer (8).
[i22r05c04s03: 293:7] Assertions failed in /dss/dsshome1/lxc06/ga53qud2/actor-gpi-v2/src/actorlib/utils/gpi_utils.hpp[46]:-1
[Rank  296]: Error 11 (Resource temporarily unavailable) at (GPI2_SN.c:915):Failed to read from peer (9).
[i22r05c04s03: 294:8] Assertions failed in /dss/dsshome1/lxc06/ga53qud2/actor-gpi-v2/src/actorlib/utils/gpi_utils.hpp[46]:-1
[Rank  297]: Error 11 (Resource temporarily unavailable) at (GPI2_SN.c:915):Failed to read from peer (10).
[i22r05c04s03: 295:9] Assertions failed in /dss/dsshome1/lxc06/ga53qud2/actor-gpi-v2/src/actorlib/utils/gpi_utils.hpp[46]:-1
[i22r05c04s03: 292:6] Assertions failed in /dss/dsshome1/lxc06/ga53qud2/actor-gpi-v2/src/actorlib/utils/gpi_utils.hpp[46]:-1
[i22r05c04s03: 291:5] Assertions failed in /dss/dsshome1/lxc06/ga53qud2/actor-gpi-v2/src/actorlib/utils/gpi_utils.hpp[46]:-1
[i22r05c04s03: 290:4] Assertions failed in /dss/dsshome1/lxc06/ga53qud2/actor-gpi-v2/src/actorlib/utils/gpi_utils.hpp[46]:-1
[i22r05c04s03: 293:7] Error string: general error
[i22r05c04s03: 296:10] Assertions failed in /dss/dsshome1/lxc06/ga53qud2/actor-gpi-v2/src/actorlib/utils/gpi_utils.hpp[46]:-1
[i22r05c04s03: 291:5] Error string: general error
[i22r05c04s03: 292:6] Error string: general error
[i22r05c04s03: 295:9] Error string: general error
[i22r05c04s03: 294:8] Error string: general error
[i22r05c04s03: 297:11] Assertions failed in /dss/dsshome1/lxc06/ga53qud2/actor-gpi-v2/src/actorlib/utils/gpi_utils.hpp[46]:-1
[i22r05c04s03: 290:4] Error string: general error
[i22r05c04s03: 296:10] Error string: general error
[i22r05c04s03: 297:11] Error string: general error
[Rank  130]: Error 11 (Resource temporarily unavailable) at (GPI2_SN.c:915):Failed to read from peer (11).
[i22r03c01s06: 130:0] Assertions failed in /dss/dsshome1/lxc06/ga53qud2/actor-gpi-v2/src/actorlib/utils/gpi_utils.hpp[46]:-1
[i22r03c01s06: 130:0] Error string: general error

===================================================================================
=   BAD TERMINATION OF ONE OF YOUR APPLICATION PROCESSES
=   RANK 136 PID 8976 RUNNING AT i22r03c01s06
=   KILLED BY SIGNAL: 9 (Killed)
===================================================================================

===================================================================================
=   BAD TERMINATION OF ONE OF YOUR APPLICATION PROCESSES
=   RANK 65 PID 43249 RUNNING AT i22r01c02s12
=   KILLED BY SIGNAL: 9 (Killed)
===================================================================================

===================================================================================
=   BAD TERMINATION OF ONE OF YOUR APPLICATION PROCESSES
=   RANK 66 PID 43250 RUNNING AT i22r01c02s12
=   KILLED BY SIGNAL: 9 (Killed)
===================================================================================

===================================================================================
=   BAD TERMINATION OF ONE OF YOUR APPLICATION PROCESSES
=   RANK 67 PID 43251 RUNNING AT i22r01c02s12
=   KILLED BY SIGNAL: 9 (Killed)
===================================================================================

===================================================================================
=   BAD TERMINATION OF ONE OF YOUR APPLICATION PROCESSES
=   RANK 68 PID 43252 RUNNING AT i22r01c02s12
=   KILLED BY SIGNAL: 9 (Killed)
===================================================================================

===================================================================================
=   BAD TERMINATION OF ONE OF YOUR APPLICATION PROCESSES
=   RANK 69 PID 43253 RUNNING AT i22r01c02s12
=   KILLED BY SIGNAL: 9 (Killed)
===================================================================================

===================================================================================
=   BAD TERMINATION OF ONE OF YOUR APPLICATION PROCESSES
=   RANK 70 PID 43254 RUNNING AT i22r01c02s12
=   KILLED BY SIGNAL: 9 (Killed)
===================================================================================

===================================================================================
=   BAD TERMINATION OF ONE OF YOUR APPLICATION PROCESSES
=   RANK 71 PID 43255 RUNNING AT i22r01c02s12
=   KILLED BY SIGNAL: 9 (Killed)
===================================================================================

===================================================================================
=   BAD TERMINATION OF ONE OF YOUR APPLICATION PROCESSES
=   RANK 72 PID 43256 RUNNING AT i22r01c02s12
=   KILLED BY SIGNAL: 9 (Killed)
===================================================================================

===================================================================================
=   BAD TERMINATION OF ONE OF YOUR APPLICATION PROCESSES
=   RANK 73 PID 43257 RUNNING AT i22r01c02s12
=   KILLED BY SIGNAL: 9 (Killed)
===================================================================================

===================================================================================
=   BAD TERMINATION OF ONE OF YOUR APPLICATION PROCESSES
=   RANK 74 PID 43258 RUNNING AT i22r01c02s12
=   KILLED BY SIGNAL: 9 (Killed)
===================================================================================

===================================================================================
=   BAD TERMINATION OF ONE OF YOUR APPLICATION PROCESSES
=   RANK 75 PID 43259 RUNNING AT i22r01c02s12
=   KILLED BY SIGNAL: 9 (Killed)
===================================================================================

===================================================================================
=   BAD TERMINATION OF ONE OF YOUR APPLICATION PROCESSES
=   RANK 76 PID 43260 RUNNING AT i22r01c02s12
=   KILLED BY SIGNAL: 9 (Killed)
===================================================================================

===================================================================================
=   BAD TERMINATION OF ONE OF YOUR APPLICATION PROCESSES
=   RANK 77 PID 43261 RUNNING AT i22r01c02s12
=   KILLED BY SIGNAL: 9 (Killed)
===================================================================================

===================================================================================
=   BAD TERMINATION OF ONE OF YOUR APPLICATION PROCESSES
=   RANK 137 PID 8977 RUNNING AT i22r03c01s06
=   KILLED BY SIGNAL: 9 (Killed)
===================================================================================

===================================================================================
=   BAD TERMINATION OF ONE OF YOUR APPLICATION PROCESSES
=   RANK 138 PID 8978 RUNNING AT i22r03c01s06
=   KILLED BY SIGNAL: 9 (Killed)
===================================================================================

===================================================================================
=   BAD TERMINATION OF ONE OF YOUR APPLICATION PROCESSES
=   RANK 139 PID 8979 RUNNING AT i22r03c01s06
=   KILLED BY SIGNAL: 9 (Killed)
===================================================================================

===================================================================================
=   BAD TERMINATION OF ONE OF YOUR APPLICATION PROCESSES
=   RANK 140 PID 8980 RUNNING AT i22r03c01s06
=   KILLED BY SIGNAL: 9 (Killed)
===================================================================================

===================================================================================
=   BAD TERMINATION OF ONE OF YOUR APPLICATION PROCESSES
=   RANK 141 PID 8981 RUNNING AT i22r03c01s06
=   KILLED BY SIGNAL: 9 (Killed)
===================================================================================

===================================================================================
=   BAD TERMINATION OF ONE OF YOUR APPLICATION PROCESSES
=   RANK 142 PID 8982 RUNNING AT i22r03c01s06
=   KILLED BY SIGNAL: 9 (Killed)
===================================================================================
