
*************************************************************
Welcome to Pond

Pond Copyright (C) 2012-2018
  Technical University of Munich
  Department of Informatics
  Chair of Scientific Computing

Pond comes with ABSOLUTELY NO WARRANTY.
Pond is free software, and you are welcome to redistribute it
under certain conditions.
Details can be found in the file 'gpl.txt'.
*************************************************************
#### POND Configuration ####
Total Grid Size:          16384x16384 = 268435456 cells. (x*y)
Patch Size:               256x256
Number of checkpoints:    1
File name Prefix:         output/out
Scenario simulation area: {X: 0.000 - 100.000, Y: 0.000 - 100.000}
Cell Size:                0.00610352m * 0.00610352m (dx * dy)
Wed Jan 20 05:41:31 2021	process 0 - Size difference in the size of idx_t and mpi::rank. Copying and casting.
Wed Jan 20 05:41:31 2021	process 0 - 

228 228 228 228 228 227 227 227 227 223 223 223 222 222 222 222 222 222 246 246 246 246 250 250 250 251 251 251 251 346 346 346 346 350 350 350 335 335 335 335 336 336 336 336 337 337 265 265 265 265 266 266 266 266 280 280 280 280 280 285 285 285 285 284 
228 228 228 228 228 227 227 226 226 223 223 224 224 222 222 222 222 245 245 245 246 246 250 250 252 251 251 251 251 346 346 346 346 350 350 350 350 350 335 335 336 336 336 336 337 337 265 265 265 265 266 266 268 266 280 280 280 280 282 285 285 284 284 284 
228 229 229 228 227 227 226 226 226 223 223 224 224 224 224 222 245 245 245 246 246 246 250 250 252 252 252 251 251 346 346 346 346 350 350 351 351 351 351 335 335 336 336 336 337 337 265 265 265 265 266 268 268 266 280 280 280 282 282 285 285 284 284 284 
229 229 229 227 227 226 226 226 226 223 223 223 224 224 224 222 245 244 244 246 246 246 250 250 250 252 252 251 251 348 348 348 348 350 350 351 351 351 338 335 335 335 335 337 337 337 264 264 264 264 268 268 268 266 282 282 282 282 282 285 285 284 284 284 
229 229 229 227 227 226 225 225 221 221 223 223 224 224 224 245 245 245 244 244 244 244 250 250 252 252 249 249 348 348 348 348 347 347 347 351 351 351 338 338 338 339 339 339 339 337 264 264 264 264 268 268 267 267 267 267 282 282 282 285 285 283 283 284 
229 229 230 230 230 225 225 225 225 221 221 221 220 220 220 220 242 245 244 244 244 244 248 248 252 252 249 249 348 348 348 348 347 347 347 349 349 351 338 338 338 339 339 339 339 337 264 264 264 264 268 268 267 267 267 267 281 281 281 281 283 283 283 283 
229 229 230 230 230 225 225 225 221 221 221 221 220 220 220 220 242 245 242 242 244 244 248 248 252 249 249 247 247 342 342 342 347 347 347 349 349 349 349 338 338 339 339 339 339 340 270 270 270 271 268 268 271 267 267 267 281 281 281 281 283 283 283 283 
233 233 230 230 230 225 238 225 238 238 221 221 220 220 220 220 242 242 242 242 243 243 248 248 252 249 249 247 247 247 342 342 347 347 347 349 349 349 349 338 340 340 340 340 340 340 270 270 270 271 271 271 271 269 269 267 281 281 281 281 283 283 275 275 
233 233 230 230 234 234 238 225 238 238 238 221 236 236 259 259 242 242 242 242 243 243 248 248 248 249 249 247 247 247 342 342 342 341 341 349 331 331 338 338 331 340 340 340 340 340 270 270 270 270 271 271 271 269 269 278 278 279 279 279 275 275 275 275 
233 233 233 233 234 234 238 238 238 238 236 236 236 259 259 259 259 260 260 243 243 243 243 248 248 248 249 257 247 247 342 342 341 341 341 349 331 331 331 331 331 333 332 332 332 332 272 272 272 270 271 271 269 269 269 278 278 279 279 279 275 275 275 275 
233 233 233 233 234 234 237 237 236 236 236 236 236 259 259 259 260 260 260 243 243 243 243 255 255 255 255 257 247 247 342 342 341 341 341 345 345 331 331 331 333 333 332 332 332 332 272 272 272 273 273 273 269 269 269 278 278 278 278 279 279 279 275 275 
235 235 235 235 234 234 237 237 237 237 237 239 236 236 259 259 260 260 260 258 258 258 255 255 255 255 255 257 343 343 343 343 343 341 341 345 345 330 330 331 333 333 332 332 332 272 272 272 272 273 273 273 274 274 274 274 278 278 278 279 279 279 276 276 
232 235 235 235 234 234 237 237 237 237 237 239 239 239 261 260 260 260 260 258 258 258 255 256 256 256 256 257 257 343 343 343 343 345 345 345 345 330 330 330 333 333 332 334 334 334 334 272 272 273 273 273 274 274 274 274 277 277 277 277 277 277 276 276 
232 235 235 235 231 231 231 241 241 241 241 239 239 261 261 263 263 263 258 258 258 254 255 256 256 256 257 257 257 314 343 343 343 344 345 345 345 330 330 330 330 333 333 334 334 334 334 334 334 273 273 273 274 274 274 274 277 277 277 277 277 276 276 276 
232 235 235 231 231 231 231 241 241 241 239 239 239 239 261 263 263 263 258 258 258 254 254 256 256 256 257 257 257 314 314 344 344 344 344 316 316 316 316 330 330 333 333 334 334 293 293 293 293 293 293 295 295 295 295 288 288 288 288 277 276 276 276 289 
232 232 232 232 231 231 231 241 241 241 239 240 240 240 261 261 263 263 262 262 262 254 254 254 254 253 253 253 314 314 314 344 344 344 344 316 316 316 319 319 319 319 320 320 320 293 293 293 292 292 296 296 295 295 295 295 287 288 288 288 288 288 289 289 
232 232 232 232 231 219 219 219 241 241 239 240 240 240 261 263 263 263 262 262 262 262 254 254 254 253 253 253 253 253 314 344 344 344 315 316 316 316 319 319 319 319 320 320 320 293 293 293 292 292 296 296 295 295 295 287 287 287 287 288 288 289 289 289 
232 218 218 218 218 219 219 219 211 240 240 240 261 261 261 263 181 181 262 262 262 262 254 254 176 176 253 253 253 253 314 315 315 315 315 316 316 321 321 321 319 319 323 320 320 320 320 292 292 292 296 296 296 296 295 286 287 287 287 287 288 289 289 289 
217 217 218 218 218 219 219 219 211 211 240 240 184 184 184 184 181 181 262 181 181 176 176 176 176 176 176 177 177 177 314 314 315 315 315 317 317 321 321 321 323 323 323 320 320 322 322 292 292 292 296 296 294 296 296 286 287 286 287 287 290 290 289 289 
217 217 217 218 218 219 219 219 211 211 211 211 184 184 184 185 185 181 181 181 181 176 176 179 179 176 176 177 177 177 313 314 314 315 315 317 317 317 321 321 321 323 323 322 322 322 322 292 292 294 294 294 294 294 286 286 286 286 286 286 290 290 290 289 
217 217 217 218 218 218 212 212 212 211 211 211 184 184 184 185 185 185 181 181 185 182 179 179 179 179 179 177 177 177 313 313 318 318 318 317 317 317 321 321 323 323 323 322 322 322 322 291 291 291 291 291 294 294 294 294 286 286 286 290 290 290 290 290 
217 217 217 215 215 215 212 212 212 211 211 213 213 213 184 185 185 185 185 185 185 182 179 179 179 179 178 177 177 178 313 318 318 318 318 317 317 317 325 325 323 323 323 322 322 324 291 291 291 291 291 291 291 294 294 302 302 302 302 306 306 306 290 290 
216 216 216 215 215 215 215 212 212 212 213 213 213 213 184 186 186 186 183 183 183 182 182 182 182 182 178 178 178 178 313 313 318 318 318 308 308 308 325 325 326 326 326 326 324 324 324 300 300 300 299 299 299 299 299 302 302 302 302 306 306 306 307 307 
216 216 216 215 215 215 215 198 212 212 213 213 213 213 209 186 186 186 183 183 183 182 182 182 182 182 178 178 178 178 313 313 311 311 311 308 308 308 308 325 326 326 326 326 324 324 324 301 301 300 300 299 299 299 299 302 302 302 302 306 306 306 307 307 
216 216 216 214 214 198 198 198 212 210 210 209 209 209 209 186 186 186 183 183 183 180 180 180 180 180 178 312 312 312 313 313 311 311 311 308 308 308 308 325 326 326 326 326 324 324 301 301 301 300 300 300 299 299 299 304 304 304 303 306 306 306 307 307 
216 216 216 214 214 198 198 198 210 210 210 209 209 209 209 186 186 197 183 183 183 180 180 180 180 180 178 312 312 312 312 313 311 311 311 309 309 309 325 325 325 325 328 328 324 324 301 301 301 300 300 300 300 297 297 304 304 304 303 303 307 307 307 307 
205 205 214 214 198 198 198 198 210 210 210 209 209 196 196 196 186 197 197 197 197 189 189 180 180 191 191 312 312 312 312 313 311 311 311 309 309 309 309 329 329 325 328 328 324 327 327 301 301 298 298 298 297 297 297 304 304 304 304 303 305 305 305 305 
205 205 214 214 206 206 206 198 210 210 199 199 209 196 196 196 196 197 197 197 197 189 189 191 191 191 191 190 190 190 190 310 310 310 310 309 310 309 309 329 329 329 328 328 327 327 327 301 301 298 298 298 297 297 297 304 304 303 303 303 305 305 305 305 
205 205 214 214 206 206 206 206 210 199 199 199 199 199 196 196 196 197 197 195 195 189 189 189 189 189 191 190 190 190 190 310 310 310 310 310 310 309 309 329 329 328 328 328 327 327 327 298 298 298 298 297 297 297 297 303 303 303 159 159 305 162 162 162 
205 205 205 214 204 206 206 206 210 199 199 199 199 193 193 196 195 195 195 195 189 189 189 191 191 191 191 190 190  49 190 190 310  51  51 132 132 329 329 329 329 329 328 328 327 327 141 298 298 154 154 154 154 155 155 303 303 159 159 159 305 162 162 162 
205 205 205 204 204 206 207 207 202 202 201 201 201 193 193 195 195 195 195 195 195 188 187 187 187 187  49  49  49  49  49  50  50  51  51 132 132 132 132 133 133 133 133 328 327 327 141 141 141 154 154 154 154 155 155 155 155 159 159 159 159 162 162 162 
204 204 204 204 207 206 207 207 202 202 201 201 201 193 193 193 192 192 192 192 192 188 188 187 187 187  49  49  49  50  50  50  51  51  51 132 132 132 133 133 133 133 142 141 141 141 141 141 141 154 154 154 155 155 155 155 155 159 159 161 159 162 162 162 
204 204 204 203 207 207 207 207 202 202 201 201 201 193 193 193 192 192 192 192 192 188 188 188 187 187 187 187  49  50  50  50  51  51  51 132 132 132 133 133 133 133 142 142 142 142 140 141 141 158 158 158 155 157 157 161 161 161 161 161 163 163 163 163 
203 203 203 203 208 207 207 207 202 200 201 201 201 193 194 194 194 194 194 192 192 188 188 188 187  47  47  47  49  50  50  50  54  54  51  54 135 135 135 135 139 139 142 142 142 142 140 140 140 158 158 157 157 157 157 161 161 160 160 161 163 163 163 163 
203 203 203 203 208 208 208 202 202 200 200 200 200 200 194 194 194 194 194  46  46 188 188 188  47  47  47  47  47  50  54  54  54  54  54  54 135 135 135 135 139 139 139 142 142 142 140 140 140 140 158 158 158 157 157 161 161 161 160 160 163 163 163 163 
203   2 203 208 208 208 208 202 202 200 200  13 200 200  13 194  12  12  46  46  46  48  48  48  48  47  47  52  52  52  52  54  54  54 134 134 134 135 135 135 139 139 139 138 138 137 140 140 140 140 158 158 158 156 157 157 160 160 160 160 164 164 164 164 
203   2   2 208 208 208 208 202   1   1   1  13  13  13  13 194  12  12  46  46  46  48  48  48  48  47  47  52  52  52  52  53  53 134 134 134 134 134 136 136 139 139 139 138 138 137 137 137 137 156 156 156 156 156 157 160 160 160 160 164 164 164 164 166 
  2   2   2   1   1   1   1   1   1   1  13  13  13  13  13  12  12  12  12  46  46  48  48  44  45  45  45  45  52  52  52  53  53  53 134 134 134 148 136 136 136 136 138 138 138 137 137 137 137 156 156 156 156 156 156 174 174 174 165 165 165 164 164 166 
  2   2   2   1   1   4   4   0   0  15  15  14  14  14  13  12  12  12  12  46  46  48  48  44  44  45  45  45  52  53  53  53  53  53 150 150 150 148 148 136 136 136 138 138 138 137 145 145 145 170 170 170 175 175 174 174 174 174 165 165 165 164 166 166 
  2   2   4   4   4   4   0   0   0  15  15  14  14  14  20  11  11  11  11  59  59  44  44  44  44  45  45  45  53  53  61  61  61 150 150 150 150 148 148 136 136 143 143 138 138 137 145 145 145 170 170 170 175 175 175 174 174 174 165 165 165 166 166 166 
  3   3   4   4   4   4   0   0  15  15  15  15  14  14  20  11  11  11  59  59  59  44  44  44  57  45  45  60  60  61  61  61  61 150 149 150 150 152 148 148 148 148 143 143 143 143 145 145 145 170 170 170 170 170 175 174 173 167 165 165 165 166 166 166 
  3   3   4   4   0   0   0  15  15  15  15  16  14  14  20  11  11  11  59  59  44  44  57  57  57  60  60  60  60  61  61  61 149 150 149 149 150 152 148 148 148 144 143 143 143 143 145 145 145 171 171 170 171 175 175 175 173 167 167 167 168 168 166 166 
  3   3   3   3   0   0   9   9   9   9   9  16  14  14  20  11  11  21  21  59  59  59  59  57  57  57  60  60  60  62  61  61 149 149 149 149 152 152 144 144 144 144 143 143 147 147 146 146 146 171 171 171 171 175 175 175 173 167 167 167 167 168 168 168 
  3   3   5   5   5   5   9   9   9   9   9  16  16  20  20  20  21  21  21  58  58  58  58  57  57  57  57  60  60  62  62  62  62 149 149 149 152 152 144 144 144 144 144 147 147 147 146 146 146 171 171 171 171 172 173 173 173 167 167 167 167 169 168 168 
  3   5   5   5   5  10  10  10  10   9  18  16  16  20  20  20  21  21  21  58  58  58  58  58  58  57  65  65  60  62  62  62  62 151 151 151 152 152 153 153 153 144 144 147 147 147 146 146 146 172 172 172 172 172 173 173 173 169 169 169 169 169 168 168 
  3   5   5   5   5  10  10  10  18   9  18  16  16  16  20  20  21  21  21  56  56  56  56  58  55  65  65  65  65  65  62  62  62 151 151 151 152 152 153 153 153 153 153 147 147 147 146 146 146 172 172 172 172 172 173 173 102 102 169 169 169 169 168 168 
  6   6   6   7   7  10  10  10  18  18  18  16  16  16  17  19  19  19  21  56  56  55  55  58  55  65  65  65  65  65  63  63  63 151 151 151 113 113 113 112 153 153 153 118 118 118 118 118 118 106 106 106 106 105 105 104 104 102 102 102 169 169 103 103 
  6   6   6   7   7   8   8  10  10   8  18  17  17  17  17  19  19  19  19  56  55  55  55  55  55  64  64  64  80  63  63  63  63 151 151 151 113 112 112 112 153 115 115 115 115 115 115 118 118 106 106 106 106 105 105 104 104 104 104 102 102 103 103 103 
  6   6   6   7   7   8   8   8   8   8  18  18  17  17  17  17  19  19  19  56  56  56  55  55  64  64  64  64  80  63  63  63  63 114 114 113 113 112 112 112 112 115 115 115 115 115 115 118 118 106 106 105 105 105 105 105 105 104 104 102 102 103 103 103 
  6   6   6   7   7   7   8   8   8   8  18  18  17  17  43  43  43  19  19  56  56  69  70  70  64  64  64  64  80  81  81  81  63 114 114 113 113 112 112 111 112 117 117 117 117 119 119 119 119 119 106 108 109 109 109 109 105 104 104 102 102 102 101 103 
 23  23  23   7   7   7  26  26  26  26  18  38  38  17  43  43  43  43  69  69  69  69  70  70  64  66  66  66  80  81  81  81  81 114 114 114 113 113 113 111 112 117 117 117 117 119 119 119 119 108 106 108 109 109 109 109 105 104 100 101 101 101 101 103 
 23  23  23  25  25  25  26  26  26  26  38  38  38  38  38  43  43  43  69  69  69  69  70  70  66  66  66  66  80  80  80  81  81 114 114 114 111 111 111 111 116 117 117 116 116 119 119 119 108 108 108 108 109 109 109 109  89 100 100 101 101 101 101 103 
 23  23  23  25  25  25  26  26  26  26  38  40  38  38  42  42  42  69  69  68  68  68  70  70  70  66  66  66  80  80  80  81  81 110 114 114 111 111 111 111 116 116 117 116 116 116 120 120 120 120  88 108 108 108 107 107  89 100 100 100 100 101 101 103 
 23  23  23  25  25  25  24  24  40  40  38  40  38  42  42  42  42  42  69  68  68  67  67  67  70  66  66  79  79  80  80  81 110 110 110 110 111 111 110 122 122 116 116 116 116 120 120 120 120 120  88  88 108 107 107 107  89 100 100 100  99  99  99  99 
 22  22  22  25  25  25  24  24  29  40  40  40  40  42  42  42  41  41  71  68  68  68  67  67  70  67  79  79  79  79  78  78  78 110 110 110 110 110 110 122 122 122 126 126 126 120 120 128 127 127  88  88 107 107 107  89  89  89 100 100  99  99  99  99 
 22  22  22  22  24  24  24  29  29  40  40  40  40  41  41  42  41  33  71  71  71  68  68  67  67  67  79  79  79  79  78  78  78  77  77 122 122 122 122 122 122 122 126 126 126 128 128 128 127 127  88  88 107 107  89  89  89  89  99  99  99  93  93  99 
 22  22  27  27  24  24  28  29  29  37  39  39  39  41  41  41  41  33  71  71  71  71  68  67  67  72  72  79  79  78  78  78  78  77  77  77  77 124 124 124 124 121 121 121 126 126 128 128 127 127  88  88 107 107  89  89  95  95  95  94  94  94  93  93 
 22  22  27  27  24  28  28  28  29  37  37  39  39  39  36  41  33  33  33  71  71  71  73  73  73  72  72  72  72  78  78  82  82  77  77  77  77 124 124 124 124 121 121 121 126 126 128 128 127 127  88  88  91  91  91  95  95  95  95  94  94  94  93  93 
 27  27  27  28  28  28  28  28  29  29  37  39  39  39  36  33  33  33  33  74  74  73  73  73  73  72  72  72  72  72  82  82  86  86  85  85  85  85  85 124 124 121 121 121 128 128 128 128 127 127 127  91  91  91  91  95  95  95  95  94  94  94  93  93 
 27  27  27  28  28  28  29  29  29  29  37  36  39  39  36  33  33  33  74  74  74  73  73  73  73  75  75  83  83  82  82  82  86  86  86  85  85  85  85 124 125 125 121 121 130 130 130 130 129 129 127  92  91  91  91  95  96  96  96  94  94  94  93  93 
 27  32  32  32  32  32  30  30  30  37  37  36  36  36  36  34  34  34  74  74  74  76  76  75  75  75  75  83  83  84  82  82  86  86  86  87  85 123 123 124 125 125 125 121 130 130 130 130 129 129 129  92  92  91  91  96  96  96  96  96  98  98  98  98 
 31  31  31  31  32  32  30  30  30  37  37  36  36  36  36  34  34  34  74  74  76  76  76  75  75  75  83  83  84  84  82  82  86  86  86  87  87 123 123 123 125 125 125 131 131 130 130 130 129 129 129  92  92  90  90  90  90  96  96  97  97  98  98  98 
 31  31  31  31  32  32  30  30  30  37  37  35  35  35  35  35  34  34  34  74  76  76  76  75  75  75  83  83  84  84  84  84  86  87  87  87  87 123 123 123 125 125 125 131 131 131 131 130 129 129  92  92  92  90  90  90  90  97  97  97  97  97  98  98 
 31  31  31  32  32  32  30  30  30  35  35  35  35  35  35  35  34  34  34  74  76  76  76  76  83  83  83  83  84  84  84  84  84  87  87  87  87 123 123 123 123 125 131 131 131 131 131 131 129 129  92  92  92  90  90  90  90  97  97  97  97  98  98  98 

********************* Start Simulation **********************
GASPI Logger (v1.1)
[i22r03c01s09: 149:6] Assertions failed in /dss/dsshome1/lxc06/ga53qud2/actor-gpi-v2/src/actorlib/RemoteChannel.hpp[136]:15
[i22r03c01s09: 149:6] Error string: Invalid remote offset
mlx5: i22r03c01s06: got completion with error:
00000000 00000000 00000000 00000000
00000000 00000000 00000000 00000000
00000000 00000000 00000000 00000000
00000000 00008813 100168f7 03ac78d2
[Rank  112]: Error 107 (Transport endpoint is not connected) at (devices/ib/GPI2_IB_IO.c:208):Failed request to 153. Queue 0 might be broken remote access error
[i22r03c01s06: 112:2] Assertions failed in /dss/dsshome1/lxc06/ga53qud2/actor-gpi-v2/src/actorlib/RemoteChannel.hpp[468]:-1
[i22r03c01s06: 112:2] Error string: general error
mlx5: i22r03c01s06: got completion with error:
00000000 00000000 00000000 00000000
00000000 00000000 00000000 00000000
00000000 00000000 00000000 00000000
00000000 00008813 10016651 015f5ad3
[Rank  115]: Error 11 (Resource temporarily unavailable) at (devices/ib/GPI2_IB_IO.c:208):Failed request to 153. Queue 0 might be broken remote access error
[i22r03c01s06: 115:5] Assertions failed in /dss/dsshome1/lxc06/ga53qud2/actor-gpi-v2/src/actorlib/RemoteChannel.hpp[468]:-1
[i22r03c01s06: 115:5] Error string: general error
mlx5: i22r03c01s08: got completion with error:
00000000 00000000 00000000 00000000
00000000 00000000 00000000 00000000
00000000 00000000 00000000 00000000
00000000 00008813 10008eb2 01d13bd3
[Rank  138]: Error 11 (Resource temporarily unavailable) at (devices/ib/GPI2_IB_IO.c:208):Failed request to 143. Queue 0 might be broken remote access error
[i22r03c01s08: 138:6] Assertions failed in /dss/dsshome1/lxc06/ga53qud2/actor-gpi-v2/src/actorlib/RemoteChannel.hpp[115]:-1
[i22r03c01s08: 138:6] Error string: general error
mlx5: i22r03c03s03: got completion with error:
00000000 00000000 00000000 00000000
00000000 00000000 00000000 00000000
00000000 00000000 00000000 00000000
00000000 00008813 1001b17e 030566d3
[Rank  170]: Error 11 (Resource temporarily unavailable) at (devices/ib/GPI2_IB_IO.c:208):Failed request to 145. Queue 0 might be broken remote access error
[i22r03c03s03: 170:5] Assertions failed in /dss/dsshome1/lxc06/ga53qud2/actor-gpi-v2/src/actorlib/RemoteChannel.hpp[468]:-1
[i22r03c03s03: 170:5] Error string: general error
mlx5: i22r03c01s06: got completion with error:
00000000 00000000 00000000 00000000
00000000 00000000 00000000 00000000
00000000 00000000 00000000 00000000
00000000 00008813 10014912 0087abd3
[Rank  116]: Error 11 (Resource temporarily unavailable) at (devices/ib/GPI2_IB_IO.c:208):Failed request to 112. Queue 0 might be broken remote access error
[i22r03c01s06: 116:6] Assertions failed in /dss/dsshome1/lxc06/ga53qud2/actor-gpi-v2/src/actorlib/RemoteChannel.hpp[468]:-1
[i22r03c01s06: 116:6] Error string: general error
mlx5: i22r03c01s06: got completion with error:
00000000 00000000 00000000 00000000
00000000 00000000 00000000 00000000
00000000 00000000 00000000 00000000
00000000 00008813 10014914 010b5ed3
[Rank  119]: Error 11 (Resource temporarily unavailable) at (devices/ib/GPI2_IB_IO.c:208):Failed request to 115. Queue 0 might be broken remote access error
[i22r03c01s06: 119:9] Assertions failed in /dss/dsshome1/lxc06/ga53qud2/actor-gpi-v2/src/actorlib/RemoteChannel.hpp[468]:-1
[i22r03c01s06: 119:9] Error string: general error
mlx5: i22r03c03s02: got completion with error:
00000000 00000000 00000000 00000000
00000000 00000000 00000000 00000000
00000000 00000000 00000000 00000000
00000000 00008813 1000a3ec 02703dd2
[Rank  154]: Error 11 (Resource temporarily unavailable) at (devices/ib/GPI2_IB_IO.c:208):Failed request to 141. Queue 0 might be broken remote access error
[i22r03c03s02: 154:0] Assertions failed in /dss/dsshome1/lxc06/ga53qud2/actor-gpi-v2/src/actorlib/RemoteChannel.hpp[468]:-1
[i22r03c03s02: 154:0] Error string: general error
mlx5: i22r05c04s08: got completion with error:
00000000 00000000 00000000 00000000
00000000 00000000 00000000 00000000
00000000 00000000 00000000 00000000
00000000 00008813 10035ee8 01c334d3
[Rank  298]: Error 11 (Resource temporarily unavailable) at (devices/ib/GPI2_IB_IO.c:208):Failed request to 141. Queue 0 might be broken remote access error
[i22r05c04s08: 298:1] Assertions failed in /dss/dsshome1/lxc06/ga53qud2/actor-gpi-v2/src/actorlib/RemoteChannel.hpp[468]:-1
[i22r05c04s08: 298:1] Error string: general error
mlx5: i22r05c04s09: got completion with error:
00000000 00000000 00000000 00000000
00000000 00000000 00000000 00000000
00000000 00000000 00000000 00000000
00000000 00008813 1001ed4a 01172fd3
[Rank  310]: Error 11 (Resource temporarily unavailable) at (devices/ib/GPI2_IB_IO.c:208):Failed request to 132. Queue 0 might be broken remote access error
mlx5: i22r05c04s10: got completion with error:
00000000 00000000 00000000 00000000
00000000 00000000 00000000 00000000
00000000 00000000 00000000 00000000
00000000 00008813 10017477 01a022d3
[Rank  329]: Error 11 (Resource temporarily unavailable) at (devices/ib/GPI2_IB_IO.c:208):Failed request to 132. Queue 0 might be broken remote access error
[i22r05c04s09: 310:2] Assertions failed in /dss/dsshome1/lxc06/ga53qud2/actor-gpi-v2/src/actorlib/RemoteChannel.hpp[115]:-1
[i22r05c04s10: 329:10] Assertions failed in /dss/dsshome1/lxc06/ga53qud2/actor-gpi-v2/src/actorlib/RemoteChannel.hpp[115]:-1
[i22r05c04s09: 310:2] Error string: general error
[i22r05c04s10: 329:10] Error string: general error
mlx5: i22r05c04s10: got completion with error:
00000000 00000000 00000000 00000000
00000000 00000000 00000000 00000000
00000000 00000000 00000000 00000000
00000000 00008813 10016ff6 008c8fd3
[Rank  328]: Error 11 (Resource temporarily unavailable) at (devices/ib/GPI2_IB_IO.c:208):Failed request to 141. Queue 0 might be broken remote access error
[i22r05c04s10: 328:9] Assertions failed in /dss/dsshome1/lxc06/ga53qud2/actor-gpi-v2/src/actorlib/RemoteChannel.hpp[468]:-1
[i22r05c04s10: 328:9] Error string: general error
mlx5: i22r03c03s02: got completion with error:
00000000 00000000 00000000 00000000
00000000 00000000 00000000 00000000
00000000 00000000 00000000 00000000
00000000 00008813 1000a6b7 008c89d3
[Rank  156]: Error 11 (Resource temporarily unavailable) at (devices/ib/GPI2_IB_IO.c:208):Failed request to 140. Queue 0 might be broken remote access error
[i22r03c03s02: 156:2] Assertions failed in /dss/dsshome1/lxc06/ga53qud2/actor-gpi-v2/src/actorlib/RemoteChannel.hpp[468]:-1
mlx5: i22r05c04s10: got completion with error:
00000000 00000000 00000000 00000000
00000000 00000000 00000000 00000000
00000000 00000000 00000000 00000000
00000000 00008813 10016f71 02b0ebd3
[Rank  327]: Error 11 (Resource temporarily unavailable) at (devices/ib/GPI2_IB_IO.c:208):Failed request to 141. Queue 0 might be broken remote access error
[i22r03c03s02: 156:2] Error string: general error
[i22r05c04s10: 327:8] Assertions failed in /dss/dsshome1/lxc06/ga53qud2/actor-gpi-v2/src/actorlib/RemoteChannel.hpp[468]:-1
[i22r05c04s10: 327:8] Error string: general error
mlx5: i22r02c01s08: got completion with error:
00000000 00000000 00000000 00000000
00000000 00000000 00000000 00000000
00000000 00000000 00000000 00000000
00000000 00008813 10026645 044b5dd3
[Rank  108]: Error 11 (Resource temporarily unavailable) at (devices/ib/GPI2_IB_IO.c:208):Failed request to 119. Queue 0 might be broken remote access error
[i22r02c01s08: 108:9] Assertions failed in /dss/dsshome1/lxc06/ga53qud2/actor-gpi-v2/src/actorlib/RemoteChannel.hpp[468]:-1
[i22r02c01s08: 108:9] Error string: general error
mlx5: i22r03c01s07: got completion with error:
00000000 00000000 00000000 00000000
00000000 00000000 00000000 00000000
00000000 00000000 00000000 00000000
00000000 00008813 10032803 01bfd1d3
[Rank  122]: Error 11 (Resource temporarily unavailable) at (devices/ib/GPI2_IB_IO.c:208):Failed request to 116. Queue 0 might be broken remote access error
[i22r03c01s07: 122:1] Assertions failed in /dss/dsshome1/lxc06/ga53qud2/actor-gpi-v2/src/actorlib/RemoteChannel.hpp[468]:-1
[i22r03c01s07: 122:1] Error string: general error
mlx5: i22r03c03s03: got completion with error:
00000000 00000000 00000000 00000000
00000000 00000000 00000000 00000000
00000000 00000000 00000000 00000000
00000000 00008813 10019ff4 039209d2
[Rank  175]: Error 11 (Resource temporarily unavailable) at (devices/ib/GPI2_IB_IO.c:208):Failed request to 170. Queue 0 might be broken remote access error
[i22r03c03s03: 175:10] Assertions failed in /dss/dsshome1/lxc06/ga53qud2/actor-gpi-v2/src/actorlib/RemoteChannel.hpp[468]:-1
[i22r03c03s03: 175:10] Error string: general error
mlx5: i22r05c04s08: got completion with error:
00000000 00000000 00000000 00000000
00000000 00000000 00000000 00000000
00000000 00000000 00000000 00000000
00000000 00008813 100359ac 012725d3
[Rank  297]: Error 11 (Resource temporarily unavailable) at (devices/ib/GPI2_IB_IO.c:208):Failed request to 154. Queue 0 might be broken remote access error
[i22r05c04s08: 297:0] Assertions failed in /dss/dsshome1/lxc06/ga53qud2/actor-gpi-v2/src/actorlib/RemoteChannel.hpp[115]:-1
[i22r05c04s08: 297:0] Error string: general error
mlx5: i22r03c03s02: got completion with error:
00000000 00000000 00000000 00000000
00000000 00000000 00000000 00000000
00000000 00000000 00000000 00000000
00000000 00008813 080099af 032ff8d2
[Rank  155]: Error 11 (Resource temporarily unavailable) at (devices/ib/GPI2_IB_IO.c:208):Failed request to 154. Queue 0 might be broken remote access error
[i22r03c03s02: 155:1] Assertions failed in /dss/dsshome1/lxc06/ga53qud2/actor-gpi-v2/src/actorlib/RemoteChannel.hpp[342]:-1
[i22r03c03s02: 155:1] Error string: general error
mlx5: i22r05c04s08: got completion with error:
00000000 00000000 00000000 00000000
00000000 00000000 00000000 00000000
00000000 00000000 00000000 00000000
00000000 00008813 100309ae 0259cad3
[Rank  301]: Error 11 (Resource temporarily unavailable) at (devices/ib/GPI2_IB_IO.c:208):Failed request to 298. Queue 0 might be broken remote access error
[i22r05c04s08: 301:4] Assertions failed in /dss/dsshome1/lxc06/ga53qud2/actor-gpi-v2/src/actorlib/RemoteChannel.hpp[115]:-1
[i22r05c04s08: 301:4] Error string: general error
mlx5: i22r05c04s09: got completion with error:
00000000 00000000 00000000 00000000
00000000 00000000 00000000 00000000
00000000 00000000 00000000 00000000
00000000 00008813 10019262 009762d2
[Rank  313]: Error 11 (Resource temporarily unavailable) at (devices/ib/GPI2_IB_IO.c:208):Failed request to 310. Queue 0 might be broken remote access error
mlx5: i22r03c03s05: got completion with error:
00000000 00000000 00000000 00000000
00000000 00000000 00000000 00000000
00000000 00000000 00000000 00000000
00000000 00008813 10005f0e 026cf9d3
[Rank  190]: Error 11 (Resource temporarily unavailable) at (devices/ib/GPI2_IB_IO.c:208):Failed request to 310. Queue 0 might be broken remote access error
[i22r05c04s09: 313:5] Assertions failed in /dss/dsshome1/lxc06/ga53qud2/actor-gpi-v2/src/actorlib/RemoteChannel.hpp[468]:-1
[i22r05c04s09: 313:5] Error string: general error
[i22r03c03s05: 190:3] Assertions failed in /dss/dsshome1/lxc06/ga53qud2/actor-gpi-v2/src/actorlib/RemoteChannel.hpp[468]:-1
[i22r03c03s05: 190:3] Error string: general error
mlx5: i22r05c04s09: got completion with error:
00000000 00000000 00000000 00000000
00000000 00000000 00000000 00000000
00000000 00000000 00000000 00000000
00000000 00008813 100190d8 01ceeed3
[Rank  311]: Error 11 (Resource temporarily unavailable) at (devices/ib/GPI2_IB_IO.c:208):Failed request to 310. Queue 0 might be broken remote access error
[i22r05c04s09: 311:3] Assertions failed in /dss/dsshome1/lxc06/ga53qud2/actor-gpi-v2/src/actorlib/RemoteChannel.hpp[468]:-1
[i22r05c04s09: 311:3] Error string: general error
mlx5: i22r05c04s08: got completion with error:
00000000 00000000 00000000 00000000
00000000 00000000 00000000 00000000
00000000 00000000 00000000 00000000
00000000 00008813 100308c7 01c9c6d2
[Rank  300]: Error 11 (Resource temporarily unavailable) at (devices/ib/GPI2_IB_IO.c:208):Failed request to 298. Queue 0 might be broken remote access error
[i22r05c04s08: 300:3] Assertions failed in /dss/dsshome1/lxc06/ga53qud2/actor-gpi-v2/src/actorlib/RemoteChannel.hpp[468]:-1
[i22r05c04s08: 300:3] Error string: general error
mlx5: i22r03c01s07: got completion with error:
00000000 00000000 00000000 00000000
00000000 00000000 00000000 00000000
00000000 00000000 00000000 00000000
00000000 00008813 100329aa 028702d2
[Rank  128]: Error 107 (Transport endpoint is not connected) at (devices/ib/GPI2_IB_IO.c:208):Failed request to 120. Queue 0 might be broken remote access error
[i22r03c01s07: 128:7] Assertions failed in /dss/dsshome1/lxc06/ga53qud2/actor-gpi-v2/src/actorlib/RemoteChannel.hpp[468]:-1
[i22r03c01s07: 128:7] Error string: general error
mlx5: i22r05c04s08: got completion with error:
00000000 00000000 00000000 00000000
00000000 00000000 00000000 00000000
00000000 00000000 00000000 00000000
00000000 00008813 10035cb7 01b8b2d2
[Rank  303]: Error 107 (Transport endpoint is not connected) at (devices/ib/GPI2_IB_IO.c:208):Failed request to 155. Queue 0 might be broken remote access error
[i22r05c04s08: 303:6] Assertions failed in /dss/dsshome1/lxc06/ga53qud2/actor-gpi-v2/src/actorlib/RemoteChannel.hpp[115]:-1
[i22r05c04s08: 303:6] Error string: general error
mlx5: i22r03c01s07: got completion with error:
00000000 00000000 00000000 00000000
00000000 00000000 00000000 00000000
00000000 00000000 00000000 00000000
00000000 00008813 100328d5 01457dd3
[Rank  127]: Error 11 (Resource temporarily unavailable) at (devices/ib/GPI2_IB_IO.c:208):Failed request to 120. Queue 0 might be broken remote access error
[i22r03c01s07: 127:6] Assertions failed in /dss/dsshome1/lxc06/ga53qud2/actor-gpi-v2/src/actorlib/RemoteChannel.hpp[468]:-1
[i22r03c01s07: 127:6] Error string: general error
mlx5: i22r05c04s09: got completion with error:
00000000 00000000 00000000 00000000
00000000 00000000 00000000 00000000
00000000 00000000 00000000 00000000
00000000 00008813 1001947d 014777d3
mlx5: i22r03c01s07: got completion with error:
00000000 00000000 00000000 00000000
00000000 00000000 00000000 00000000
00000000 00000000 00000000 00000000
00000000 00008813 1003248d 029372d3
[Rank  124]: Error 11 (Resource temporarily unavailable) at (devices/ib/GPI2_IB_IO.c:208):Failed request to 122. Queue 0 might be broken remote access error
[Rank  316]: Error 11 (Resource temporarily unavailable) at (devices/ib/GPI2_IB_IO.c:208):Failed request to 321. Queue 0 might be broken remote access error
[i22r05c04s09: 316:8] Assertions failed in /dss/dsshome1/lxc06/ga53qud2/actor-gpi-v2/src/actorlib/RemoteChannel.hpp[115]:-1
[i22r03c01s07: 124:3] Assertions failed in /dss/dsshome1/lxc06/ga53qud2/actor-gpi-v2/src/actorlib/RemoteChannel.hpp[468]:-1
[i22r05c04s09: 316:8] Error string: general error
[i22r03c01s07: 124:3] Error string: general error
mlx5: i22r05c04s08: got completion with error:
00000000 00000000 00000000 00000000
00000000 00000000 00000000 00000000
00000000 00000000 00000000 00000000
00000000 00008813 10030d0d 03fa28d3
[Rank  304]: Error 11 (Resource temporarily unavailable) at (devices/ib/GPI2_IB_IO.c:208):Failed request to 297. Queue 0 might be broken remote access error
[i22r05c04s08: 304:7] Assertions failed in /dss/dsshome1/lxc06/ga53qud2/actor-gpi-v2/src/actorlib/RemoteChannel.hpp[468]:-1
[i22r05c04s08: 304:7] Error string: general error
mlx5: i22r05c04s09: got completion with error:
00000000 00000000 00000000 00000000
00000000 00000000 00000000 00000000
00000000 00000000 00000000 00000000
00000000 00008813 10019ed5 05e4b6d2
[Rank  308]: Error 11 (Resource temporarily unavailable) at (devices/ib/GPI2_IB_IO.c:208):Failed request to 325. Queue 0 might be broken remote access error
[i22r05c04s09: 308:0] Assertions failed in /dss/dsshome1/lxc06/ga53qud2/actor-gpi-v2/src/actorlib/RemoteChannel.hpp[468]:-1
[i22r05c04s09: 308:0] Error string: general error
mlx5: i22r03c01s07: got completion with error:
00000000 00000000 00000000 00000000
00000000 00000000 00000000 00000000
00000000 00000000 00000000 00000000
00000000 00008813 10032424 00a794d3
[Rank  121]: Error 11 (Resource temporarily unavailable) at (devices/ib/GPI2_IB_IO.c:208):Failed request to 122. Queue 0 might be broken remote access error
[i22r03c01s07: 121:0] Assertions failed in /dss/dsshome1/lxc06/ga53qud2/actor-gpi-v2/src/actorlib/RemoteChannel.hpp[468]:-1
[i22r03c01s07: 121:0] Error string: general error
mlx5: i22r05c04s07: got completion with error:
00000000 00000000 00000000 00000000
00000000 00000000 00000000 00000000
00000000 00000000 00000000 00000000
00000000 00008813 100355bd 0152e3d3
[Rank  291]: Error 11 (Resource temporarily unavailable) at (devices/ib/GPI2_IB_IO.c:208):Failed request to 322. Queue 0 might be broken remote access error
[i22r05c04s07: 291:5] Assertions failed in /dss/dsshome1/lxc06/ga53qud2/actor-gpi-v2/src/actorlib/RemoteChannel.hpp[115]:-1
[i22r05c04s07: 291:5] Error string: general error
mlx5: i22r03c03s02: got completion with error:
00000000 00000000 00000000 00000000
00000000 00000000 00000000 00000000
00000000 00000000 00000000 00000000
00000000 00008813 10009c38 021e94d2
[Rank  159]: Error 107 (Transport endpoint is not connected) at (devices/ib/GPI2_IB_IO.c:208):Failed request to 155. Queue 0 might be broken remote access error
[i22r03c03s02: 159:5] Assertions failed in /dss/dsshome1/lxc06/ga53qud2/actor-gpi-v2/src/actorlib/RemoteChannel.hpp[468]:-1
[i22r03c03s02: 159:5] Error string: general error
mlx5: i22r03c03s02: got completion with error:
00000000 00000000 00000000 00000000
00000000 00000000 00000000 00000000
00000000 00000000 00000000 00000000
00000000 00008813 10009dfa 014b3ed2
[Rank  161]: Error 11 (Resource temporarily unavailable) at (devices/ib/GPI2_IB_IO.c:208):Failed request to 155. Queue 0 might be broken remote access error
[i22r03c03s02: 161:7] Assertions failed in /dss/dsshome1/lxc06/ga53qud2/actor-gpi-v2/src/actorlib/RemoteChannel.hpp[468]:-1
[i22r03c03s02: 161:7] Error string: general error
mlx5: i22r03c03s02: got completion with error:
00000000 00000000 00000000 00000000
00000000 00000000 00000000 00000000
00000000 00000000 00000000 00000000
00000000 00008813 1000a56c 01efeed2
[Rank  160]: Error 11 (Resource temporarily unavailable) at (devices/ib/GPI2_IB_IO.c:208):Failed request to 174. Queue 0 might be broken remote access error
[i22r03c03s02: 160:6] Assertions failed in /dss/dsshome1/lxc06/ga53qud2/actor-gpi-v2/src/actorlib/RemoteChannel.hpp[468]:-1
[i22r03c03s02: 160:6] Error string: general error
mlx5: i22r03c03s05: got completion with error:
00000000 00000000 00000000 00000000
00000000 00000000 00000000 00000000
00000000 00000000 00000000 00000000
00000000 00008813 1003f8f3 04666dd2
[Rank  191]: Error 107 (Transport endpoint is not connected) at (devices/ib/GPI2_IB_IO.c:208):Failed request to 190. Queue 0 might be broken remote access error
[i22r03c03s05: 191:4] Assertions failed in /dss/dsshome1/lxc06/ga53qud2/actor-gpi-v2/src/actorlib/RemoteChannel.hpp[468]:-1
[i22r03c03s05: 191:4] Error string: general error
mlx5: i22r05c04s09: got completion with error:
00000000 00000000 00000000 00000000
00000000 00000000 00000000 00000000
00000000 00000000 00000000 00000000
00000000 00008813 1001d516 05a0fdd3
[Rank  312]: Error 11 (Resource temporarily unavailable) at (devices/ib/GPI2_IB_IO.c:208):Failed request to 190. Queue 0 might be broken remote access error
[i22r05c04s09: 312:4] Assertions failed in /dss/dsshome1/lxc06/ga53qud2/actor-gpi-v2/src/actorlib/RemoteChannel.hpp[468]:-1
[i22r05c04s09: 312:4] Error string: general error
mlx5: i22r02c01s07: got completion with error:
00000000 00000000 00000000 00000000
00000000 00000000 00000000 00000000
00000000 00000000 00000000 00000000
00000000 00008813 1000e3e3 0151f8d3
[Rank   91]: Error 107 (Transport endpoint is not connected) at (devices/ib/GPI2_IB_IO.c:208):Failed request to 107. Queue 0 might be broken remote access error
[i22r02c01s07:  91:3] Assertions failed in /dss/dsshome1/lxc06/ga53qud2/actor-gpi-v2/src/actorlib/RemoteChannel.hpp[468]:-1
[i22r02c01s07:  91:3] Error string: general error
mlx5: i22r03c03s04: got completion with error:
00000000 00000000 00000000 00000000
00000000 00000000 00000000 00000000
00000000 00000000 00000000 00000000
00000000 00008813 1002d49a 020709d2
[Rank  178]: Error 11 (Resource temporarily unavailable) at (devices/ib/GPI2_IB_IO.c:208):Failed request to 313. Queue 0 might be broken remote access error
[i22r03c03s04: 178:2] Assertions failed in /dss/dsshome1/lxc06/ga53qud2/actor-gpi-v2/src/actorlib/RemoteChannel.hpp[468]:-1
[i22r03c03s04: 178:2] Error string: general error
mlx5: i22r05c04s07: got completion with error:
00000000 00000000 00000000 00000000
00000000 00000000 00000000 00000000
00000000 00000000 00000000 00000000
00000000 00008813 10033e4a 0423ded2
[Rank  294]: Error 11 (Resource temporarily unavailable) at (devices/ib/GPI2_IB_IO.c:208):Failed request to 291. Queue 0 might be broken remote access error
[i22r05c04s07: 294:8] Assertions failed in /dss/dsshome1/lxc06/ga53qud2/actor-gpi-v2/src/actorlib/RemoteChannel.hpp[115]:-1
[i22r05c04s07: 294:8] Error string: general error
mlx5: i22r07c04s07: got completion with error:
00000000 00000000 00000000 00000000
00000000 00000000 00000000 00000000
00000000 00000000 00000000 00000000
00000000 00008813 100266a2 016056d3
[Rank  344]: Error 11 (Resource temporarily unavailable) at (devices/ib/GPI2_IB_IO.c:208):Failed request to 316. Queue 0 might be broken remote access error
[i22r07c04s07: 344:3] Assertions failed in /dss/dsshome1/lxc06/ga53qud2/actor-gpi-v2/src/actorlib/RemoteChannel.hpp[468]:-1
[i22r07c04s07: 344:3] Error string: general error
mlx5: i22r05c04s07: got completion with error:
00000000 00000000 00000000 00000000
00000000 00000000 00000000 00000000
00000000 00000000 00000000 00000000
00000000 00008813 10034a8f 02d9c8d3
[Rank  290]: Error 11 (Resource temporarily unavailable) at (devices/ib/GPI2_IB_IO.c:208):Failed request to 306. Queue 0 might be broken remote access error
[i22r05c04s07: 290:4] Assertions failed in /dss/dsshome1/lxc06/ga53qud2/actor-gpi-v2/src/actorlib/RemoteChannel.hpp[115]:-1
[i22r05c04s07: 290:4] Error string: general error
mlx5: i22r05c04s07: got completion with error:
00000000 00000000 00000000 00000000
00000000 00000000 00000000 00000000
00000000 00000000 00000000 00000000
00000000 00008813 100349da 0228d3d2
[Rank  286]: Error 11 (Resource temporarily unavailable) at (devices/ib/GPI2_IB_IO.c:208):Failed request to 302. Queue 0 might be broken remote access error
[i22r05c04s07: 286:0] Assertions failed in /dss/dsshome1/lxc06/ga53qud2/actor-gpi-v2/src/actorlib/RemoteChannel.hpp[115]:-1
[i22r05c04s07: 286:0] Error string: general error
mlx5: i22r05c04s04: got completion with error:
00000000 00000000 00000000 00000000
00000000 00000000 00000000 00000000
00000000 00000000 00000000 00000000
00000000 00008813 1003036f 03a28ad3
[Rank  253]: Error 11 (Resource temporarily unavailable) at (devices/ib/GPI2_IB_IO.c:208):Failed request to 314. Queue 0 might be broken remote access error
[i22r05c04s04: 253:0] Assertions failed in /dss/dsshome1/lxc06/ga53qud2/actor-gpi-v2/src/actorlib/RemoteChannel.hpp[468]:-1
[i22r05c04s04: 253:0] Error string: general error
mlx5: i22r02c01s07: got completion with error:
00000000 00000000 00000000 00000000
00000000 00000000 00000000 00000000
00000000 00000000 00000000 00000000
00000000 00008813 1000d641 017bd9d3
[Rank   90]: Error 11 (Resource temporarily unavailable) at (devices/ib/GPI2_IB_IO.c:208):Failed request to 91. Queue 0 might be broken remote access error
[i22r02c01s07:  90:2] Assertions failed in /dss/dsshome1/lxc06/ga53qud2/actor-gpi-v2/src/actorlib/RemoteChannel.hpp[468]:-1
[i22r02c01s07:  90:2] Error string: general error
mlx5: i22r03c03s04: got completion with error:
00000000 00000000 00000000 00000000
00000000 00000000 00000000 00000000
00000000 00000000 00000000 00000000
00000000 00008813 10026a57 02f34ad2
[Rank  180]: Error 11 (Resource temporarily unavailable) at (devices/ib/GPI2_IB_IO.c:208):Failed request to 191. Queue 0 might be broken remote access error
mlx5: i22r07c04s07: got completion with error:
00000000 00000000 00000000 00000000
00000000 00000000 00000000 00000000
00000000 00000000 00000000 00000000
00000000 00008813 1002676e 022e40d3
[Rank  343]: Error 11 (Resource temporarily unavailable) at (devices/ib/GPI2_IB_IO.c:208):Failed request to 314. Queue 0 might be broken remote access error
[i22r07c04s07: 343:2] Assertions failed in /dss/dsshome1/lxc06/ga53qud2/actor-gpi-v2/src/actorlib/RemoteChannel.hpp[468]:-1
[i22r03c03s04: 180:4] Assertions failed in /dss/dsshome1/lxc06/ga53qud2/actor-gpi-v2/src/actorlib/RemoteChannel.hpp[468]:-1
[i22r03c03s04: 180:4] Error string: general error
[i22r07c04s07: 343:2] Error string: general error
mlx5: i22r03c03s05: got completion with error:
00000000 00000000 00000000 00000000
00000000 00000000 00000000 00000000
00000000 00000000 00000000 00000000
00000000 00008813 1003fa28 068720d2
[Rank  189]: Error 11 (Resource temporarily unavailable) at (devices/ib/GPI2_IB_IO.c:208):Failed request to 191. Queue 0 might be broken remote access error
[i22r03c03s05: 189:2] Assertions failed in /dss/dsshome1/lxc06/ga53qud2/actor-gpi-v2/src/actorlib/RemoteChannel.hpp[468]:-1
[i22r03c03s05: 189:2] Error string: general error
mlx5: i22r05c04s04: got completion with error:
00000000 00000000 00000000 00000000
00000000 00000000 00000000 00000000
00000000 00000000 00000000 00000000
00000000 00008813 1003008d 0237c8d2
[Rank  257]: Error 11 (Resource temporarily unavailable) at (devices/ib/GPI2_IB_IO.c:208):Failed request to 314. Queue 0 might be broken remote access error
[i22r05c04s04: 257:4] Assertions failed in /dss/dsshome1/lxc06/ga53qud2/actor-gpi-v2/src/actorlib/RemoteChannel.hpp[468]:-1
[i22r05c04s04: 257:4] Error string: general error
mlx5: i22r03c03s04: got completion with error:
00000000 00000000 00000000 00000000
00000000 00000000 00000000 00000000
00000000 00000000 00000000 00000000
00000000 00008813 100263c1 017bbdd2
[Rank  182]: Error 107 (Transport endpoint is not connected) at (devices/ib/GPI2_IB_IO.c:208):Failed request to 178. Queue 0 might be broken remote access error
[i22r03c03s04: 182:6] Assertions failed in /dss/dsshome1/lxc06/ga53qud2/actor-gpi-v2/src/actorlib/RemoteChannel.hpp[468]:-1
[i22r03c03s04: 182:6] Error string: general error
mlx5: i22r05c04s05: got completion with error:
00000000 00000000 00000000 00000000
00000000 00000000 00000000 00000000
00000000 00000000 00000000 00000000
00000000 00008813 1002d464 0248bcd3
[Rank  274]: Error 11 (Resource temporarily unavailable) at (devices/ib/GPI2_IB_IO.c:208):Failed request to 295. Queue 0 might be broken remote access error
[i22r05c04s05: 274:10] Assertions failed in /dss/dsshome1/lxc06/ga53qud2/actor-gpi-v2/src/actorlib/RemoteChannel.hpp[115]:-1
[i22r05c04s05: 274:10] Error string: general error
mlx5: i22r03c03s04: got completion with error:
00000000 00000000 00000000 00000000
00000000 00000000 00000000 00000000
00000000 00000000 00000000 00000000
00000000 00008813 100262e4 018fb1d3
[Rank  183]: Error 11 (Resource temporarily unavailable) at (devices/ib/GPI2_IB_IO.c:208):Failed request to 180. Queue 0 might be broken remote access error
[i22r03c03s04: 183:7] Assertions failed in /dss/dsshome1/lxc06/ga53qud2/actor-gpi-v2/src/actorlib/RemoteChannel.hpp[115]:-1
[i22r03c03s04: 183:7] Error string: general error
mlx5: i22r03c03s04: got completion with error:
00000000 00000000 00000000 00000000
00000000 00000000 00000000 00000000
00000000 00000000 00000000 00000000
00000000 00008813 1002a285 0262ead2
[Rank  176]: Error 11 (Resource temporarily unavailable) at (devices/ib/GPI2_IB_IO.c:208):Failed request to 253. Queue 0 might be broken remote access error
[i22r03c03s04: 176:0] Assertions failed in /dss/dsshome1/lxc06/ga53qud2/actor-gpi-v2/src/actorlib/RemoteChannel.hpp[468]:-1
[i22r03c03s04: 176:0] Error string: general error
mlx5: i22r05c04s06: got completion with error:
00000000 00000000 00000000 00000000
00000000 00000000 00000000 00000000
00000000 00000000 00000000 00000000
00000000 00008813 1003f2ae 03e321d2
[Rank  277]: Error 107 (Transport endpoint is not connected) at (devices/ib/GPI2_IB_IO.c:208):Failed request to 288. Queue 0 might be broken remote access error
mlx5: i22r07c04s07: got completion with error:
00000000 00000000 00000000 00000000
00000000 00000000 00000000 00000000
00000000 00000000 00000000 00000000
00000000 00008813 100258fe 01858bd2
[Rank  342]: Error 11 (Resource temporarily unavailable) at (devices/ib/GPI2_IB_IO.c:208):Failed request to 343. Queue 0 might be broken remote access error
[i22r05c04s06: 277:2] Assertions failed in /dss/dsshome1/lxc06/ga53qud2/actor-gpi-v2/src/actorlib/RemoteChannel.hpp[115]:-1
[i22r07c04s07: 342:1] Assertions failed in /dss/dsshome1/lxc06/ga53qud2/actor-gpi-v2/src/actorlib/RemoteChannel.hpp[468]:-1
[i22r05c04s06: 277:2] Error string: general error
mlx5: i22r05c04s03: got completion with error:
00000000 00000000 00000000 00000000
00000000 00000000 00000000 00000000
00000000 00000000 00000000 00000000
00000000 00008813 1002518a 018568d2
[Rank  247]: Error 11 (Resource temporarily unavailable) at (devices/ib/GPI2_IB_IO.c:208):Failed request to 343. Queue 0 might be broken remote access error
[i22r07c04s07: 342:1] Error string: general error
[i22r05c04s03: 247:5] Assertions failed in /dss/dsshome1/lxc06/ga53qud2/actor-gpi-v2/src/actorlib/RemoteChannel.hpp[468]:-1
[i22r05c04s03: 247:5] Error string: general error
mlx5: i22r07c02s12: got completion with error:
00000000 00000000 00000000 00000000
00000000 00000000 00000000 00000000
00000000 00000000 00000000 00000000
00000000 00008813 1000ca6c 07cfe1d2
[Rank  334]: Error 11 (Resource temporarily unavailable) at (devices/ib/GPI2_IB_IO.c:208):Failed request to 293. Queue 0 might be broken remote access error
[i22r07c02s12: 334:4] Assertions failed in /dss/dsshome1/lxc06/ga53qud2/actor-gpi-v2/src/actorlib/RemoteChannel.hpp[468]:-1
[i22r07c02s12: 334:4] Error string: general error
mlx5: i22r05c04s04: got completion with error:
00000000 00000000 00000000 00000000
00000000 00000000 00000000 00000000
00000000 00000000 00000000 00000000
00000000 00008813 1002d02d 018bb5d2
[Rank  254]: Error 11 (Resource temporarily unavailable) at (devices/ib/GPI2_IB_IO.c:208):Failed request to 253. Queue 0 might be broken remote access error
[i22r05c04s04: 254:1] Assertions failed in /dss/dsshome1/lxc06/ga53qud2/actor-gpi-v2/src/actorlib/RemoteChannel.hpp[468]:-1
[i22r05c04s04: 254:1] Error string: general error
mlx5: i22r05c04s05: got completion with error:
00000000 00000000 00000000 00000000
00000000 00000000 00000000 00000000
00000000 00000000 00000000 00000000
00000000 00008813 1002d2e5 0185ebd3
[Rank  273]: Error 11 (Resource temporarily unavailable) at (devices/ib/GPI2_IB_IO.c:208):Failed request to 293. Queue 0 might be broken remote access error
[i22r05c04s05: 273:9] Assertions failed in /dss/dsshome1/lxc06/ga53qud2/actor-gpi-v2/src/actorlib/RemoteChannel.hpp[468]:-1
[i22r05c04s05: 273:9] Error string: general error
mlx5: i22r07c04s07: got completion with error:
00000000 00000000 00000000 00000000
00000000 00000000 00000000 00000000
00000000 00000000 00000000 00000000
00000000 00008813 100259d1 036670d3
[Rank  341]: Error 11 (Resource temporarily unavailable) at (devices/ib/GPI2_IB_IO.c:208):Failed request to 343. Queue 0 might be broken remote access error
mlx5: i22r03c03s05: got completion with error:
00000000 00000000 00000000 00000000
00000000 00000000 00000000 00000000
00000000 00000000 00000000 00000000
00000000 00008813 1003fd64 069924d2
[Rank  195]: Error 107 (Transport endpoint is not connected) at (devices/ib/GPI2_IB_IO.c:208):Failed request to 189. Queue 0 might be broken remote access error
[i22r07c04s07: 341:0] Assertions failed in /dss/dsshome1/lxc06/ga53qud2/actor-gpi-v2/src/actorlib/RemoteChannel.hpp[468]:-1
[i22r03c03s05: 195:8] Assertions failed in /dss/dsshome1/lxc06/ga53qud2/actor-gpi-v2/src/actorlib/RemoteChannel.hpp[468]:-1
[i22r07c04s07: 341:0] Error string: general error
[i22r03c03s05: 195:8] Error string: general error
mlx5: i22r03c03s05: got completion with error:
00000000 00000000 00000000 00000000
00000000 00000000 00000000 00000000
00000000 00000000 00000000 00000000
00000000 00008813 1003fee4 0366f4d2
[Rank  197]: Error 11 (Resource temporarily unavailable) at (devices/ib/GPI2_IB_IO.c:208):Failed request to 189. Queue 0 might be broken remote access error
[i22r03c03s05: 197:10] Assertions failed in /dss/dsshome1/lxc06/ga53qud2/actor-gpi-v2/src/actorlib/RemoteChannel.hpp[468]:-1
[i22r03c03s05: 197:10] Error string: general error
mlx5: i22r05c04s06: got completion with error:
00000000 00000000 00000000 00000000
00000000 00000000 00000000 00000000
00000000 00000000 00000000 00000000
00000000 00008813 1003eaca 0276fcd2
[Rank  279]: Error 11 (Resource temporarily unavailable) at (devices/ib/GPI2_IB_IO.c:208):Failed request to 277. Queue 0 might be broken remote access error
[i22r05c04s06: 279:4] Assertions failed in /dss/dsshome1/lxc06/ga53qud2/actor-gpi-v2/src/actorlib/RemoteChannel.hpp[468]:-1
[i22r05c04s06: 279:4] Error string: general error
mlx5: i22r07c04s07: got completion with error:
00000000 00000000 00000000 00000000
00000000 00000000 00000000 00000000
00000000 00000000 00000000 00000000
00000000 00008813 10025c84 01a718d3
[Rank  347]: Error 107 (Transport endpoint is not connected) at (devices/ib/GPI2_IB_IO.c:208):Failed request to 341. Queue 0 might be broken remote access error
[i22r07c04s07: 347:6] Assertions failed in /dss/dsshome1/lxc06/ga53qud2/actor-gpi-v2/src/actorlib/RemoteChannel.hpp[115]:-1
[i22r07c04s07: 347:6] Error string: general error
mlx5: i22r03c03s07: got completion with error:
00000000 00000000 00000000 00000000
00000000 00000000 00000000 00000000
00000000 00000000 00000000 00000000
00000000 00008813 1001f8dc 0288b1d2
[Rank  209]: Error 107 (Transport endpoint is not connected) at (devices/ib/GPI2_IB_IO.c:208):Failed request to 186. Queue 0 might be broken remote access error
[i22r03c03s07: 209:0] Assertions failed in /dss/dsshome1/lxc06/ga53qud2/actor-gpi-v2/src/actorlib/RemoteChannel.hpp[468]:-1
[i22r03c03s07: 209:0] Error string: general error
mlx5: i22r05c04s04: got completion with error:
00000000 00000000 00000000 00000000
00000000 00000000 00000000 00000000
00000000 00000000 00000000 00000000
00000000 00008914 1002d60d 0522d0d3
[Rank  262]: Error 107 (Transport endpoint is not connected) at (devices/ib/GPI2_IB_IO.c:208):Failed request to 254. Queue 0 might be broken remote operation error
[i22r05c04s04: 262:9] Assertions failed in /dss/dsshome1/lxc06/ga53qud2/actor-gpi-v2/src/actorlib/RemoteChannel.hpp[468]:-1
[i22r05c04s04: 262:9] Error string: general error
mlx5: i22r05c04s04: got completion with error:
00000000 00000000 00000000 00000000
00000000 00000000 00000000 00000000
00000000 00000000 00000000 00000000
00000000 00008813 1002d29d 0279f9d2
[Rank  258]: Error 11 (Resource temporarily unavailable) at (devices/ib/GPI2_IB_IO.c:208):Failed request to 254. Queue 0 might be broken remote access error
[i22r05c04s04: 258:5] Assertions failed in /dss/dsshome1/lxc06/ga53qud2/actor-gpi-v2/src/actorlib/RemoteChannel.hpp[468]:-1
[i22r05c04s04: 258:5] Error string: general error
mlx5: i22r07c04s07: got completion with error:
00000000 00000000 00000000 00000000
00000000 00000000 00000000 00000000
00000000 00000000 00000000 00000000
00000000 00008813 10028597 00da86d2
[Rank  348]: Error 11 (Resource temporarily unavailable) at (devices/ib/GPI2_IB_IO.c:208):Failed request to 247. Queue 0 might be broken remote access error
[i22r07c04s07: 348:7] Assertions failed in /dss/dsshome1/lxc06/ga53qud2/actor-gpi-v2/src/actorlib/RemoteChannel.hpp[468]:-1
[i22r07c04s07: 348:7] Error string: general error
mlx5: i22r03c03s07: got completion with error:
00000000 00000000 00000000 00000000
00000000 00000000 00000000 00000000
00000000 00000000 00000000 00000000
00000000 00008813 1001fc28 01ab45d2
[Rank  211]: Error 107 (Transport endpoint is not connected) at (devices/ib/GPI2_IB_IO.c:208):Failed request to 184. Queue 0 might be broken remote access error
[i22r03c03s07: 211:2] Assertions failed in /dss/dsshome1/lxc06/ga53qud2/actor-gpi-v2/src/actorlib/RemoteChannel.hpp[468]:-1
[i22r03c03s07: 211:2] Error string: general error
mlx5: i22r07c04s07: got completion with error:
00000000 00000000 00000000 00000000
00000000 00000000 00000000 00000000
00000000 00000000 00000000 00000000
00000000 00008813 10025d44 01b085d2
[Rank  349]: Error 11 (Resource temporarily unavailable) at (devices/ib/GPI2_IB_IO.c:208):Failed request to 341. Queue 0 might be broken remote access error
[i22r07c04s07: 349:8] Assertions failed in /dss/dsshome1/lxc06/ga53qud2/actor-gpi-v2/src/actorlib/RemoteChannel.hpp[468]:-1
[i22r07c04s07: 349:8] Error string: general error
mlx5: i22r05c04s06: got completion with error:
00000000 00000000 00000000 00000000
00000000 00000000 00000000 00000000
00000000 00000000 00000000 00000000
00000000 00008813 1003f5c5 02a8f9d3
[Rank  280]: Error 107 (Transport endpoint is not connected) at (devices/ib/GPI2_IB_IO.c:208):Failed request to 266. Queue 0 might be broken remote access error
[i22r05c04s06: 280:5] Assertions failed in /dss/dsshome1/lxc06/ga53qud2/actor-gpi-v2/src/actorlib/RemoteChannel.hpp[115]:-1
[i22r05c04s06: 280:5] Error string: general error
mlx5: i22r05c04s04: got completion with error:
00000000 00000000 00000000 00000000
00000000 00000000 00000000 00000000
00000000 00000000 00000000 00000000
00000000 00008813 100318f2 027f87d2
[Rank  263]: Error 11 (Resource temporarily unavailable) at (devices/ib/GPI2_IB_IO.c:208):Failed request to 181. Queue 0 might be broken remote access error
[i22r05c04s04: 263:10] Assertions failed in /dss/dsshome1/lxc06/ga53qud2/actor-gpi-v2/src/actorlib/RemoteChannel.hpp[468]:-1
[i22r05c04s04: 263:10] Error string: general error
mlx5: i22r01c02s08: got completion with error:
00000000 00000000 00000000 00000000
00000000 00000000 00000000 00000000
00000000 00000000 00000000 00000000
00000000 00008813 10032325 02764ad2
[Rank   13]: Error 11 (Resource temporarily unavailable) at (devices/ib/GPI2_IB_IO.c:208):Failed request to 194. Queue 0 might be broken remote access error
[i22r01c02s08:  13:2] Assertions failed in /dss/dsshome1/lxc06/ga53qud2/actor-gpi-v2/src/actorlib/RemoteChannel.hpp[468]:-1
[i22r01c02s08:  13:2] Error string: general error
mlx5: i22r05c04s06: got completion with error:
00000000 00000000 00000000 00000000
00000000 00000000 00000000 00000000
00000000 00000000 00000000 00000000
00000000 00008813 1003ed8c 0445d7d3
[Rank  275]: Error 11 (Resource temporarily unavailable) at (devices/ib/GPI2_IB_IO.c:208):Failed request to 279. Queue 0 might be broken remote access error
[i22r05c04s06: 275:0] Assertions failed in /dss/dsshome1/lxc06/ga53qud2/actor-gpi-v2/src/actorlib/RemoteChannel.hpp[115]:-1
[i22r05c04s06: 275:0] Error string: general error
mlx5: i22r03c03s06: got completion with error:
00000000 00000000 00000000 00000000
00000000 00000000 00000000 00000000
00000000 00000000 00000000 00000000
00000000 00008813 10004ecd 03fbcdd2
[Rank  199]: Error 11 (Resource temporarily unavailable) at (devices/ib/GPI2_IB_IO.c:208):Failed request to 193. Queue 0 might be broken remote access error
mlx5: i22r03c03s06: got completion with error:
00000000 00000000 00000000 00000000
00000000 00000000 00000000 00000000
00000000 00000000 00000000 00000000
00000000 00008813 1000506d 038770d2
[Rank  201]: Error 107 (Transport endpoint is not connected) at (devices/ib/GPI2_IB_IO.c:208):Failed request to 193. Queue 0 might be broken remote access error
[i22r03c03s06: 199:1] Assertions failed in /dss/dsshome1/lxc06/ga53qud2/actor-gpi-v2/src/actorlib/RemoteChannel.hpp[468]:-1
[i22r03c03s06: 201:3] Assertions failed in /dss/dsshome1/lxc06/ga53qud2/actor-gpi-v2/src/actorlib/RemoteChannel.hpp[468]:-1
[i22r03c03s06: 201:3] Error string: general error
[i22r03c03s06: 199:1] Error string: general error
mlx5: i22r05c04s03: got completion with error:
00000000 00000000 00000000 00000000
00000000 00000000 00000000 00000000
00000000 00000000 00000000 00000000
00000000 00008813 10025323 03afcdd2
[Rank  249]: Error 11 (Resource temporarily unavailable) at (devices/ib/GPI2_IB_IO.c:208):Failed request to 348. Queue 0 might be broken remote access error
[i22r05c04s03: 249:7] Assertions failed in /dss/dsshome1/lxc06/ga53qud2/actor-gpi-v2/src/actorlib/RemoteChannel.hpp[468]:-1
[i22r05c04s03: 249:7] Error string: general error
mlx5: i22r05c04s03: got completion with error:
00000000 00000000 00000000 00000000
00000000 00000000 00000000 00000000
00000000 00000000 00000000 00000000
00000000 00008813 10025132 01b5e5d3
[Rank  251]: Error 107 (Transport endpoint is not connected) at (devices/ib/GPI2_IB_IO.c:208):Failed request to 348. Queue 0 might be broken remote access error
[i22r05c04s03: 251:9] Assertions failed in /dss/dsshome1/lxc06/ga53qud2/actor-gpi-v2/src/actorlib/RemoteChannel.hpp[468]:-1
[i22r05c04s03: 251:9] Error string: general error
mlx5: i22r05c04s06: got completion with error:
00000000 00000000 00000000 00000000
00000000 00000000 00000000 00000000
00000000 00000000 00000000 00000000
00000000 00008813 1003eac6 058b91d3
[Rank  281]: Error 11 (Resource temporarily unavailable) at (devices/ib/GPI2_IB_IO.c:208):Failed request to 279. Queue 0 might be broken remote access error
[i22r05c04s06: 281:6] Assertions failed in /dss/dsshome1/lxc06/ga53qud2/actor-gpi-v2/src/actorlib/RemoteChannel.hpp[468]:-1
[i22r05c04s06: 281:6] Error string: general error
mlx5: i22r07c02s12: got completion with error:
00000000 00000000 00000000 00000000
00000000 00000000 00000000 00000000
00000000 00000000 00000000 00000000
00000000 00008813 1000ba49 038720d2
[Rank  338]: Error 11 (Resource temporarily unavailable) at (devices/ib/GPI2_IB_IO.c:208):Failed request to 349. Queue 0 might be broken remote access error
[i22r07c02s12: 338:8] Assertions failed in /dss/dsshome1/lxc06/ga53qud2/actor-gpi-v2/src/actorlib/RemoteChannel.hpp[468]:-1
[i22r07c02s12: 338:8] Error string: general error
mlx5: i22r03c03s07: got completion with error:
00000000 00000000 00000000 00000000
00000000 00000000 00000000 00000000
00000000 00000000 00000000 00000000
00000000 00008813 1001eb7d 02bc67d2
[Rank  219]: Error 11 (Resource temporarily unavailable) at (devices/ib/GPI2_IB_IO.c:208):Failed request to 211. Queue 0 might be broken remote access error
[i22r03c03s07: 219:10] Assertions failed in /dss/dsshome1/lxc06/ga53qud2/actor-gpi-v2/src/actorlib/RemoteChannel.hpp[468]:-1
[i22r03c03s07: 219:10] Error string: general error
mlx5: i22r03c03s07: got completion with error:
00000000 00000000 00000000 00000000
00000000 00000000 00000000 00000000
00000000 00000000 00000000 00000000
00000000 00008813 1001e578 0398cbd2
[Rank  212]: Error 107 (Transport endpoint is not connected) at (devices/ib/GPI2_IB_IO.c:208):Failed request to 211. Queue 0 might be broken remote access error
[i22r03c03s07: 212:3] Assertions failed in /dss/dsshome1/lxc06/ga53qud2/actor-gpi-v2/src/actorlib/RemoteChannel.hpp[468]:-1
[i22r03c03s07: 212:3] Error string: general error
mlx5: i22r05c04s02: got completion with error:
00000000 00000000 00000000 00000000
00000000 00000000 00000000 00000000
00000000 00000000 00000000 00000000
00000000 00008813 10005b4d 00e4cbd2
[Rank  241]: Error 11 (Resource temporarily unavailable) at (devices/ib/GPI2_IB_IO.c:208):Failed request to 211. Queue 0 might be broken remote access error
[i22r05c04s02: 241:10] Assertions failed in /dss/dsshome1/lxc06/ga53qud2/actor-gpi-v2/src/actorlib/RemoteChannel.hpp[468]:-1
mlx5: i22r03c03s07: got completion with error:
00000000 00000000 00000000 00000000
00000000 00000000 00000000 00000000
00000000 00000000 00000000 00000000
00000000 00008813 1001e57b 02aca8d2
[Rank  210]: Error 107 (Transport endpoint is not connected) at (devices/ib/GPI2_IB_IO.c:208):Failed request to 209. Queue 0 might be broken remote access error
[i22r05c04s02: 241:10] Error string: general error
[i22r03c03s07: 210:1] Assertions failed in /dss/dsshome1/lxc06/ga53qud2/actor-gpi-v2/src/actorlib/RemoteChannel.hpp[468]:-1
[i22r03c03s07: 210:1] Error string: general error
mlx5: i22r01c02s07: got completion with error:
00000000 00000000 00000000 00000000
00000000 00000000 00000000 00000000
00000000 00000000 00000000 00000000
00000000 00008813 1001fc6a 03c63dd2
[Rank    1]: Error 11 (Resource temporarily unavailable) at (devices/ib/GPI2_IB_IO.c:208):Failed request to 13. Queue 0 might be broken remote access error
mlx5: i22r07c02s12: got completion with error:
00000000 00000000 00000000 00000000
00000000 00000000 00000000 00000000
00000000 00000000 00000000 00000000
00000000 00008813 1000bd48 03a79cd2
[Rank  335]: Error 11 (Resource temporarily unavailable) at (devices/ib/GPI2_IB_IO.c:208):Failed request to 350. Queue 0 might be broken remote access error
[i22r01c02s07:   1:1] Assertions failed in /dss/dsshome1/lxc06/ga53qud2/actor-gpi-v2/src/actorlib/RemoteChannel.hpp[468]:-1
[i22r01c02s07:   1:1] Error string: general error
[i22r07c02s12: 335:5] Assertions failed in /dss/dsshome1/lxc06/ga53qud2/actor-gpi-v2/src/actorlib/RemoteChannel.hpp[468]:-1
[i22r07c02s12: 335:5] Error string: general error
mlx5: i22r05c04s02: got completion with error:
00000000 00000000 00000000 00000000
00000000 00000000 00000000 00000000
00000000 00000000 00000000 00000000
00000000 00008813 10005478 04b8f6d3
[Rank  239]: Error 11 (Resource temporarily unavailable) at (devices/ib/GPI2_IB_IO.c:208):Failed request to 261. Queue 0 might be broken remote access error
[i22r05c04s02: 239:8] Assertions failed in /dss/dsshome1/lxc06/ga53qud2/actor-gpi-v2/src/actorlib/RemoteChannel.hpp[468]:-1
[i22r05c04s02: 239:8] Error string: general error
mlx5: i22r03c03s06: got completion with error:
00000000 00000000 00000000 00000000
00000000 00000000 00000000 00000000
00000000 00000000 00000000 00000000
00000000 00008813 10004c0e 01d4cbd3
[Rank  202]: Error 107 (Transport endpoint is not connected) at (devices/ib/GPI2_IB_IO.c:208):Failed request to 199. Queue 0 might be broken remote access error
[i22r03c03s06: 202:4] Assertions failed in /dss/dsshome1/lxc06/ga53qud2/actor-gpi-v2/src/actorlib/RemoteChannel.hpp[468]:-1
[i22r03c03s06: 202:4] Error string: general error
mlx5: i22r05c04s01: got completion with error:
00000000 00000000 00000000 00000000
00000000 00000000 00000000 00000000
00000000 00000000 00000000 00000000
00000000 00008813 1002e323 041578d2
[Rank  220]: Error 11 (Resource temporarily unavailable) at (devices/ib/GPI2_IB_IO.c:208):Failed request to 259. Queue 0 might be broken remote access error
[i22r05c04s01: 220:0] Assertions failed in /dss/dsshome1/lxc06/ga53qud2/actor-gpi-v2/src/actorlib/RemoteChannel.hpp[468]:-1
[i22r05c04s01: 220:0] Error string: general error
mlx5: i22r03c03s06: got completion with error:
00000000 00000000 00000000 00000000
00000000 00000000 00000000 00000000
00000000 00000000 00000000 00000000
00000000 00008813 100055db 02df92d2
[Rank  198]: Error 107 (Transport endpoint is not connected) at (devices/ib/GPI2_IB_IO.c:208):Failed request to 212. Queue 0 might be broken remote access error
[i22r03c03s06: 198:0] Assertions failed in /dss/dsshome1/lxc06/ga53qud2/actor-gpi-v2/src/actorlib/RemoteChannel.hpp[468]:-1
[i22r03c03s06: 198:0] Error string: general error
mlx5: i22r03c03s06: got completion with error:
00000000 00000000 00000000 00000000
00000000 00000000 00000000 00000000
00000000 00000000 00000000 00000000
00000000 00008813 10004d62 02a7ffd3
[Rank  206]: Error 11 (Resource temporarily unavailable) at (devices/ib/GPI2_IB_IO.c:208):Failed request to 210. Queue 0 might be broken remote access error
[i22r03c03s06: 206:8] Assertions failed in /dss/dsshome1/lxc06/ga53qud2/actor-gpi-v2/src/actorlib/RemoteChannel.hpp[468]:-1
[i22r03c03s06: 206:8] Error string: general error
mlx5: i22r01c02s07: got completion with error:
00000000 00000000 00000000 00000000
00000000 00000000 00000000 00000000
00000000 00000000 00000000 00000000
00000000 00008813 1001f6fe 04fa59d2
[Rank    4]: Error 11 (Resource temporarily unavailable) at (devices/ib/GPI2_IB_IO.c:208):Failed request to 1. Queue 0 might be broken remote access error
[i22r01c02s07:   4:4] Assertions failed in /dss/dsshome1/lxc06/ga53qud2/actor-gpi-v2/src/actorlib/RemoteChannel.hpp[115]:-1
[i22r01c02s07:   4:4] Error string: general error
mlx5: i22r01c02s07: got completion with error:
00000000 00000000 00000000 00000000
00000000 00000000 00000000 00000000
00000000 00000000 00000000 00000000
00000000 00008813 1001f56b 045417d3
[Rank    2]: Error 11 (Resource temporarily unavailable) at (devices/ib/GPI2_IB_IO.c:208):Failed request to 1. Queue 0 might be broken remote access error
[i22r01c02s07:   2:2] Assertions failed in /dss/dsshome1/lxc06/ga53qud2/actor-gpi-v2/src/actorlib/RemoteChannel.hpp[468]:-1
[i22r01c02s07:   2:2] Error string: general error
mlx5: i22r03c03s06: got completion with error:
00000000 00000000 00000000 00000000
00000000 00000000 00000000 00000000
00000000 00000000 00000000 00000000
00000000 00008813 1000e117 045dabd2
[Rank  208]: Error 11 (Resource temporarily unavailable) at (devices/ib/GPI2_IB_IO.c:208):Failed request to 1. Queue 0 might be broken remote access error
[i22r03c03s06: 208:10] Assertions failed in /dss/dsshome1/lxc06/ga53qud2/actor-gpi-v2/src/actorlib/RemoteChannel.hpp[468]:-1
[i22r03c03s06: 208:10] Error string: general error
mlx5: i22r01c02s07: got completion with error:
00000000 00000000 00000000 00000000
00000000 00000000 00000000 00000000
00000000 00000000 00000000 00000000
00000000 00008813 1001f562 020a06d3
[Rank    0]: Error 11 (Resource temporarily unavailable) at (devices/ib/GPI2_IB_IO.c:208):Failed request to 1. Queue 0 might be broken remote access error
[i22r01c02s07:   0:0] Assertions failed in /dss/dsshome1/lxc06/ga53qud2/actor-gpi-v2/src/actorlib/RemoteChannel.hpp[468]:-1
[i22r01c02s07:   0:0] Error string: general error
mlx5: i22r05c04s01: got completion with error:
00000000 00000000 00000000 00000000
00000000 00000000 00000000 00000000
00000000 00000000 00000000 00000000
00000000 00008813 1002d0f4 049070d2
[Rank  221]: Error 11 (Resource temporarily unavailable) at (devices/ib/GPI2_IB_IO.c:208):Failed request to 238. Queue 0 might be broken remote access error
[i22r05c04s01: 221:1] Assertions failed in /dss/dsshome1/lxc06/ga53qud2/actor-gpi-v2/src/actorlib/RemoteChannel.hpp[468]:-1
[i22r05c04s01: 221:1] Error string: general error
mlx5: i22r05c04s01: got completion with error:
00000000 00000000 00000000 00000000
00000000 00000000 00000000 00000000
00000000 00000000 00000000 00000000
00000000 00008813 1002cd27 0ec7fed3
[Rank  225]: Error 11 (Resource temporarily unavailable) at (devices/ib/GPI2_IB_IO.c:208):Failed request to 238. Queue 0 might be broken remote access error
[i22r05c04s01: 225:5] Assertions failed in /dss/dsshome1/lxc06/ga53qud2/actor-gpi-v2/src/actorlib/RemoteChannel.hpp[468]:-1
[i22r05c04s01: 225:5] Error string: general error
mlx5: i22r03c03s06: got completion with error:
00000000 00000000 00000000 00000000
00000000 00000000 00000000 00000000
00000000 00000000 00000000 00000000
00000000 00008813 10004dcd 04e42fd2
[Rank  207]: Error 11 (Resource temporarily unavailable) at (devices/ib/GPI2_IB_IO.c:208):Failed request to 202. Queue 0 might be broken remote access error
[i22r03c03s06: 207:9] Assertions failed in /dss/dsshome1/lxc06/ga53qud2/actor-gpi-v2/src/actorlib/RemoteChannel.hpp[468]:-1
[i22r03c03s06: 207:9] Error string: general error
mlx5: i22r03c03s06: got completion with error:
00000000 00000000 00000000 00000000
00000000 00000000 00000000 00000000
00000000 00000000 00000000 00000000
00000000 00008813 1000536c 01fb74d3
[Rank  205]: Error 107 (Transport endpoint is not connected) at (devices/ib/GPI2_IB_IO.c:208):Failed request to 216. Queue 0 might be broken remote access error
[i22r03c03s06: 205:7] Assertions failed in /dss/dsshome1/lxc06/ga53qud2/actor-gpi-v2/src/actorlib/RemoteChannel.hpp[468]:-1
[i22r03c03s06: 205:7] Error string: general error
mlx5: i22r05c04s01: got completion with error:
00000000 00000000 00000000 00000000
00000000 00000000 00000000 00000000
00000000 00000000 00000000 00000000
00000000 00008813 1002c57c 01f5e8d2
[Rank  229]: Error 11 (Resource temporarily unavailable) at (devices/ib/GPI2_IB_IO.c:208):Failed request to 233. Queue 0 might be broken remote access error
[i22r05c04s01: 229:9] Assertions failed in /dss/dsshome1/lxc06/ga53qud2/actor-gpi-v2/src/actorlib/RemoteChannel.hpp[468]:-1
[i22r05c04s01: 229:9] Error string: general error
mlx5: i22r01c02s07: got completion with error:
00000000 00000000 00000000 00000000
00000000 00000000 00000000 00000000
00000000 00000000 00000000 00000000
00000000 00008813 1001f572 0217bad2
[Rank    3]: Error 107 (Transport endpoint is not connected) at (devices/ib/GPI2_IB_IO.c:208):Failed request to 2. Queue 0 might be broken remote access error
[i22r01c02s07:   3:3] Assertions failed in /dss/dsshome1/lxc06/ga53qud2/actor-gpi-v2/src/actorlib/RemoteChannel.hpp[115]:-1
[i22r01c02s07:   3:3] Error string: general error
mlx5: i22r01c02s07: got completion with error:
00000000 00000000 00000000 00000000
00000000 00000000 00000000 00000000
00000000 00000000 00000000 00000000
00000000 00008813 1001f85b 020d85d2
[Rank    5]: Error 11 (Resource temporarily unavailable) at (devices/ib/GPI2_IB_IO.c:208):Failed request to 0. Queue 0 might be broken remote access error
[i22r01c02s07:   5:5] Assertions failed in /dss/dsshome1/lxc06/ga53qud2/actor-gpi-v2/src/actorlib/RemoteChannel.hpp[115]:-1
[i22r01c02s07:   5:5] Error string: general error
mlx5: i22r01c02s09: got completion with error:
00000000 00000000 00000000 00000000
00000000 00000000 00000000 00000000
00000000 00000000 00000000 00000000
00000000 00008813 1000ec4d 0493b7d2
[Rank   26]: Error 11 (Resource temporarily unavailable) at (devices/ib/GPI2_IB_IO.c:208):Failed request to 8. Queue 0 might be broken remote access error
[i22r01c02s09:  26:4] Assertions failed in /dss/dsshome1/lxc06/ga53qud2/actor-gpi-v2/src/actorlib/RemoteChannel.hpp[468]:-1
[i22r01c02s09:  26:4] Error string: general error
mlx5: i22r01c02s09: got completion with error:
00000000 00000000 00000000 00000000
00000000 00000000 00000000 00000000
00000000 00000000 00000000 00000000
00000000 00008813 1000ecb4 036fc4d2
[Rank   25]: Error 11 (Resource temporarily unavailable) at (devices/ib/GPI2_IB_IO.c:208):Failed request to 7. Queue 0 might be broken remote access error
[i22r01c02s09:  25:3] Assertions failed in /dss/dsshome1/lxc06/ga53qud2/actor-gpi-v2/src/actorlib/RemoteChannel.hpp[468]:-1
[i22r01c02s09:  25:3] Error string: general error
mlx5: i22r01c02s09: got completion with error:
00000000 00000000 00000000 00000000
00000000 00000000 00000000 00000000
00000000 00000000 00000000 00000000
00000000 00008813 1000eb9b 036f17d3
[Rank   23]: Error 11 (Resource temporarily unavailable) at (devices/ib/GPI2_IB_IO.c:208):Failed request to 6. Queue 0 might be broken remote access error
[i22r01c02s09:  23:1] Assertions failed in /dss/dsshome1/lxc06/ga53qud2/actor-gpi-v2/src/actorlib/RemoteChannel.hpp[468]:-1
[i22r01c02s09:  23:1] Error string: general error
mlx5: i22r01c02s10: got completion with error:
00000000 00000000 00000000 00000000
00000000 00000000 00000000 00000000
00000000 00000000 00000000 00000000
00000000 00008813 100072b4 026b54d3
[Rank   40]: Error 11 (Resource temporarily unavailable) at (devices/ib/GPI2_IB_IO.c:208):Failed request to 26. Queue 0 might be broken remote access error
[i22r01c02s10:  40:7] Assertions failed in /dss/dsshome1/lxc06/ga53qud2/actor-gpi-v2/src/actorlib/RemoteChannel.hpp[468]:-1
[i22r01c02s10:  40:7] Error string: general error
mlx5: i22r01c02s09: got completion with error:
00000000 00000000 00000000 00000000
00000000 00000000 00000000 00000000
00000000 00000000 00000000 00000000
00000000 00008813 1000e6ac 03b14cd3
[Rank   29]: Error 107 (Transport endpoint is not connected) at (devices/ib/GPI2_IB_IO.c:208):Failed request to 40. Queue 0 might be broken remote access error
[i22r01c02s09:  29:7] Assertions failed in /dss/dsshome1/lxc06/ga53qud2/actor-gpi-v2/src/actorlib/RemoteChannel.hpp[115]:-1
[i22r01c02s09:  29:7] Error string: general error

===================================================================================
=   BAD TERMINATION OF ONE OF YOUR APPLICATION PROCESSES
=   RANK 242 PID 41611 RUNNING AT i22r05c04s03
=   KILLED BY SIGNAL: 9 (Killed)
===================================================================================

===================================================================================
=   BAD TERMINATION OF ONE OF YOUR APPLICATION PROCESSES
=   RANK 243 PID 41612 RUNNING AT i22r05c04s03
=   KILLED BY SIGNAL: 9 (Killed)
===================================================================================

===================================================================================
=   BAD TERMINATION OF ONE OF YOUR APPLICATION PROCESSES
=   RANK 244 PID 41613 RUNNING AT i22r05c04s03
=   KILLED BY SIGNAL: 9 (Killed)
===================================================================================

===================================================================================
=   BAD TERMINATION OF ONE OF YOUR APPLICATION PROCESSES
=   RANK 245 PID 41614 RUNNING AT i22r05c04s03
=   KILLED BY SIGNAL: 9 (Killed)
===================================================================================

===================================================================================
=   BAD TERMINATION OF ONE OF YOUR APPLICATION PROCESSES
=   RANK 246 PID 41615 RUNNING AT i22r05c04s03
=   KILLED BY SIGNAL: 9 (Killed)
===================================================================================

===================================================================================
=   BAD TERMINATION OF ONE OF YOUR APPLICATION PROCESSES
=   RANK 248 PID 41617 RUNNING AT i22r05c04s03
=   KILLED BY SIGNAL: 9 (Killed)
===================================================================================

===================================================================================
=   BAD TERMINATION OF ONE OF YOUR APPLICATION PROCESSES
=   RANK 99 PID 15011 RUNNING AT i22r02c01s08
=   KILLED BY SIGNAL: 9 (Killed)
===================================================================================

===================================================================================
=   BAD TERMINATION OF ONE OF YOUR APPLICATION PROCESSES
=   RANK 100 PID 15012 RUNNING AT i22r02c01s08
=   KILLED BY SIGNAL: 9 (Killed)
===================================================================================

===================================================================================
=   BAD TERMINATION OF ONE OF YOUR APPLICATION PROCESSES
=   RANK 101 PID 15013 RUNNING AT i22r02c01s08
=   KILLED BY SIGNAL: 9 (Killed)
===================================================================================

===================================================================================
=   BAD TERMINATION OF ONE OF YOUR APPLICATION PROCESSES
=   RANK 102 PID 15014 RUNNING AT i22r02c01s08
=   KILLED BY SIGNAL: 9 (Killed)
===================================================================================

===================================================================================
=   BAD TERMINATION OF ONE OF YOUR APPLICATION PROCESSES
=   RANK 103 PID 15015 RUNNING AT i22r02c01s08
=   KILLED BY SIGNAL: 9 (Killed)
===================================================================================

===================================================================================
=   BAD TERMINATION OF ONE OF YOUR APPLICATION PROCESSES
=   RANK 104 PID 15016 RUNNING AT i22r02c01s08
=   KILLED BY SIGNAL: 9 (Killed)
===================================================================================

===================================================================================
=   BAD TERMINATION OF ONE OF YOUR APPLICATION PROCESSES
=   RANK 105 PID 15017 RUNNING AT i22r02c01s08
=   KILLED BY SIGNAL: 9 (Killed)
===================================================================================

===================================================================================
=   BAD TERMINATION OF ONE OF YOUR APPLICATION PROCESSES
=   RANK 106 PID 15018 RUNNING AT i22r02c01s08
=   KILLED BY SIGNAL: 9 (Killed)
===================================================================================

===================================================================================
=   BAD TERMINATION OF ONE OF YOUR APPLICATION PROCESSES
=   RANK 107 PID 15019 RUNNING AT i22r02c01s08
=   KILLED BY SIGNAL: 9 (Killed)
===================================================================================

===================================================================================
=   BAD TERMINATION OF ONE OF YOUR APPLICATION PROCESSES
=   RANK 109 PID 15021 RUNNING AT i22r02c01s08
=   KILLED BY SIGNAL: 9 (Killed)
===================================================================================

===================================================================================
=   BAD TERMINATION OF ONE OF YOUR APPLICATION PROCESSES
=   RANK 250 PID 41619 RUNNING AT i22r05c04s03
=   KILLED BY SIGNAL: 9 (Killed)
===================================================================================

===================================================================================
=   BAD TERMINATION OF ONE OF YOUR APPLICATION PROCESSES
=   RANK 252 PID 41621 RUNNING AT i22r05c04s03
=   KILLED BY SIGNAL: 9 (Killed)
===================================================================================
