
*************************************************************
Welcome to Pond

Pond Copyright (C) 2012-2018
  Technical University of Munich
  Department of Informatics
  Chair of Scientific Computing

Pond comes with ABSOLUTELY NO WARRANTY.
Pond is free software, and you are welcome to redistribute it
under certain conditions.
Details can be found in the file 'gpl.txt'.
*************************************************************
#### POND Configuration ####
Total Grid Size:          2048x4096 = 8388608 cells. (x*y)
Patch Size:               256x256
Number of checkpoints:    1
File name Prefix:         output/out
Scenario simulation area: {X: 0.000 - 100.000, Y: 0.000 - 200.000}
Cell Size:                0.0488281m * 0.0488281m (dx * dy)
Tue Jan  5 21:56:55 2021	process 0 - Size difference in the size of idx_t and mpi::rank. Copying and casting.
Tue Jan  5 21:56:55 2021	process 0 - 

24 25 25 25 25 22 23 23 24 24 26 26 25 22 23 23 
24 24 26 26 25 22 23 23 24 24 26 26 26 22 21 21 
24 24 26 26 26 22 21 21 20 27 27 27 27 22 21 21 
20 27 27 27 27 22 21 21 20 19 18 18 14 14 14 14 
20 19 18 18 14 14 14 14 20 19 18 18 16 16 15  3 
20 19 18 18 16 16 15  3 20 19 17 17 16 16 15  3 
20 19 17 17 16 16 15  3  1 19 17 17 16 15 15  3 
 1 19 17 17 16 15 15  3  1  1 17  6  6  6 15  3 

********************* Start Simulation **********************
********************** End Simulation ***********************
Tue Jan  5 21:57:06 2021	process 0 - Performed 71168 patch updates in 10.9678 seconds.
Tue Jan  5 21:57:06 2021	process 0 - Performed 4664066048 cell updates in 10.9678 seconds.
Tue Jan  5 21:57:06 2021	process 0 - => 4.25252e+08 CellUpdates/s
Tue Jan  5 21:57:06 2021	process 0 - => 1.14818e+11 FlOps/s
