
*************************************************************
Welcome to Pond

Pond Copyright (C) 2012-2018
  Technical University of Munich
  Department of Informatics
  Chair of Scientific Computing

Pond comes with ABSOLUTELY NO WARRANTY.
Pond is free software, and you are welcome to redistribute it
under certain conditions.
Details can be found in the file 'gpl.txt'.
*************************************************************
#### POND Configuration ####
Total Grid Size:          4096x4096 = 16777216 cells. (x*y)
Patch Size:               512x512
Number of checkpoints:    1
File name Prefix:         output/out
Scenario simulation area: {X: 0.000 - 100.000, Y: 0.000 - 100.000}
Cell Size:                0.0244141m * 0.0244141m (dx * dy)
Mon Jan  4 20:57:44 2021	process 0 - Size difference in the size of idx_t and mpi::rank. Copying and casting.
Mon Jan  4 20:57:44 2021	process 0 - 

37 40 40 41 27 27 20 20 
37 35 35 41 14 14 22 19 
30 28 28 11 23 23 22 19 
30 46 13 11 16 16 22 19 
44 46 13 13 25 25  9  9 
44 48 48  2  2  7  7  6 
54 52 51 51  2  1  5  6 
54 52 49 49  1  1  5  6 

********************* Start Simulation **********************
********************** End Simulation ***********************
Mon Jan  4 20:58:34 2021	process 0 - Performed 71168 patch updates in 1.45e-07 seconds.
Mon Jan  4 20:58:34 2021	process 0 - Performed 18656264192 cell updates in 1.45e-07 seconds.
Mon Jan  4 20:58:34 2021	process 0 - => 1.28664e+17 CellUpdates/s
Mon Jan  4 20:58:34 2021	process 0 - => 3.47393e+19 FlOps/s
