
*************************************************************
Welcome to Pond

Pond Copyright (C) 2012-2018
  Technical University of Munich
  Department of Informatics
  Chair of Scientific Computing

Pond comes with ABSOLUTELY NO WARRANTY.
Pond is free software, and you are welcome to redistribute it
under certain conditions.
Details can be found in the file 'gpl.txt'.
*************************************************************
#### POND Configuration ####
Total Grid Size:          4096x8192 = 33554432 cells. (x*y)
Patch Size:               256x256
Number of checkpoints:    1
File name Prefix:         output/out
Scenario simulation area: {X: 0.000 - 100.000, Y: 0.000 - 200.000}
Cell Size:                0.0244141m * 0.0244141m (dx * dy)
Tue Jan  5 21:46:18 2021	process 0 - Size difference in the size of idx_t and mpi::rank. Copying and casting.
Tue Jan  5 21:46:18 2021	process 0 - 

 15  15  14  14  17  17  17  18  18   0   0   0   0   0   6   6  15  15  14  14  19  19  17  18   2   1   1   4   4   4   6   6 
 15  15  14  14  19  19  17  18   2   1   1   4   4   4   6   6  16  16  16  19  19  19  17  18   2   1   3   3   4   4   5   5 
 16  16  16  19  19  19  17  18   2   1   3   3   4   4   5   5  16  16  26  26  20  20   2   2   2   1   3   3   3  10   5   5 
 16  16  26  26  20  20   2   2   2   1   3   3   3  10   5   5  25  25  26  27  20  20  20  23  23   7   7  12  12  10  10  10 
 25  25  26  27  20  20  20  23  23   7   7  12  12  10  10  10  25  25  26  27  22  22  22  23  23   7   7  12  12  12  11  11 
 25  25  26  27  22  22  22  23  23   7   7  12  12  12  11  11  24  24  27  27  21  21  22   9   9   8   8  34  13  13  11  11 
 24  24  27  27  21  21  22   9   9   8   8  34  13  13  11  11  24  24  24  27  21  49  49   9   8   8   8  34  13  13  11  29 
 24  24  24  27  21  49  49   9   8   8   8  34  13  13  11  29  52  52  55  55  21  49  49   9  51  31  31  34  34  29  29  29 
 52  52  55  55  21  49  49   9  51  31  31  34  34  29  29  29  52  53  55  55  55  50  51  51  51  31  31  33  28  28  30  30 
 52  53  55  55  55  50  51  51  51  31  31  33  28  28  30  30  52  53  53  54  54  50  50  32  32  32  33  33  28  28  30  30 
 52  53  53  54  54  50  50  32  32  32  33  33  28  28  30  30  46  53  53  54  54  50  50  32  41  41  41  33  33  28  37  37 
 46  53  53  54  54  50  50  32  41  41  41  33  33  28  37  37  46  46  46  47  42  42  42  42  41  41  39  38  38  38  37  37 
 46  46  46  47  42  42  42  42  41  41  39  38  38  38  37  37  46  47  47  47  44  44  43  43  40  40  39  39  38  38  37  36 
 46  47  47  47  44  44  43  43  40  40  39  39  38  38  37  36  48  48  47  45  44  44  43  43  40  40  39  39  35  35  36  36 
 48  48  47  45  44  44  43  43  40  40  39  39  35  35  36  36  48  83  83  45  45  45  75  75  40  58  58  61  35  35  36  36 
 48  83  83  45  45  45  75  75  40  58  58  61  35  35  36  36  48  83  83  83  76  76  75  75  58  58  61  61  35  60  60  60 

********************* Start Simulation **********************
********************** End Simulation ***********************
Tue Jan  5 21:46:42 2021	process 0 - Performed 569344 patch updates in 23.3619 seconds.
Tue Jan  5 21:46:42 2021	process 0 - Performed 37312528384 cell updates in 23.3619 seconds.
Tue Jan  5 21:46:42 2021	process 0 - => 1.59715e+09 CellUpdates/s
Tue Jan  5 21:46:42 2021	process 0 - => 4.31231e+11 FlOps/s
