WARNING: ODP disabled on 448 of 448 processes which are missing support.
         To suppress this message set environment variable
         GASNET_ODP_VERBOSE=0 or reconfigure with --disable-ibv-odp
         (see ibv-conduit's README for more information).
         To see additional details set environment variable
         GASNET_ODP_VERBOSE=2 (or higher).
WARNING: Beginning a potentially slow probe of max pinnable memory...
WARNING: Probe of max pinnable memory completed in 18.1144s.
WARNING:   Probe of max pinnable memory has yielded '41 GB'.
WARNING:   If you have the same memory configuration on all nodes, then
WARNING:   to avoid this probe in the future either reconfigure using
WARNING:      --with-ibv-physmem-max='41 GB'
WARNING:   or run with environment variable
WARNING:      GASNET_PHYSMEM_MAX='41 GB'.
WARNING: For more information see "Slow PHYSMEM probe at start-up"
WARNING: in ibv-conduit's README.

*************************************************************
Welcome to Pond

Pond Copyright (C) 2012-2018
  Technical University of Munich
  Department of Informatics
  Chair of Scientific Computing

Pond comes with ABSOLUTELY NO WARRANTY.
Pond is free software, and you are welcome to redistribute it
under certain conditions.
Details can be found in the file 'gpl.txt'.
*************************************************************
#### POND Configuration ####
Total Grid Size:          16384x16384 = 268435456 cells. (x*y)
Patch Size:               256x256
Number of checkpoints:    1
File name Prefix:         output/out
Scenario simulation area: {X: 0.000 - 100.000, Y: 0.000 - 100.000}
Cell Size:                0.00610352m * 0.00610352m (dx * dy)
UPC++ Actor Library Configuration
=================================
Actorlib mode:        UPC++ rank-sequential
Git revision:         d320f4efde87758567e3c5db2b85c15afd1ac9a6-dirty
Git revision date:    Mon Apr 20 17:35:23 2020
Git revision message: Fix strict GCC warnings
UPC++ install:        /dss/dsshome1/lxc06/ga53qud2/upc_new/gasnet.opt
UPC++ codemode:       O3
UPC++ Backend type:   Sequential Backend
UPC++ GASNET Conduit: ibv
Wed Jan  6 03:16:33 2021	process 0 - Directly moving the data into the destination, as the size is the same
Wed Jan  6 03:16:33 2021	process 0 - 

233 233 232 232 232 231 231 231 231 246 246 246 246 251 251 251 276 276 276 277 277 277 277 273 273 273 270 270 270 270 270 266 266 266 266 342 342 342 341 341 341 340 340 345 345 345 344 344 344 343 343 371 371 372 372 373 373 373 365 365 365 366 366 366 
233 233 232 232 232 231 231 231 247 247 246 246 246 251 251 251 276 276 276 277 277 277 277 273 273 273 270 270 270 270 269 266 266 266 266 342 342 342 341 341 341 340 340 345 345 345 344 344 344 343 343 371 371 372 372 373 373 373 365 365 365 366 366 366 
233 233 232 232 232 231 231 237 247 247 246 246 246 251 251 251 276 276 276 277 277 275 275 273 273 273 271 270 269 269 269 268 266 266 268 342 342 342 341 341 341 340 340 345 345 345 344 344 343 343 371 371 371 372 372 373 364 364 365 365 365 366 366 366 
233 233 234 234 237 237 231 237 247 247 247 250 250 250 250 251 276 278 278 278 278 275 275 275 275 271 271 271 269 269 269 268 268 268 268 268 336 336 339 339 339 339 340 340 346 347 344 344 343 343 371 371 371 372 372 373 364 364 364 364 370 370 367 367 
234 234 234 234 237 237 237 237 247 247 247 250 250 250 250 249 249 278 278 278 278 275 275 275 275 271 271 271 269 269 269 267 267 268 268 268 336 336 339 339 339 339 340 340 346 347 349 349 349 349 377 377 377 372 372 373 364 364 364 369 370 370 367 367 
234 234 234 234 237 237 245 245 245 245 248 248 248 250 250 249 249 249 249 279 279 279 274 274 274 271 271 271 272 272 272 267 267 267 267 267 336 336 338 338 338 337 337 346 346 347 347 349 349 349 377 377 377 376 376 376 376 376 369 369 370 370 367 367 
227 227 235 235 235 236 236 245 245 245 248 248 248 243 243 249 249 249 249 279 279 279 274 274 274 252 252 272 272 272 272 265 267 267 267 264 336 336 338 338 338 338 337 346 346 347 347 349 349 349 377 377 377 376 376 376 376 376 369 369 370 370 367 367 
227 227 235 235 235 236 236 245 245 245 248 248 243 243 243 238 253 253 253 279 279 279 274 274 274 252 252 261 272 265 265 265 264 264 264 264 354 361 361 361 361 338 337 346 346 347 347 363 374 374 374 374 374 375 375 375 375 369 369 369 368 368 367 367 
227 227 235 235 235 236 236 236 244 244 244 243 243 243 243 238 253 253 253 253 254 254 258 258 252 252 261 261 261 265 265 265 264 264 264 264 354 354 354 361 361 337 337 363 363 363 363 363 374 374 374 374 374 375 375 375 375 369 369 380 380 368 368 368 
227 227 228 228 229 229 229 236 244 244 244 244 238 238 238 238 253 253 253 254 254 254 258 258 252 252 261 261 261 265 265 353 353 353 353 353 354 354 354 361 361 337 337 363 363 363 363 348 348 348 386 386 386 387 387 387 379 380 380 380 380 380 368 368 
228 228 228 228 229 229 229 230 230 244 244 244 241 241 238 238 239 240 240 254 254 254 258 258 260 260 260 261 261 262 262 353 353 353 353 353 354 354 354 361 361 337 337 360 360 362 362 348 348 348 386 386 386 387 387 387 379 379 379 380 380 380 368 368 
228 228 228 228 229 229 230 230 230 242 242 242 241 241 239 239 239 240 240 255 256 256 258 258 260 260 260 259 259 262 262 263 263 263 355 355 355 351 351 356 356 356 360 360 360 362 362 348 348 348 386 386 386 387 387 387 379 379 379 383 383 378 378 378 
224 224 224 225 225 225 230 230 230 242 242 242 241 241 239 239 239 240 240 255 256 256 257 257 260 260 259 259 259 259 262 262 263 263 355 355 355 351 351 356 356 356 360 360 360 362 362 388 388 388 388 385 385 385 385 387 379 379 381 383 383 378 378 378 
224 224 224 225 225 225 226 226 226 226 242 242 241 241 239 239 239 240 240 255 256 256 257 257 257 257 259 259 325 325 262 262 263 263 263 355 355 351 351 356 356 358 358 358 358 362 362 388 388 388 388 385 385 385 385 381 381 381 381 383 383 383 378 378 
224 224 224 225 225 226 226 226 226 226 242 242 241 302 302 302 335 335 255 255 256 256 257 257 257 257 259 259 325 325 325 325 325 350 350 350 352 351 351 351 357 357 358 358 358 358 358 388 388 389 389 389 390 390 390 381 381 381 381 383 383 383 384 384 
224 300 300 298 298 298 297 297 301 301 301 301 302 302 302 335 335 335 255 255 255 331 331 331 326 326 326 326 325 325 327 327 327 327 350 350 352 352 352 352 357 357 359 359 359 359 358 391 391 391 389 389 390 390 390 382 382 382 382 382 384 384 384 384 
300 300 300 298 298 298 297 297 301 301 301 306 302 302 302 335 335 335 334 334 334 331 331 331 330 326 326 326 325 323 327 327 327 327 350 350 352 352 352 352 357 357 359 359 359 428 428 391 391 391 389 389 390 390 390 382 382 382 382 382 384 384 384 384 
300 300 300 298 298 298 297 297 301 301 306 306 306 303 303 303 303 335 334 334 334 331 331 331 330 326 326 326 323 323 328 328 327 327 350 421 425 425 425 425 357 357 359 359 359 428 428 391 391 391 389 389 398 397 397 397 397 400 400 400 400 401 401 401 
300 299 299 299 299 298 297 297 307 307 306 306 306 303 303 303 303 335 334 334 334 331 330 330 330 329 329 323 323 323 328 328 328 421 421 421 425 425 425 425 357 357 427 427 428 428 428 429 429 391 395 395 398 398 397 397 397 399 400 400 400 401 401 401 
300 299 299 299 299 295 295 295 307 307 306 305 304 304 304 304 332 332 332 332 333 333 330 330 329 329 329 323 323 323 328 328 328 421 421 421 426 426 426 426 426 426 427 427 428 428 429 429 396 395 395 395 398 398 398 397 397 399 399 399 400 401 401 401 
294 299 299 296 296 295 295 295 307 307 307 305 305 304 304 304 332 332 332 332 333 333 330 330 329 329 329 324 324 322 322 322 328 421 421 421 426 426 424 424 424 427 427 427 429 429 429 396 396 395 395 395 398 398 393 393 399 399 399 399 404 404 404 404 
294 294 294 296 296 295 295 295 307 307 307 305 305 304 304 304 332 332 312 312 333 333 330 324 324 324 324 324 324 322 322 322 328 422 422 422 422 422 424 424 424 427 427 427 429 429 429 396 396 395 395 394 394 394 393 393 402 402 402 402 404 404 404 404 
294 294 294 296 296 280 280 291 291 291 291 305 293 293 293 293 312 312 312 312 333 333 319 319 319 321 321 321 324 322 322 322 420 422 422 422 422 423 424 424 424 430 430 430 430 431 431 396 396 392 392 392 394 394 393 393 402 402 402 402 404 405 405 405 
294 294 294 296 296 280 280 280 291 291 291 305 293 293 293 293 312 312 312 312 311 311 319 319 319 321 321 321 320 320 320 420 420 420 420 422 423 423 423 423 430 430 430 430 432 431 431 431 396 392 392 392 394 394 393 393 403 403 403 402 404 405 405 405 
281 281 281 282 282 280 280 280 291 291 291 305 293 293 313 313 313 313 313 311 311 311 319 319 319 321 321 321 320 320 320 320 420 420 420 423 423 423 423 423 433 433 430 430 432 432 431 431 411 392 392 394 394 394 393 393 403 403 403 403 419 405 405 418 
281 281 281 282 282 282 280 280 288 288 288 288 290 292 292 313 313 313 313 311 311 314 314 314 318 318 318 316 316 320 435 435 420 420 434 434 434 441 441 441 433 433 433 433 432 432 431 431 411 411 411 409 409 409 409 416 416 416 403 403 419 419 418 418 
281 281 281 282 282 282 284 284 288 288 290 290 290 292 292 292 309 309 313 311 311 314 314 314 318 318 318 316 316 320 435 435 436 436 434 434 434 441 441 441 433 433 433 433 432 432 411 411 411 411 411 409 409 409 409 416 416 416 417 417 419 419 418 418 
285 285 285 285 284 284 284 284 288 288 290 290 290 292 287 287 309 309 310 310 310 314 314 314 318 318 318 316 316 435 435 435 436 436 436 434 434 441 441 441 442 442 445 445 432 432 444 444 444 444 444 412 412 410 410 416 416 416 417 417 419 419 418 418 
285 285 285 285 284 284 284 284 288 288 290 290 290 292 287 287 309 309 310 310 310 308 308 315 315 315 315 316 316 435 435 436 436 436 439 439 439 439 442 442 442 442 445 445 445 432 444 444 444 444 444 412 412 412 410 410 410 416 417 417 419 419 418 418 
 19  19 286 286 283 283 283 283  21  21 289 289 289 292 287 287 309 309 310 310 310 308 308 315 315 315 315 316 317 317 317 438 438 439 439 439 439 439 442 442 442 442 445 445 445 447 447 407 407 407 407 412 412 412 410 410 410 413 417 417 419 414 414 414 
 19  19 286 286 283 283 283 283  21  21 289 289 289 292 287 287  33  33  31  31  31 308 308  39  39 315 315 317 317 317 317 438 438 437 437 437 440 440 440 443 443 443 446 446 445 447 447 407 407 407 407 408 408 412 413 413 413 413 417 417 414 414 414 414 
 19  19 286 286  20  20  20  21  21  21 289 289 289 292 287 287  33  33  31  31  31 308 308  39  39  39 317 317 317 438 438 438 180 437 437 437 440 440 440 443 443 443 446 446 446 447 447 214 214 214 214 408 408 408 408 413 413 413 415 415 415 414 414 414 
 19  19 286 286  20  20  20  21  21  21  22  22  23  23  23  34  34  33  31  31  31  38  38  38  39  39  40  40  41  41  41 438 180 437 437 437 440 440 440 443 443 443 446 446 446 447 447 214 214 214 214 408 408 408 406 406 413 413 415 415 415 208 208 208 
 19  19  18  18  18  20  20  27  27  27  22  22  23  23  23  34  34  33  33  33  33  38  38  38  39  39  40  40  41  41  41 438 180 180 175 175 175 175 170 170 170 173 173 173 173 174 174 174 174 216 216 216 216 406 406 406 207 207 415 415 415 208 208 208 
 17  17  18  18  18  20  27  27  27  27  22  22  23  23  23  34  34  34  32  32  32  38  38  38  40  40  40  35  41  41  41 181 180 180 175 175 175 175 170 170 170 173 173 173 172 174 174 174 174 213 213 216 216 406 406 406 207 207 206 206 206 208 208 208 
 17  17  18  18  18  14  14  27  27  27  22  22  24  24  24  34  34  34  32  32  32  30  30  30  40  40  40  35  35 181 181 181 180 180 175 175 177 177 170 170 170 173 173 173 172 174 174 211 211 213 213 216 216 215 215 215 207 207 206 206 206 209 209 209 
 17  17  15  15  15  14  14  26  26  26  25  25  24  24  28  28  28  28  32  32  32  30  30  30  36  37  37  35  35 181 181 181 178 178 178 178 177 177 168 169 169 169 171 171 172 172 172 211 211 213 213 212 212 215 215 215 207 207 206 206 206 209 209 209 
 17  17  15  15  15  14  14  26  26  26  25  25  24  24  24  28  28  28  29  29  29  30  30  36  36  37  37  35  35 181 181 181 178 178 176 176 177 177 168 169 169 169 171 171 172 172 211 211 213 213 212 212 212 215 215 215 215 203 203 205 206 209 209 209 
 16  16  16  15  15  14  14  26  26  10  10  25  25  24  24  45  45  28  29  29  29  30  30  36  36  37  37  35  35 179 179 178 178 176 176 176 177 177 168 168 168 169 171 171 172 172 211 211 211 212 212 212 210 210 210 210 203 203 203 205 205 204 204 204 
 16  16  16   1   1   1   0  26  26  10  10  25  25  25  45  45  45  45  29  29  48  48  48  36  36  37  37  49  49 179 179 178 178 176 176 176 182 182 168 168 168 169 171 171 171 172 218 218 218 218 212 212 210 210 210 210 203 203 203 205 205 204 204 204 
 16  16  16   1   1   1   0   0   0  10  10  12  12  25  45  45  45  45  29  29  48  48  48  36  36  37  49  49  49 179 179 179 184 184 176 176 182 182 182 190 190 190 190 190 195 195 195 218 218 218 219 219 219 217 217 210 203 203 205 205 205 204 204 204 
  2   2   1   1   1   1   0   0   0  10  10  12  12  13  13  46  46  46  46  48  48  50  50  50  51  51  49  49  49 179 179 179 184 184 184 184 182 182 182 190 190 190 190 194 194 195 195 218 218 218 219 219 219 217 217 201 201 202 205 205 199 199 200 200 
  2   2   2   4   4   4   0   0  11  11  12  12  12  13  13  46  46  46  46  48  48  50  50  50  51  51  49  52  52  52  52  52 184 184 184 184 182 182 191 191 191 194 194 194 194 195 195 222 222 222 222 219 219 217 217 201 201 202 202 202 199 199 200 200 
  2   2   6   4   4   4  11  11  11  11  12  12   8  13  13  13  47  47  47  47  50  50  50  50  51  51  52  52  52  52 183 183 183 183 185 185 185 185 191 191 191 194 194 194 194 195 195 222 222 222 222 221 221 217 217 201 201 202 202 202 199 199 200 200 
  2   2   6   4   4   4  11  11  11  11   8   8   8  13  13  13  47  47  47  47  42  42  42  42  51  51  54  54  53  53 183 183 183 183 185 185 185 185 191 191 191 191 193 193 193 193 195 223 223 222 222 221 221 221 217 201 201 202 202 202 199 199 200 200 
  6   6   6   5   5   5   3   3   9   9   8   8   8   7   7  43  47  44  44  44  44  42  42  42  55  55  54  54  53  53 187 187 187 188 188 185 185 186 186 189 189 189 192 192 193 193 193 223 223 223 223 221 221 221 198 198 198 197 197 197 197 196 196 196 
  6   6   5   5   5   5   3   3   9   9   9   8   7   7   7  43  43  43  44  44  44  42  42  55  55  55  54  54  53  53 187 187 187 188 188 188 186 186 186 189 189 189 192 192 193 193 193 223 223 223 223 220 220 220 198 198 198 197 197 197 197 196 196 196 
  6   6   5   5   5   3   3   3   9   9   9   8   7   7   7  43  43  43  44  44  44  65  65  65  55  55  54  54  53  53 187 187 187 188 188 188 186 186 186 189 189 189 192 192 139 139 138 138 138 166 166 220 220 220 198 198 198 157 157 197 197 196 196 196 
 88  88  88  88  89  89   3  93  93  93  92  92  92  91  91  91  43  43  64  64  64  65  65  65  55  55  62  62  59  59  59  59 130 130 130 188 186 186 132 133 133 133 192 192 139 139 138 166 166 166 166 220 220 165 165 165 165 157 157 157 159 159 159 159 
 88  88  88  88  89  89  89  93  93  93  92  92  92  91  91  91  63  63  64  64  64  65  65  65  61  62  62  62  59  59  59  59 130 130 130 132 132 132 132 133 133 133 192 192 139 139 138 138 166 166 166 220 220 165 165 165 165 157 157 157 159 159 159 159 
 87  87  87  87  89  89  89  93  93  93  92  92  92  91  91  91  63  63  64  64  64  61  61  61  61  62  62  62  59  59 129 129 130 130 130 132 132 132 132 133 133 133 134 134 139 137 138 138 138 138 167 167 167 164 164 164 158 158 158 158 158 160 160 160 
 87  87  87  87  89  90  90  90  90  94  94  92  96  96  96  96  63  63  63  68  68  68  61  61  61  62  62  60  60  60 129 129 129 131 131 131 131 131 135 135 135 133 134 134 139 137 137 137 163 163 167 167 167 164 164 164 158 158 158 158 158 160 160 160 
 87  87  86  86  90  90  90  90  94  94  95  95  96  96  96  96  63  63  63  68  68  68  58  58  58  58  58  60  60  60  60 129 129 131 131 131 131 131 135 135 135 135 134 134 136 137 137 137 163 163 167 167 167 164 164 164 155 155 156 156 154 160 160 160 
 85  85  86  86  86  90  84  94  94  95  95  95  95  97  97  97  67  67  67  67  68  68  58  58  58  58  58  56  56  56  60 128 129 127 127 127 126 126 126 135 135 135 134 134 136 137 137 137 163 163 162 162 162 164 161 161 155 155 156 156 154 154 154 160 
 85  85  86  86  86  90  84  94  94  95  95  95  95  97  97  97  67  67  67  67  69  69  69  57  57  57  57  56  56  56 128 128 128 127 127 127 126 126 126 125 125 125 125 136 136 123 123 123 163 163 162 162 162 161 161 161 155 155 156 156 156 154 154 154 
 85  85  85  85 107 107  84  84  98  98  98  98 100 100  97  97  66  66  66  66  69  69  69  57  57  57  57  56  56  56 128 128 128 128 127 127 126 126 126 125 125 125 125 136 136 123 123 123 163 162 162 162 162 161 161 161 155 155 156 156 156 154 154 154 
 85  85 105 107 107 107  84  84  84  98  98  98 100 100  99  99  66  66  66  74  69  69  70  70  70  81  81  81  82  82  82 128 128 117 117 118 118 118 115 115 124 124 124 136 136 123 123 123 123 148 148 148 147 147 147 147 155 155 141 141 141 140 140 140 
109 105 105 107 107 107  84  84  84  98  98  98 100 100  99  99  66  66  66  74  74  74  70  70  70  81  81  81  82  82  82  83  83 117 117 118 118 118 115 115 115 124 124 124 122 122 122 122 148 148 148 148 147 147 147 142 142 142 141 141 141 140 140 140 
109 105 105 105 107 106 106 106 106 106 102 102 100 100  99  99  99  73  73  74  74  74  70  70  70  81  81  80  82  82  83  83  83 117 117 118 118 118 115 115 115 124 124 124 122 122 122 122 149 149 149 148 147 147 147 142 142 142 142 141 141 140 140 140 
109 105 105 105 107 106 106 106 102 102 102 102 100 100  99  99  99  73  73  74  74  74  71  72  72  80  80  80  80  83  83  83  83 117 117 116 116 116 116 116 115 121 121 121 121 121 122 122 149 149 149 148 153 153 153 153 142 142 142 144 146 146 146 146 
109 109 109 109 109 111 111 111 102 102 102 102 104 104 103 103 103  73  73  71  71  71  71  72  72  72  80  80  80  79  79  78  78 113 113 116 116 116 116 116 119 119 119 121 121 121 121 149 149 149 149 148 153 153 153 144 144 144 144 144 146 146 146 146 
108 108 108 109 109 111 111 111 111 101 101 101 104 104 103 103 103  73  73  71  71  71  71  72  72  72  77  80  80  79  79  78  78 113 113 114 114 114 112 112 119 119 119 120 120 120 121 151 151 151 150 150 150 153 152 152 144 144 144 144 145 145 145 145 
108 108 108 110 110 110 110 111 111 101 101 101 104 104 103 103  75  75  75  75  76  76  76  76  72  72  77  77  77  79  79  78  78 113 113 114 114 114 112 112 112 119 119 120 120 120 151 151 151 151 150 150 150 152 152 152 152 143 143 143 143 145 145 145 
108 108 108 110 110 110 110 110 110 101 101 101 104 104 103 103  75  75  75  75  76  76  76  76  77  77  77  77  77  79  79  78  78 113 113 114 114 114 112 112 112 119 119 120 120 120 151 151 151 150 150 150 150 152 152 152 152 143 143 143 143 145 145 145 

********************* Start Simulation **********************
********************** End Simulation ***********************
Wed Jan  6 03:19:19 2021	process 0 - Performed 18206720 patch updates in 164.533 seconds.
Wed Jan  6 03:19:19 2021	process 0 - Performed 1193195601920 cell updates in 164.533 seconds.
Wed Jan  6 03:19:19 2021	process 0 - => 7.25202e+09 CellUpdates/s
Wed Jan  6 03:19:19 2021	process 0 - => 1.95805e+12 FlOps/s
