WARNING: ODP disabled on 224 of 224 processes which are missing support.
         To suppress this message set environment variable
         GASNET_ODP_VERBOSE=0 or reconfigure with --disable-ibv-odp
         (see ibv-conduit's README for more information).
         To see additional details set environment variable
         GASNET_ODP_VERBOSE=2 (or higher).
WARNING: Beginning a potentially slow probe of max pinnable memory...
WARNING: Probe of max pinnable memory completed in 100.603s.
WARNING:   Probe of max pinnable memory has yielded '41 GB'.
WARNING:   If you have the same memory configuration on all nodes, then
WARNING:   to avoid this probe in the future either reconfigure using
WARNING:      --with-ibv-physmem-max='41 GB'
WARNING:   or run with environment variable
WARNING:      GASNET_PHYSMEM_MAX='41 GB'.
WARNING: For more information see "Slow PHYSMEM probe at start-up"
WARNING: in ibv-conduit's README.

*************************************************************
Welcome to Pond

Pond Copyright (C) 2012-2018
  Technical University of Munich
  Department of Informatics
  Chair of Scientific Computing

Pond comes with ABSOLUTELY NO WARRANTY.
Pond is free software, and you are welcome to redistribute it
under certain conditions.
Details can be found in the file 'gpl.txt'.
*************************************************************
#### POND Configuration ####
Total Grid Size:          8192x8192 = 67108864 cells. (x*y)
Patch Size:               256x256
Number of checkpoints:    1
File name Prefix:         output/out
Scenario simulation area: {X: 0.000 - 100.000, Y: 0.000 - 100.000}
Cell Size:                0.012207m * 0.012207m (dx * dy)
UPC++ Actor Library Configuration
=================================
Actorlib mode:        UPC++ rank-sequential
Git revision:         d320f4efde87758567e3c5db2b85c15afd1ac9a6-dirty
Git revision date:    Mon Apr 20 17:35:23 2020
Git revision message: Fix strict GCC warnings
UPC++ install:        /dss/dsshome1/lxc06/ga53qud2/upc_new/gasnet.opt
UPC++ codemode:       O3
UPC++ Backend type:   Sequential Backend
UPC++ GASNET Conduit: ibv
Tue Jan  5 22:02:38 2021	process 0 - Directly moving the data into the destination, as the size is the same
Tue Jan  5 22:02:38 2021	process 0 - 

  3   4   6   6   0   0   0  14  14  15  15  18  18  17  17  86  86  90  90  90  87  87  89  89 102 102 102 103  98  98  98 100 
  3   4   6   6   0   2   2  14  14  15  15  18  18  17  17  86  86  84  84  90  87  87  89  89 102 102 103 103  98 100 100 100 
  3   4   5   5   0  12   2  14  16  16  21  21  19  19  17  23  23  84  84  90  87  96  89 101 101 103 103 104 104 100  99  99 
  3   4   5   5  12  12   2  16  16  16  21  21  19  19  23  23  23  85  93  93  96  96  88 101 101 106 106 109 104 104  99  99 
  7   4   7   5  12  12  13  13  26  26  25  25  19  20  20  85  85  85  93  93  96  96  88  88  88 106 106 109 109 111 108  99 
  7   7   7   1   1   1  13  13  26  26  25  25  20  20  20  22  92  92  91  91  91  94  94  88 107 106 110 109 109 111 108 108 
  8   9   9   9   1   1  11  11  27  27  49  49  24  24  22  22  92  92  91  66  66  94  94 107 107 107 110 110 111 111 108 108 
  8   9   9  10  10  10  11  11  27  27  49  49  24  24  22  22  63  63  63  66  66  67  95  95  76  76  73 110  74  74  74  72 
  8  37  37  10  10  39  39  40  40  50  50  53  53  54  54  54  63  63  97  66  67  67  95  95  76  76  73  74  74  75  75  72 
  8  37  37  33  33  39  39  40  40  50  50  52  53  55  54  54  97  97  97  97  67  67  68  95 105 105  73  77  75  75  75  72 
 36  36  33  33  33  39  38  41  41  51  51  52  53  55  64  64  64  65  65  61  61  58  68  68 105 105  73  77  77  71  71  72 
 36  36  35  34  28  28  38  41  41  51  51  52  55  55  64  64  65  65  65  61  61  58  68  69  57 105  73  77  77  71  71  72 
 35  35  35  34  28  28  38  29  29  47  47  52  45  45  42  42  59  59  60  60  60  58  58  69  57  57  79  79  70  71  82  82 
186  31  31  34  34  34  38  29  29  47  47  47  45  45  42  42  59  59  60  62  62  58  69  69  57  57  79  79  70  70  82  82 
186  31  31  31 182  30  30  48  48  46  46 177  45  44  44  44 180 180  60  62  62  56  78  78  78  78  81  81  70  70  83  83 
186 186 187 182 182  30  30  48  48  46  46 177 181  43  43  44 180 140 140  62  56  56  78 161 161  81  81  81  80  80  83  83 
 32 187 187 182 182 183 183  48 175 175  46 177 181  43  43 141 180 140 140 140  56  56 143 143 161 162 162 162  80 165  83 166 
 32 187 187 185 183 183 183 175 175 175 177 177 181  43 141 141 142 142 146 146 146 146 143 143 161 162 162 164  80 165 165 166 
 32  32 188 185 185 184 184 184 184 174 174 174 181 141 141 178 142 142 145 145 152 152 144 144 161 164 164 164  80 165 165 166 
 32 188 188 188 185 195 195 168 168 176 176 174 174 179 179 178 147 145 145 145 152 152 144 151 151 151 163 163 167 167 167 166 
194 194 194 192 192 195 195 168 168 176 176 218 218 179 179 178 147 147 129 148 148 153 144 151 160 160 163 163 163 167 167 166 
190 194 194 192 192 191 191 191 169 176 173 173 218 179 171 178 147 147 129 148 148 153 150 150 160 160 160 158 158 158 158 156 
190 189 189 189 192 191 191 170 169 169 173 173 218 218 171 171 171 171 129 127 127 153 150 150 150 123 123 123 155 155 158 156 
190 189 206 206 204 204 170 170 169 223 220 173 172 172 172 131 131 131 129 127 127 153 159 159 159 123 125 157 155 155 156 156 
190 206 206 206 209 204 170 170 193 223 220 220 220 172 172 131 131 149 149 149 127 153 126 159 159 123 125 157 157 154 154 154 
207 207 207 209 209 204 193 193 193 223 223 217 217 217 219 219 132 132 149 138 138 126 126 126 126 125 125 157 157 120 120 154 
207 207 208 209 209 205 205 222 221 221 221 221 217 217 219 219 132 132 138 138 138 130 128 118 118 121 121 121 121 120 120 120 
196 196 208 208 208 205 205 222 222 213 213 213 212 212 212 219 135 135 130 130 130 130 128 118 118 118 122 122 112 112 119 119 
196 196 198 203 203 199 199 222 222 216 216 213 212 211 211 211 135 135 134 134 136 136 128 128 124 124 122 122 112 112 119 119 
198 198 198 203 203 199 200 200 216 216 216 213 212 210 211 211 135 134 134 134 136 136 128 124 124 124 116 116 116 112 119 113 
197 197 197 201 201 199 200 200 202 215 215 214 214 210 133 133 133 137 137 139 139 139 139 117 115 115 116 116 114 113 113 113 
197 197 201 201 201 199 202 202 202 215 215 214 214 210 210 133 133 137 137 137 117 117 117 117 115 115 115 114 114 114 114 113 

********************* Start Simulation **********************
********************** End Simulation ***********************
Tue Jan  5 22:03:20 2021	process 0 - Performed 2276352 patch updates in 41.5208 seconds.
Tue Jan  5 22:03:20 2021	process 0 - Performed 149183004672 cell updates in 41.5208 seconds.
Tue Jan  5 22:03:20 2021	process 0 - => 3.59297e+09 CellUpdates/s
Tue Jan  5 22:03:20 2021	process 0 - => 9.70102e+11 FlOps/s
