WARNING: ODP disabled on 448 of 448 processes which are missing support.
         To suppress this message set environment variable
         GASNET_ODP_VERBOSE=0 or reconfigure with --disable-ibv-odp
         (see ibv-conduit's README for more information).
         To see additional details set environment variable
         GASNET_ODP_VERBOSE=2 (or higher).
WARNING: Beginning a potentially slow probe of max pinnable memory...
WARNING: Probe of max pinnable memory completed in 100.905s.
WARNING:   Probe of max pinnable memory has yielded '41 GB'.
WARNING:   If you have the same memory configuration on all nodes, then
WARNING:   to avoid this probe in the future either reconfigure using
WARNING:      --with-ibv-physmem-max='41 GB'
WARNING:   or run with environment variable
WARNING:      GASNET_PHYSMEM_MAX='41 GB'.
WARNING: For more information see "Slow PHYSMEM probe at start-up"
WARNING: in ibv-conduit's README.

*************************************************************
Welcome to Pond

Pond Copyright (C) 2012-2018
  Technical University of Munich
  Department of Informatics
  Chair of Scientific Computing

Pond comes with ABSOLUTELY NO WARRANTY.
Pond is free software, and you are welcome to redistribute it
under certain conditions.
Details can be found in the file 'gpl.txt'.
*************************************************************
#### POND Configuration ####
Total Grid Size:          8192x16384 = 134217728 cells. (x*y)
Patch Size:               256x256
Number of checkpoints:    1
File name Prefix:         output/out
Scenario simulation area: {X: 0.000 - 100.000, Y: 0.000 - 200.000}
Cell Size:                0.012207m * 0.012207m (dx * dy)
UPC++ Actor Library Configuration
=================================
Actorlib mode:        UPC++ rank-sequential
Git revision:         d320f4efde87758567e3c5db2b85c15afd1ac9a6-dirty
Git revision date:    Mon Apr 20 17:35:23 2020
Git revision message: Fix strict GCC warnings
UPC++ install:        /dss/dsshome1/lxc06/ga53qud2/upc_new/gasnet.opt
UPC++ codemode:       O3
UPC++ Backend type:   Sequential Backend
UPC++ GASNET Conduit: ibv
Wed Jan  6 03:14:57 2021	process 0 - Directly moving the data into the destination, as the size is the same
Wed Jan  6 03:14:57 2021	process 0 - 

 14  14  18  18  18  17   3   3   3  20   4   4   0   0   2 108 109 109 109 109 105 106  93  93  93  93  93  92  84  85  85  85 
 14  14  16  18  18  17   3  20  20  20   4   4   0   0   2 108   1   1 111 111 105 106 107 107  92  92  92  92  84  84  86  85 
 15  15  16  16  17  17  21  19  19  19  19   5   5   0   2 108   1   1 110 111 105 106 107 107  95  95  91  91  84  86  86  85 
 15  15  16  16  17  21  21  19   6   6   8   5   5  13   2 108 108   1 110 111 105 106 107  95  95  95  91  91  89  86  90  90 
 26  26  24  24  24  21  22   9   6   6   8   5  13  13  13  13 103 110 110 111 101  98  98  98  94  94  94  89  89  90  90  90 
 26  26  24  24  22  22  22   9  23  23   8   8  10  10  10  10 103 102 102 102 101  98  98 100 100  94  94  89  89  88  88  88 
 27  27  27  25  25  25   9   9  23  23   7   7  11  10  12  12 103 102 102 101 101  99  99 100 100  58  58  87  87  88  88  97 
 55  27  27  25  25  49  51  51  51   7   7  11  11  38  12  12 103 104 104 101  99  99  99  80  96  58  58  87  87  97  97  97 
 55  55  52  52  49  49  51  51  37  37   7  11  38  38  12  79  79 104 104  83  83  82  82  80  96  58  56  56  56  97  65  65 
 55  55  52  52  49  49  50  36  36  37  37  39  38  38  40  79  79  79 104  83  83  82  82  80  96  57  56  56  63  63  65  65 
 53  53  53  53  50  50  50  36  35  35  37  39  39  40  40  40  78  78  76  76  76  81  81  80  96  57  57  63  63  64  68  68 
 53  54  54  54  50  43  43  36  35  35  35  39  39  41  41  78  78  78  77  76  76  81  81  80  57  57  59  59  63  64  64  68 
 47  54  54  48  48  43  32  32  31  31  33  34  34  41  29  29  70  70  77  77  77  81  73  73  60  60  59  59  69  69  64  68 
 47  47  48  48  42  43  32  32  31  31  33  34  34  41  29  29  70  71  72  72  75  75  73  73  73  60  60  59  69  69  64  68 
 47  46  46  46  42  42  32  44  44  31  33 164 164  41  30  30  70  71  72  75  75  75  74  74  61  61  62  62  69  67  67  67 
 45  45  46  46 148  42  42  44  44  33  33 164  28  28  30  30  71  71  72 169 169 168  74  74  61  61  62  66  66  66  66  67 
 45  45 145 145 148 148 148 148  44 162 162 164  28  28 167 167 181 181 178 180 169 168 168 168 186 186  62  66 187 187 184 184 
146 145 145 145 149 149 147 147 147 162 162 162 165  28 167 167 181 181 178 180 169 174 174 174 186 186 186 188 187 187 184 184 
146 146 146 143 149 149 147 163 163 163 161 161 165 165 166 166 178 178 178 180 170 174 174 185 185 185 188 188 182 187 183 183 
144 143 143 143 150 150 150 151 151 163 161 161 165 165 166 166 179 179 179 180 170 170 171 185 185 192 188 188 182 182 183 183 
144 144 144 144 150 150 151 151 151 163 155 161 159 159 160 160 175 175 179 176 170 173 171 171 192 192 195 195 182 182 190 190 
140 142 142 142 142 142 156 156 156 156 155 155 159 159 160 160 175 175 176 176 173 173 171 171 192 192 194 195 189 189 190 190 
140 153 153 153 153 153 152 152 152 156 155 155 159 158 158 157 157 157 176 176 173 172 172 201 193 193 194 195 189 189 191 190 
140 141 141 141 141 141 120 152 152 154 154 154 158 158 158 157 198 198 177 177 173 172 201 201 193 193 194 195 189 191 191 191 
140 125 125 119 119 119 120 120 138 138 154 137 137 135 135 198 198 197 177 177 172 172 201 222 222 194 194 221 221 221 218 218 
124 124 125 125 122 119 120 120 138 138 137 137 137 135 135 135 197 197 197 197 200 200 201 222 222 222 221 221 217 218 218 218 
124 124 122 122 122 119 121 139 139 139 136 133 133 133 134 134 196 196 199 199 200 200 202 223 223 220 220 213 217 217 212 212 
124 123 123 123 117 118 121 121 121 139 136 131 131 133 134 134 196 196 203 199 199 202 202 223 223 220 220 213 217 217 212 212 
113 113 123 123 117 118 118 126 126 126 136 131 131 133 134 130 205 205 203 203 208 202 206 223 216 216 220 213 213 213 219 219 
113 113 112 117 117 118 118 127 127 126 136 132 130 130 130 130 205 205 209 203 208 207 206 206 216 216 216 214 214 211 219 219 
112 112 112 117 116 116 115 127 127 127 132 132 432 129 129 204 204 380 209 209 208 207 206 206 372 372 215 214 214 211 210 210 
114 114 441 441 116 116 115 115 128 128 128 132 432 129 129 204 204 380 209 208 208 207 207 207 372 372 215 211 211 211 210 210 
114 114 441 441 444 444 115 446 128 429 128 432 432 433 431 431 380 380 209 381 381 381 383 384 384 384 215 370 370 369 369 210 
114 442 442 442 444 444 447 446 446 429 429 433 433 433 431 431 378 378 378 379 381 381 383 384 384 373 215 370 370 369 369 368 
443 443 442 445 445 445 447 446 428 429 427 427 433 430 430 430 378 378 379 379 382 382 383 383 373 373 373 371 367 367 367 368 
443 443 443 445 445 447 447 446 428 428 427 427 427 420 430 430 421 386 379 379 382 382 388 374 374 374 374 371 371 367 367 368 
435 435 434 434 440 440 438 438 428 423 423 426 426 420 420 421 421 386 386 386 391 391 388 388 375 375 374 371 371 366 366 368 
435 436 434 434 440 440 438 438 438 423 423 426 426 420 420 421 421 386 385 385 391 391 388 388 376 375 375 365 365 366 366 368 
435 436 436 439 439 393 437 437 424 424 424 417 426 422 422 422 387 387 385 385 385 390 389 389 376 376 365 365 365 359 359 359 
436 436 397 439 439 393 394 437 424 424 425 417 409 422 422 410 387 387 349 349 390 390 389 389 355 376 377 377 377 359 359 358 
396 396 397 398 398 393 394 437 416 416 425 417 409 409 410 410 410 349 349 349 390 390 340 340 355 376 377 364 364 364 358 358 
396 396 397 398 398 393 394 394 416 425 425 417 409 409 410 348 348 348 341 341 339 339 340 340 355 355 377 364 364 361 358 358 
395 395 397 402 392 392 392 401 416 425 418 418 412 412 411 411 347 348 341 341 339 339 340 342 355 356 356 357 357 361 361 361 
395 395 397 402 402 392 392 401 419 419 418 418 412 412 411 411 347 347 346 341 339 342 342 342 356 356 356 357 357 361 360 360 
405 404 404 402 402 399 401 401 419 419 415 415 412 407 407 411 347 345 346 346 346 342 354 354 354 354 353 353 353 353 360 360 
405 404 404 404 399 399 413 413 413 413 415 415 415 407 407 407 344 345 345 345 345 336 338 338 350 350 353 352 362 362 360 363 
405 405 403 403 399 399 400 400 414 414 406 406 406 408 408 408 344 343 343 337 337 336 338 338 350 350 267 352 362 362 363 363 
294 294 403 403 300 300 300 400 414 414 414 406 406 280 280 408 344 343 343 337 337 336 336 351 351 351 267 352 352 352 363 363 
294 294 294 296 297 300 300 400 285 285 285 284 284 280 280 408 344 343 253 253 258 258 255 351 351 267 267 268 271 271 272 272 
295 295 295 296 297 297 297 299 285 285 284 284 284 280 254 254 281 281 253 253 258 258 255 255 255 268 268 268 271 271 272 272 
295 304 296 296 298 298 299 299 286 286 290 282 282 282 254 281 281 281 252 264 264 264 256 256 273 273 266 266 270 269 269 269 
295 304 304 306 298 298 299 299 286 290 290 283 283 282 254 252 252 252 252 264 257 257 256 256 273 273 266 266 270 270 270 269 
304 304 306 306 298 301 301 301 286 290 290 283 283 327 287 287 287 261 261 264 257 257 256 262 262 273 274 274 278 278 279 279 
305 305 306 306 307 302 301 301 292 292 292 283 289 327 288 288 287 261 261 259 257 239 239 262 262 275 274 274 278 278 279 279 
305 305 305 307 307 302 303 303 292 292 291 291 289 327 288 288 260 261 259 259 265 265 239 239 275 275 276 276 278 277 277 277 
315 315 315 307 307 302 303 303 291 291 291 289 289 327 326 260 260 243 259 259 265 265 265 239 275 275 276 276 276 277 234 234 
315 315 317 317 302 302 318 318 318 293 293 293 322 327 326 326 260 243 242 242 241 241 263 263 225 225 224 224 235 235 234 234 
316 316 317 317 321 321 318 318 293 293 324 322 322 328 326 326 325 243 242 242 241 241 263 263 225 225 224 224 235 235 226 231 
316 316 317 321 321 321 319 324 324 324 324 322 322 328 328 325 325 243 244 244 238 238 240 240 240 229 229 237 235 226 226 231 
316 311 320 320 320 319 319 323 323 323 323 335 335 328 328 325 325 249 244 244 238 238 240 240 229 229 229 237 237 226 231 231 
311 311 320 313 320 319 308 308 333 333 323 335 335 330 330 330 249 249 250 251 251 238 245 245 230 230 230 237 237 226 236 236 
311 311 313 313 314 314 308 308 333 333 334 334 335 329 330 330 249 249 250 251 251 245 245 245 228 228 230 227 232 236 236 236 
312 312 313 314 314 309 309 310 310 332 334 334 329 329 329 329 248 248 250 250 251 246 247 247 228 228 230 227 232 233 233 233 
312 312 313 314 309 309 309 310 310 332 332 332 331 331 331 331 248 248 246 246 246 246 247 247 247 228 227 227 232 232 233 233 

********************* Start Simulation **********************
********************** End Simulation ***********************
Wed Jan  6 03:15:43 2021	process 0 - Performed 4552704 patch updates in 45.6523 seconds.
Wed Jan  6 03:15:43 2021	process 0 - Performed 298366009344 cell updates in 45.6523 seconds.
Wed Jan  6 03:15:43 2021	process 0 - => 6.53562e+09 CellUpdates/s
Wed Jan  6 03:15:43 2021	process 0 - => 1.76462e+12 FlOps/s
