WARNING: ODP disabled on 896 of 896 processes which are missing support.
         To suppress this message set environment variable
         GASNET_ODP_VERBOSE=0 or reconfigure with --disable-ibv-odp
         (see ibv-conduit's README for more information).
         To see additional details set environment variable
         GASNET_ODP_VERBOSE=2 (or higher).
WARNING: Beginning a potentially slow probe of max pinnable memory...
WARNING: Probe of max pinnable memory completed in 100.456s.
WARNING:   Probe of max pinnable memory has yielded '41 GB'.
WARNING:   If you have the same memory configuration on all nodes, then
WARNING:   to avoid this probe in the future either reconfigure using
WARNING:      --with-ibv-physmem-max='41 GB'
WARNING:   or run with environment variable
WARNING:      GASNET_PHYSMEM_MAX='41 GB'.
WARNING: For more information see "Slow PHYSMEM probe at start-up"
WARNING: in ibv-conduit's README.

*************************************************************
Welcome to Pond

Pond Copyright (C) 2012-2018
  Technical University of Munich
  Department of Informatics
  Chair of Scientific Computing

Pond comes with ABSOLUTELY NO WARRANTY.
Pond is free software, and you are welcome to redistribute it
under certain conditions.
Details can be found in the file 'gpl.txt'.
*************************************************************
#### POND Configuration ####
Total Grid Size:          16384x16384 = 268435456 cells. (x*y)
Patch Size:               256x256
Number of checkpoints:    1
File name Prefix:         output/out
Scenario simulation area: {X: 0.000 - 100.000, Y: 0.000 - 100.000}
Cell Size:                0.00610352m * 0.00610352m (dx * dy)
UPC++ Actor Library Configuration
=================================
Actorlib mode:        UPC++ rank-sequential
Git revision:         d320f4efde87758567e3c5db2b85c15afd1ac9a6-dirty
Git revision date:    Mon Apr 20 17:35:23 2020
Git revision message: Fix strict GCC warnings
UPC++ install:        /dss/dsshome1/lxc06/ga53qud2/upc_new/gasnet.opt
UPC++ codemode:       O3
UPC++ Backend type:   Sequential Backend
UPC++ GASNET Conduit: ibv
Wed Jan  6 07:14:27 2021	process 0 - Directly moving the data into the destination, as the size is the same
Wed Jan  6 07:14:27 2021	process 0 - 

574 574 579 579 578 578 578 561 561 563 563 563 563 565 565 646 646 645 645 649 649 649 649 649 659 658 658 664 664 661 661 696 696 696 693 693 679 679 679 679 680 680 683 683 682 682 733 733 731 731 734 734 735 735 735 737 737 737 776 776 776 776 772 772 
574 574 579 579 578 578 562 562 561 560 560 566 566 565 565 646 645 645 645 648 648 650 650 659 659 658 658 664 664 661 661 697 697 696 693 693 695 695 679 680 680 680 683 683 682 682 733 733 731 731 734 734 735 735 774 737 737 773 773 770 776 771 772 772 
575 575 576 576 576 562 562 562 561 560 560 566 566 566 646 646 644 644 644 648 648 650 650 659 659 663 663 663 668 662 662 697 697 698 698 698 694 695 689 675 681 681 681 683 684 684 684 730 730 730 734 736 736 736 774 774 773 773 770 770 770 771 771 772 
575 575 576 580 580 580 577 577 568 568 568 564 564 571 571 571 644 655 647 647 648 650 667 667 667 660 663 663 668 662 662 697 699 698 694 694 694 695 689 675 675 681 681 672 684 684 728 730 730 732 741 736 736 740 740 774 773 738 738 738 782 771 771 780 
575 583 583 580 580 577 577 577 568 568 573 573 564 571 570 653 653 655 655 647 656 656 667 665 665 660 671 671 668 668 687 699 699 699 691 692 689 689 689 675 676 676 676 672 685 685 728 728 732 732 741 741 740 740 740 775 775 738 738 782 782 782 782 780 
582 583 583 586 586 587 587 587 587 569 573 573 564 570 570 653 653 655 655 647 656 656 665 665 665 660 671 671 671 687 687 687 686 686 691 692 692 690 690 675 676 678 678 672 685 685 728 728 732 732 741 742 742 739 739 775 775 778 778 768 768 783 783 780 
582 583 581 586 586 585 585 569 569 569 572 572 564 570 570 653 652 652 652 647 654 654 657 657 657 660 670 670 640 669 669 669 686 686 691 691 692 690 690 677 677 678 678 672 673 674 674 674 729 729 741 742 739 739 739 777 779 778 778 768 768 783 783 780 
582 582 581 584 586 585 585 601 567 567 572 572 609 609 617 617 652 652 651 654 654 654 657 657 666 666 670 670 640 640 669 669 686 688 688 707 707 715 715 677 677 714 714 714 673 673 674 674 729 729 729 742 777 777 777 777 779 779 778 781 781 781 767 780 
589 590 581 584 584 585 601 601 567 567 615 615 609 609 617 617 618 618 651 620 620 620 620 639 666 666 638 638 640 713 713 713 642 688 688 707 707 715 715 715 677 718 714 719 673 673 743 743 747 747 746 746 746 746 757 757 779 779 756 781 765 765 767 767 
589 590 581 584 598 598 601 601 614 614 615 615 615 611 611 618 618 616 651 651 622 619 619 639 639 638 638 638 641 713 643 642 642 712 712 707 708 708 708 716 716 718 718 719 719 719 719 743 747 747 747 745 746 745 757 757 759 756 756 781 765 765 767 766 
589 590 588 588 598 598 597 597 614 614 613 613 611 611 610 610 616 616 622 622 622 619 619 639 639 637 637 641 641 713 643 642 642 712 712 708 708 716 716 716 718 718 727 717 717 717 743 743 744 744 744 745 745 745 749 759 759 756 758 758 758 758 767 766 
589 590 588 588 588 600 597 597 612 612 613 613 608 610 610 610 616 621 621 626 624 624 619 636 636 637 637 641 641 643 643 711 711 710 710 710 710 709 709 723 723 727 727 717 720 720 720 754 744 744 748 748 748 748 749 759 759 756 758 762 762 769 769 766 
592 592 591 591 591 600 600 597 612 612 603 603 608 608 608 628 616 621 621 626 624 624 624 636 636 636 633 633 633 631 643 711 711 711 710 703 703 709 709 723 723 727 727 724 724 720 720 754 755 752 752 750 750 748 749 749 761 761 762 762 769 769 769 766 
592 592 591 591 595 599 600 604 612 603 603 603 628 628 628 628 629 629 626 626 623 623 634 634 634 634 633 633 631 631 632 702 702 702 704 703 703 722 709 721 723 726 726 724 724 725 725 754 755 752 752 750 750 750 760 760 761 761 761 762 763 763 763 763 
466 466 594 594 595 599 599 604 604 471 471 607 607 607 478 478 629 629 627 627 623 625 625 635 635 539 539 631 631 632 632 702 702 704 704 704 706 722 722 721 721 726 726 831 831 725 725 754 755 755 755 751 751 751 760 760 876 876 876 875 763 764 764 764 
593 466 594 594 595 599 599 604 471 471 606 606 607 607 478 478 478 627 627 623 623 625 625 635 635 557 539 630 630 632 632 544 544 544 701 701 706 706 722 721 721 827 827 831 831 725 832 894 753 753 753 751 751 889 889 889 889 876 875 875 880 880 764 764 
593 466 466 594 595 596 596 604 471 602 606 606 605 605 477 477 554 554 627 559 559 559 557 557 557 557 539 630 630 535 535 544 544 700 701 701 706 706 826 826 826 827 827 828 828 832 832 894 894 753 753 895 895 891 891 891 891 876 875 875 880 880 878 878 
593 593 465 465 595 596 596 596 474 602 602 482 605 605 477 477 554 555 555 553 559 559 558 558 541 541 541 543 543 535 542 542 700 700 700 701 705 705 817 826 826 827 828 828 828 832 830 830 894 894 895 895 895 890 891 873 873 873 881 881 881 868 878 878 
468 468 465 465 470 470 469 469 474 602 602 482 482 480 480 477 554 555 555 553 553 558 558 556 556 541 541 543 535 535 542 542 700 823 823 823 705 705 817 818 818 818 829 829 835 835 830 830 830 893 893 892 892 890 890 886 886 873 873 881 868 868 879 879 
468 468 464 470 470 470 469 469 474 481 482 482 479 480 480 483 483 552 555 553 551 551 551 556 556 556 543 543 538 538 542 545 545 823 823 825 825 816 817 815 815 818 829 829 835 835 839 839 839 893 893 892 892 890 886 886 886 877 877 877 868 868 879 879 
462 462 464 467 467 467 473 474 474 481 481 479 479 476 476 483 483 552 552 515 547 547 551 551 548 536 536 538 538 538 534 534 545 822 822 825 825 816 817 815 815 834 834 834 836 836 836 839 839 884 884 883 883 890 887 871 871 871 877 877 870 870 869 869 
462 462 464 464 467 467 473 475 475 481 481 479 476 476 476 483 484 552 552 515 547 547 547 548 548 536 536 540 540 534 534 534 545 822 824 824 816 816 812 812 813 813 834 834 836 836 838 838 787 884 884 883 883 887 887 874 874 871 872 872 870 870 869 869 
460 460 464 463 463 473 473 475 475 489 489 479 488 488 488 484 484 549 549 515 515 546 546 548 548 536 540 540 532 532 533 533 533 822 824 824 819 819 812 812 813 813 833 833 837 837 838 838 787 882 882 883 885 887 887 874 874 871 872 872 872 860 856 869 
460 460 463 463 472 472 472 457 489 489 489 487 487 488 488 484 484 549 549 550 550 546 546 546 519 519 537 537 532 532 532 533 533 820 821 821 819 819 812 811 811 786 833 833 837 837 787 787 787 882 882 882 885 845 888 888 888 859 859 859 860 860 856 856 
456 456 461 463 472 472 457 457 497 499 487 487 487 493 493 485 485 512 512 550 550 550 514 519 519 519 537 537 522 522 522 820 820 820 821 821 807 808 808 811 811 786 814 814 837 790 790 790 842 842 840 840 885 845 888 846 846 859 859 861 861 860 856 856 
456 456 461 461 461 455 457 497 497 499 499 499 486 486 493 485 485 512 511 511 511 514 514 517 517 520 520 518 521 522 522 523 805 805 805 807 807 809 808 808 786 786 814 785 785 784 784 790 842 842 842 840 885 845 845 846 846 843 843 861 858 858 855 866 
458 456 448 448 461 455 455 497 497 498 498 498 486 486 493 495 513 512 511 511 510 514 514 517 516 520 520 518 521 523 523 523 805 804 804 804 807 809 810 810 810 786 814 785 785 784 784 788 788 788 840 840 885 845 847 847 857 843 843 861 858 855 855 866 
458 458 448 459 459 459 455 454 454 498 498 500 495 495 495 495 513 513 513 510 510 504 517 517 516 516 528 518 521 525 525 524 524 804 806 806 800 809 798 798 810 810 791 785 795 795 789 788 788 841 841 841 841 847 847 847 857 843 863 858 858 855 866 866 
458 458 448 459 451 451 454 454 454 503 503 500 496 496 496 494 494 507 507 510 510 504 530 530 516 516 528 518 521 525 525 524 524 527 806 806 800 809 798 798 793 793 791 795 795 795 789 797 797 852 852 852 850 850 844 844 857 863 863 863 864 864 867 867 
450 450 450 450 451 451 502 502 503 503 503 500 496 491 491 494 494 507 507 509 509 504 530 530 528 528 528 518 529 529 526 526 527 527 803 803 800 800 799 798 793 793 791 791 789 789 789 797 853 852 852 850 850 850 844 844 857 862 862 862 864 854 867 867 
164 449 450 452 452 451 502 502 502 501 501 500 491 491 491 492 494 490 490 509 509 504 505 505 216 506 506 506 529 529 526 526 527 527 368 803 802 802 799 799 792 794 794 794 794 796 797 797 853 853 851 851 437 437 849 849 857 862 862 864 864 854 854 854 
164 449 449 452 452 453 453 163 141 141 501 501 492 492 492 492 143 490 490 206 509 505 505 215 216 531 531 506 213 529 211 210 210 368 368 803 802 802 799 799 792 792 794 385 796 796 796 796 853 853 851 851 437 849 849 849 423 423 425 424 865 854 420 420 
164 449 166 166 452 453 453 163 141 141 140 140 146 146 144 143 143 508 508 206 206 208 208 215 216 531 531 213 213 211 211 210 210 368 370 370 370 366 366 366 792 792 387 385 385 379 379 435 435 435 851 437 437 439 439 440 423 423 425 424 865 865 420 420 
164 165 165 166 166 161 162 163 163 163 140 146 146 144 144 143 143 508 508 206 206 208 208 215 216 214 214 213 213 211 211 801 801 801 801 370 370 365 365 366 390 387 387 385 385 379 379 435 435 434 434 438 438 439 439 440 445 425 425 424 865 421 421 420 
164 165 165 157 161 161 162 162 142 142 140 145 149 144 144 204 204 205 205 201 201 207 207 215 216 214 214 218 218 212 212 801 375 375 369 369 369 365 365 365 390 390 387 386 386 386 380 378 378 434 434 438 438 848 439 440 445 425 424 424 865 421 422 422 
167 167 167 157 161 161 162 162 142 142 145 145 149 149 148 204 204 200 205 201 201 207 207 207 209 209 214 220 218 212 212 219 375 375 369 369 372 372 372 364 364 390 390 383 386 380 380 378 378 436 436 447 447 848 440 440 445 426 426 426 432 421 422 422 
167 167 157 157 154 154 156 152 152 142 150 145 149 149 148 148 148 200 205 203 203 198 168 168 168 209 209 220 218 218 212 219 367 367 367 367 373 372 372 364 364 364 389 383 383 380 380 442 442 436 436 447 447 848 848 445 445 426 427 427 432 421 431 431 
159 159 159 154 154 154 156 156 152 152 150 145 151 151 147 147 199 200 200 203 203 198 198 185 168 222 222 220 220 220 219 219 377 377 377 367 373 373 373 391 391 391 389 383 384 384 442 442 441 441 441 441 447 446 848 444 433 433 433 427 432 431 431 431 
159 159 158 155 155 155 156 156 120 120 150 150 151 151 147 147 199 199 202 203 198 198 197 185 168 222 223 223 221 221 221 221 377 377 374 374 371 371 391 391 340 389 389 384 384 384 381 381 381 381 443 443 446 446 408 444 428 428 433 427 432 432 430 430 
158 158 158 158 155 155 139 139 120 119 119 153 114 114 114 147 199 199 202 197 197 197 197 185 222 222 223 223 221 172 217 217 376 376 374 374 371 371 388 388 340 340 389 342 382 382 336 336 336 411 411 443 446 408 408 444 428 428 429 429 402 402 430 430 
135 135 138 160 160 160 139 139 120 119 119 153 114 114 113 113 183 183 202 202 196 196 196 185 170 170 223 169 172 172 217 217 217 376 357 357 363 363 388 388 340 340 342 342 382 382 336 336 412 411 411 443 413 408 408 444 401 401 429 429 402 402 402 430 
135 135 138 138 160 136 139 121 121 125 153 153 112 112 113 113 183 183 202 184 184 196 196 185 170 170 169 169 172 174 174 174 174 376 357 357 363 363 388 361 361 339 342 342 337 337 338 338 412 412 409 409 413 413 406 406 401 401 400 400 400 404 403 403 
134 134 138 138 137 136 136 121 121 125 125 125 112 112 182 182 183 187 187 184 184 184 186 186 186 170 169 171 171 359 359 359 174 358 355 355 362 362 352 361 361 339 339 337 337 337 338 338 412 412 409 409 413 413 406 406 406 399 399 400 400 404 404 403 
134 134 133 126 137 136 136 121 124 124 125 117 117 117 182 182 182 187 187 188 188 188 188 186 186 177 169 171 180 180 359 359 173 358 355 355 362 352 352 346 360 339 339 341 341 344 344 418 418 418 410 410 417 414 414 407 407 399 393 393 393 404 404 403 
 11 134 133 126 137 137 131 131 124 124 116 116 116 117 192 192 192 194 194 195 195 189 189 189 191 177 177 171 180 180 180 181 173 358 358 358 362 352 352 346 360 347 347 341 341 344 344 345 418 418 410 410 417 417 414 407 407 399 393 393 405 396 396 396 
 11 128 133 126 126 137 131 131 131 123 123 122 116 118 118 192 192 194 194 195 195 189 191 191 191 177 177 175 178 178 179 181 173 173 354 354 354 350 351 346 360 349 347 347 348 348 343 345 416 416 416 410 417 417 414 414 398 398 392 392 405 395 395 396 
 11 128 133 133   8 129 129 130 130 123 123 122 116 118 118 193 193 193  93  93 195 190 190 190 176 176 175 175 178 178 179 181 356 356 354 354 350 350 351 346 360 349 277 277 348 348 343 345 416 419 419 415 415 415 394 394 394 398 392 392 405 395 395 395 
 11 128 132 132   8 129 129 130 130 122 122 122  19  19  19 115 193 193  93  93  84  84  84 190 176 176 175 175 108 179 179 181 356 356 252 252 350 351 351 253 253 349 277 277 278 343 343 345 419 419 419 330 415 415 335 394 394 398 397 397 405 405 319 319 
128 128 132 132   8   8 129  14  14   7   7   7  20  19  19 115 115  92  93  84  84  86  86 190 107 176 108 108 108 179 110 353 353 259 252 252 350 254 257 253 253 349 349 278 278 278 343 331 331 333 330 330 334 334 335 335 316 398 397 397 318 318 319 321 
 12  12  12 127 127   8   9  14  14   7  17  17  20  20  20 115 115  92  91  91  91  86  86 107 107 106 105 105 108 110 110 353 259 259 260 260 254 254 257 253 274 274 276 276 276 268 268 331 331 333 330 330 334 334 335 335 316 316 317 317 318 318 319 321 
  1   1  12 127  13  13   9   9  15  15  17  17  26  26  18  18  92  92  96  91  91  85  85 107 107 106 105 105 109 110 110 353 259 259 260 260 254 254 257 275 274 274 271 276 276 268 268 268 333 333 333 329 334 332 332 316 316 317 317 317 312 312 321 321 
  1   1 127 127  13  13   9   9  15  16  16  27  26  26  18  25  25  97  96  96  90  85  85  85 106 106 106 109 109 111 111 353 262 262 263 263 263 256 257 275 275 275 271 273 273 279 279 279 327 327 327 329 329 332 332 309 309 309 315 315 312 312 320 320 
  1   0   0  10   3   3   6   6  15  16  16  27  27  27  18  25  25  97  96  90  90  88  88  88  98  98 100 109 109 111 111 103 262 261 261 263 263 256 257 270 270 271 271 273 273 273 279 279 327 328 328 329 329 325 325 323 309 309 310 315 315 312 320 320 
  0   0  10  10   3   3   6  22  22  22  22  23  27  24  24  94  94  97  97  90  90  88  88  98  98  98 100 102 102 111 103 103 262 261 261 264 264 256 256 255 270 270 272 272 266 266 267 267 267 328 328 322 322 325 325 323 323 323 310 311 311 313 314 314 
 55  55  10   4   4   6   6  49  49  22  23  23  23  24  24  81  94  97  95  95  87  87  89  89 100 100 100 102 102 102 103 103 265 265 265 264 264 224 255 255 270 272 272 272 266 266 240 267 267 294 328 322 322 324 324 308 308 323 310 311 313 313 314 314 
 55  55  10   4   4   5   5  49  49  21  21  31  31  31  24  81  94  94  95  95  87  87  89  89  78  99  99  61  61 101 101 104 265 265 224 224 224 224 255 255 258 258 258 241 241 241 240 240 294 294 300 300 322 324 324 308 308 291 310 311 313 313 314 281 
  2   2  54  53  53   5   5  46  46  21  21  32  31  31  81  81  80  82  82  95  77  77  78  78  78  99  99  61  61 101 101 104 104 226 226 226 229 229 227 227 269 258 243 243 243 241 240 240 294 294 300 300 326 324 299 299 291 291 290 290 290 280 280 281 
  2   2  54  53  53  53  46  46  34  34  34  32  32  32  30  30  80  82  82  82  77  77  78  58  79  79  57  57  61  60  60 104  59  59 226 226 229 229 227 227 269 269 243 243 244 238 238 239 239 295 295 326 326 298 299 299 291 291 290 290 284 280 280 281 
  2  54  54  52  52  51  51  33  33  33  34  35  35  30  30  29  80  80  83  83  83  58  58  58  79  79  57  57  60  60  60 104  59  59 225 225 225 228 228 227 269 269 244 244 244 238 238 239 295 295 295 326 326 298 298 298 297 297 297 293 284 282 282 281 
 47  47  47  47  52  51  51  51  33  33  28  35  35  35  30  29  74  80  76  83  83  72  72  65  79  56  56  57  69  62  62  68  68 235 225 225 230 228 228 232 246 246 246 242 242 242 242 239 248 248 296 296 306 301 301 298 297 293 293 293 284 282 282 282 
 42  42  44  47  52  50  50  50  38  38  28  28  28  36  29  29  74  76  76  75  75  72  72  65  56  56  56  69  69  62  66  68 235 235 230 230 230 232 232 232 246 247 246 242 251 251 251 305 248 248 296 296 306 301 301 301 292 288 288 284 284 283 283 283 
 42  42  44  44  45  45  50  50  38  38  38  36  36  36  29  74  74  73  76  75  71  71  71  65  65  64  64  69  69  62  66  68 235 235 237 237 230 231 231 233 247 247 245 250 251 251 305 305 304 304 296 306 306 306 292 292 292 288 288 288 285 285 283 283 
 43  43  44  44  45  45  45  39  40  40  40  41  41  36  37  37  74  73  76  75  70  70  71  63  63  64  64  67  67  62  66  68 234 234 237 237 236 236 231 233 247 247 245 250 250 250 250 305 304 304 302 302 302 302 302 303 287 287 287 289 289 285 286 286 
 43  43  43  48  48  48  48  39  39  39  40  41  41  41  37  37  73  73  73  75  70  70  71  63  63  63  64  67  67  66  66 234 234 234 236 236 236 231 231 233 233 245 245 249 249 249 249 249 304 307 307 307 307 303 303 303 287 287 289 289 285 285 286 286 

********************* Start Simulation **********************
********************** End Simulation ***********************
Wed Jan  6 07:16:00 2021	process 0 - Performed 18206720 patch updates in 92.4151 seconds.
Wed Jan  6 07:16:00 2021	process 0 - Performed 1193195601920 cell updates in 92.4151 seconds.
Wed Jan  6 07:16:00 2021	process 0 - => 1.29113e+10 CellUpdates/s
Wed Jan  6 07:16:00 2021	process 0 - => 3.48604e+12 FlOps/s
