WARNING: ODP disabled on 28 of 28 processes which are missing support.
         To suppress this message set environment variable
         GASNET_ODP_VERBOSE=0 or reconfigure with --disable-ibv-odp
         (see ibv-conduit's README for more information).
         To see additional details set environment variable
         GASNET_ODP_VERBOSE=2 (or higher).
WARNING: Beginning a potentially slow probe of max pinnable memory...
WARNING: Probe of max pinnable memory completed in 17.3902s.
WARNING:   Probe of max pinnable memory has yielded '41 GB'.
WARNING:   If you have the same memory configuration on all nodes, then
WARNING:   to avoid this probe in the future either reconfigure using
WARNING:      --with-ibv-physmem-max='41 GB'
WARNING:   or run with environment variable
WARNING:      GASNET_PHYSMEM_MAX='41 GB'.
WARNING: For more information see "Slow PHYSMEM probe at start-up"
WARNING: in ibv-conduit's README.

*************************************************************
Welcome to Pond

Pond Copyright (C) 2012-2018
  Technical University of Munich
  Department of Informatics
  Chair of Scientific Computing

Pond comes with ABSOLUTELY NO WARRANTY.
Pond is free software, and you are welcome to redistribute it
under certain conditions.
Details can be found in the file 'gpl.txt'.
*************************************************************
#### POND Configuration ####
Total Grid Size:          2048x4096 = 8388608 cells. (x*y)
Patch Size:               256x256
Number of checkpoints:    1
File name Prefix:         output/out
Scenario simulation area: {X: 0.000 - 100.000, Y: 0.000 - 200.000}
Cell Size:                0.0488281m * 0.0488281m (dx * dy)
UPC++ Actor Library Configuration
=================================
Actorlib mode:        UPC++ rank-sequential
Git revision:         d320f4efde87758567e3c5db2b85c15afd1ac9a6-dirty
Git revision date:    Mon Apr 20 17:35:23 2020
Git revision message: Fix strict GCC warnings
UPC++ install:        /dss/dsshome1/lxc06/ga53qud2/upc_new/gasnet.opt
UPC++ codemode:       O3
UPC++ Backend type:   Sequential Backend
UPC++ GASNET Conduit: ibv
Tue Jan  5 21:57:07 2021	process 0 - Directly moving the data into the destination, as the size is the same
Tue Jan  5 21:57:07 2021	process 0 - 

24 25 25 25 25 22 23 23 
24 24 26 26 25 22 23 23 
24 24 26 26 26 22 21 21 
20 27 27 27 27 22 21 21 
20 19 18 18 14 14 14 14 
20 19 18 18 16 16 15  3 
20 19 17 17 16 16 15  3 
 1 19 17 17 16 15 15  3 
 1  1 17  6  6  6 15  3 
 1  1  0  0  0  6  4  3 
 2  2  0  0  5  7  4  4 
 2  2  2  5  5  7  4  4 
11 11 12 12  5  7  9  9 
11 11 12 12 13  7  9  9 
11 10 10 13 13  8  9  8 
10 10 10 13 13  8  8  8 

********************* Start Simulation **********************
********************** End Simulation ***********************
Tue Jan  5 21:57:17 2021	process 0 - Performed 71168 patch updates in 9.95101 seconds.
Tue Jan  5 21:57:17 2021	process 0 - Performed 4664066048 cell updates in 9.95101 seconds.
Tue Jan  5 21:57:17 2021	process 0 - => 4.68703e+08 CellUpdates/s
Tue Jan  5 21:57:17 2021	process 0 - => 1.2655e+11 FlOps/s
